#
# A fatal error has been detected by the Java Runtime Environment:
#
#  SIGSEGV (0xb) at pc=0x00007f21b9005060, pid=19025, tid=139783147570944
#
# JRE version: OpenJDK Runtime Environment (8.0_66-b17) (build 1.8.0_66-internal-b17)
# Java VM: OpenJDK 64-Bit Server VM (25.66-b17 mixed mode linux-amd64 compressed oops)
# Problematic frame:
# C  0x00007f21b9005060
#
# Failed to write core dump. Core dumps have been disabled. To enable core dumping, try "ulimit -c unlimited" before starting Java again
#
# If you would like to submit a bug report, please visit:
#   http://bugreport.java.com/bugreport/crash.jsp
#

---------------  T H R E A D  ---------------

Current thread (0x00007f21c4002800):  JavaThread "pool-4-thread-4" [_thread_in_Java, id=19098, stack(0x00007f21cccb4000,0x00007f21ccdb5000)]

siginfo: si_signo: 11 (SIGSEGV), si_code: 1 (SEGV_MAPERR), si_addr: 0x00007f21b9005060

Registers:
RAX=0x000000010005bec8, RBX=0x00007f21ed9216f8, RCX=0x0000000000000000, RDX=0x0000000000000000
RSP=0x00007f21ccdb0fe8, RBP=0x00007f21ccdb1118, RSI=0x00000000f5606a40, RDI=0x00000000f5606a40
R8 =0x000000000000000c, R9 =0x00000000f50386e0, R10=0x000000010005c790, R11=0x0000000000000210
R12=0x0000000000000000, R13=0x00007f21ccdb10c8, R14=0x00007f21ccdb1148, R15=0x00007f21c4002800
RIP=0x00007f21b9005060, EFLAGS=0x0000000000010202, CSGSFS=0x0000000000000033, ERR=0x0000000000000014
  TRAPNO=0x000000000000000e

Top of Stack: (sp=0x00007f21ccdb0fe8)
0x00007f21ccdb0fe8:   00007f21f822e774 00007f21ccdb10b0
0x00007f21ccdb0ff8:   00007f21f8c453fc 00007f21ccdb10e8
0x00007f21ccdb1008:   00007f21c4002800 00007f2138a76294
0x00007f21ccdb1018:   00000000c00a06d8 00007f21ccdb1118
0x00007f21ccdb1028:   00000000f5606a58 00007f2100000000
0x00007f21ccdb1038:   00007f21f800798d 00007f21ccdb10b0
0x00007f21ccdb1048:   00007f21f8007160 0000000000000000
0x00007f21ccdb1058:   00007f21f8007160 00007f21ccdb1118
0x00007f21ccdb1068:   00007f21f8c4520c 00007f21ccdb1070
0x00007f21ccdb1078:   00007f21ed7b6c63 00007f21ccdb10c8
0x00007f21ccdb1088:   00007f21ed7b77e0 00000000f5606958
0x00007f21ccdb1098:   00000000f5606a58 0000000000000000
0x00007f21ccdb10a8:   00007f21ccdb10c0 00007f21ccdb1118
0x00007f21ccdb10b8:   00007f21f80071a5 00007f21f80071a5
0x00007f21ccdb10c8:   00000000f5606a40 00000000f5606958
0x00007f21ccdb10d8:   00007f21ccdb10d8 00007f21ccad2218
0x00007f21ccdb10e8:   00007f21ccdb1148 00007f21ccad3570
0x00007f21ccdb10f8:   0000000000000000 00007f21ccad2260
0x00007f21ccdb1108:   00007f21ccdb10c8 00007f21ccdb1138
0x00007f21ccdb1118:   00007f21ccdb1190 00007f21f800798d
0x00007f21ccdb1128:   00000000f5606958 00000000f54ae898
0x00007f21ccdb1138:   00000000f5605f70 00000000c00a06d8
0x00007f21ccdb1148:   00000000f5237a40 00007f21ccdb1150
0x00007f21ccdb1158:   00007f21ccad2103 00007f21ccdb11c8
0x00007f21ccdb1168:   00007f21ccad3570 0000000000000000
0x00007f21ccdb1178:   00007f21ccad2150 00007f21ccdb1138
0x00007f21ccdb1188:   00007f21ccdb11b8 00007f21ccdb1210
0x00007f21ccdb1198:   00007f21f800798d 0000000000000000
0x00007f21ccdb11a8:   0000000000000000 0000000000000000
0x00007f21ccdb11b8:   00000000f5605f70 00000000c00a06d8
0x00007f21ccdb11c8:   00000000f5237a40 00007f21ccdb11d0
0x00007f21ccdb11d8:   00007f21ccac6a2d 00007f21ccdb1288 

Instructions: (pc=0x00007f21b9005060)
0x00007f21b9005040:   
[error occurred during error reporting (printing registers, top of stack, instructions near pc), id 0xb]

Register to memory mapping:

RAX=0x000000010005bec8 is pointing into metadata
RBX={method} {0x00007f21ed9216f8} 'get' '(I)Ljava/lang/Object;' in 'java/util/Arrays$ArrayList'
RCX=0x0000000000000000 is an unknown value
RDX=0x0000000000000000 is an unknown value
RSP=0x00007f21ccdb0fe8 is pointing into the stack for thread: 0x00007f21c4002800
RBP=0x00007f21ccdb1118 is pointing into the stack for thread: 0x00007f21c4002800
RSI=0x00000000f5606a40 is an oop
java.util.Arrays$ArrayList 
 - klass: 'java/util/Arrays$ArrayList'
RDI=0x00000000f5606a40 is an oop
java.util.Arrays$ArrayList 
 - klass: 'java/util/Arrays$ArrayList'
R8 =0x000000000000000c is an unknown value
R9 =0x00000000f50386e0 is an oop
java.lang.String 
 - klass: 'java/lang/String'
R10=0x000000010005c790 is pointing into metadata
R11=0x0000000000000210 is an unknown value
R12=0x0000000000000000 is an unknown value
R13=0x00007f21ccdb10c8 is pointing into the stack for thread: 0x00007f21c4002800
R14=0x00007f21ccdb1148 is pointing into the stack for thread: 0x00007f21c4002800
R15=0x00007f21c4002800 is a thread


Stack: [0x00007f21cccb4000,0x00007f21ccdb5000],  sp=0x00007f21ccdb0fe8,  free space=1011k
Native frames: (J=compiled Java code, j=interpreted, Vv=VM code, C=native code)
C  0x00007f21b9005060
j  org.apache.ivy.core.resolve.IvyNodeCallers$Caller.addConfiguration(Ljava/lang/String;[Ljava/lang/String;)V+3
j  org.apache.ivy.core.resolve.IvyNodeCallers.addCaller(Ljava/lang/String;Lorg/apache/ivy/core/resolve/IvyNode;Ljava/lang/String;Ljava/lang/String;[Ljava/lang/String;Lorg/apache/ivy/core/module/descriptor/DependencyDescriptor;)V+165
j  org.apache.ivy.core.resolve.IvyNode.addCaller(Ljava/lang/String;Lorg/apache/ivy/core/resolve/IvyNode;Ljava/lang/String;Ljava/lang/String;[Ljava/lang/String;Lorg/apache/ivy/core/module/descriptor/DependencyDescriptor;)V+13
j  org.apache.ivy.core.resolve.IvyNode.getDependencies(Ljava/lang/String;Ljava/lang/String;Ljava/lang/String;)Ljava/util/Collection;+267
j  org.apache.ivy.core.resolve.IvyNode.getDependencies(Ljava/lang/String;[Ljava/lang/String;Ljava/lang/String;)Ljava/util/Collection;+89
j  org.apache.ivy.core.resolve.ResolveEngine.computeConflicts(Lorg/apache/ivy/core/resolve/VisitNode;Lorg/apache/ivy/core/resolve/VisitNode;Ljava/lang/String;Ljava/util/Collection;Ljava/util/Collection;)Ljava/util/Collection;+87
j  org.apache.ivy.core.resolve.ResolveEngine.resolveConflict(Lorg/apache/ivy/core/resolve/VisitNode;Lorg/apache/ivy/core/resolve/VisitNode;Ljava/lang/String;Ljava/util/Collection;)Z+205
j  org.apache.ivy.core.resolve.ResolveEngine.resolveConflict(Lorg/apache/ivy/core/resolve/VisitNode;Lorg/apache/ivy/core/resolve/VisitNode;Ljava/lang/String;Ljava/util/Collection;)Z+606
j  org.apache.ivy.core.resolve.ResolveEngine.resolveConflict(Lorg/apache/ivy/core/resolve/VisitNode;Ljava/lang/String;)V+10
j  org.apache.ivy.core.resolve.ResolveEngine.fetchDependencies(Lorg/apache/ivy/core/resolve/VisitNode;Ljava/lang/String;Z)V+213
j  org.apache.ivy.core.resolve.ResolveEngine.doFetchDependencies(Lorg/apache/ivy/core/resolve/VisitNode;Ljava/lang/String;)V+255
j  org.apache.ivy.core.resolve.ResolveEngine.fetchDependencies(Lorg/apache/ivy/core/resolve/VisitNode;Ljava/lang/String;Z)V+270
j  org.apache.ivy.core.resolve.ResolveEngine.doFetchDependencies(Lorg/apache/ivy/core/resolve/VisitNode;Ljava/lang/String;)V+155
j  org.apache.ivy.core.resolve.ResolveEngine.fetchDependencies(Lorg/apache/ivy/core/resolve/VisitNode;Ljava/lang/String;Z)V+270
j  org.apache.ivy.core.resolve.ResolveEngine.doFetchDependencies(Lorg/apache/ivy/core/resolve/VisitNode;Ljava/lang/String;)V+155
j  org.apache.ivy.core.resolve.ResolveEngine.fetchDependencies(Lorg/apache/ivy/core/resolve/VisitNode;Ljava/lang/String;Z)V+270
j  org.apache.ivy.core.resolve.ResolveEngine.doFetchDependencies(Lorg/apache/ivy/core/resolve/VisitNode;Ljava/lang/String;)V+255
j  org.apache.ivy.core.resolve.ResolveEngine.fetchDependencies(Lorg/apache/ivy/core/resolve/VisitNode;Ljava/lang/String;Z)V+270
j  org.apache.ivy.core.resolve.ResolveEngine.getDependencies(Lorg/apache/ivy/core/module/descriptor/ModuleDescriptor;Lorg/apache/ivy/core/resolve/ResolveOptions;Lorg/apache/ivy/core/report/ResolveReport;)[Lorg/apache/ivy/core/resolve/IvyNode;+448
j  org.apache.ivy.core.resolve.ResolveEngine.resolve(Lorg/apache/ivy/core/module/descriptor/ModuleDescriptor;Lorg/apache/ivy/core/resolve/ResolveOptions;)Lorg/apache/ivy/core/report/ResolveReport;+304
j  org.apache.ivy.Ivy.resolve(Lorg/apache/ivy/core/module/descriptor/ModuleDescriptor;Lorg/apache/ivy/core/resolve/ResolveOptions;)Lorg/apache/ivy/core/report/ResolveReport;+10
j  sbt.IvyActions$.sbt$IvyActions$$resolve(Lscala/Enumeration$Value;Lorg/apache/ivy/Ivy;Lorg/apache/ivy/core/module/descriptor/DefaultModuleDescriptor;Ljava/lang/String;)Lscala/Tuple2;+57
j  sbt.IvyActions$$anonfun$updateEither$1.apply(Lorg/apache/ivy/Ivy;Lorg/apache/ivy/core/module/descriptor/DefaultModuleDescriptor;Ljava/lang/String;)Lscala/util/Either;+498
j  sbt.IvyActions$$anonfun$updateEither$1.apply(Ljava/lang/Object;Ljava/lang/Object;Ljava/lang/Object;)Ljava/lang/Object;+13
j  sbt.IvySbt$Module$$anonfun$withModule$1.apply(Lorg/apache/ivy/Ivy;)Ljava/lang/Object;+19
j  sbt.IvySbt$Module$$anonfun$withModule$1.apply(Ljava/lang/Object;)Ljava/lang/Object;+5
j  sbt.IvySbt$$anonfun$withIvy$1.apply()Ljava/lang/Object;+44
j  sbt.IvySbt.sbt$IvySbt$$action$1(Lorg/apache/ivy/util/MessageLogger;Lscala/Function0;)Ljava/lang/Object;+16
j  sbt.IvySbt$$anon$4.call()Ljava/lang/Object;+12
j  xsbt.boot.Locks$GlobalLock.withChannel$1(Ljava/nio/channels/FileChannel;Ljava/util/concurrent/Callable;)Ljava/lang/Object;+61
j  xsbt.boot.Locks$GlobalLock.xsbt$boot$Locks$GlobalLock$$withChannelRetries$1(ILjava/nio/channels/FileChannel;Ljava/util/concurrent/Callable;)Ljava/lang/Object;+3
j  xsbt.boot.Locks$GlobalLock$$anonfun$withFileLock$1.apply(Ljava/lang/Object;)Ljava/lang/Object;+17
j  xsbt.boot.Using$.withResource(Ljava/io/Closeable;Lscala/Function1;)Ljava/lang/Object;+2
j  xsbt.boot.Using$.apply(Ljava/io/Closeable;Lscala/Function1;)Ljava/lang/Object;+2
j  xsbt.boot.Locks$GlobalLock.ignoringDeadlockAvoided(Ljava/util/concurrent/Callable;)Ljava/lang/Object;+40
j  xsbt.boot.Locks$GlobalLock.withLock(Ljava/util/concurrent/Callable;)Ljava/lang/Object;+21
j  xsbt.boot.Locks$.apply0(Ljava/io/File;Ljava/util/concurrent/Callable;)Ljava/lang/Object;+41
j  xsbt.boot.Locks$.apply(Ljava/io/File;Ljava/util/concurrent/Callable;)Ljava/lang/Object;+14
j  sbt.IvySbt.withDefaultLogger(Lorg/apache/ivy/util/MessageLogger;Lscala/Function0;)Ljava/lang/Object;+49
j  sbt.IvySbt.withIvy(Lorg/apache/ivy/util/MessageLogger;Lscala/Function1;)Ljava/lang/Object;+12
j  sbt.IvySbt.withIvy(Lsbt/Logger;Lscala/Function1;)Ljava/lang/Object;+10
j  sbt.IvySbt$Module.withModule(Lsbt/Logger;Lscala/Function3;)Ljava/lang/Object;+14
j  sbt.IvyActions$.updateEither(Lsbt/IvySbt$Module;Lsbt/UpdateConfiguration;Lsbt/UnresolvedWarningConfiguration;Lsbt/LogicalClock;Lscala/Option;Lsbt/Logger;)Lscala/util/Either;+19
j  sbt.Classpaths$$anonfun$sbt$Classpaths$$work$1$1.apply(Lsbt/HCons;)Lsbt/UpdateReport;+122
j  sbt.Classpaths$$anonfun$sbt$Classpaths$$work$1$1.apply(Ljava/lang/Object;)Ljava/lang/Object;+5
j  sbt.Classpaths$$anonfun$doWork$1$1$$anonfun$87.apply(Lsbt/HCons;Lscala/Option;)Lsbt/UpdateReport;+150
j  sbt.Classpaths$$anonfun$doWork$1$1$$anonfun$87.apply(Ljava/lang/Object;Ljava/lang/Object;)Ljava/lang/Object;+9
j  sbt.Tracked$$anonfun$lastOutput$1.apply(Ljava/lang/Object;)Ljava/lang/Object;+25
j  sbt.Classpaths$$anonfun$doWork$1$1.apply(ZLsbt/HCons;)Lsbt/UpdateReport;+58
j  sbt.Classpaths$$anonfun$doWork$1$1.apply(Ljava/lang/Object;Ljava/lang/Object;)Ljava/lang/Object;+9
j  sbt.Tracked$$anonfun$inputChanged$1.apply(Ljava/lang/Object;)Ljava/lang/Object;+39
j  sbt.Classpaths$.cachedUpdate(Ljava/io/File;Ljava/lang/String;Lsbt/IvySbt$Module;Lsbt/UpdateConfiguration;Lscala/Function1;ZZZLsbt/UnresolvedWarningConfiguration;Lsbt/LogicalClock;Lscala/Option;Lsbt/EvictionWarningOptions;Lsbt/Logger;)Lsbt/UpdateReport;+110
j  sbt.Classpaths$$anonfun$updateTask$1.apply(Lsbt/KCons;)Lsbt/UpdateReport;+885
j  sbt.Classpaths$$anonfun$updateTask$1.apply(Ljava/lang/Object;)Ljava/lang/Object;+5
J 5114 C2 scala.Function1$$anonfun$compose$1.apply(Ljava/lang/Object;)Ljava/lang/Object; (20 bytes) @ 0x00007f21f8632180 [0x00007f21f8632120+0x60]
j  sbt.$tilde$greater$$anonfun$$u2219$1.apply(Ljava/lang/Object;)Ljava/lang/Object;+13
j  sbt.std.Transform$$anon$4.work(Ljava/lang/Object;)Lscala/util/Either;+5
j  sbt.Execute$$anonfun$submit$1$$anonfun$apply$1.apply()Lscala/util/Either;+14
j  sbt.Execute$$anonfun$submit$1$$anonfun$apply$1.apply()Ljava/lang/Object;+1
j  sbt.ErrorHandling$.wideConvert(Lscala/Function0;)Lscala/util/Either;+7
j  sbt.Execute.work(Ljava/lang/Object;Lscala/Function0;Lsbt/CompletionService;)Lsbt/Completed;+14
j  sbt.Execute$$anonfun$submit$1.apply()Lsbt/Completed;+20
j  sbt.Execute$$anonfun$submit$1.apply()Ljava/lang/Object;+1
j  sbt.ConcurrentRestrictions$$anon$4$$anonfun$1.apply()Ljava/lang/Object;+4
j  sbt.CompletionService$$anon$2.call()Ljava/lang/Object;+4
J 5713 C1 java.util.concurrent.FutureTask.run()V (126 bytes) @ 0x00007f21f8c13ddc [0x00007f21f8c13d00+0xdc]
j  java.util.concurrent.Executors$RunnableAdapter.call()Ljava/lang/Object;+4
J 5713 C1 java.util.concurrent.FutureTask.run()V (126 bytes) @ 0x00007f21f8c13ddc [0x00007f21f8c13d00+0xdc]
j  java.util.concurrent.ThreadPoolExecutor.runWorker(Ljava/util/concurrent/ThreadPoolExecutor$Worker;)V+95
j  java.util.concurrent.ThreadPoolExecutor$Worker.run()V+5
j  java.lang.Thread.run()V+11
v  ~StubRoutines::call_stub
V  [libjvm.so+0x65ea1b]
V  [libjvm.so+0x65bfe4]
V  [libjvm.so+0x65c5c7]
V  [libjvm.so+0x69f844]
V  [libjvm.so+0xa016a3]
V  [libjvm.so+0xa01b74]
V  [libjvm.so+0x8ab0d2]
C  [libpthread.so.0+0x76aa]  start_thread+0xca


---------------  P R O C E S S  ---------------

Java Threads: ( => current thread )
  0x00007f21c4007000 JavaThread "pool-4-thread-5" [_thread_blocked, id=19099, stack(0x00007f21ccbb3000,0x00007f21cccb4000)]
=>0x00007f21c4002800 JavaThread "pool-4-thread-4" [_thread_in_Java, id=19098, stack(0x00007f21cccb4000,0x00007f21ccdb5000)]
  0x00007f21c4001800 JavaThread "pool-4-thread-3" [_thread_blocked, id=19097, stack(0x00007f21cd8b3000,0x00007f21cd9b4000)]
  0x00007f22014fb000 JavaThread "pool-4-thread-2" [_thread_blocked, id=19096, stack(0x00007f21cdab5000,0x00007f21cdbb6000)]
  0x00007f22014fa000 JavaThread "pool-4-thread-1" [_thread_blocked, id=19095, stack(0x00007f21cddb6000,0x00007f21cdeb7000)]
  0x00007f22014e0800 JavaThread "process reaper" daemon [_thread_blocked, id=19091, stack(0x00007f21ccdb5000,0x00007f21ccdee000)]
  0x00007f21b405c800 JavaThread "sbt-web-akka.actor.default-dispatcher-5" [_thread_blocked, id=19060, stack(0x00007f21cdeb7000,0x00007f21cdfb8000)]
  0x00007f2201543800 JavaThread "sbt-web-scheduler-1" [_thread_blocked, id=19056, stack(0x00007f21cd9b4000,0x00007f21cdab5000)]
  0x00007f2200141000 JavaThread "Service Thread" daemon [_thread_blocked, id=19035, stack(0x00007f21ec1f0000,0x00007f21ec2f1000)]
  0x00007f220013b800 JavaThread "C1 CompilerThread1" daemon [_thread_blocked, id=19034, stack(0x00007f21ec2f1000,0x00007f21ec3f2000)]
  0x00007f2200138800 JavaThread "C2 CompilerThread0" daemon [_thread_blocked, id=19033, stack(0x00007f21ec3f2000,0x00007f21ec4f3000)]
  0x00007f2200136800 JavaThread "Signal Dispatcher" daemon [_thread_blocked, id=19032, stack(0x00007f21ec4f3000,0x00007f21ec5f4000)]
  0x00007f2200101800 JavaThread "Finalizer" daemon [_thread_blocked, id=19031, stack(0x00007f21ec928000,0x00007f21eca29000)]
  0x00007f22000ff800 JavaThread "Reference Handler" daemon [_thread_blocked, id=19030, stack(0x00007f21eca29000,0x00007f21ecb2a000)]
  0x00007f2200009800 JavaThread "main" [_thread_blocked, id=19026, stack(0x00007f2207e4a000,0x00007f2207f4b000)]

Other Threads:
  0x00007f22000fa000 VMThread [stack: 0x00007f21ecb2a000,0x00007f21ecc2b000] [id=19029]
  0x00007f2200143000 WatcherThread [stack: 0x00007f21ec0ef000,0x00007f21ec1f0000] [id=19036]

VM state:not at safepoint (normal execution)

VM Mutex/Monitor currently owned by a thread: None

Heap:
 PSYoungGen      total 305664K, used 192856K [0x00000000eab00000, 0x0000000100000000, 0x0000000100000000)
  eden space 262144K, 67% used [0x00000000eab00000,0x00000000f56f3750,0x00000000fab00000)
  from space 43520K, 38% used [0x00000000fab00000,0x00000000fbb62ca8,0x00000000fd580000)
  to   space 43520K, 0% used [0x00000000fd580000,0x00000000fd580000,0x0000000100000000)
 ParOldGen       total 699392K, used 18211K [0x00000000c0000000, 0x00000000eab00000, 0x00000000eab00000)
  object space 699392K, 2% used [0x00000000c0000000,0x00000000c11c8c38,0x00000000eab00000)
 Metaspace       used 53200K, capacity 53590K, committed 53800K, reserved 1093632K
  class space    used 9844K, capacity 9989K, committed 10024K, reserved 1048576K

Card table byte_map: [0x00007f22044ea000,0x00007f22046eb000] byte_map_base: 0x00007f2203eea000

Marking Bits: (ParMarkBitMap*) 0x00007f220712c000
 Begin Bits: [0x00007f21ee000000, 0x00007f21ef000000)
 End Bits:   [0x00007f21ef000000, 0x00007f21f0000000)

Polling page: 0x00007f2207f7c000

CodeCache: size=131072Kb used=12904Kb max_used=12916Kb free=118167Kb
 bounds [0x00007f21f8000000, 0x00007f21f8cb0000, 0x00007f2200000000]
 total_blobs=5593 nmethods=5128 adapters=377
 compilation: enabled

Compilation events (10 events):
Event: 224.206 Thread 0x00007f220013b800 5983       3       java.util.Collections$UnmodifiableMap$UnmodifiableEntrySet$1::hasNext (10 bytes)
Event: 224.206 Thread 0x00007f220013b800 nmethod 5983 0x00007f21f8ca2850 code [0x00007f21f8ca29c0, 0x00007f21f8ca2be8]
Event: 224.207 Thread 0x00007f220013b800 5984       3       org.apache.ivy.core.IvyContext::peekIvy (13 bytes)
Event: 224.207 Thread 0x00007f220013b800 nmethod 5984 0x00007f21f8ca2c90 code [0x00007f21f8ca2e00, 0x00007f21f8ca30d0]
Event: 224.207 Thread 0x00007f220013b800 5985       3       org.apache.ivy.core.resolve.IvyNode::getResolvedId (52 bytes)
Event: 224.207 Thread 0x00007f220013b800 nmethod 5985 0x00007f21f8ca3190 code [0x00007f21f8ca3320, 0x00007f21f8ca3870]
Event: 224.208 Thread 0x00007f220013b800 5986       3       java.util.HashMap::removeNode (291 bytes)
Event: 224.209 Thread 0x00007f220013b800 nmethod 5986 0x00007f21f8ca3a50 code [0x00007f21f8ca3ca0, 0x00007f21f8ca4eb8]
Event: 224.209 Thread 0x00007f220013b800 5992       1       java.util.Arrays$ArrayList::get (7 bytes)
Event: 224.209 Thread 0x00007f220013b800 nmethod 5992 0x00007f21f8c9eb90 code [0x00007f21f8c9ece0, 0x00007f21f8c9ee10]

GC Heap History (10 events):
Event: 3.316 GC heap before
{Heap before GC invocations=1 (full 0):
 PSYoungGen      total 305664K, used 105027K [0x00000000eab00000, 0x0000000100000000, 0x0000000100000000)
  eden space 262144K, 40% used [0x00000000eab00000,0x00000000f1190fa8,0x00000000fab00000)
  from space 43520K, 0% used [0x00000000fd580000,0x00000000fd580000,0x0000000100000000)
  to   space 43520K, 0% used [0x00000000fab00000,0x00000000fab00000,0x00000000fd580000)
 ParOldGen       total 699392K, used 0K [0x00000000c0000000, 0x00000000eab00000, 0x00000000eab00000)
  object space 699392K, 0% used [0x00000000c0000000,0x00000000c0000000,0x00000000eab00000)
 Metaspace       used 20862K, capacity 21190K, committed 21296K, reserved 1067008K
  class space    used 3544K, capacity 3668K, committed 3712K, reserved 1048576K
Event: 3.397 GC heap after
Heap after GC invocations=1 (full 0):
 PSYoungGen      total 305664K, used 15636K [0x00000000eab00000, 0x0000000100000000, 0x0000000100000000)
  eden space 262144K, 0% used [0x00000000eab00000,0x00000000eab00000,0x00000000fab00000)
  from space 43520K, 35% used [0x00000000fab00000,0x00000000fba450c8,0x00000000fd580000)
  to   space 43520K, 0% used [0x00000000fd580000,0x00000000fd580000,0x0000000100000000)
 ParOldGen       total 699392K, used 8K [0x00000000c0000000, 0x00000000eab00000, 0x00000000eab00000)
  object space 699392K, 0% used [0x00000000c0000000,0x00000000c0002000,0x00000000eab00000)
 Metaspace       used 20862K, capacity 21190K, committed 21296K, reserved 1067008K
  class space    used 3544K, capacity 3668K, committed 3712K, reserved 1048576K
}
Event: 3.397 GC heap before
{Heap before GC invocations=2 (full 1):
 PSYoungGen      total 305664K, used 15636K [0x00000000eab00000, 0x0000000100000000, 0x0000000100000000)
  eden space 262144K, 0% used [0x00000000eab00000,0x00000000eab00000,0x00000000fab00000)
  from space 43520K, 35% used [0x00000000fab00000,0x00000000fba450c8,0x00000000fd580000)
  to   space 43520K, 0% used [0x00000000fd580000,0x00000000fd580000,0x0000000100000000)
 ParOldGen       total 699392K, used 8K [0x00000000c0000000, 0x00000000eab00000, 0x00000000eab00000)
  object space 699392K, 0% used [0x00000000c0000000,0x00000000c0002000,0x00000000eab00000)
 Metaspace       used 20862K, capacity 21190K, committed 21296K, reserved 1067008K
  class space    used 3544K, capacity 3668K, committed 3712K, reserved 1048576K
Event: 3.476 GC heap after
Heap after GC invocations=2 (full 1):
 PSYoungGen      total 305664K, used 0K [0x00000000eab00000, 0x0000000100000000, 0x0000000100000000)
  eden space 262144K, 0% used [0x00000000eab00000,0x00000000eab00000,0x00000000fab00000)
  from space 43520K, 0% used [0x00000000fab00000,0x00000000fab00000,0x00000000fd580000)
  to   space 43520K, 0% used [0x00000000fd580000,0x00000000fd580000,0x0000000100000000)
 ParOldGen       total 699392K, used 14860K [0x00000000c0000000, 0x00000000eab00000, 0x00000000eab00000)
  object space 699392K, 2% used [0x00000000c0000000,0x00000000c0e83308,0x00000000eab00000)
 Metaspace       used 20862K, capacity 21190K, committed 21296K, reserved 1067008K
  class space    used 3544K, capacity 3668K, committed 3712K, reserved 1048576K
}
Event: 7.602 GC heap before
{Heap before GC invocations=3 (full 1):
 PSYoungGen      total 305664K, used 115344K [0x00000000eab00000, 0x0000000100000000, 0x0000000100000000)
  eden space 262144K, 44% used [0x00000000eab00000,0x00000000f1ba4158,0x00000000fab00000)
  from space 43520K, 0% used [0x00000000fab00000,0x00000000fab00000,0x00000000fd580000)
  to   space 43520K, 0% used [0x00000000fd580000,0x00000000fd580000,0x0000000100000000)
 ParOldGen       total 699392K, used 14860K [0x00000000c0000000, 0x00000000eab00000, 0x00000000eab00000)
  object space 699392K, 2% used [0x00000000c0000000,0x00000000c0e83308,0x00000000eab00000)
 Metaspace       used 35099K, capacity 35440K, committed 35496K, reserved 1079296K
  class space    used 6201K, capacity 6304K, committed 6312K, reserved 1048576K
Event: 7.687 GC heap after
Heap after GC invocations=3 (full 1):
 PSYoungGen      total 305664K, used 15183K [0x00000000eab00000, 0x0000000100000000, 0x0000000100000000)
  eden space 262144K, 0% used [0x00000000eab00000,0x00000000eab00000,0x00000000fab00000)
  from space 43520K, 34% used [0x00000000fd580000,0x00000000fe453e38,0x0000000100000000)
  to   space 43520K, 0% used [0x00000000fab00000,0x00000000fab00000,0x00000000fd580000)
 ParOldGen       total 699392K, used 14868K [0x00000000c0000000, 0x00000000eab00000, 0x00000000eab00000)
  object space 699392K, 2% used [0x00000000c0000000,0x00000000c0e85308,0x00000000eab00000)
 Metaspace       used 35099K, capacity 35440K, committed 35496K, reserved 1079296K
  class space    used 6201K, capacity 6304K, committed 6312K, reserved 1048576K
}
Event: 7.687 GC heap before
{Heap before GC invocations=4 (full 2):
 PSYoungGen      total 305664K, used 15183K [0x00000000eab00000, 0x0000000100000000, 0x0000000100000000)
  eden space 262144K, 0% used [0x00000000eab00000,0x00000000eab00000,0x00000000fab00000)
  from space 43520K, 34% used [0x00000000fd580000,0x00000000fe453e38,0x0000000100000000)
  to   space 43520K, 0% used [0x00000000fab00000,0x00000000fab00000,0x00000000fd580000)
 ParOldGen       total 699392K, used 14868K [0x00000000c0000000, 0x00000000eab00000, 0x00000000eab00000)
  object space 699392K, 2% used [0x00000000c0000000,0x00000000c0e85308,0x00000000eab00000)
 Metaspace       used 35099K, capacity 35440K, committed 35496K, reserved 1079296K
  class space    used 6201K, capacity 6304K, committed 6312K, reserved 1048576K
Event: 7.863 GC heap after
Heap after GC invocations=4 (full 2):
 PSYoungGen      total 305664K, used 0K [0x00000000eab00000, 0x0000000100000000, 0x0000000100000000)
  eden space 262144K, 0% used [0x00000000eab00000,0x00000000eab00000,0x00000000fab00000)
  from space 43520K, 0% used [0x00000000fd580000,0x00000000fd580000,0x0000000100000000)
  to   space 43520K, 0% used [0x00000000fab00000,0x00000000fab00000,0x00000000fd580000)
 ParOldGen       total 699392K, used 18203K [0x00000000c0000000, 0x00000000eab00000, 0x00000000eab00000)
  object space 699392K, 2% used [0x00000000c0000000,0x00000000c11c6c38,0x00000000eab00000)
 Metaspace       used 35095K, capacity 35428K, committed 35496K, reserved 1079296K
  class space    used 6200K, capacity 6300K, committed 6312K, reserved 1048576K
}
Event: 14.096 GC heap before
{Heap before GC invocations=5 (full 2):
 PSYoungGen      total 305664K, used 262144K [0x00000000eab00000, 0x0000000100000000, 0x0000000100000000)
  eden space 262144K, 100% used [0x00000000eab00000,0x00000000fab00000,0x00000000fab00000)
  from space 43520K, 0% used [0x00000000fd580000,0x00000000fd580000,0x0000000100000000)
  to   space 43520K, 0% used [0x00000000fab00000,0x00000000fab00000,0x00000000fd580000)
 ParOldGen       total 699392K, used 18203K [0x00000000c0000000, 0x00000000eab00000, 0x00000000eab00000)
  object space 699392K, 2% used [0x00000000c0000000,0x00000000c11c6c38,0x00000000eab00000)
 Metaspace       used 43955K, capacity 44374K, committed 44712K, reserved 1085440K
  class space    used 8356K, capacity 8517K, committed 8616K, reserved 1048576K
Event: 14.157 GC heap after
Heap after GC invocations=5 (full 2):
 PSYoungGen      total 305664K, used 16779K [0x00000000eab00000, 0x0000000100000000, 0x0000000100000000)
  eden space 262144K, 0% used [0x00000000eab00000,0x00000000eab00000,0x00000000fab00000)
  from space 43520K, 38% used [0x00000000fab00000,0x00000000fbb62ca8,0x00000000fd580000)
  to   space 43520K, 0% used [0x00000000fd580000,0x00000000fd580000,0x0000000100000000)
 ParOldGen       total 699392K, used 18211K [0x00000000c0000000, 0x00000000eab00000, 0x00000000eab00000)
  object space 699392K, 2% used [0x00000000c0000000,0x00000000c11c8c38,0x00000000eab00000)
 Metaspace       used 43955K, capacity 44374K, committed 44712K, reserved 1085440K
  class space    used 8356K, capacity 8517K, committed 8616K, reserved 1048576K
}

Deoptimization events (10 events):
Event: 223.789 Thread 0x00007f21c4002800 Uncommon trap: reason=class_check action=maybe_recompile pc=0x00007f21f8396490 method=scala.collection.mutable.ResizableArray$class.foreach(Lscala/collection/mutable/ResizableArray;Lscala/Function1;)V @ 3
Event: 223.790 Thread 0x00007f21c4002800 Uncommon trap: reason=class_check action=maybe_recompile pc=0x00007f21f8296b64 method=scala.collection.mutable.ResizableArray$class.ensureSize(Lscala/collection/mutable/ResizableArray;I)V @ 2
Event: 223.790 Thread 0x00007f21c4002800 Uncommon trap: reason=class_check action=maybe_recompile pc=0x00007f21f8296b64 method=scala.collection.mutable.ResizableArray$class.ensureSize(Lscala/collection/mutable/ResizableArray;I)V @ 2
Event: 223.790 Thread 0x00007f21c4002800 Uncommon trap: reason=class_check action=maybe_recompile pc=0x00007f21f8296b64 method=scala.collection.mutable.ResizableArray$class.ensureSize(Lscala/collection/mutable/ResizableArray;I)V @ 2
Event: 223.792 Thread 0x00007f21c4002800 Uncommon trap: reason=class_check action=maybe_recompile pc=0x00007f21f8396490 method=scala.collection.mutable.ResizableArray$class.foreach(Lscala/collection/mutable/ResizableArray;Lscala/Function1;)V @ 3
Event: 223.921 Thread 0x00007f21c4002800 Uncommon trap: reason=unstable_if action=reinterpret pc=0x00007f21f8b23c30 method=java.lang.AbstractStringBuilder.append(Ljava/lang/String;)Ljava/lang/AbstractStringBuilder; @ 1
Event: 223.947 Thread 0x00007f21c4002800 Uncommon trap: reason=unstable_if action=reinterpret pc=0x00007f21f8562a50 method=java.util.HashMap.hash(Ljava/lang/Object;)I @ 1
Event: 223.950 Thread 0x00007f21c4002800 Uncommon trap: reason=unstable_if action=reinterpret pc=0x00007f21f8418ba8 method=java.util.HashMap.hash(Ljava/lang/Object;)I @ 1
Event: 224.200 Thread 0x00007f21c4002800 Uncommon trap: reason=bimorphic action=maybe_recompile pc=0x00007f21f83dc998 method=java.util.AbstractCollection.isEmpty()Z @ 1
Event: 224.206 Thread 0x00007f21c4002800 Uncommon trap: reason=bimorphic action=maybe_recompile pc=0x00007f21f83dc998 method=java.util.AbstractCollection.isEmpty()Z @ 1

Internal exceptions (10 events):
Event: 12.059 Thread 0x00007f2200009800 Exception <a 'java/lang/ArrayIndexOutOfBoundsException'> (0x00000000f4791658) thrown at [/build/openjdk-8-aAuh2m/openjdk-8-8u66-b17/src/hotspot/src/share/vm/runtime/sharedRuntime.cpp, line 605]
Event: 14.835 Thread 0x00007f2200009800 Implicit null exception at 0x00007f21f8239075 to 0x00007f21f82393b9
Event: 14.835 Thread 0x00007f2200009800 Implicit null exception at 0x00007f21f81e5935 to 0x00007f21f81e5c69
Event: 15.307 Thread 0x00007f2200009800 Exception <a 'java/lang/ArrayIndexOutOfBoundsException'> (0x00000000f11af2d0) thrown at [/build/openjdk-8-aAuh2m/openjdk-8-8u66-b17/src/hotspot/src/share/vm/runtime/sharedRuntime.cpp, line 605]
Event: 15.307 Thread 0x00007f2200009800 Exception <a 'java/lang/ArrayIndexOutOfBoundsException'> (0x00000000f11b0460) thrown at [/build/openjdk-8-aAuh2m/openjdk-8-8u66-b17/src/hotspot/src/share/vm/runtime/sharedRuntime.cpp, line 605]
Event: 15.339 Thread 0x00007f2200009800 Exception <a 'java/lang/ArrayIndexOutOfBoundsException'> (0x00000000f1405320) thrown at [/build/openjdk-8-aAuh2m/openjdk-8-8u66-b17/src/hotspot/src/share/vm/runtime/sharedRuntime.cpp, line 605]
Event: 223.605 Thread 0x00007f21c4002800 Exception <a 'java/io/FileNotFoundException'> (0x00000000f461e1e0) thrown at [/build/openjdk-8-aAuh2m/openjdk-8-8u66-b17/src/hotspot/src/share/vm/prims/jni.cpp, line 709]
Event: 223.921 Thread 0x00007f21c4002800 Implicit null exception at 0x00007f21f8b23742 to 0x00007f21f8b23c21
Event: 223.947 Thread 0x00007f21c4002800 Implicit null exception at 0x00007f21f8562835 to 0x00007f21f8562a41
Event: 223.950 Thread 0x00007f21c4002800 Implicit null exception at 0x00007f21f8418b2f to 0x00007f21f8418b99

Events (10 events):
Event: 224.186 loading class sbt/CustomPomParser$$anonfun$artifactExtIncorrect$1$$anonfun$apply$1
Event: 224.186 loading class sbt/CustomPomParser$$anonfun$artifactExtIncorrect$1$$anonfun$apply$1 done
Event: 224.187 loading class sbt/CustomPomParser$$anonfun$toUnqualify$1
Event: 224.187 loading class sbt/CustomPomParser$$anonfun$toUnqualify$1 done
Event: 224.200 Thread 0x00007f21c4002800 Uncommon trap: trap_request=0xffffffc6 fr.pc=0x00007f21f83dc998
Event: 224.200 Thread 0x00007f21c4002800 DEOPT PACKING pc=0x00007f21f83dc998 sp=0x00007f21ccdb14e0
Event: 224.200 Thread 0x00007f21c4002800 DEOPT UNPACKING pc=0x00007f21f8004f69 sp=0x00007f21ccdb1498 mode 2
Event: 224.206 Thread 0x00007f21c4002800 Uncommon trap: trap_request=0xffffffc6 fr.pc=0x00007f21f83dc998
Event: 224.206 Thread 0x00007f21c4002800 DEOPT PACKING pc=0x00007f21f83dc998 sp=0x00007f21ccdb14f0
Event: 224.206 Thread 0x00007f21c4002800 DEOPT UNPACKING pc=0x00007f21f8004f69 sp=0x00007f21ccdb14a8 mode 2


Dynamic libraries:
00400000-00401000 r-xp 00000000 08:05 1965720                            /usr/lib/jvm/java-8-openjdk-amd64/jre/bin/java
00600000-00601000 r--p 00000000 08:05 1965720                            /usr/lib/jvm/java-8-openjdk-amd64/jre/bin/java
00601000-00602000 rw-p 00001000 08:05 1965720                            /usr/lib/jvm/java-8-openjdk-amd64/jre/bin/java
01220000-01368000 rw-p 00000000 00:00 0                                  [heap]
c0000000-1009ca000 rw-p 00000000 00:00 0 
1009ca000-140000000 ---p 00000000 00:00 0 
7f21b4000000-7f21b41bd000 rw-p 00000000 00:00 0 
7f21b41bd000-7f21b8000000 ---p 00000000 00:00 0 
7f21bc000000-7f21bc039000 rw-p 00000000 00:00 0 
7f21bc039000-7f21c0000000 ---p 00000000 00:00 0 
7f21c0000000-7f21c003a000 rw-p 00000000 00:00 0 
7f21c003a000-7f21c4000000 ---p 00000000 00:00 0 
7f21c4000000-7f21c4021000 rw-p 00000000 00:00 0 
7f21c4021000-7f21c8000000 ---p 00000000 00:00 0 
7f21c8000000-7f21c8021000 rw-p 00000000 00:00 0 
7f21c8021000-7f21cc000000 ---p 00000000 00:00 0 
7f21cc7b1000-7f21cc873000 rw-p 00000000 00:00 0 
7f21cc873000-7f21cc9b3000 ---p 00000000 00:00 0 
7f21cc9b3000-7f21ccbb3000 rw-p 00000000 00:00 0 
7f21ccbb3000-7f21ccbb6000 ---p 00000000 00:00 0 
7f21ccbb6000-7f21cccb4000 rw-p 00000000 00:00 0                          [stack:19099]
7f21cccb4000-7f21cccb7000 ---p 00000000 00:00 0 
7f21cccb7000-7f21ccdb5000 rw-p 00000000 00:00 0                          [stack:19098]
7f21ccdb5000-7f21ccdb8000 ---p 00000000 00:00 0 
7f21ccdb8000-7f21ccfee000 rw-p 00000000 00:00 0                          [stack:19091]
7f21ccfee000-7f21cd1ee000 rw-p 00000000 00:00 0 
7f21cd1ee000-7f21cd3ee000 rw-p 00000000 00:00 0 
7f21cd3ee000-7f21cd40f000 r--s 001a5000 08:05 1049559                    /home/stan/.ivy2/cache/org.scalariform/scalariform_2.10/jars/scalariform_2.10-0.1.4.jar
7f21cd40f000-7f21cd411000 r--s 00006000 08:05 1310091                    /home/stan/.ivy2/cache/scala_2.10/sbt_0.13/com.typesafe.sbt/sbt-scalariform/jars/sbt-scalariform-1.3.0.jar
7f21cd411000-7f21cd461000 r--s 0028c000 08:05 1440631                    /home/stan/.ivy2/cache/org.webjars/npm/jars/npm-2.11.2.jar
7f21cd461000-7f21cd462000 r--s 00001000 08:05 1440531                    /home/stan/.ivy2/cache/com.typesafe/npm_2.10/jars/npm_2.10-1.1.1.jar
7f21cd462000-7f21cd463000 r--s 00007000 08:05 1440630                    /home/stan/.ivy2/cache/org.slf4j/slf4j-api/jars/slf4j-api-1.7.12.jar
7f21cd463000-7f21cd464000 r--s 00002000 08:05 1440551                    /home/stan/.ivy2/cache/org.slf4j/slf4j-simple/jars/slf4j-simple-1.7.12.jar
7f21cd464000-7f21cd468000 r--s 00043000 08:05 1440547                    /home/stan/.ivy2/cache/io.spray/spray-json_2.10/bundles/spray-json_2.10-1.3.2.jar
7f21cd468000-7f21cd46c000 r--s 000ac000 08:05 1440546                    /home/stan/.ivy2/cache/io.apigee.trireme/trireme-node10src/jars/trireme-node10src-0.8.5.jar
7f21cd46c000-7f21cd479000 r--s 0010f000 08:05 674734                     /home/stan/.ivy2/cache/io.apigee/rhino/jars/rhino-1.7R5pre4.jar
7f21cd479000-7f21cd481000 r--s 00060000 08:05 1440541                    /home/stan/.ivy2/cache/io.apigee.trireme/trireme-core/jars/trireme-core-0.8.5.jar
7f21cd481000-7f21cd482000 r--s 0001e000 08:05 1443107                    /home/stan/.ivy2/cache/org.fusesource.leveldbjni/leveldbjni-win64/jars/leveldbjni-win64-1.5.jar
7f21cd482000-7f21cd483000 r--s 0001b000 08:05 1443105                    /home/stan/.ivy2/cache/org.fusesource.leveldbjni/leveldbjni-win32/jars/leveldbjni-win32-1.5.jar
7f21cd483000-7f21cd484000 r--s 00044000 08:05 1443101                    /home/stan/.ivy2/cache/org.fusesource.leveldbjni/leveldbjni-linux64/jars/leveldbjni-linux64-1.5.jar
7f21cd484000-7f21cd485000 r--s 00044000 08:05 1443099                    /home/stan/.ivy2/cache/org.fusesource.leveldbjni/leveldbjni-linux32/jars/leveldbjni-linux32-1.5.jar
7f21cd485000-7f21cd486000 r--s 00028000 08:05 1443095                    /home/stan/.ivy2/cache/org.fusesource.leveldbjni/leveldbjni-osx/jars/leveldbjni-osx-1.5.jar
7f21cd486000-7f21cd487000 r--s 00004000 08:05 1443109                    /home/stan/.ivy2/cache/org.fusesource.hawtjni/hawtjni-runtime/jars/hawtjni-runtime-1.8.jar
7f21cd487000-7f21cd489000 r--s 0000c000 08:05 1443092                    /home/stan/.ivy2/cache/org.fusesource.leveldbjni/leveldbjni/jars/leveldbjni-1.7.jar
7f21cd489000-7f21cd48c000 r--s 000fa000 08:05 1443088                    /home/stan/.ivy2/cache/org.fusesource.leveldbjni/leveldbjni-all/bundles/leveldbjni-all-1.7.jar
7f21cd48c000-7f21cd48e000 r--s 00001000 08:05 1443090                    /home/stan/.ivy2/cache/org.iq80.leveldb/leveldb-api/jars/leveldb-api-0.5.jar
7f21cd48e000-7f21cd492000 r--s 00034000 08:05 1443086                    /home/stan/.ivy2/cache/org.iq80.leveldb/leveldb/jars/leveldb-0.5.jar
7f21cd492000-7f21cd4a0000 r--s 000bf000 08:05 1440588                    /home/stan/.ivy2/cache/com.typesafe.akka/akka-persistence-experimental_2.10/jars/akka-persistence-experimental_2.10-2.3.11.jar
7f21cd4a0000-7f21cd4b0000 r--s 000f7000 08:05 1440581                    /home/stan/.ivy2/cache/com.typesafe.akka/akka-cluster_2.10/jars/akka-cluster_2.10-2.3.11.jar
7f21cd4b0000-7f21cd4b2000 r--s 0000a000 08:05 1443084                    /home/stan/.ivy2/cache/org.uncommons.maths/uncommons-maths/jars/uncommons-maths-1.2.2a.jar
7f21cd4b2000-7f21cd4ba000 r--s 0007b000 08:05 1443082                    /home/stan/.ivy2/cache/com.google.protobuf/protobuf-java/bundles/protobuf-java-2.5.0.jar
7f21cd4ba000-7f21cd4d2000 r--s 00115000 08:05 1443080                    /home/stan/.ivy2/cache/io.netty/netty/bundles/netty-3.8.0.Final.jar
7f21cd4d2000-7f21cd4e8000 r--s 00135000 08:05 1310168                    /home/stan/.ivy2/cache/com.typesafe.akka/akka-remote_2.10/jars/akka-remote_2.10-2.3.11.jar
7f21cd4e8000-7f21cd4f7000 r--s 000bf000 08:05 1310165                    /home/stan/.ivy2/cache/com.typesafe.akka/akka-contrib_2.10/jars/akka-contrib_2.10-2.3.11.jar
7f21cd4f7000-7f21cd51d000 r--s 00263000 08:05 1310164                    /home/stan/.ivy2/cache/com.typesafe.akka/akka-actor_2.10/jars/akka-actor_2.10-2.3.11.jar
7f21cd51d000-7f21cd521000 r--s 00022000 08:05 1310131                    /home/stan/.ivy2/cache/com.typesafe/jse_2.10/jars/jse_2.10-1.1.2.jar
7f21cd521000-7f21cd525000 r--s 00020000 08:05 1310122                    /home/stan/.ivy2/cache/scala_2.10/sbt_0.13/com.typesafe.sbt/sbt-js-engine/jars/sbt-js-engine-1.1.3.jar
7f21cd525000-7f21cd528000 r--s 0002e000 08:05 1443125                    /home/stan/.ivy2/cache/com.fasterxml.jackson.core/jackson-core/bundles/jackson-core-2.3.3.jar
7f21cd528000-7f21cd52a000 r--s 00007000 08:05 1443123                    /home/stan/.ivy2/cache/com.fasterxml.jackson.core/jackson-annotations/bundles/jackson-annotations-2.3.0.jar
7f21cd52a000-7f21cd53b000 r--s 000cf000 08:05 1443121                    /home/stan/.ivy2/cache/com.fasterxml.jackson.core/jackson-databind/bundles/jackson-databind-2.3.3.jar
7f21cd53b000-7f21cd542000 r--s 00056000 08:05 1310171                    /home/stan/.ivy2/cache/org.apache.commons/commons-compress/jars/commons-compress-1.9.jar
7f21cd542000-7f21cd543000 r--s 00006000 08:05 1442530                    /home/stan/.ivy2/cache/org.webjars/webjars-locator-core/jars/webjars-locator-core-0.26.jar
7f21cd543000-7f21cd545000 r--s 00002000 08:05 1442529                    /home/stan/.ivy2/cache/org.webjars/webjars-locator/jars/webjars-locator-0.26.jar
7f21cd545000-7f21cd54d000 r--s 0003e000 08:05 1442528                    /home/stan/.ivy2/cache/scala_2.10/sbt_0.13/com.typesafe.sbt/sbt-web/jars/sbt-web-1.2.2.jar
7f21cd54d000-7f21cd58d000 r--s 00277000 08:05 1711557                    /home/stan/.ivy2/cache/org.bouncycastle/bcprov-jdk15on/jars/bcprov-jdk15on-1.51.jar
7f21cd58d000-7f21cd594000 r--s 00038000 08:05 1722174                    /home/stan/.ivy2/cache/org.bouncycastle/bcpg-jdk15on/jars/bcpg-jdk15on-1.51.jar
7f21cd594000-7f21cd595000 r--s 00004000 08:05 539299                     /home/stan/.ivy2/cache/org.apache.ant/ant-launcher/jars/ant-launcher-1.9.3.jar
7f21cd595000-7f21cd5b4000 r--s 001cc000 08:05 539080                     /home/stan/.ivy2/cache/org.apache.ant/ant/jars/ant-1.9.3.jar
7f21cd5b4000-7f21cd5b8000 r--s 00020000 08:05 539284                     /home/stan/.ivy2/cache/org.eclipse.aether/aether-impl/jars/aether-impl-0.9.0.M2.jar
7f21cd5b8000-7f21cd5bc000 r--s 0001d000 08:05 539286                     /home/stan/.ivy2/cache/org.eclipse.aether/aether-util/jars/aether-util-0.9.0.M2.jar
7f21cd5bc000-7f21cd5be000 r--s 00003000 08:05 539298                     /home/stan/.ivy2/cache/org.eclipse.aether/aether-spi/jars/aether-spi-0.9.0.M2.jar
7f21cd5be000-7f21cd5c2000 r--s 0001d000 08:05 539285                     /home/stan/.ivy2/cache/org.eclipse.aether/aether-api/jars/aether-api-0.9.0.M2.jar
7f21cd5c2000-7f21cd5c4000 r--s 0000e000 08:05 539283                     /home/stan/.ivy2/cache/org.apache.maven/maven-aether-provider/jars/maven-aether-provider-3.2.2.jar
7f21cd5c4000-7f21cd5c9000 r--s 00025000 08:05 539281                     /home/stan/.ivy2/cache/org.apache.maven/maven-model-builder/jars/maven-model-builder-3.2.2.jar
7f21cd5c9000-7f21cd5cc000 r--s 0000a000 08:05 539289                     /home/stan/.ivy2/cache/org.codehaus.plexus/plexus-classworlds/bundles/plexus-classworlds-2.5.1.jar
7f21cd5cc000-7f21cd5d2000 r--s 00042000 08:05 539295                     /home/stan/.ivy2/cache/org.eclipse.sisu/org.eclipse.sisu.inject/eclipse-plugins/org.eclipse.sisu.inject-0.0.0.M5.jar
7f21cd5d2000-7f21cd5d4000 r--s 00000000 08:05 539297                     /home/stan/.ivy2/cache/aopalliance/aopalliance/jars/aopalliance-1.0.jar
7f21cd5d4000-7f21cd5dc000 r--s 00050000 08:05 539294                     /home/stan/.ivy2/cache/org.sonatype.sisu/sisu-guice/jars/sisu-guice-3.1.3-no_aop.jar
7f21cd5dc000-7f21cd5dd000 r--s 00000000 08:05 1711535                    /home/stan/.ivy2/cache/javax.inject/javax.inject/jars/javax.inject-1.jar
7f21cd5dd000-7f21cd5de000 r--s 00001000 08:05 539296                     /home/stan/.ivy2/cache/javax.annotation/jsr250-api/jars/jsr250-api-1.0.jar
7f21cd5de000-7f21cd5e1000 r--s 00008000 08:05 539293                     /home/stan/.ivy2/cache/javax.enterprise/cdi-api/jars/cdi-api-1.0.jar
7f21cd5e1000-7f21cd5e7000 r--s 0002a000 08:05 539272                     /home/stan/.ivy2/cache/org.eclipse.sisu/org.eclipse.sisu.plexus/eclipse-plugins/org.eclipse.sisu.plexus-0.0.0.M5.jar
7f21cd5e7000-7f21cd5e9000 r--s 0000a000 08:05 539079                     /home/stan/.ivy2/cache/org.apache.maven/maven-plugin-api/jars/maven-plugin-api-3.2.2.jar
7f21cd5e9000-7f21cd5ec000 r--s 0000b000 08:05 539280                     /home/stan/.ivy2/cache/org.apache.maven/maven-artifact/jars/maven-artifact-3.2.2.jar
7f21cd5ec000-7f21cd5ee000 r--s 00005000 08:05 539271                     /home/stan/.ivy2/cache/org.apache.maven/maven-repository-metadata/jars/maven-repository-metadata-3.2.2.jar
7f21cd5ee000-7f21cd5f0000 r--s 00002000 08:05 539292                     /home/stan/.ivy2/cache/org.sonatype.plexus/plexus-cipher/jars/plexus-cipher-1.7.jar
7f21cd5f0000-7f21cd5f2000 r--s 00000000 08:05 539290                     /home/stan/.ivy2/cache/org.codehaus.plexus/plexus-component-annotations/jars/plexus-component-annotations-1.5.5.jar
7f21cd5f2000-7f21cd5f5000 r--s 0000d000 08:05 539287                     /home/stan/.ivy2/cache/org.codehaus.plexus/plexus-interpolation/jars/plexus-interpolation-1.19.jar
7f21cd5f5000-7f21cd5f7000 r--s 00009000 08:05 539083                     /home/stan/.ivy2/cache/org.apache.maven/maven-settings-builder/jars/maven-settings-builder-3.2.2.jar
7f21cd5f7000-7f21cd5f9000 r--s 00009000 08:05 539082                     /home/stan/.ivy2/cache/org.apache.maven/maven-settings/jars/maven-settings-3.2.2.jar
7f21cd5f9000-7f21cd5fd000 r--s 0003a000 08:05 539288                     /home/stan/.ivy2/cache/org.codehaus.plexus/plexus-utils/jars/plexus-utils-3.0.17.jar
7f21cd5fd000-7f21cd600000 r--s 00025000 08:05 539081                     /home/stan/.ivy2/cache/org.apache.maven/maven-model/jars/maven-model-3.2.2.jar
7f21cd600000-7f21cd60c000 r--s 00081000 08:05 534564                     /home/stan/.ivy2/cache/org.apache.maven/maven-core/jars/maven-core-3.2.2.jar
7f21cd60c000-7f21cd622000 r--s 0010a000 08:05 529580                     /home/stan/.ivy2/cache/org.vafer/jdeb/jars/jdeb-1.3.jar
7f21cd622000-7f21cd63b000 r--s 000e7000 08:05 1308212                    /home/stan/.ivy2/cache/scala_2.10/sbt_0.13/com.typesafe.sbt/sbt-native-packager/jars/sbt-native-packager-1.0.1.jar
7f21cd63b000-7f21cd643000 r--s 00041000 08:05 1308218                    /home/stan/.ivy2/cache/com.typesafe.play/twirl-parser_2.10/jars/twirl-parser_2.10-1.1.1.jar
7f21cd643000-7f21cd646000 r--s 00019000 08:05 1308217                    /home/stan/.ivy2/cache/com.typesafe.play/twirl-compiler_2.10/jars/twirl-compiler_2.10-1.1.1.jar
7f21cd646000-7f21cd649000 r--s 00011000 08:05 1308211                    /home/stan/.ivy2/cache/scala_2.10/sbt_0.13/com.typesafe.sbt/sbt-twirl/jars/sbt-twirl-1.1.1.jar
7f21cd649000-7f21cd64b000 r--s 000a0000 08:05 1308210                    /home/stan/.ivy2/cache/net.contentobjects.jnotify/jnotify/jars/jnotify-0.94-play-1.jar
7f21cd64b000-7f21cd659000 r--s 00191000 08:05 1308209                    /home/stan/.ivy2/cache/com.h2database/h2/jars/h2-1.4.187.jar
7f21cd659000-7f21cd684000 r--s 001fc000 08:05 1312277                    /home/stan/.ivy2/cache/com.google.guava/guava/bundles/guava-18.0.jar
7f21cd684000-7f21cd689000 r--s 0003f000 08:05 1308208                    /home/stan/.ivy2/cache/com.typesafe/config/bundles/config-1.3.0.jar
7f21cd689000-7f21cd692000 r--s 000ae000 08:05 1308213                    /home/stan/.ivy2/cache/org.javassist/javassist/bundles/javassist-3.19.0-GA.jar
7f21cd692000-7f21cd694000 r--s 00000000 08:05 1308216                    /home/stan/.ivy2/cache/com.typesafe.play/play-exceptions/jars/play-exceptions-2.4.2.jar
7f21cd694000-7f21cd698000 r--s 00021000 08:05 1308207                    /home/stan/.ivy2/cache/com.typesafe.play/sbt-run-support_2.10/jars/sbt-run-support_2.10-2.4.2.jar
7f21cd698000-7f21cd69c000 r--s 0002a000 08:05 1309410                    /home/stan/.ivy2/cache/commons-io/commons-io/jars/commons-io-2.4.jar
7f21cd69c000-7f21cd6a3000 r--s 00064000 08:05 1312282                    /home/stan/.ivy2/cache/org.apache.commons/commons-lang3/jars/commons-lang3-3.4.jar
7f21cd6a3000-7f21cd6b3000 r--s 00083000 08:05 1308206                    /home/stan/.ivy2/cache/com.typesafe.play/routes-compiler_2.10/jars/routes-compiler_2.10-2.4.2.jar
7f21cd6b3000-7f21cd8b3000 rw-p 00000000 00:00 0 
7f21cd8b3000-7f21cd8b6000 ---p 00000000 00:00 0 
7f21cd8b6000-7f21cd9b4000 rw-p 00000000 00:00 0                          [stack:19097]
7f21cd9b4000-7f21cd9b7000 ---p 00000000 00:00 0 
7f21cd9b7000-7f21cdab5000 rw-p 00000000 00:00 0                          [stack:19056]
7f21cdab5000-7f21cdab8000 ---p 00000000 00:00 0 
7f21cdab8000-7f21cddb6000 rw-p 00000000 00:00 0                          [stack:19096]
7f21cddb6000-7f21cddb9000 ---p 00000000 00:00 0 
7f21cddb9000-7f21cdeb7000 rw-p 00000000 00:00 0                          [stack:19095]
7f21cdeb7000-7f21cdeba000 ---p 00000000 00:00 0 
7f21cdeba000-7f21ce1b8000 rw-p 00000000 00:00 0                          [stack:19060]
7f21ce1b8000-7f21ce3b8000 rw-p 00000000 00:00 0 
7f21ce3b8000-7f21ce5b8000 rw-p 00000000 00:00 0 
7f21ce5b8000-7f21ce5cb000 r--s 00346000 08:05 1972150                    /usr/lib/jvm/java-8-openjdk-amd64/jre/lib/resources.jar
7f21ce5cb000-7f21ce7cb000 rw-p 00000000 00:00 0 
7f21ce7cb000-7f21ce7cc000 r--s 00006000 08:05 539291                     /home/stan/.ivy2/cache/org.sonatype.plexus/plexus-sec-dispatcher/jars/plexus-sec-dispatcher-1.3.jar
7f21ce7cc000-7f21ce7cd000 r--s 00000000 08:05 1308215                    /home/stan/.ivy2/cache/com.typesafe.play/build-link/jars/build-link-2.4.2.jar
7f21ce7cd000-7f21ce7cf000 r--s 0000d000 08:05 1308214                    /home/stan/.ivy2/cache/com.typesafe.play/twirl-api_2.10/jars/twirl-api_2.10-1.1.1.jar
7f21ce7cf000-7f21ce7d8000 r--s 00054000 08:05 1308205                    /home/stan/.ivy2/cache/scala_2.10/sbt_0.13/com.typesafe.play/sbt-plugin/jars/sbt-plugin-2.4.2.jar
7f21ce7d8000-7f21ce9d8000 rw-p 00000000 00:00 0 
7f21ce9d8000-7f21cebd8000 rw-p 00000000 00:00 0 
7f21cebd8000-7f21cedd8000 rw-p 00000000 00:00 0 
7f21cedd8000-7f21cefd8000 rw-p 00000000 00:00 0 
7f21cefd8000-7f21cf051000 r--s 010e9000 08:05 1970299                    /usr/lib/jvm/java-8-openjdk-amd64/lib/tools.jar
7f21cf051000-7f21cf251000 rw-p 00000000 00:00 0 
7f21cf251000-7f21cf451000 rw-p 00000000 00:00 0 
7f21cf451000-7f21cf456000 r--s 00096000 08:05 1972143                    /usr/lib/jvm/java-8-openjdk-amd64/jre/lib/jsse.jar
7f21cf456000-7f21cf459000 ---p 00000000 00:00 0 
7f21cf459000-7f21cf48f000 rw-p 00000000 00:00 0 
7f21cf48f000-7f21cf491000 r--s 0000b000 08:05 799873                     /home/stan/.sbt/boot/scala-2.10.4/org.scala-sbt/sbt/0.13.8/xsbti/interface-0.13.8.jar
7f21cf491000-7f21cf494000 r--s 00013000 08:05 556506                     /home/stan/.sbt/boot/scala-2.10.4/org.scala-sbt/sbt/0.13.8/classpath-0.13.8.jar
7f21cf494000-7f21cf694000 rw-p 00000000 00:00 0 
7f21cf694000-7f21cf69c000 r--s 00060000 08:05 556509                     /home/stan/.sbt/boot/scala-2.10.4/org.scala-sbt/sbt/0.13.8/collections-0.13.8.jar
7f21cf69c000-7f21cf69f000 r--s 00018000 08:05 556495                     /home/stan/.sbt/boot/scala-2.10.4/org.scala-sbt/sbt/0.13.8/logging-0.13.8.jar
7f21cf69f000-7f21cf6a1000 r--s 00002000 08:05 556510                     /home/stan/.sbt/boot/scala-2.10.4/org.scala-sbt/sbt/0.13.8/control-0.13.8.jar
7f21cf6a1000-7f21cf6a3000 r--s 00006000 08:05 556517                     /home/stan/.sbt/boot/scala-2.10.4/org.scala-sbt/sbt/0.13.8/relation-0.13.8.jar
7f21cf6a3000-7f21cf6ad000 r--s 00085000 08:05 556511                     /home/stan/.sbt/boot/scala-2.10.4/org.scala-sbt/sbt/0.13.8/json4s-core_2.10-3.2.10.jar
7f21cf6ad000-7f21cf6b1000 r--s 00022000 08:05 556515                     /home/stan/.sbt/boot/scala-2.10.4/org.scala-sbt/sbt/0.13.8/sbinary_2.10-0.4.2.jar
7f21cf6b1000-7f21cf6b3000 r--s 00001000 08:05 556513                     /home/stan/.sbt/boot/scala-2.10.4/org.scala-sbt/sbt/0.13.8/compiler-ivy-integration-0.13.8.jar
7f21cf6b3000-7f21cf6b4000 r--s 00001000 08:05 556488                     /home/stan/.sbt/boot/scala-2.10.4/org.scala-sbt/sbt/0.13.8/json4s-support_2.10-0.6.0.jar
7f21cf6b4000-7f21cf6b5000 r--s 00005000 08:05 556516                     /home/stan/.sbt/boot/scala-2.10.4/org.scala-sbt/sbt/0.13.8/test-agent-0.13.8.jar
7f21cf6b5000-7f21cf6be000 r--s 0006e000 08:05 556503                     /home/stan/.sbt/boot/scala-2.10.4/org.scala-sbt/sbt/0.13.8/actions-0.13.8.jar
7f21cf6be000-7f21cf6cd000 r--s 000bb000 08:05 556497                     /home/stan/.sbt/boot/scala-2.10.4/org.scala-sbt/sbt/0.13.8/scala-pickling_2.10-0.10.0.jar
7f21cf6cd000-7f21cf6cf000 r--s 00013000 08:05 556490                     /home/stan/.sbt/boot/scala-2.10.4/org.scala-sbt/sbt/0.13.8/json4s-ast_2.10-3.2.10.jar
7f21cf6cf000-7f21cf6d0000 r--s 00005000 08:05 556508                     /home/stan/.sbt/boot/scala-2.10.4/org.scala-sbt/sbt/0.13.8/sbt-0.13.8.jar
7f21cf6d0000-7f21cf6da000 r--s 0006e000 08:05 556472                     /home/stan/.sbt/boot/scala-2.10.4/org.scala-sbt/sbt/0.13.8/incremental-compiler-0.13.8.jar
7f21cf6da000-7f21cf6dd000 r--s 0001e000 08:05 556491                     /home/stan/.sbt/boot/scala-2.10.4/org.scala-sbt/sbt/0.13.8/run-0.13.8.jar
7f21cf6dd000-7f21cf6e7000 r--s 00092000 08:05 556474                     /home/stan/.sbt/boot/scala-2.10.4/org.scala-sbt/sbt/0.13.8/main-settings-0.13.8.jar
7f21cf6e7000-7f21cf6ea000 r--s 0001d000 08:05 556496                     /home/stan/.sbt/boot/scala-2.10.4/org.scala-sbt/sbt/0.13.8/tasks-0.13.8.jar
7f21cf6ea000-7f21cf6ed000 r--s 0001a000 08:05 556514                     /home/stan/.sbt/boot/scala-2.10.4/org.scala-sbt/sbt/0.13.8/cache-0.13.8.jar
7f21cf6ed000-7f21cf6f3000 r--s 0003d000 08:05 556493                     /home/stan/.sbt/boot/scala-2.10.4/org.scala-sbt/sbt/0.13.8/io-0.13.8.jar
7f21cf6f3000-7f21cf6fb000 r--s 00057000 08:05 556486                     /home/stan/.sbt/boot/scala-2.10.4/org.scala-sbt/sbt/0.13.8/completion-0.13.8.jar
7f21cf6fb000-7f21cf707000 r--s 000a4000 08:05 556470                     /home/stan/.sbt/boot/scala-2.10.4/org.scala-sbt/sbt/0.13.8/quasiquotes_2.10-2.0.1.jar
7f21cf707000-7f21cf709000 r--s 00012000 08:05 556494                     /home/stan/.sbt/boot/scala-2.10.4/org.scala-sbt/sbt/0.13.8/jawn-parser_2.10-0.6.0.jar
7f21cf709000-7f21cf71f000 r--s 00100000 08:05 556477                     /home/stan/.sbt/boot/scala-2.10.4/org.scala-sbt/sbt/0.13.8/ivy-2.3.0-sbt-fccfbd44c9f64523b61398a0155784dcbaeae28f.jar
7f21cf71f000-7f21cf723000 r--s 00034000 08:05 556471                     /home/stan/.sbt/boot/scala-2.10.4/org.scala-sbt/sbt/0.13.8/jsch-0.1.46.jar
7f21cf723000-7f21cf74f000 r--s 00235000 08:05 556476                     /home/stan/.sbt/boot/scala-2.10.4/org.scala-sbt/sbt/0.13.8/main-0.13.8.jar
7f21cf74f000-7f21cf754000 r--s 00036000 08:05 556485                     /home/stan/.sbt/boot/scala-2.10.4/org.scala-sbt/sbt/0.13.8/command-0.13.8.jar
7f21cf754000-7f21cf757000 r--s 00012000 08:05 556484                     /home/stan/.sbt/boot/scala-2.10.4/org.scala-sbt/sbt/0.13.8/classfile-0.13.8.jar
7f21cf757000-7f21cf759000 r--s 00014000 08:05 556504                     /home/stan/.sbt/boot/scala-2.10.4/org.scala-sbt/sbt/0.13.8/apply-macro-0.13.8.jar
7f21cf759000-7f21cf779000 r--s 001a4000 08:05 556475                     /home/stan/.sbt/boot/scala-2.10.4/org.scala-sbt/sbt/0.13.8/ivy-0.13.8.jar
7f21cf779000-7f21cf77c000 r--s 0001d000 08:05 556498                     /home/stan/.sbt/boot/scala-2.10.4/org.scala-sbt/sbt/0.13.8/task-system-0.13.8.jar
7f21cf77c000-7f21cf77f000 r--s 00030000 08:05 556500                     /home/stan/.sbt/boot/scala-2.10.4/org.scala-sbt/sbt/0.13.8/jline-2.11.jar
7f21cf77f000-7f21cf7b5000 r--s 002d9000 08:05 556473                     /home/stan/.sbt/boot/scala-2.10.4/org.scala-sbt/sbt/0.13.8/scala-reflect-2.10.4.jar
7f21cf7b5000-7f21cf7ba000 r--s 00036000 08:05 556467                     /home/stan/.sbt/boot/scala-2.10.4/org.scala-sbt/sbt/0.13.8/compile-0.13.8.jar
7f21cf7ba000-7f21cf7c1000 r--s 00049000 08:05 556512                     /home/stan/.sbt/boot/scala-2.10.4/org.scala-sbt/sbt/0.13.8/api-0.13.8.jar
7f21cf7c1000-7f21cf7c3000 r--s 00017000 08:05 556505                     /home/stan/.sbt/boot/scala-2.10.4/org.scala-sbt/sbt/0.13.8/testing-0.13.8.jar
7f21cf7c3000-7f21cf7c5000 r--s 0000e000 08:05 556501                     /home/stan/.sbt/boot/scala-2.10.4/org.scala-sbt/sbt/0.13.8/logic-0.13.8.jar
7f21cf7c5000-7f21cf7c9000 r--s 0001b000 08:05 556468                     /home/stan/.sbt/boot/scala-2.10.4/org.scala-sbt/sbt/0.13.8/process-0.13.8.jar
7f21cf7c9000-7f21cf7cb000 r--s 00001000 08:05 556492                     /home/stan/.sbt/boot/scala-2.10.4/org.scala-sbt/sbt/0.13.8/launcher-interface-0.13.8.jar
7f21cf7cb000-7f21cf7ce000 r--s 0001c000 08:05 556507                     /home/stan/.sbt/boot/scala-2.10.4/org.scala-sbt/sbt/0.13.8/compiler-integration-0.13.8.jar
7f21cf7ce000-7f21cf7d0000 r--s 0000b000 08:05 556489                     /home/stan/.sbt/boot/scala-2.10.4/org.scala-sbt/sbt/0.13.8/tracking-0.13.8.jar
7f21cf7d0000-7f21cf7d7000 r--s 0004b000 08:05 556487                     /home/stan/.sbt/boot/scala-2.10.4/org.scala-sbt/sbt/0.13.8/serialization_2.10-0.1.1.jar
7f21cf7d7000-7f21cf8d4000 r--s 00cca000 08:05 799892                     /home/stan/.sbt/boot/scala-2.10.4/lib/scala-compiler.jar
7f21cf8d4000-7f21cf8e5000 r-xp 00000000 08:05 1966520                    /usr/lib/jvm/java-8-openjdk-amd64/jre/lib/amd64/libnio.so
7f21cf8e5000-7f21cfae5000 ---p 00011000 08:05 1966520                    /usr/lib/jvm/java-8-openjdk-amd64/jre/lib/amd64/libnio.so
7f21cfae5000-7f21cfae6000 r--p 00011000 08:05 1966520                    /usr/lib/jvm/java-8-openjdk-amd64/jre/lib/amd64/libnio.so
7f21cfae6000-7f21cfae7000 rw-p 00012000 08:05 1966520                    /usr/lib/jvm/java-8-openjdk-amd64/jre/lib/amd64/libnio.so
7f21cfae7000-7f21cfde8000 rw-p 00000000 00:00 0 
7f21cfde8000-7f21cfdff000 r-xp 00000000 08:05 1972128                    /usr/lib/jvm/java-8-openjdk-amd64/jre/lib/amd64/libnet.so
7f21cfdff000-7f21cfffe000 ---p 00017000 08:05 1972128                    /usr/lib/jvm/java-8-openjdk-amd64/jre/lib/amd64/libnet.so
7f21cfffe000-7f21cffff000 r--p 00016000 08:05 1972128                    /usr/lib/jvm/java-8-openjdk-amd64/jre/lib/amd64/libnet.so
7f21cffff000-7f21d0000000 rw-p 00017000 08:05 1972128                    /usr/lib/jvm/java-8-openjdk-amd64/jre/lib/amd64/libnet.so
7f21d0000000-7f21d06c4000 rw-p 00000000 00:00 0 
7f21d06c4000-7f21d4000000 ---p 00000000 00:00 0 
7f21d4000000-7f21d4021000 rw-p 00000000 00:00 0 
7f21d4021000-7f21d8000000 ---p 00000000 00:00 0 
7f21d8000000-7f21d8021000 rw-p 00000000 00:00 0 
7f21d8021000-7f21dc000000 ---p 00000000 00:00 0 
7f21dc000000-7f21dda11000 rw-p 00000000 00:00 0 
7f21dda11000-7f21e0000000 ---p 00000000 00:00 0 
7f21e0000000-7f21e0021000 rw-p 00000000 00:00 0 
7f21e0021000-7f21e4000000 ---p 00000000 00:00 0 
7f21e4000000-7f21e4021000 rw-p 00000000 00:00 0 
7f21e4021000-7f21e8000000 ---p 00000000 00:00 0 
7f21e8000000-7f21e8021000 rw-p 00000000 00:00 0 
7f21e8021000-7f21ec000000 ---p 00000000 00:00 0 
7f21ec000000-7f21ec001000 r--s 00001000 08:05 556518                     /home/stan/.sbt/boot/scala-2.10.4/org.scala-sbt/sbt/0.13.8/cross-0.13.8.jar
7f21ec001000-7f21ec006000 r--s 00024000 08:05 556469                     /home/stan/.sbt/boot/scala-2.10.4/org.scala-sbt/sbt/0.13.8/persist-0.13.8.jar
7f21ec006000-7f21ec008000 r--s 00007000 08:05 556502                     /home/stan/.sbt/boot/scala-2.10.4/org.scala-sbt/sbt/0.13.8/paranamer-2.6.jar
7f21ec008000-7f21ec03e000 r--s 002d9000 08:05 799894                     /home/stan/.sbt/boot/scala-2.10.4/lib/scala-reflect.jar
7f21ec03e000-7f21ec0b0000 r--s 0065a000 08:05 799896                     /home/stan/.sbt/boot/scala-2.10.4/lib/scala-library.jar
7f21ec0b0000-7f21ec0b3000 r--s 00018000 08:05 799893                     /home/stan/.sbt/boot/scala-2.10.4/lib/jansi.jar
7f21ec0b3000-7f21ec0b7000 r--s 00025000 08:05 799895                     /home/stan/.sbt/boot/scala-2.10.4/lib/jline.jar
7f21ec0b7000-7f21ec0d3000 r--s 0010c000 08:05 2623443                    /home/stan/sbt/bin/sbt-launch.jar
7f21ec0d3000-7f21ec0ef000 r--s 00393000 08:05 1966212                    /usr/lib/jvm/java-8-openjdk-amd64/jre/lib/ext/cldrdata.jar
7f21ec0ef000-7f21ec0f0000 ---p 00000000 00:00 0 
7f21ec0f0000-7f21ec1f0000 rw-p 00000000 00:00 0                          [stack:19036]
7f21ec1f0000-7f21ec1f3000 ---p 00000000 00:00 0 
7f21ec1f3000-7f21ec2f1000 rw-p 00000000 00:00 0                          [stack:19035]
7f21ec2f1000-7f21ec2f4000 ---p 00000000 00:00 0 
7f21ec2f4000-7f21ec3f2000 rw-p 00000000 00:00 0                          [stack:19034]
7f21ec3f2000-7f21ec3f5000 ---p 00000000 00:00 0 
7f21ec3f5000-7f21ec4f3000 rw-p 00000000 00:00 0                          [stack:19033]
7f21ec4f3000-7f21ec4f6000 ---p 00000000 00:00 0 
7f21ec4f6000-7f21ec5f4000 rw-p 00000000 00:00 0                          [stack:19032]
7f21ec5f4000-7f21ec633000 r--p 00000000 08:05 1878040                    /usr/lib/locale/en_US.utf8/LC_CTYPE
7f21ec633000-7f21ec763000 r--p 00000000 08:05 1878043                    /usr/lib/locale/en_US.utf8/LC_COLLATE
7f21ec763000-7f21ec928000 r--p 00000000 08:05 1878136                    /usr/lib/locale/locale-archive
7f21ec928000-7f21ec92b000 ---p 00000000 00:00 0 
7f21ec92b000-7f21eca29000 rw-p 00000000 00:00 0                          [stack:19031]
7f21eca29000-7f21eca2c000 ---p 00000000 00:00 0 
7f21eca2c000-7f21ecb2a000 rw-p 00000000 00:00 0                          [stack:19030]
7f21ecb2a000-7f21ecb2b000 ---p 00000000 00:00 0 
7f21ecb2b000-7f21ed433000 rw-p 00000000 00:00 0                          [stack:19029]
7f21ed433000-7f21ed600000 r--s 03be8000 08:05 1966440                    /usr/lib/jvm/java-8-openjdk-amd64/jre/lib/rt.jar
7f21ed600000-7f21f0000000 rw-p 00000000 00:00 0 
7f21f0000000-7f21f0021000 rw-p 00000000 00:00 0 
7f21f0021000-7f21f4000000 ---p 00000000 00:00 0 
7f21f4000000-7f21f4021000 rw-p 00000000 00:00 0 
7f21f4021000-7f21f8000000 ---p 00000000 00:00 0 
7f21f8000000-7f21f8cb0000 rwxp 00000000 00:00 0 
7f21f8cb0000-7f2200000000 ---p 00000000 00:00 0 
7f2200000000-7f220185d000 rw-p 00000000 00:00 0 
7f220185d000-7f2204000000 ---p 00000000 00:00 0 
7f2204000000-7f2204002000 r--s 00002000 08:05 556499                     /home/stan/.sbt/boot/scala-2.10.4/org.scala-sbt/sbt/0.13.8/test-interface-1.0.jar
7f2204002000-7f2204004000 r--s 00007000 08:05 132693                     /usr/share/java/java-atk-wrapper.jar
7f2204004000-7f2204005000 r--s 00008000 08:05 1966428                    /usr/lib/jvm/java-8-openjdk-amd64/jre/lib/ext/sunec.jar
7f2204005000-7f2204006000 r--s 00010000 08:05 1966216                    /usr/lib/jvm/java-8-openjdk-amd64/jre/lib/ext/zipfs.jar
7f2204006000-7f2204009000 r--s 0000f000 08:05 1966362                    /usr/lib/jvm/java-8-openjdk-amd64/jre/lib/ext/icedtea-sound.jar
7f2204009000-7f220400f000 r--s 0003a000 08:05 1966412                    /usr/lib/jvm/java-8-openjdk-amd64/jre/lib/ext/sunjce_provider.jar
7f220400f000-7f2204019000 r--s 00116000 08:05 1966222                    /usr/lib/jvm/java-8-openjdk-amd64/jre/lib/ext/localedata.jar
7f2204019000-7f220401b000 r--s 00001000 08:05 1966424                    /usr/lib/jvm/java-8-openjdk-amd64/jre/lib/ext/dnsns.jar
7f220401b000-7f2204192000 rw-p 00000000 00:00 0 
7f2204192000-7f2204193000 ---p 00000000 00:00 0 
7f2204193000-7f2204293000 rw-p 00000000 00:00 0                          [stack:19028]
7f2204293000-7f2204294000 ---p 00000000 00:00 0 
7f2204294000-7f220471e000 rw-p 00000000 00:00 0                          [stack:19027]
7f220471e000-7f22048eb000 ---p 00000000 00:00 0 
7f22048eb000-7f22048f3000 r-xp 00000000 08:05 1966601                    /usr/lib/jvm/java-8-openjdk-amd64/jre/lib/amd64/libzip.so
7f22048f3000-7f2204af2000 ---p 00008000 08:05 1966601                    /usr/lib/jvm/java-8-openjdk-amd64/jre/lib/amd64/libzip.so
7f2204af2000-7f2204af3000 r--p 00007000 08:05 1966601                    /usr/lib/jvm/java-8-openjdk-amd64/jre/lib/amd64/libzip.so
7f2204af3000-7f2204af4000 rw-p 00008000 08:05 1966601                    /usr/lib/jvm/java-8-openjdk-amd64/jre/lib/amd64/libzip.so
7f2204af4000-7f2204b00000 r-xp 00000000 08:05 788770                     /lib/x86_64-linux-gnu/libnss_files-2.21.so
7f2204b00000-7f2204cff000 ---p 0000c000 08:05 788770                     /lib/x86_64-linux-gnu/libnss_files-2.21.so
7f2204cff000-7f2204d00000 r--p 0000b000 08:05 788770                     /lib/x86_64-linux-gnu/libnss_files-2.21.so
7f2204d00000-7f2204d01000 rw-p 0000c000 08:05 788770                     /lib/x86_64-linux-gnu/libnss_files-2.21.so
7f2204d01000-7f2204d0c000 r-xp 00000000 08:05 785058                     /lib/x86_64-linux-gnu/libnss_nis-2.21.so
7f2204d0c000-7f2204f0b000 ---p 0000b000 08:05 785058                     /lib/x86_64-linux-gnu/libnss_nis-2.21.so
7f2204f0b000-7f2204f0c000 r--p 0000a000 08:05 785058                     /lib/x86_64-linux-gnu/libnss_nis-2.21.so
7f2204f0c000-7f2204f0d000 rw-p 0000b000 08:05 785058                     /lib/x86_64-linux-gnu/libnss_nis-2.21.so
7f2204f0d000-7f2204f24000 r-xp 00000000 08:05 788776                     /lib/x86_64-linux-gnu/libnsl-2.21.so
7f2204f24000-7f2205123000 ---p 00017000 08:05 788776                     /lib/x86_64-linux-gnu/libnsl-2.21.so
7f2205123000-7f2205124000 r--p 00016000 08:05 788776                     /lib/x86_64-linux-gnu/libnsl-2.21.so
7f2205124000-7f2205125000 rw-p 00017000 08:05 788776                     /lib/x86_64-linux-gnu/libnsl-2.21.so
7f2205125000-7f2205127000 rw-p 00000000 00:00 0 
7f2205127000-7f220512f000 r-xp 00000000 08:05 788772                     /lib/x86_64-linux-gnu/libnss_compat-2.21.so
7f220512f000-7f220532e000 ---p 00008000 08:05 788772                     /lib/x86_64-linux-gnu/libnss_compat-2.21.so
7f220532e000-7f220532f000 r--p 00007000 08:05 788772                     /lib/x86_64-linux-gnu/libnss_compat-2.21.so
7f220532f000-7f2205330000 rw-p 00008000 08:05 788772                     /lib/x86_64-linux-gnu/libnss_compat-2.21.so
7f2205330000-7f220535d000 r-xp 00000000 08:05 1972109                    /usr/lib/jvm/java-8-openjdk-amd64/jre/lib/amd64/libjava.so
7f220535d000-7f220555c000 ---p 0002d000 08:05 1972109                    /usr/lib/jvm/java-8-openjdk-amd64/jre/lib/amd64/libjava.so
7f220555c000-7f220555d000 r--p 0002c000 08:05 1972109                    /usr/lib/jvm/java-8-openjdk-amd64/jre/lib/amd64/libjava.so
7f220555d000-7f220555f000 rw-p 0002d000 08:05 1972109                    /usr/lib/jvm/java-8-openjdk-amd64/jre/lib/amd64/libjava.so
7f220555f000-7f220556e000 r-xp 00000000 08:05 1972122                    /usr/lib/jvm/java-8-openjdk-amd64/jre/lib/amd64/libverify.so
7f220556e000-7f220576d000 ---p 0000f000 08:05 1972122                    /usr/lib/jvm/java-8-openjdk-amd64/jre/lib/amd64/libverify.so
7f220576d000-7f220576f000 r--p 0000e000 08:05 1972122                    /usr/lib/jvm/java-8-openjdk-amd64/jre/lib/amd64/libverify.so
7f220576f000-7f2205770000 rw-p 00010000 08:05 1972122                    /usr/lib/jvm/java-8-openjdk-amd64/jre/lib/amd64/libverify.so
7f2205770000-7f2205777000 r-xp 00000000 08:05 788777                     /lib/x86_64-linux-gnu/librt-2.21.so
7f2205777000-7f2205976000 ---p 00007000 08:05 788777                     /lib/x86_64-linux-gnu/librt-2.21.so
7f2205976000-7f2205977000 r--p 00006000 08:05 788777                     /lib/x86_64-linux-gnu/librt-2.21.so
7f2205977000-7f2205978000 rw-p 00007000 08:05 788777                     /lib/x86_64-linux-gnu/librt-2.21.so
7f2205978000-7f220598e000 r-xp 00000000 08:05 788866                     /lib/x86_64-linux-gnu/libgcc_s.so.1
7f220598e000-7f2205b8d000 ---p 00016000 08:05 788866                     /lib/x86_64-linux-gnu/libgcc_s.so.1
7f2205b8d000-7f2205b8e000 r--p 00015000 08:05 788866                     /lib/x86_64-linux-gnu/libgcc_s.so.1
7f2205b8e000-7f2205b8f000 rw-p 00016000 08:05 788866                     /lib/x86_64-linux-gnu/libgcc_s.so.1
7f2205b8f000-7f2205c96000 r-xp 00000000 08:05 788775                     /lib/x86_64-linux-gnu/libm-2.21.so
7f2205c96000-7f2205e95000 ---p 00107000 08:05 788775                     /lib/x86_64-linux-gnu/libm-2.21.so
7f2205e95000-7f2205e96000 r--p 00106000 08:05 788775                     /lib/x86_64-linux-gnu/libm-2.21.so
7f2205e96000-7f2205e97000 rw-p 00107000 08:05 788775                     /lib/x86_64-linux-gnu/libm-2.21.so
7f2205e97000-7f220600a000 r-xp 00000000 08:05 1854826                    /usr/lib/x86_64-linux-gnu/libstdc++.so.6.0.21
7f220600a000-7f2206209000 ---p 00173000 08:05 1854826                    /usr/lib/x86_64-linux-gnu/libstdc++.so.6.0.21
7f2206209000-7f2206213000 r--p 00172000 08:05 1854826                    /usr/lib/x86_64-linux-gnu/libstdc++.so.6.0.21
7f2206213000-7f2206215000 rw-p 0017c000 08:05 1854826                    /usr/lib/x86_64-linux-gnu/libstdc++.so.6.0.21
7f2206215000-7f2206219000 rw-p 00000000 00:00 0 
7f2206219000-7f2206e5e000 r-xp 00000000 08:05 1972116                    /usr/lib/jvm/java-8-openjdk-amd64/jre/lib/amd64/server/libjvm.so
7f2206e5e000-7f220705d000 ---p 00c45000 08:05 1972116                    /usr/lib/jvm/java-8-openjdk-amd64/jre/lib/amd64/server/libjvm.so
7f220705d000-7f22070f0000 r--p 00c44000 08:05 1972116                    /usr/lib/jvm/java-8-openjdk-amd64/jre/lib/amd64/server/libjvm.so
7f22070f0000-7f2207118000 rw-p 00cd7000 08:05 1972116                    /usr/lib/jvm/java-8-openjdk-amd64/jre/lib/amd64/server/libjvm.so
7f2207118000-7f2207147000 rw-p 00000000 00:00 0 
7f2207147000-7f220715f000 r-xp 00000000 08:05 788767                     /lib/x86_64-linux-gnu/libpthread-2.21.so
7f220715f000-7f220735f000 ---p 00018000 08:05 788767                     /lib/x86_64-linux-gnu/libpthread-2.21.so
7f220735f000-7f2207360000 r--p 00018000 08:05 788767                     /lib/x86_64-linux-gnu/libpthread-2.21.so
7f2207360000-7f2207361000 rw-p 00019000 08:05 788767                     /lib/x86_64-linux-gnu/libpthread-2.21.so
7f2207361000-7f2207365000 rw-p 00000000 00:00 0 
7f2207365000-7f2207368000 r-xp 00000000 08:05 788763                     /lib/x86_64-linux-gnu/libdl-2.21.so
7f2207368000-7f2207567000 ---p 00003000 08:05 788763                     /lib/x86_64-linux-gnu/libdl-2.21.so
7f2207567000-7f2207568000 r--p 00002000 08:05 788763                     /lib/x86_64-linux-gnu/libdl-2.21.so
7f2207568000-7f2207569000 rw-p 00003000 08:05 788763                     /lib/x86_64-linux-gnu/libdl-2.21.so
7f2207569000-7f2207582000 r-xp 00000000 08:05 785304                     /lib/x86_64-linux-gnu/libz.so.1.2.8
7f2207582000-7f2207781000 ---p 00019000 08:05 785304                     /lib/x86_64-linux-gnu/libz.so.1.2.8
7f2207781000-7f2207782000 r--p 00018000 08:05 785304                     /lib/x86_64-linux-gnu/libz.so.1.2.8
7f2207782000-7f2207783000 rw-p 00019000 08:05 785304                     /lib/x86_64-linux-gnu/libz.so.1.2.8
7f2207783000-7f2207943000 r-xp 00000000 08:05 788780                     /lib/x86_64-linux-gnu/libc-2.21.so
7f2207943000-7f2207b43000 ---p 001c0000 08:05 788780                     /lib/x86_64-linux-gnu/libc-2.21.so
7f2207b43000-7f2207b47000 r--p 001c0000 08:05 788780                     /lib/x86_64-linux-gnu/libc-2.21.so
7f2207b47000-7f2207b49000 rw-p 001c4000 08:05 788780                     /lib/x86_64-linux-gnu/libc-2.21.so
7f2207b49000-7f2207b4d000 rw-p 00000000 00:00 0 
7f2207b4d000-7f2207b5a000 r-xp 00000000 08:05 1972123                    /usr/lib/jvm/java-8-openjdk-amd64/jre/lib/amd64/jli/libjli.so
7f2207b5a000-7f2207d5a000 ---p 0000d000 08:05 1972123                    /usr/lib/jvm/java-8-openjdk-amd64/jre/lib/amd64/jli/libjli.so
7f2207d5a000-7f2207d5b000 r--p 0000d000 08:05 1972123                    /usr/lib/jvm/java-8-openjdk-amd64/jre/lib/amd64/jli/libjli.so
7f2207d5b000-7f2207d5c000 rw-p 0000e000 08:05 1972123                    /usr/lib/jvm/java-8-openjdk-amd64/jre/lib/amd64/jli/libjli.so
7f2207d5c000-7f2207d80000 r-xp 00000000 08:05 788766                     /lib/x86_64-linux-gnu/ld-2.21.so
7f2207d80000-7f2207d9b000 r--s 001d4000 08:05 1966432                    /usr/lib/jvm/java-8-openjdk-amd64/jre/lib/ext/nashorn.jar
7f2207d9b000-7f2207d9f000 r--s 00037000 08:05 1966418                    /usr/lib/jvm/java-8-openjdk-amd64/jre/lib/ext/sunpkcs11.jar
7f2207d9f000-7f2207da0000 r--s 0000a000 08:05 1966408                    /usr/lib/jvm/java-8-openjdk-amd64/jre/lib/ext/jaccess.jar
7f2207da0000-7f2207da1000 r--p 00000000 08:05 1878041                    /usr/lib/locale/en_US.utf8/LC_NUMERIC
7f2207da1000-7f2207da2000 r--p 00000000 08:05 1878116                    /usr/lib/locale/en_US.utf8/LC_TIME
7f2207da2000-7f2207e4a000 rw-p 00000000 00:00 0 
7f2207e4a000-7f2207e4d000 ---p 00000000 00:00 0 
7f2207e4d000-7f2207f50000 rw-p 00000000 00:00 0                          [stack:19026]
7f2207f50000-7f2207f51000 r--p 00000000 08:05 1878117                    /usr/lib/locale/en_US.utf8/LC_MONETARY
7f2207f51000-7f2207f52000 r--p 00000000 08:05 1878118                    /usr/lib/locale/en_US.utf8/LC_MESSAGES/SYS_LC_MESSAGES
7f2207f52000-7f2207f53000 r--p 00000000 08:05 1878046                    /usr/lib/locale/en_US.utf8/LC_PAPER
7f2207f53000-7f2207f54000 r--p 00000000 08:05 1878047                    /usr/lib/locale/en_US.utf8/LC_NAME
7f2207f54000-7f2207f55000 r--p 00000000 08:05 1878119                    /usr/lib/locale/en_US.utf8/LC_ADDRESS
7f2207f55000-7f2207f56000 r--p 00000000 08:05 1878120                    /usr/lib/locale/en_US.utf8/LC_TELEPHONE
7f2207f56000-7f2207f57000 r--p 00000000 08:05 1878050                    /usr/lib/locale/en_US.utf8/LC_MEASUREMENT
7f2207f57000-7f2207f5e000 r--s 00000000 08:05 1860179                    /usr/lib/x86_64-linux-gnu/gconv/gconv-modules.cache
7f2207f5e000-7f2207f5f000 r--p 00000000 08:05 1878121                    /usr/lib/locale/en_US.utf8/LC_IDENTIFICATION
7f2207f5f000-7f2207f73000 rw-p 00000000 00:00 0 
7f2207f73000-7f2207f7b000 rw-s 00000000 08:05 2250948                    /tmp/hsperfdata_stan/19025
7f2207f7b000-7f2207f7c000 rw-p 00000000 00:00 0 
7f2207f7c000-7f2207f7d000 r--p 00000000 00:00 0 
7f2207f7d000-7f2207f7f000 rw-p 00000000 00:00 0 
7f2207f7f000-7f2207f80000 r--p 00023000 08:05 788766                     /lib/x86_64-linux-gnu/ld-2.21.so
7f2207f80000-7f2207f81000 rw-p 00024000 08:05 788766                     /lib/x86_64-linux-gnu/ld-2.21.so
7f2207f81000-7f2207f82000 rw-p 00000000 00:00 0 
7ffeb5057000-7ffeb5078000 rw-p 00000000 00:00 0                          [stack]
7ffeb50e2000-7ffeb50e4000 r--p 00000000 00:00 0                          [vvar]
7ffeb50e4000-7ffeb50e6000 r-xp 00000000 00:00 0                          [vdso]
ffffffffff600000-ffffffffff601000 r-xp 00000000 00:00 0                  [vsyscall]

VM Arguments:
jvm_args: -Xms1024m -Xmx1024m -XX:ReservedCodeCacheSize=128m -XX:MaxMetaspaceSize=256m 
java_command: /home/stan/sbt/bin/sbt-launch.jar
java_class_path (initial): /home/stan/sbt/bin/sbt-launch.jar
Launcher Type: SUN_STANDARD

Environment Variables:
PATH=/usr/local/sbin:/usr/local/bin:/usr/sbin:/usr/bin:/sbin:/bin:/usr/games:/usr/local/games:/home/stan/c:/home/stan/sbt/bin
SHELL=/bin/bash
DISPLAY=:0

Signal Handlers:
SIGSEGV: [libjvm.so+0xa5d4d0], sa_mask[0]=11111111011111111101111111111110, sa_flags=SA_RESTART|SA_SIGINFO
SIGBUS: [libjvm.so+0xa5d4d0], sa_mask[0]=11111111011111111101111111111110, sa_flags=SA_RESTART|SA_SIGINFO
SIGFPE: [libjvm.so+0x8a9210], sa_mask[0]=11111111011111111101111111111110, sa_flags=SA_RESTART|SA_SIGINFO
SIGPIPE: [libjvm.so+0x8a9210], sa_mask[0]=11111111011111111101111111111110, sa_flags=SA_RESTART|SA_SIGINFO
SIGXFSZ: [libjvm.so+0x8a9210], sa_mask[0]=11111111011111111101111111111110, sa_flags=SA_RESTART|SA_SIGINFO
SIGILL: [libjvm.so+0x8a9210], sa_mask[0]=11111111011111111101111111111110, sa_flags=SA_RESTART|SA_SIGINFO
SIGUSR1: SIG_DFL, sa_mask[0]=00000000000000000000000000000000, sa_flags=none
SIGUSR2: [libjvm.so+0x8a90c0], sa_mask[0]=00000000000000000000000000000000, sa_flags=SA_RESTART|SA_SIGINFO
SIGHUP: [libjvm.so+0x8a9590], sa_mask[0]=11111111011111111101111111111110, sa_flags=SA_RESTART|SA_SIGINFO
SIGINT: [libjvm.so+0x8a9590], sa_mask[0]=11111111011111111101111111111110, sa_flags=SA_RESTART|SA_SIGINFO
SIGTERM: [libjvm.so+0x8a9590], sa_mask[0]=11111111011111111101111111111110, sa_flags=SA_RESTART|SA_SIGINFO
SIGQUIT: [libjvm.so+0x8a9590], sa_mask[0]=11111111011111111101111111111110, sa_flags=SA_RESTART|SA_SIGINFO


---------------  S Y S T E M  ---------------

OS:DISTRIB_ID=Ubuntu
DISTRIB_RELEASE=15.10
DISTRIB_CODENAME=wily
DISTRIB_DESCRIPTION="Ubuntu 15.10"

uname:Linux 4.2.0-29-generic #34-Ubuntu SMP Mon Feb 8 16:57:47 UTC 2016 x86_64
libc:glibc 2.21 NPTL 2.21 
rlimit: STACK 8192k, CORE 0k, NPROC 15670, NOFILE 65536, AS infinity
load average:0.66 1.58 1.70

/proc/meminfo:
MemTotal:        4045796 kB
MemFree:          358408 kB
MemAvailable:    1235528 kB
Buffers:          259792 kB
Cached:           630776 kB
SwapCached:        37856 kB
Active:          2010216 kB
Inactive:        1437452 kB
Active(anon):    1608304 kB
Inactive(anon):  1002528 kB
Active(file):     401912 kB
Inactive(file):   434924 kB
Unevictable:          80 kB
Mlocked:              80 kB
SwapTotal:       2937456 kB
SwapFree:        2324568 kB
Dirty:             13260 kB
Writeback:             0 kB
AnonPages:       2552120 kB
Mapped:           237756 kB
Shmem:             53676 kB
Slab:             133924 kB
SReclaimable:      70008 kB
SUnreclaim:        63916 kB
KernelStack:        8448 kB
PageTables:        39280 kB
NFS_Unstable:          0 kB
Bounce:                0 kB
WritebackTmp:          0 kB
CommitLimit:     4960352 kB
Committed_AS:    8124732 kB
VmallocTotal:   34359738367 kB
VmallocUsed:       79304 kB
VmallocChunk:   34359586812 kB
HardwareCorrupted:     0 kB
AnonHugePages:    618496 kB
CmaTotal:              0 kB
CmaFree:               0 kB
HugePages_Total:       0
HugePages_Free:        0
HugePages_Rsvd:        0
HugePages_Surp:        0
Hugepagesize:       2048 kB
DirectMap4k:      789440 kB
DirectMap2M:     3403776 kB


CPU:total 2 (2 cores per cpu, 1 threads per core) family 6 model 15 stepping 11, cmov, cx8, fxsr, mmx, sse, sse2, sse3, ssse3, tsc

/proc/cpuinfo:
processor	: 0
vendor_id	: GenuineIntel
cpu family	: 6
model		: 15
model name	: Intel(R) Core(TM)2 Duo CPU     E6550  @ 2.33GHz
stepping	: 11
microcode	: 0xba
cpu MHz		: 2333.533
cache size	: 4096 KB
physical id	: 0
siblings	: 2
core id		: 0
cpu cores	: 2
apicid		: 0
initial apicid	: 0
fpu		: yes
fpu_exception	: yes
cpuid level	: 10
wp		: yes
flags		: fpu vme de pse tsc msr pae mce cx8 apic sep mtrr pge mca cmov pat pse36 clflush dts acpi mmx fxsr sse sse2 ss ht tm pbe syscall nx lm constant_tsc arch_perfmon pebs bts rep_good nopl aperfmperf pni dtes64 monitor ds_cpl vmx smx est tm2 ssse3 cx16 xtpr pdcm lahf_lm dtherm tpr_shadow vnmi flexpriority
bugs		:
bogomips	: 4667.06
clflush size	: 64
cache_alignment	: 64
address sizes	: 36 bits physical, 48 bits virtual
power management:

processor	: 1
vendor_id	: GenuineIntel
cpu family	: 6
model		: 15
model name	: Intel(R) Core(TM)2 Duo CPU     E6550  @ 2.33GHz
stepping	: 11
microcode	: 0xba
cpu MHz		: 2333.533
cache size	: 4096 KB
physical id	: 0
siblings	: 2
core id		: 1
cpu cores	: 2
apicid		: 1
initial apicid	: 1
fpu		: yes
fpu_exception	: yes
cpuid level	: 10
wp		: yes
flags		: fpu vme de pse tsc msr pae mce cx8 apic sep mtrr pge mca cmov pat pse36 clflush dts acpi mmx fxsr sse sse2 ss ht tm pbe syscall nx lm constant_tsc arch_perfmon pebs bts rep_good nopl aperfmperf pni dtes64 monitor ds_cpl vmx smx est tm2 ssse3 cx16 xtpr pdcm lahf_lm dtherm tpr_shadow vnmi flexpriority
bugs		:
bogomips	: 4667.06
clflush size	: 64
cache_alignment	: 64
address sizes	: 36 bits physical, 48 bits virtual
power management:



Memory: 4k page, physical 4045796k(358408k free), swap 2937456k(2324568k free)

vm_info: OpenJDK 64-Bit Server VM (25.66-b17) for linux-amd64 JRE (1.8.0_66-internal-b17), built on Oct 21 2015 22:08:46 by "buildd" with gcc 5.2.1 20151010

time: Mon Feb 15 11:22:53 2016
elapsed time: 224 seconds (0d 0h 3m 44s)

