#
# A fatal error has been detected by the Java Runtime Environment:
#
#  SIGSEGV (0xb) at pc=0x00007f4b26005060, pid=18672, tid=139961041938176
#
# JRE version: OpenJDK Runtime Environment (8.0_66-b17) (build 1.8.0_66-internal-b17)
# Java VM: OpenJDK 64-Bit Server VM (25.66-b17 mixed mode linux-amd64 compressed oops)
# Problematic frame:
# C  0x00007f4b26005060
#
# Failed to write core dump. Core dumps have been disabled. To enable core dumping, try "ulimit -c unlimited" before starting Java again
#
# If you would like to submit a bug report, please visit:
#   http://bugreport.java.com/bugreport/crash.jsp
#

---------------  T H R E A D  ---------------

Current thread (0x00007f4b2c031000):  JavaThread "pool-4-thread-5" [_thread_in_Java, id=18758, stack(0x00007f4b381fe000,0x00007f4b382ff000)]

siginfo: si_signo: 11 (SIGSEGV), si_code: 1 (SEGV_MAPERR), si_addr: 0x00007f4b26005060

Registers:
RAX=0x00000001008a4588, RBX=0x00000000000032e0, RCX=0x00000000c00d4888, RDX=0x00000000f472e9d8
RSP=0x00007f4b382fbf28, RBP=0x00000000f49d8fb0, RSI=0x00000000c1cf2950, RDI=0x00000000c1cf2950
R8 =0x0000000000000001, R9 =0x00000000f49dd418, R10=0x00000001008a4588, R11=0x00000000c01cb190
R12=0x0000000000000000, R13=0x00000000f472f270, R14=0x0000000000000008, R15=0x00007f4b2c031000
RIP=0x00007f4b26005060, EFLAGS=0x0000000000010246, CSGSFS=0x0000000000000033, ERR=0x0000000000000014
  TRAPNO=0x000000000000000e

Top of Stack: (sp=0x00007f4b382fbf28)
0x00007f4b382fbf28:   00007f4b65448fd4 00000000f3d90908
0x00007f4b382fbf38:   00007f4b64377e2c 00000000f49dd418
0x00007f4b382fbf48:   00007f4b64166d48 00000000f49d8fb0
0x00007f4b382fbf58:   00007f4b6545cc24 00000000f3d90908
0x00007f4b382fbf68:   00007f4b65bb6e3c 00000000f49dd418
0x00007f4b382fbf78:   00000000c1ec5c68 00007f4b3a1a8350
0x00007f4b382fbf88:   00007f4b65448b4d 00000000f49d8fb0
0x00007f4b382fbf98:   00000000c1ec5c88 00000000f472e9d8
0x00007f4b382fbfa8:   00000000f49dd488 00000000c00d4888
0x00007f4b382fbfb8:   00000000f49dd240 00000000c1ec5b90
0x00007f4b382fbfc8:   00000000c020d6d8 00000000f49d8fb0
0x00007f4b382fbfd8:   00007f4b641bd9b4 00000000c0019e90
0x00007f4b382fbfe8:   00000000c0019d20 00000000c1ec5368
0x00007f4b382fbff8:   00000000c1ebd3a8 00000000f49d8fb0
0x00007f4b382fc008:   00007f4b654504cc 00007f4b39e61170
0x00007f4b382fc018:   00000000f472e9d8 00000000c0019ea0
0x00007f4b382fc028:   00000000c1ec5c50 00000000f472e9d8
0x00007f4b382fc038:   00000000f3d8fe18 00000000f49d8fb0
0x00007f4b382fc048:   00007f4b64e04d2c 00000000c0002ee8
0x00007f4b382fc058:   00000000f3d8fe08 00000000f49dd208
0x00007f4b382fc068:   00000000f49dd218 00000000c0002ed8
0x00007f4b382fc078:   00000000c0002ed8 00000000f3d8ff30
0x00007f4b382fc088:   00000000f3d90108 00000000f3d90140
0x00007f4b382fc098:   00000000f49dd1b0 00000000c1ec5368
0x00007f4b382fc0a8:   00000000f472e9d8 ffff000000ffff00
0x00007f4b382fc0b8:   0000000000000000 00000000f49d8fb0
0x00007f4b382fc0c8:   00007f4b64e51ecc 0000000000000000
0x00007f4b382fc0d8:   00007f4b64377e2c 0000000100000000
0x00007f4b382fc0e8:   00000000c1ebd398 00000000f472e990
0x00007f4b382fc0f8:   00007f4b65446ca4 00000000f49d8fb0
0x00007f4b382fc108:   00007f4b641bd9b4 00000000faf4dec8
0x00007f4b382fc118:   0000000100000002 00000000f472e9d8 

Instructions: (pc=0x00007f4b26005060)
0x00007f4b26005040:   
[error occurred during error reporting (printing registers, top of stack, instructions near pc), id 0xb]

Register to memory mapping:

RAX=0x00000001008a4588 is pointing into metadata
RBX=0x00000000000032e0 is an unknown value
RCX=0x00000000c00d4888 is an oop
java.lang.Integer 
 - klass: 'java/lang/Integer'
RDX=0x00000000f472e9d8 is an oop
sbinary.JavaOutput 
 - klass: 'sbinary/JavaOutput'
RSP=0x00007f4b382fbf28 is pointing into the stack for thread: 0x00007f4b2c031000
RBP=0x00000000f49d8fb0 is an oop
scala.collection.immutable.$colon$colon 
 - klass: 'scala/collection/immutable/$colon$colon'
RSI=0x00000000c1cf2950 is an oop
sbinary.StandardPrimitives$IntFormat$ 
 - klass: 'sbinary/StandardPrimitives$IntFormat$'
RDI=0x00000000c1cf2950 is an oop
sbinary.StandardPrimitives$IntFormat$ 
 - klass: 'sbinary/StandardPrimitives$IntFormat$'
R8 =0x0000000000000001 is an unknown value
R9 =0x00000000f49dd418 is an oop
scala.collection.mutable.ListBuffer 
 - klass: 'scala/collection/mutable/ListBuffer'
R10=0x00000001008a4588 is pointing into metadata
R11=0x00000000c01cb190 is an oop
[Ljava.lang.Integer; 
 - klass: 'java/lang/Integer'[]
 - length: 256
R12=0x0000000000000000 is an unknown value
R13=0x00000000f472f270 is an oop
[B 
 - klass: {type array byte}
 - length: 80
R14=0x0000000000000008 is an unknown value
R15=0x00007f4b2c031000 is a thread


Stack: [0x00007f4b381fe000,0x00007f4b382ff000],  sp=0x00007f4b382fbf28,  free space=1015k
Native frames: (J=compiled Java code, j=interpreted, Vv=VM code, C=native code)
C  0x00007f4b26005060


---------------  P R O C E S S  ---------------

Java Threads: ( => current thread )
  0x00007f4b341a4800 JavaThread "Keep-Alive-Timer" daemon [_thread_blocked, id=18926, stack(0x00007f4b382ff000,0x00007f4b38400000)]
=>0x00007f4b2c031000 JavaThread "pool-4-thread-5" [_thread_in_Java, id=18758, stack(0x00007f4b381fe000,0x00007f4b382ff000)]
  0x0000000001e62800 JavaThread "sbt-web-akka.actor.default-dispatcher-5" [_thread_blocked, id=18724, stack(0x00007f4b3873a000,0x00007f4b3883b000)]
  0x00007f4b6d3b8000 JavaThread "sbt-web-scheduler-1" [_thread_blocked, id=18720, stack(0x00007f4b39f0f000,0x00007f4b3a010000)]
  0x00007f4b6c141000 JavaThread "Service Thread" daemon [_thread_blocked, id=18682, stack(0x00007f4b588ff000,0x00007f4b58a00000)]
  0x00007f4b6c13b800 JavaThread "C1 CompilerThread1" daemon [_thread_blocked, id=18681, stack(0x00007f4b58a00000,0x00007f4b58b01000)]
  0x00007f4b6c138800 JavaThread "C2 CompilerThread0" daemon [_thread_blocked, id=18680, stack(0x00007f4b58b01000,0x00007f4b58c02000)]
  0x00007f4b6c136800 JavaThread "Signal Dispatcher" daemon [_thread_blocked, id=18679, stack(0x00007f4b58c02000,0x00007f4b58d03000)]
  0x00007f4b6c101800 JavaThread "Finalizer" daemon [_thread_blocked, id=18678, stack(0x00007f4b58ff8000,0x00007f4b590f9000)]
  0x00007f4b6c0ff800 JavaThread "Reference Handler" daemon [_thread_blocked, id=18677, stack(0x00007f4b590f9000,0x00007f4b591fa000)]
  0x00007f4b6c009800 JavaThread "main" [_thread_blocked, id=18673, stack(0x00007f4b7459f000,0x00007f4b746a0000)]

Other Threads:
  0x00007f4b6c0fa000 VMThread [stack: 0x00007f4b591fa000,0x00007f4b592fb000] [id=18676]
  0x00007f4b6c143000 WatcherThread [stack: 0x00007f4b587fe000,0x00007f4b588ff000] [id=18683]

VM state:not at safepoint (normal execution)

VM Mutex/Monitor currently owned by a thread: None

Heap:
 PSYoungGen      total 288768K, used 208365K [0x00000000eab00000, 0x0000000100000000, 0x0000000100000000)
  eden space 228864K, 71% used [0x00000000eab00000,0x00000000f4b9d5c0,0x00000000f8a80000)
  from space 59904K, 73% used [0x00000000f8a80000,0x00000000fb55e1b8,0x00000000fc500000)
  to   space 60416K, 0% used [0x00000000fc500000,0x00000000fc500000,0x0000000100000000)
 ParOldGen       total 699392K, used 62664K [0x00000000c0000000, 0x00000000eab00000, 0x00000000eab00000)
  object space 699392K, 8% used [0x00000000c0000000,0x00000000c3d323d0,0x00000000eab00000)
 Metaspace       used 73074K, capacity 73560K, committed 73688K, reserved 1110016K
  class space    used 12603K, capacity 12784K, committed 12800K, reserved 1048576K

Card table byte_map: [0x00007f4b70c3f000,0x00007f4b70e40000] byte_map_base: 0x00007f4b7063f000

Marking Bits: (ParMarkBitMap*) 0x00007f4b73881000
 Begin Bits: [0x00007f4b5a000000, 0x00007f4b5b000000)
 End Bits:   [0x00007f4b5b000000, 0x00007f4b5c000000)

Polling page: 0x00007f4b746d1000

CodeCache: size=131072Kb used=36272Kb max_used=36380Kb free=94799Kb
 bounds [0x00007f4b64000000, 0x00007f4b663e0000, 0x00007f4b6c000000]
 total_blobs=12722 nmethods=12212 adapters=420
 compilation: enabled

Compilation events (10 events):
Event: 358.356 Thread 0x00007f4b6c138800 nmethod 14984 0x00007f4b64ffd8d0 code [0x00007f4b64ffda20, 0x00007f4b64ffda98]
Event: 358.356 Thread 0x00007f4b6c13b800 15031       3       sbinary.JavaUTF$StringFormat$::writes (10 bytes)
Event: 358.356 Thread 0x00007f4b6c13b800 nmethod 15031 0x00007f4b64d64cd0 code [0x00007f4b64d64e40, 0x00007f4b64d650c8]
Event: 358.356 Thread 0x00007f4b6c13b800 15032       3       sbinary.StandardPrimitives$IntFormat$::writes (60 bytes)
Event: 358.356 Thread 0x00007f4b6c13b800 nmethod 15032 0x00007f4b65f09890 code [0x00007f4b65f09a80, 0x00007f4b65f0a1b8]
Event: 358.356 Thread 0x00007f4b6c13b800 15034       3       sbinary.StandardPrimitives$BooleanFormat$::writes (10 bytes)
Event: 358.356 Thread 0x00007f4b6c13b800 nmethod 15034 0x00007f4b653e8b90 code [0x00007f4b653e8d40, 0x00007f4b653e9308]
Event: 358.357 Thread 0x00007f4b6c13b800 15033       3       sbinary.StandardPrimitives$IntFormat$::writes (10 bytes)
Event: 358.357 Thread 0x00007f4b6c13b800 nmethod 15033 0x00007f4b64d64610 code [0x00007f4b64d647a0, 0x00007f4b64d64b68]
Event: 358.357 Thread 0x00007f4b6c13b800 15035       3       sbinary.BasicTypes$$anon$3::writes (10 bytes)

GC Heap History (10 events):
Event: 189.808 GC heap before
{Heap before GC invocations=12 (full 3):
 PSYoungGen      total 287744K, used 254448K [0x00000000eab00000, 0x0000000100000000, 0x0000000100000000)
  eden space 223744K, 100% used [0x00000000eab00000,0x00000000f8580000,0x00000000f8580000)
  from space 64000K, 47% used [0x00000000fc180000,0x00000000fdf7c2f0,0x0000000100000000)
  to   space 61440K, 0% used [0x00000000f8580000,0x00000000f8580000,0x00000000fc180000)
 ParOldGen       total 699392K, used 62640K [0x00000000c0000000, 0x00000000eab00000, 0x00000000eab00000)
  object space 699392K, 8% used [0x00000000c0000000,0x00000000c3d2c3d0,0x00000000eab00000)
 Metaspace       used 72351K, capacity 72870K, committed 73176K, reserved 1110016K
  class space    used 12597K, capacity 12749K, committed 12800K, reserved 1048576K
Event: 189.909 GC heap after
Heap after GC invocations=12 (full 3):
 PSYoungGen      total 285184K, used 38685K [0x00000000eab00000, 0x0000000100000000, 0x0000000100000000)
  eden space 223744K, 0% used [0x00000000eab00000,0x00000000eab00000,0x00000000f8580000)
  from space 61440K, 62% used [0x00000000f8580000,0x00000000fab475b8,0x00000000fc180000)
  to   space 59904K, 0% used [0x00000000fc580000,0x00000000fc580000,0x0000000100000000)
 ParOldGen       total 699392K, used 62648K [0x00000000c0000000, 0x00000000eab00000, 0x00000000eab00000)
  object space 699392K, 8% used [0x00000000c0000000,0x00000000c3d2e3d0,0x00000000eab00000)
 Metaspace       used 72351K, capacity 72870K, committed 73176K, reserved 1110016K
  class space    used 12597K, capacity 12749K, committed 12800K, reserved 1048576K
}
Event: 305.976 GC heap before
{Heap before GC invocations=13 (full 3):
 PSYoungGen      total 285184K, used 262429K [0x00000000eab00000, 0x0000000100000000, 0x0000000100000000)
  eden space 223744K, 100% used [0x00000000eab00000,0x00000000f8580000,0x00000000f8580000)
  from space 61440K, 62% used [0x00000000f8580000,0x00000000fab475b8,0x00000000fc180000)
  to   space 59904K, 0% used [0x00000000fc580000,0x00000000fc580000,0x0000000100000000)
 ParOldGen       total 699392K, used 62648K [0x00000000c0000000, 0x00000000eab00000, 0x00000000eab00000)
  object space 699392K, 8% used [0x00000000c0000000,0x00000000c3d2e3d0,0x00000000eab00000)
 Metaspace       used 72832K, capacity 73368K, committed 73432K, reserved 1110016K
  class space    used 12603K, capacity 12784K, committed 12800K, reserved 1048576K
Event: 306.073 GC heap after
Heap after GC invocations=13 (full 3):
 PSYoungGen      total 287232K, used 43911K [0x00000000eab00000, 0x0000000100000000, 0x0000000100000000)
  eden space 227328K, 0% used [0x00000000eab00000,0x00000000eab00000,0x00000000f8900000)
  from space 59904K, 73% used [0x00000000fc580000,0x00000000ff061dd8,0x0000000100000000)
  to   space 60928K, 0% used [0x00000000f8900000,0x00000000f8900000,0x00000000fc480000)
 ParOldGen       total 699392K, used 62656K [0x00000000c0000000, 0x00000000eab00000, 0x00000000eab00000)
  object space 699392K, 8% used [0x00000000c0000000,0x00000000c3d303d0,0x00000000eab00000)
 Metaspace       used 72832K, capacity 73368K, committed 73432K, reserved 1110016K
  class space    used 12603K, capacity 12784K, committed 12800K, reserved 1048576K
}
Event: 308.783 GC heap before
{Heap before GC invocations=14 (full 3):
 PSYoungGen      total 287232K, used 271239K [0x00000000eab00000, 0x0000000100000000, 0x0000000100000000)
  eden space 227328K, 100% used [0x00000000eab00000,0x00000000f8900000,0x00000000f8900000)
  from space 59904K, 73% used [0x00000000fc580000,0x00000000ff061dd8,0x0000000100000000)
  to   space 60928K, 0% used [0x00000000f8900000,0x00000000f8900000,0x00000000fc480000)
 ParOldGen       total 699392K, used 62656K [0x00000000c0000000, 0x00000000eab00000, 0x00000000eab00000)
  object space 699392K, 8% used [0x00000000c0000000,0x00000000c3d303d0,0x00000000eab00000)
 Metaspace       used 72948K, capacity 73496K, committed 73688K, reserved 1110016K
  class space    used 12603K, capacity 12784K, committed 12800K, reserved 1048576K
Event: 308.926 GC heap after
Heap after GC invocations=14 (full 3):
 PSYoungGen      total 288256K, used 40533K [0x00000000eab00000, 0x0000000100000000, 0x0000000100000000)
  eden space 227328K, 0% used [0x00000000eab00000,0x00000000eab00000,0x00000000f8900000)
  from space 60928K, 66% used [0x00000000f8900000,0x00000000fb095768,0x00000000fc480000)
  to   space 60416K, 0% used [0x00000000fc500000,0x00000000fc500000,0x0000000100000000)
 ParOldGen       total 699392K, used 62664K [0x00000000c0000000, 0x00000000eab00000, 0x00000000eab00000)
  object space 699392K, 8% used [0x00000000c0000000,0x00000000c3d323d0,0x00000000eab00000)
 Metaspace       used 72948K, capacity 73496K, committed 73688K, reserved 1110016K
  class space    used 12603K, capacity 12784K, committed 12800K, reserved 1048576K
}
Event: 310.211 GC heap before
{Heap before GC invocations=15 (full 3):
 PSYoungGen      total 288256K, used 267861K [0x00000000eab00000, 0x0000000100000000, 0x0000000100000000)
  eden space 227328K, 100% used [0x00000000eab00000,0x00000000f8900000,0x00000000f8900000)
  from space 60928K, 66% used [0x00000000f8900000,0x00000000fb095768,0x00000000fc480000)
  to   space 60416K, 0% used [0x00000000fc500000,0x00000000fc500000,0x0000000100000000)
 ParOldGen       total 699392K, used 62664K [0x00000000c0000000, 0x00000000eab00000, 0x00000000eab00000)
  object space 699392K, 8% used [0x00000000c0000000,0x00000000c3d323d0,0x00000000eab00000)
 Metaspace       used 72950K, capacity 73496K, committed 73688K, reserved 1110016K
  class space    used 12603K, capacity 12784K, committed 12800K, reserved 1048576K
Event: 310.387 GC heap after
Heap after GC invocations=15 (full 3):
 PSYoungGen      total 289280K, used 41446K [0x00000000eab00000, 0x0000000100000000, 0x0000000100000000)
  eden space 228864K, 0% used [0x00000000eab00000,0x00000000eab00000,0x00000000f8a80000)
  from space 60416K, 68% used [0x00000000fc500000,0x00000000fed79800,0x0000000100000000)
  to   space 59904K, 0% used [0x00000000f8a80000,0x00000000f8a80000,0x00000000fc500000)
 ParOldGen       total 699392K, used 62664K [0x00000000c0000000, 0x00000000eab00000, 0x00000000eab00000)
  object space 699392K, 8% used [0x00000000c0000000,0x00000000c3d323d0,0x00000000eab00000)
 Metaspace       used 72950K, capacity 73496K, committed 73688K, reserved 1110016K
  class space    used 12603K, capacity 12784K, committed 12800K, reserved 1048576K
}
Event: 330.779 GC heap before
{Heap before GC invocations=16 (full 3):
 PSYoungGen      total 289280K, used 270310K [0x00000000eab00000, 0x0000000100000000, 0x0000000100000000)
  eden space 228864K, 100% used [0x00000000eab00000,0x00000000f8a80000,0x00000000f8a80000)
  from space 60416K, 68% used [0x00000000fc500000,0x00000000fed79800,0x0000000100000000)
  to   space 59904K, 0% used [0x00000000f8a80000,0x00000000f8a80000,0x00000000fc500000)
 ParOldGen       total 699392K, used 62664K [0x00000000c0000000, 0x00000000eab00000, 0x00000000eab00000)
  object space 699392K, 8% used [0x00000000c0000000,0x00000000c3d323d0,0x00000000eab00000)
 Metaspace       used 73015K, capacity 73560K, committed 73688K, reserved 1110016K
  class space    used 12603K, capacity 12784K, committed 12800K, reserved 1048576K
Event: 330.892 GC heap after
Heap after GC invocations=16 (full 3):
 PSYoungGen      total 288768K, used 43896K [0x00000000eab00000, 0x0000000100000000, 0x0000000100000000)
  eden space 228864K, 0% used [0x00000000eab00000,0x00000000eab00000,0x00000000f8a80000)
  from space 59904K, 73% used [0x00000000f8a80000,0x00000000fb55e1b8,0x00000000fc500000)
  to   space 60416K, 0% used [0x00000000fc500000,0x00000000fc500000,0x0000000100000000)
 ParOldGen       total 699392K, used 62664K [0x00000000c0000000, 0x00000000eab00000, 0x00000000eab00000)
  object space 699392K, 8% used [0x00000000c0000000,0x00000000c3d323d0,0x00000000eab00000)
 Metaspace       used 73015K, capacity 73560K, committed 73688K, reserved 1110016K
  class space    used 12603K, capacity 12784K, committed 12800K, reserved 1048576K
}

Deoptimization events (10 events):
Event: 313.945 Thread 0x00007f4b2c031000 Uncommon trap: reason=unstable_if action=reinterpret pc=0x00007f4b653e0168 method=sun.net.www.ParseUtil.match(CJJ)Z @ 13
Event: 314.554 Thread 0x00007f4b2c031000 Uncommon trap: reason=unstable_if action=reinterpret pc=0x00007f4b653e9000 method=com.sun.crypto.provider.GaloisCounterMode.increment32([B)V @ 39
Event: 314.554 Thread 0x00007f4b2c031000 Uncommon trap: reason=unstable_if action=reinterpret pc=0x00007f4b65f09fb4 method=com.sun.crypto.provider.GaloisCounterMode.increment32([B)V @ 39
Event: 358.329 Thread 0x00007f4b2c031000 Uncommon trap: reason=unstable_if action=reinterpret pc=0x00007f4b64c3422c method=scala.runtime.BoxesRunTime.equals2(Ljava/lang/Object;Ljava/lang/Object;)Z @ 4
Event: 358.329 Thread 0x00007f4b2c031000 Uncommon trap: reason=bimorphic action=maybe_recompile pc=0x00007f4b6623b310 method=java.util.regex.Pattern$Curly.match(Ljava/util/regex/Matcher;ILjava/lang/CharSequence;)Z @ 19
Event: 358.329 Thread 0x00007f4b2c031000 Uncommon trap: reason=class_check action=maybe_recompile pc=0x00007f4b6493b680 method=scala.collection.immutable.Range.<init>(III)V @ 74
Event: 358.329 Thread 0x00007f4b2c031000 Uncommon trap: reason=bimorphic action=maybe_recompile pc=0x00007f4b6623b310 method=java.util.regex.Pattern$Curly.match(Ljava/util/regex/Matcher;ILjava/lang/CharSequence;)Z @ 19
Event: 358.329 Thread 0x00007f4b2c031000 Uncommon trap: reason=class_check action=maybe_recompile pc=0x00007f4b6493b680 method=scala.collection.immutable.Range.<init>(III)V @ 74
Event: 358.330 Thread 0x00007f4b2c031000 Uncommon trap: reason=bimorphic action=maybe_recompile pc=0x00007f4b6623b310 method=java.util.regex.Pattern$Curly.match(Ljava/util/regex/Matcher;ILjava/lang/CharSequence;)Z @ 19
Event: 358.330 Thread 0x00007f4b2c031000 Uncommon trap: reason=class_check action=maybe_recompile pc=0x00007f4b6493b680 method=scala.collection.immutable.Range.<init>(III)V @ 74

Internal exceptions (10 events):
Event: 355.908 Thread 0x00007f4b2c031000 Implicit null exception at 0x00007f4b65cc63ac to 0x00007f4b65cc6b27
Event: 355.908 Thread 0x00007f4b2c031000 Exception <a 'java/lang/NullPointerException'> (0x00000000f048e8d8) thrown at [/build/openjdk-8-aAuh2m/openjdk-8-8u66-b17/src/hotspot/src/share/vm/runtime/sharedRuntime.cpp, line 605]
Event: 355.998 Thread 0x00007f4b2c031000 Implicit null exception at 0x00007f4b65cc63ac to 0x00007f4b65cc6b27
Event: 355.998 Thread 0x00007f4b2c031000 Exception <a 'java/lang/NullPointerException'> (0x00000000f04a81c8) thrown at [/build/openjdk-8-aAuh2m/openjdk-8-8u66-b17/src/hotspot/src/share/vm/runtime/sharedRuntime.cpp, line 605]
Event: 357.755 Thread 0x00007f4b2c031000 Implicit null exception at 0x00007f4b65cc63ac to 0x00007f4b65cc6b27
Event: 357.755 Thread 0x00007f4b2c031000 Exception <a 'java/lang/NullPointerException'> (0x00000000f09ac100) thrown at [/build/openjdk-8-aAuh2m/openjdk-8-8u66-b17/src/hotspot/src/share/vm/runtime/sharedRuntime.cpp, line 605]
Event: 357.843 Thread 0x00007f4b2c031000 Implicit null exception at 0x00007f4b65cc63ac to 0x00007f4b65cc6b27
Event: 357.844 Thread 0x00007f4b2c031000 Exception <a 'java/lang/NullPointerException'> (0x00000000f09b6e98) thrown at [/build/openjdk-8-aAuh2m/openjdk-8-8u66-b17/src/hotspot/src/share/vm/runtime/sharedRuntime.cpp, line 605]
Event: 357.931 Thread 0x00007f4b2c031000 Implicit null exception at 0x00007f4b65cc63ac to 0x00007f4b65cc6b27
Event: 357.931 Thread 0x00007f4b2c031000 Exception <a 'java/lang/NullPointerException'> (0x00000000f09d0df8) thrown at [/build/openjdk-8-aAuh2m/openjdk-8-8u66-b17/src/hotspot/src/share/vm/runtime/sharedRuntime.cpp, line 605]

Events (10 events):
Event: 358.329 Thread 0x00007f4b2c031000 DEOPT UNPACKING pc=0x00007f4b64004f69 sp=0x00007f4b382fbf48 mode 2
Event: 358.329 Thread 0x00007f4b2c031000 Uncommon trap: trap_request=0xffffffde fr.pc=0x00007f4b6493b680
Event: 358.329 Thread 0x00007f4b2c031000 DEOPT PACKING pc=0x00007f4b6493b680 sp=0x00007f4b382fc020
Event: 358.329 Thread 0x00007f4b2c031000 DEOPT UNPACKING pc=0x00007f4b64004f69 sp=0x00007f4b382fbfd0 mode 2
Event: 358.330 Thread 0x00007f4b2c031000 Uncommon trap: trap_request=0xffffffc6 fr.pc=0x00007f4b6623b310
Event: 358.330 Thread 0x00007f4b2c031000 DEOPT PACKING pc=0x00007f4b6623b310 sp=0x00007f4b382fbf70
Event: 358.330 Thread 0x00007f4b2c031000 DEOPT UNPACKING pc=0x00007f4b64004f69 sp=0x00007f4b382fbf48 mode 2
Event: 358.330 Thread 0x00007f4b2c031000 Uncommon trap: trap_request=0xffffffde fr.pc=0x00007f4b6493b680
Event: 358.330 Thread 0x00007f4b2c031000 DEOPT PACKING pc=0x00007f4b6493b680 sp=0x00007f4b382fc020
Event: 358.330 Thread 0x00007f4b2c031000 DEOPT UNPACKING pc=0x00007f4b64004f69 sp=0x00007f4b382fbfd0 mode 2


Dynamic libraries:
00400000-00401000 r-xp 00000000 08:05 1965720                            /usr/lib/jvm/java-8-openjdk-amd64/jre/bin/java
00600000-00601000 r--p 00000000 08:05 1965720                            /usr/lib/jvm/java-8-openjdk-amd64/jre/bin/java
00601000-00602000 rw-p 00001000 08:05 1965720                            /usr/lib/jvm/java-8-openjdk-amd64/jre/bin/java
01dcf000-01e7c000 rw-p 00000000 00:00 0                                  [heap]
c0000000-100c80000 rw-p 00000000 00:00 0 
100c80000-140000000 ---p 00000000 00:00 0 
7f4b20000000-7f4b20062000 rw-p 00000000 00:00 0 
7f4b20062000-7f4b24000000 ---p 00000000 00:00 0 
7f4b273ae000-7f4b2752e000 rw-p 00000000 00:00 0 
7f4b2752e000-7f4b275ae000 ---p 00000000 00:00 0 
7f4b275ae000-7f4b275c5000 r-xp 00000000 08:05 788769                     /lib/x86_64-linux-gnu/libresolv-2.21.so
7f4b275c5000-7f4b277c5000 ---p 00017000 08:05 788769                     /lib/x86_64-linux-gnu/libresolv-2.21.so
7f4b277c5000-7f4b277c7000 r--p 00017000 08:05 788769                     /lib/x86_64-linux-gnu/libresolv-2.21.so
7f4b277c7000-7f4b277c8000 rw-p 00019000 08:05 788769                     /lib/x86_64-linux-gnu/libresolv-2.21.so
7f4b277c8000-7f4b277ca000 rw-p 00000000 00:00 0 
7f4b277ca000-7f4b277cf000 r-xp 00000000 08:05 788779                     /lib/x86_64-linux-gnu/libnss_dns-2.21.so
7f4b277cf000-7f4b279ce000 ---p 00005000 08:05 788779                     /lib/x86_64-linux-gnu/libnss_dns-2.21.so
7f4b279ce000-7f4b279cf000 r--p 00004000 08:05 788779                     /lib/x86_64-linux-gnu/libnss_dns-2.21.so
7f4b279cf000-7f4b279d0000 rw-p 00005000 08:05 788779                     /lib/x86_64-linux-gnu/libnss_dns-2.21.so
7f4b279d0000-7f4b279d2000 r-xp 00000000 08:05 789103                     /lib/x86_64-linux-gnu/libnss_mdns4_minimal.so.2
7f4b279d2000-7f4b27bd1000 ---p 00002000 08:05 789103                     /lib/x86_64-linux-gnu/libnss_mdns4_minimal.so.2
7f4b27bd1000-7f4b27bd2000 r--p 00001000 08:05 789103                     /lib/x86_64-linux-gnu/libnss_mdns4_minimal.so.2
7f4b27bd2000-7f4b27bd3000 rw-p 00002000 08:05 789103                     /lib/x86_64-linux-gnu/libnss_mdns4_minimal.so.2
7f4b27bd3000-7f4b27dd3000 rw-p 00000000 00:00 0 
7f4b27dd3000-7f4b27dfb000 r-xp 00000000 08:05 1972113                    /usr/lib/jvm/java-8-openjdk-amd64/jre/lib/amd64/libsunec.so
7f4b27dfb000-7f4b27ffa000 ---p 00028000 08:05 1972113                    /usr/lib/jvm/java-8-openjdk-amd64/jre/lib/amd64/libsunec.so
7f4b27ffa000-7f4b27ffe000 r--p 00027000 08:05 1972113                    /usr/lib/jvm/java-8-openjdk-amd64/jre/lib/amd64/libsunec.so
7f4b27ffe000-7f4b27fff000 rw-p 0002b000 08:05 1972113                    /usr/lib/jvm/java-8-openjdk-amd64/jre/lib/amd64/libsunec.so
7f4b27fff000-7f4b28000000 rw-p 00000000 00:00 0 
7f4b28000000-7f4b286e6000 rw-p 00000000 00:00 0 
7f4b286e6000-7f4b2c000000 ---p 00000000 00:00 0 
7f4b2c000000-7f4b2c04e000 rw-p 00000000 00:00 0 
7f4b2c04e000-7f4b30000000 ---p 00000000 00:00 0 
7f4b30000000-7f4b30021000 rw-p 00000000 00:00 0 
7f4b30021000-7f4b34000000 ---p 00000000 00:00 0 
7f4b34000000-7f4b344e2000 rw-p 00000000 00:00 0 
7f4b344e2000-7f4b38000000 ---p 00000000 00:00 0 
7f4b380fa000-7f4b380fd000 ---p 00000000 00:00 0 
7f4b380fd000-7f4b381fb000 rw-p 00000000 00:00 0 
7f4b381fb000-7f4b381fe000 r--s 00015000 08:05 1966208                    /usr/lib/jvm/java-8-openjdk-amd64/jre/lib/jce.jar
7f4b381fe000-7f4b38201000 ---p 00000000 00:00 0 
7f4b38201000-7f4b382ff000 rw-p 00000000 00:00 0                          [stack:18758]
7f4b382ff000-7f4b38302000 ---p 00000000 00:00 0 
7f4b38302000-7f4b38400000 rw-p 00000000 00:00 0                          [stack:18926]
7f4b38400000-7f4b38403000 ---p 00000000 00:00 0 
7f4b38403000-7f4b38639000 rw-p 00000000 00:00 0 
7f4b38639000-7f4b3863c000 ---p 00000000 00:00 0 
7f4b3863c000-7f4b3873a000 rw-p 00000000 00:00 0 
7f4b3873a000-7f4b3873d000 ---p 00000000 00:00 0 
7f4b3873d000-7f4b38a3b000 rw-p 00000000 00:00 0                          [stack:18724]
7f4b38a3b000-7f4b38c3b000 rw-p 00000000 00:00 0 
7f4b38c3b000-7f4b38e3b000 rw-p 00000000 00:00 0 
7f4b38e3b000-7f4b39031000 rw-p 00000000 00:00 0 
7f4b39031000-7f4b3903b000 ---p 00000000 00:00 0 
7f4b3903b000-7f4b3905c000 r--s 001a5000 08:05 1049559                    /home/stan/.ivy2/cache/org.scalariform/scalariform_2.10/jars/scalariform_2.10-0.1.4.jar
7f4b3905c000-7f4b3905e000 r--s 00006000 08:05 1310091                    /home/stan/.ivy2/cache/scala_2.10/sbt_0.13/com.typesafe.sbt/sbt-scalariform/jars/sbt-scalariform-1.3.0.jar
7f4b3905e000-7f4b390ae000 r--s 0028c000 08:05 1440631                    /home/stan/.ivy2/cache/org.webjars/npm/jars/npm-2.11.2.jar
7f4b390ae000-7f4b390af000 r--s 00001000 08:05 1440531                    /home/stan/.ivy2/cache/com.typesafe/npm_2.10/jars/npm_2.10-1.1.1.jar
7f4b390af000-7f4b390b0000 r--s 00007000 08:05 1440630                    /home/stan/.ivy2/cache/org.slf4j/slf4j-api/jars/slf4j-api-1.7.12.jar
7f4b390b0000-7f4b390b1000 r--s 00002000 08:05 1440551                    /home/stan/.ivy2/cache/org.slf4j/slf4j-simple/jars/slf4j-simple-1.7.12.jar
7f4b390b1000-7f4b390b5000 r--s 00043000 08:05 1440547                    /home/stan/.ivy2/cache/io.spray/spray-json_2.10/bundles/spray-json_2.10-1.3.2.jar
7f4b390b5000-7f4b390b9000 r--s 000ac000 08:05 1440546                    /home/stan/.ivy2/cache/io.apigee.trireme/trireme-node10src/jars/trireme-node10src-0.8.5.jar
7f4b390b9000-7f4b390c6000 r--s 0010f000 08:05 674734                     /home/stan/.ivy2/cache/io.apigee/rhino/jars/rhino-1.7R5pre4.jar
7f4b390c6000-7f4b390ce000 r--s 00060000 08:05 1440541                    /home/stan/.ivy2/cache/io.apigee.trireme/trireme-core/jars/trireme-core-0.8.5.jar
7f4b390ce000-7f4b390cf000 r--s 0001e000 08:05 1443107                    /home/stan/.ivy2/cache/org.fusesource.leveldbjni/leveldbjni-win64/jars/leveldbjni-win64-1.5.jar
7f4b390cf000-7f4b390d0000 r--s 0001b000 08:05 1443105                    /home/stan/.ivy2/cache/org.fusesource.leveldbjni/leveldbjni-win32/jars/leveldbjni-win32-1.5.jar
7f4b390d0000-7f4b390d1000 r--s 00044000 08:05 1443101                    /home/stan/.ivy2/cache/org.fusesource.leveldbjni/leveldbjni-linux64/jars/leveldbjni-linux64-1.5.jar
7f4b390d1000-7f4b390d2000 r--s 00044000 08:05 1443099                    /home/stan/.ivy2/cache/org.fusesource.leveldbjni/leveldbjni-linux32/jars/leveldbjni-linux32-1.5.jar
7f4b390d2000-7f4b390d3000 r--s 00028000 08:05 1443095                    /home/stan/.ivy2/cache/org.fusesource.leveldbjni/leveldbjni-osx/jars/leveldbjni-osx-1.5.jar
7f4b390d3000-7f4b390d4000 r--s 00004000 08:05 1443109                    /home/stan/.ivy2/cache/org.fusesource.hawtjni/hawtjni-runtime/jars/hawtjni-runtime-1.8.jar
7f4b390d4000-7f4b390d6000 r--s 0000c000 08:05 1443092                    /home/stan/.ivy2/cache/org.fusesource.leveldbjni/leveldbjni/jars/leveldbjni-1.7.jar
7f4b390d6000-7f4b390d9000 r--s 000fa000 08:05 1443088                    /home/stan/.ivy2/cache/org.fusesource.leveldbjni/leveldbjni-all/bundles/leveldbjni-all-1.7.jar
7f4b390d9000-7f4b390db000 r--s 00001000 08:05 1443090                    /home/stan/.ivy2/cache/org.iq80.leveldb/leveldb-api/jars/leveldb-api-0.5.jar
7f4b390db000-7f4b390df000 r--s 00034000 08:05 1443086                    /home/stan/.ivy2/cache/org.iq80.leveldb/leveldb/jars/leveldb-0.5.jar
7f4b390df000-7f4b390ed000 r--s 000bf000 08:05 1440588                    /home/stan/.ivy2/cache/com.typesafe.akka/akka-persistence-experimental_2.10/jars/akka-persistence-experimental_2.10-2.3.11.jar
7f4b390ed000-7f4b390fd000 r--s 000f7000 08:05 1440581                    /home/stan/.ivy2/cache/com.typesafe.akka/akka-cluster_2.10/jars/akka-cluster_2.10-2.3.11.jar
7f4b390fd000-7f4b390ff000 r--s 0000a000 08:05 1443084                    /home/stan/.ivy2/cache/org.uncommons.maths/uncommons-maths/jars/uncommons-maths-1.2.2a.jar
7f4b390ff000-7f4b39107000 r--s 0007b000 08:05 1443082                    /home/stan/.ivy2/cache/com.google.protobuf/protobuf-java/bundles/protobuf-java-2.5.0.jar
7f4b39107000-7f4b3911f000 r--s 00115000 08:05 1443080                    /home/stan/.ivy2/cache/io.netty/netty/bundles/netty-3.8.0.Final.jar
7f4b3911f000-7f4b39135000 r--s 00135000 08:05 1310168                    /home/stan/.ivy2/cache/com.typesafe.akka/akka-remote_2.10/jars/akka-remote_2.10-2.3.11.jar
7f4b39135000-7f4b39144000 r--s 000bf000 08:05 1310165                    /home/stan/.ivy2/cache/com.typesafe.akka/akka-contrib_2.10/jars/akka-contrib_2.10-2.3.11.jar
7f4b39144000-7f4b3916a000 r--s 00263000 08:05 1310164                    /home/stan/.ivy2/cache/com.typesafe.akka/akka-actor_2.10/jars/akka-actor_2.10-2.3.11.jar
7f4b3916a000-7f4b3916e000 r--s 00022000 08:05 1310131                    /home/stan/.ivy2/cache/com.typesafe/jse_2.10/jars/jse_2.10-1.1.2.jar
7f4b3916e000-7f4b39172000 r--s 00020000 08:05 1310122                    /home/stan/.ivy2/cache/scala_2.10/sbt_0.13/com.typesafe.sbt/sbt-js-engine/jars/sbt-js-engine-1.1.3.jar
7f4b39172000-7f4b39175000 r--s 0002e000 08:05 1443125                    /home/stan/.ivy2/cache/com.fasterxml.jackson.core/jackson-core/bundles/jackson-core-2.3.3.jar
7f4b39175000-7f4b39177000 r--s 00007000 08:05 1443123                    /home/stan/.ivy2/cache/com.fasterxml.jackson.core/jackson-annotations/bundles/jackson-annotations-2.3.0.jar
7f4b39177000-7f4b39188000 r--s 000cf000 08:05 1443121                    /home/stan/.ivy2/cache/com.fasterxml.jackson.core/jackson-databind/bundles/jackson-databind-2.3.3.jar
7f4b39188000-7f4b3918f000 r--s 00056000 08:05 1310171                    /home/stan/.ivy2/cache/org.apache.commons/commons-compress/jars/commons-compress-1.9.jar
7f4b3918f000-7f4b39190000 r--s 00006000 08:05 1442530                    /home/stan/.ivy2/cache/org.webjars/webjars-locator-core/jars/webjars-locator-core-0.26.jar
7f4b39190000-7f4b39192000 r--s 00002000 08:05 1442529                    /home/stan/.ivy2/cache/org.webjars/webjars-locator/jars/webjars-locator-0.26.jar
7f4b39192000-7f4b3919a000 r--s 0003e000 08:05 1442528                    /home/stan/.ivy2/cache/scala_2.10/sbt_0.13/com.typesafe.sbt/sbt-web/jars/sbt-web-1.2.2.jar
7f4b3919a000-7f4b391da000 r--s 00277000 08:05 1711557                    /home/stan/.ivy2/cache/org.bouncycastle/bcprov-jdk15on/jars/bcprov-jdk15on-1.51.jar
7f4b391da000-7f4b391e1000 r--s 00038000 08:05 1722174                    /home/stan/.ivy2/cache/org.bouncycastle/bcpg-jdk15on/jars/bcpg-jdk15on-1.51.jar
7f4b391e1000-7f4b391e2000 r--s 00004000 08:05 539299                     /home/stan/.ivy2/cache/org.apache.ant/ant-launcher/jars/ant-launcher-1.9.3.jar
7f4b391e2000-7f4b39201000 r--s 001cc000 08:05 539080                     /home/stan/.ivy2/cache/org.apache.ant/ant/jars/ant-1.9.3.jar
7f4b39201000-7f4b39205000 r--s 00020000 08:05 539284                     /home/stan/.ivy2/cache/org.eclipse.aether/aether-impl/jars/aether-impl-0.9.0.M2.jar
7f4b39205000-7f4b39209000 r--s 0001d000 08:05 539286                     /home/stan/.ivy2/cache/org.eclipse.aether/aether-util/jars/aether-util-0.9.0.M2.jar
7f4b39209000-7f4b3920b000 r--s 00003000 08:05 539298                     /home/stan/.ivy2/cache/org.eclipse.aether/aether-spi/jars/aether-spi-0.9.0.M2.jar
7f4b3920b000-7f4b3920f000 r--s 0001d000 08:05 539285                     /home/stan/.ivy2/cache/org.eclipse.aether/aether-api/jars/aether-api-0.9.0.M2.jar
7f4b3920f000-7f4b39211000 r--s 0000e000 08:05 539283                     /home/stan/.ivy2/cache/org.apache.maven/maven-aether-provider/jars/maven-aether-provider-3.2.2.jar
7f4b39211000-7f4b39216000 r--s 00025000 08:05 539281                     /home/stan/.ivy2/cache/org.apache.maven/maven-model-builder/jars/maven-model-builder-3.2.2.jar
7f4b39216000-7f4b39219000 r--s 0000a000 08:05 539289                     /home/stan/.ivy2/cache/org.codehaus.plexus/plexus-classworlds/bundles/plexus-classworlds-2.5.1.jar
7f4b39219000-7f4b3921f000 r--s 00042000 08:05 539295                     /home/stan/.ivy2/cache/org.eclipse.sisu/org.eclipse.sisu.inject/eclipse-plugins/org.eclipse.sisu.inject-0.0.0.M5.jar
7f4b3921f000-7f4b39221000 r--s 00000000 08:05 539297                     /home/stan/.ivy2/cache/aopalliance/aopalliance/jars/aopalliance-1.0.jar
7f4b39221000-7f4b39229000 r--s 00050000 08:05 539294                     /home/stan/.ivy2/cache/org.sonatype.sisu/sisu-guice/jars/sisu-guice-3.1.3-no_aop.jar
7f4b39229000-7f4b3922a000 r--s 00000000 08:05 1711535                    /home/stan/.ivy2/cache/javax.inject/javax.inject/jars/javax.inject-1.jar
7f4b3922a000-7f4b3922b000 r--s 00001000 08:05 539296                     /home/stan/.ivy2/cache/javax.annotation/jsr250-api/jars/jsr250-api-1.0.jar
7f4b3922b000-7f4b3922e000 r--s 00008000 08:05 539293                     /home/stan/.ivy2/cache/javax.enterprise/cdi-api/jars/cdi-api-1.0.jar
7f4b3922e000-7f4b39234000 r--s 0002a000 08:05 539272                     /home/stan/.ivy2/cache/org.eclipse.sisu/org.eclipse.sisu.plexus/eclipse-plugins/org.eclipse.sisu.plexus-0.0.0.M5.jar
7f4b39234000-7f4b39236000 r--s 0000a000 08:05 539079                     /home/stan/.ivy2/cache/org.apache.maven/maven-plugin-api/jars/maven-plugin-api-3.2.2.jar
7f4b39236000-7f4b39239000 r--s 0000b000 08:05 539280                     /home/stan/.ivy2/cache/org.apache.maven/maven-artifact/jars/maven-artifact-3.2.2.jar
7f4b39239000-7f4b3923b000 r--s 00005000 08:05 539271                     /home/stan/.ivy2/cache/org.apache.maven/maven-repository-metadata/jars/maven-repository-metadata-3.2.2.jar
7f4b3923b000-7f4b3923d000 r--s 00002000 08:05 539292                     /home/stan/.ivy2/cache/org.sonatype.plexus/plexus-cipher/jars/plexus-cipher-1.7.jar
7f4b3923d000-7f4b3923e000 r--s 00006000 08:05 539291                     /home/stan/.ivy2/cache/org.sonatype.plexus/plexus-sec-dispatcher/jars/plexus-sec-dispatcher-1.3.jar
7f4b3923e000-7f4b39240000 r--s 00000000 08:05 539290                     /home/stan/.ivy2/cache/org.codehaus.plexus/plexus-component-annotations/jars/plexus-component-annotations-1.5.5.jar
7f4b39240000-7f4b39243000 r--s 0000d000 08:05 539287                     /home/stan/.ivy2/cache/org.codehaus.plexus/plexus-interpolation/jars/plexus-interpolation-1.19.jar
7f4b39243000-7f4b39245000 r--s 00009000 08:05 539083                     /home/stan/.ivy2/cache/org.apache.maven/maven-settings-builder/jars/maven-settings-builder-3.2.2.jar
7f4b39245000-7f4b39247000 r--s 00009000 08:05 539082                     /home/stan/.ivy2/cache/org.apache.maven/maven-settings/jars/maven-settings-3.2.2.jar
7f4b39247000-7f4b3924b000 r--s 0003a000 08:05 539288                     /home/stan/.ivy2/cache/org.codehaus.plexus/plexus-utils/jars/plexus-utils-3.0.17.jar
7f4b3924b000-7f4b3924e000 r--s 00025000 08:05 539081                     /home/stan/.ivy2/cache/org.apache.maven/maven-model/jars/maven-model-3.2.2.jar
7f4b3924e000-7f4b3925a000 r--s 00081000 08:05 534564                     /home/stan/.ivy2/cache/org.apache.maven/maven-core/jars/maven-core-3.2.2.jar
7f4b3925a000-7f4b39270000 r--s 0010a000 08:05 529580                     /home/stan/.ivy2/cache/org.vafer/jdeb/jars/jdeb-1.3.jar
7f4b39270000-7f4b39289000 r--s 000e7000 08:05 1308212                    /home/stan/.ivy2/cache/scala_2.10/sbt_0.13/com.typesafe.sbt/sbt-native-packager/jars/sbt-native-packager-1.0.1.jar
7f4b39289000-7f4b39291000 r--s 00041000 08:05 1308218                    /home/stan/.ivy2/cache/com.typesafe.play/twirl-parser_2.10/jars/twirl-parser_2.10-1.1.1.jar
7f4b39291000-7f4b39294000 r--s 00019000 08:05 1308217                    /home/stan/.ivy2/cache/com.typesafe.play/twirl-compiler_2.10/jars/twirl-compiler_2.10-1.1.1.jar
7f4b39294000-7f4b39297000 r--s 00011000 08:05 1308211                    /home/stan/.ivy2/cache/scala_2.10/sbt_0.13/com.typesafe.sbt/sbt-twirl/jars/sbt-twirl-1.1.1.jar
7f4b39297000-7f4b39299000 r--s 000a0000 08:05 1308210                    /home/stan/.ivy2/cache/net.contentobjects.jnotify/jnotify/jars/jnotify-0.94-play-1.jar
7f4b39299000-7f4b392a7000 r--s 00191000 08:05 1308209                    /home/stan/.ivy2/cache/com.h2database/h2/jars/h2-1.4.187.jar
7f4b392a7000-7f4b392d2000 r--s 001fc000 08:05 1312277                    /home/stan/.ivy2/cache/com.google.guava/guava/bundles/guava-18.0.jar
7f4b392d2000-7f4b392d7000 r--s 0003f000 08:05 1308208                    /home/stan/.ivy2/cache/com.typesafe/config/bundles/config-1.3.0.jar
7f4b392d7000-7f4b392e0000 r--s 000ae000 08:05 1308213                    /home/stan/.ivy2/cache/org.javassist/javassist/bundles/javassist-3.19.0-GA.jar
7f4b392e0000-7f4b392e2000 r--s 00000000 08:05 1308216                    /home/stan/.ivy2/cache/com.typesafe.play/play-exceptions/jars/play-exceptions-2.4.2.jar
7f4b392e2000-7f4b392e3000 r--s 00000000 08:05 1308215                    /home/stan/.ivy2/cache/com.typesafe.play/build-link/jars/build-link-2.4.2.jar
7f4b392e3000-7f4b392e7000 r--s 00021000 08:05 1308207                    /home/stan/.ivy2/cache/com.typesafe.play/sbt-run-support_2.10/jars/sbt-run-support_2.10-2.4.2.jar
7f4b392e7000-7f4b392eb000 r--s 0002a000 08:05 1309410                    /home/stan/.ivy2/cache/commons-io/commons-io/jars/commons-io-2.4.jar
7f4b392eb000-7f4b392f2000 r--s 00064000 08:05 1312282                    /home/stan/.ivy2/cache/org.apache.commons/commons-lang3/jars/commons-lang3-3.4.jar
7f4b392f2000-7f4b392f4000 r--s 0000d000 08:05 1308214                    /home/stan/.ivy2/cache/com.typesafe.play/twirl-api_2.10/jars/twirl-api_2.10-1.1.1.jar
7f4b392f4000-7f4b39304000 r--s 00083000 08:05 1308206                    /home/stan/.ivy2/cache/com.typesafe.play/routes-compiler_2.10/jars/routes-compiler_2.10-2.4.2.jar
7f4b39304000-7f4b3930d000 r--s 00054000 08:05 1308205                    /home/stan/.ivy2/cache/scala_2.10/sbt_0.13/com.typesafe.play/sbt-plugin/jars/sbt-plugin-2.4.2.jar
7f4b3930d000-7f4b3950d000 rw-p 00000000 00:00 0 
7f4b3950d000-7f4b3970d000 rw-p 00000000 00:00 0 
7f4b3970d000-7f4b3990d000 rw-p 00000000 00:00 0 
7f4b3990d000-7f4b39b0d000 rw-p 00000000 00:00 0 
7f4b39b0d000-7f4b39b10000 ---p 00000000 00:00 0 
7f4b39b10000-7f4b39c0e000 rw-p 00000000 00:00 0 
7f4b39c0e000-7f4b39c11000 ---p 00000000 00:00 0 
7f4b39c11000-7f4b39f0f000 rw-p 00000000 00:00 0 
7f4b39f0f000-7f4b39f12000 ---p 00000000 00:00 0 
7f4b39f12000-7f4b3a010000 rw-p 00000000 00:00 0                          [stack:18720]
7f4b3a010000-7f4b3a013000 ---p 00000000 00:00 0 
7f4b3a013000-7f4b3a311000 rw-p 00000000 00:00 0 
7f4b3a311000-7f4b3a511000 rw-p 00000000 00:00 0 
7f4b3a511000-7f4b3a711000 rw-p 00000000 00:00 0 
7f4b3a711000-7f4b3a911000 rw-p 00000000 00:00 0 
7f4b3a911000-7f4b3ab11000 rw-p 00000000 00:00 0 
7f4b3ab11000-7f4b3ab17000 r--s 002f8000 08:05 1966204                    /usr/lib/jvm/java-8-openjdk-amd64/jre/lib/charsets.jar
7f4b3ab17000-7f4b3ab1a000 r--s 00015000 08:05 1966208                    /usr/lib/jvm/java-8-openjdk-amd64/jre/lib/jce.jar
7f4b3ab1a000-7f4b3ad1a000 rw-p 00000000 00:00 0 
7f4b3ad1a000-7f4b3af1a000 rw-p 00000000 00:00 0 
7f4b3af1a000-7f4b3af2d000 r--s 00346000 08:05 1972150                    /usr/lib/jvm/java-8-openjdk-amd64/jre/lib/resources.jar
7f4b3af2d000-7f4b3b12d000 rw-p 00000000 00:00 0 
7f4b3b12d000-7f4b3b32d000 rw-p 00000000 00:00 0 
7f4b3b32d000-7f4b3b52d000 rw-p 00000000 00:00 0 
7f4b3b52d000-7f4b3b72d000 rw-p 00000000 00:00 0 
7f4b3b72d000-7f4b3b7a6000 r--s 010e9000 08:05 1970299                    /usr/lib/jvm/java-8-openjdk-amd64/lib/tools.jar
7f4b3b7a6000-7f4b3b9a6000 rw-p 00000000 00:00 0 
7f4b3b9a6000-7f4b3bba6000 rw-p 00000000 00:00 0 
7f4b3bba6000-7f4b3bbab000 r--s 00096000 08:05 1972143                    /usr/lib/jvm/java-8-openjdk-amd64/jre/lib/jsse.jar
7f4b3bbab000-7f4b3bbae000 ---p 00000000 00:00 0 
7f4b3bbae000-7f4b3bbe4000 rw-p 00000000 00:00 0 
7f4b3bbe4000-7f4b3bbe6000 r--s 0000b000 08:05 799873                     /home/stan/.sbt/boot/scala-2.10.4/org.scala-sbt/sbt/0.13.8/xsbti/interface-0.13.8.jar
7f4b3bbe6000-7f4b3bbe9000 r--s 00013000 08:05 556506                     /home/stan/.sbt/boot/scala-2.10.4/org.scala-sbt/sbt/0.13.8/classpath-0.13.8.jar
7f4b3bbe9000-7f4b3bde9000 rw-p 00000000 00:00 0 
7f4b3bde9000-7f4b3bdf1000 r--s 00060000 08:05 556509                     /home/stan/.sbt/boot/scala-2.10.4/org.scala-sbt/sbt/0.13.8/collections-0.13.8.jar
7f4b3bdf1000-7f4b3bdf4000 r--s 00018000 08:05 556495                     /home/stan/.sbt/boot/scala-2.10.4/org.scala-sbt/sbt/0.13.8/logging-0.13.8.jar
7f4b3bdf4000-7f4b3bdf6000 r--s 00002000 08:05 556510                     /home/stan/.sbt/boot/scala-2.10.4/org.scala-sbt/sbt/0.13.8/control-0.13.8.jar
7f4b3bdf6000-7f4b3bdf8000 r--s 00006000 08:05 556517                     /home/stan/.sbt/boot/scala-2.10.4/org.scala-sbt/sbt/0.13.8/relation-0.13.8.jar
7f4b3bdf8000-7f4b3be02000 r--s 00085000 08:05 556511                     /home/stan/.sbt/boot/scala-2.10.4/org.scala-sbt/sbt/0.13.8/json4s-core_2.10-3.2.10.jar
7f4b3be02000-7f4b3be06000 r--s 00022000 08:05 556515                     /home/stan/.sbt/boot/scala-2.10.4/org.scala-sbt/sbt/0.13.8/sbinary_2.10-0.4.2.jar
7f4b3be06000-7f4b3be08000 r--s 00001000 08:05 556513                     /home/stan/.sbt/boot/scala-2.10.4/org.scala-sbt/sbt/0.13.8/compiler-ivy-integration-0.13.8.jar
7f4b3be08000-7f4b3be09000 r--s 00001000 08:05 556488                     /home/stan/.sbt/boot/scala-2.10.4/org.scala-sbt/sbt/0.13.8/json4s-support_2.10-0.6.0.jar
7f4b3be09000-7f4b3be0a000 r--s 00005000 08:05 556516                     /home/stan/.sbt/boot/scala-2.10.4/org.scala-sbt/sbt/0.13.8/test-agent-0.13.8.jar
7f4b3be0a000-7f4b3be13000 r--s 0006e000 08:05 556503                     /home/stan/.sbt/boot/scala-2.10.4/org.scala-sbt/sbt/0.13.8/actions-0.13.8.jar
7f4b3be13000-7f4b3be22000 r--s 000bb000 08:05 556497                     /home/stan/.sbt/boot/scala-2.10.4/org.scala-sbt/sbt/0.13.8/scala-pickling_2.10-0.10.0.jar
7f4b3be22000-7f4b3be24000 r--s 00013000 08:05 556490                     /home/stan/.sbt/boot/scala-2.10.4/org.scala-sbt/sbt/0.13.8/json4s-ast_2.10-3.2.10.jar
7f4b3be24000-7f4b3be25000 r--s 00005000 08:05 556508                     /home/stan/.sbt/boot/scala-2.10.4/org.scala-sbt/sbt/0.13.8/sbt-0.13.8.jar
7f4b3be25000-7f4b3be2f000 r--s 0006e000 08:05 556472                     /home/stan/.sbt/boot/scala-2.10.4/org.scala-sbt/sbt/0.13.8/incremental-compiler-0.13.8.jar
7f4b3be2f000-7f4b3be32000 r--s 0001e000 08:05 556491                     /home/stan/.sbt/boot/scala-2.10.4/org.scala-sbt/sbt/0.13.8/run-0.13.8.jar
7f4b3be32000-7f4b3be3c000 r--s 00092000 08:05 556474                     /home/stan/.sbt/boot/scala-2.10.4/org.scala-sbt/sbt/0.13.8/main-settings-0.13.8.jar
7f4b3be3c000-7f4b3be3f000 r--s 0001d000 08:05 556496                     /home/stan/.sbt/boot/scala-2.10.4/org.scala-sbt/sbt/0.13.8/tasks-0.13.8.jar
7f4b3be3f000-7f4b3be42000 r--s 0001a000 08:05 556514                     /home/stan/.sbt/boot/scala-2.10.4/org.scala-sbt/sbt/0.13.8/cache-0.13.8.jar
7f4b3be42000-7f4b3be48000 r--s 0003d000 08:05 556493                     /home/stan/.sbt/boot/scala-2.10.4/org.scala-sbt/sbt/0.13.8/io-0.13.8.jar
7f4b3be48000-7f4b3be50000 r--s 00057000 08:05 556486                     /home/stan/.sbt/boot/scala-2.10.4/org.scala-sbt/sbt/0.13.8/completion-0.13.8.jar
7f4b3be50000-7f4b3be5c000 r--s 000a4000 08:05 556470                     /home/stan/.sbt/boot/scala-2.10.4/org.scala-sbt/sbt/0.13.8/quasiquotes_2.10-2.0.1.jar
7f4b3be5c000-7f4b3be5e000 r--s 00012000 08:05 556494                     /home/stan/.sbt/boot/scala-2.10.4/org.scala-sbt/sbt/0.13.8/jawn-parser_2.10-0.6.0.jar
7f4b3be5e000-7f4b3be74000 r--s 00100000 08:05 556477                     /home/stan/.sbt/boot/scala-2.10.4/org.scala-sbt/sbt/0.13.8/ivy-2.3.0-sbt-fccfbd44c9f64523b61398a0155784dcbaeae28f.jar
7f4b3be74000-7f4b3be78000 r--s 00034000 08:05 556471                     /home/stan/.sbt/boot/scala-2.10.4/org.scala-sbt/sbt/0.13.8/jsch-0.1.46.jar
7f4b3be78000-7f4b3bea4000 r--s 00235000 08:05 556476                     /home/stan/.sbt/boot/scala-2.10.4/org.scala-sbt/sbt/0.13.8/main-0.13.8.jar
7f4b3bea4000-7f4b3bea9000 r--s 00036000 08:05 556485                     /home/stan/.sbt/boot/scala-2.10.4/org.scala-sbt/sbt/0.13.8/command-0.13.8.jar
7f4b3bea9000-7f4b3beac000 r--s 00012000 08:05 556484                     /home/stan/.sbt/boot/scala-2.10.4/org.scala-sbt/sbt/0.13.8/classfile-0.13.8.jar
7f4b3beac000-7f4b3bead000 r--s 00001000 08:05 556518                     /home/stan/.sbt/boot/scala-2.10.4/org.scala-sbt/sbt/0.13.8/cross-0.13.8.jar
7f4b3bead000-7f4b3becd000 r--s 001a4000 08:05 556475                     /home/stan/.sbt/boot/scala-2.10.4/org.scala-sbt/sbt/0.13.8/ivy-0.13.8.jar
7f4b3becd000-7f4b3bf03000 r--s 002d9000 08:05 556473                     /home/stan/.sbt/boot/scala-2.10.4/org.scala-sbt/sbt/0.13.8/scala-reflect-2.10.4.jar
7f4b3bf03000-7f4b3c000000 r--s 00cca000 08:05 799892                     /home/stan/.sbt/boot/scala-2.10.4/lib/scala-compiler.jar
7f4b3c000000-7f4b3d554000 rw-p 00000000 00:00 0 
7f4b3d554000-7f4b40000000 ---p 00000000 00:00 0 
7f4b40000000-7f4b40021000 rw-p 00000000 00:00 0 
7f4b40021000-7f4b44000000 ---p 00000000 00:00 0 
7f4b44000000-7f4b44021000 rw-p 00000000 00:00 0 
7f4b44021000-7f4b48000000 ---p 00000000 00:00 0 
7f4b48000000-7f4b4a3ff000 rw-p 00000000 00:00 0 
7f4b4a3ff000-7f4b4c000000 ---p 00000000 00:00 0 
7f4b4c000000-7f4b4c021000 rw-p 00000000 00:00 0 
7f4b4c021000-7f4b50000000 ---p 00000000 00:00 0 
7f4b50000000-7f4b50021000 rw-p 00000000 00:00 0 
7f4b50021000-7f4b54000000 ---p 00000000 00:00 0 
7f4b54000000-7f4b5407b000 rw-p 00000000 00:00 0 
7f4b5407b000-7f4b58000000 ---p 00000000 00:00 0 
7f4b58000000-7f4b58002000 r--s 00014000 08:05 556504                     /home/stan/.sbt/boot/scala-2.10.4/org.scala-sbt/sbt/0.13.8/apply-macro-0.13.8.jar
7f4b58002000-7f4b58005000 r--s 0001d000 08:05 556498                     /home/stan/.sbt/boot/scala-2.10.4/org.scala-sbt/sbt/0.13.8/task-system-0.13.8.jar
7f4b58005000-7f4b58008000 r--s 00030000 08:05 556500                     /home/stan/.sbt/boot/scala-2.10.4/org.scala-sbt/sbt/0.13.8/jline-2.11.jar
7f4b58008000-7f4b5800d000 r--s 00036000 08:05 556467                     /home/stan/.sbt/boot/scala-2.10.4/org.scala-sbt/sbt/0.13.8/compile-0.13.8.jar
7f4b5800d000-7f4b58014000 r--s 00049000 08:05 556512                     /home/stan/.sbt/boot/scala-2.10.4/org.scala-sbt/sbt/0.13.8/api-0.13.8.jar
7f4b58014000-7f4b58016000 r--s 00017000 08:05 556505                     /home/stan/.sbt/boot/scala-2.10.4/org.scala-sbt/sbt/0.13.8/testing-0.13.8.jar
7f4b58016000-7f4b58018000 r--s 0000e000 08:05 556501                     /home/stan/.sbt/boot/scala-2.10.4/org.scala-sbt/sbt/0.13.8/logic-0.13.8.jar
7f4b58018000-7f4b5801c000 r--s 0001b000 08:05 556468                     /home/stan/.sbt/boot/scala-2.10.4/org.scala-sbt/sbt/0.13.8/process-0.13.8.jar
7f4b5801c000-7f4b5801e000 r--s 00001000 08:05 556492                     /home/stan/.sbt/boot/scala-2.10.4/org.scala-sbt/sbt/0.13.8/launcher-interface-0.13.8.jar
7f4b5801e000-7f4b58021000 r--s 0001c000 08:05 556507                     /home/stan/.sbt/boot/scala-2.10.4/org.scala-sbt/sbt/0.13.8/compiler-integration-0.13.8.jar
7f4b58021000-7f4b58023000 r--s 0000b000 08:05 556489                     /home/stan/.sbt/boot/scala-2.10.4/org.scala-sbt/sbt/0.13.8/tracking-0.13.8.jar
7f4b58023000-7f4b5802a000 r--s 0004b000 08:05 556487                     /home/stan/.sbt/boot/scala-2.10.4/org.scala-sbt/sbt/0.13.8/serialization_2.10-0.1.1.jar
7f4b5802a000-7f4b58060000 r--s 002d9000 08:05 799894                     /home/stan/.sbt/boot/scala-2.10.4/lib/scala-reflect.jar
7f4b58060000-7f4b580d2000 r--s 0065a000 08:05 799896                     /home/stan/.sbt/boot/scala-2.10.4/lib/scala-library.jar
7f4b580d2000-7f4b580e3000 r-xp 00000000 08:05 1966520                    /usr/lib/jvm/java-8-openjdk-amd64/jre/lib/amd64/libnio.so
7f4b580e3000-7f4b582e3000 ---p 00011000 08:05 1966520                    /usr/lib/jvm/java-8-openjdk-amd64/jre/lib/amd64/libnio.so
7f4b582e3000-7f4b582e4000 r--p 00011000 08:05 1966520                    /usr/lib/jvm/java-8-openjdk-amd64/jre/lib/amd64/libnio.so
7f4b582e4000-7f4b582e5000 rw-p 00012000 08:05 1966520                    /usr/lib/jvm/java-8-openjdk-amd64/jre/lib/amd64/libnio.so
7f4b582e5000-7f4b585e6000 rw-p 00000000 00:00 0 
7f4b585e6000-7f4b585fd000 r-xp 00000000 08:05 1972128                    /usr/lib/jvm/java-8-openjdk-amd64/jre/lib/amd64/libnet.so
7f4b585fd000-7f4b587fc000 ---p 00017000 08:05 1972128                    /usr/lib/jvm/java-8-openjdk-amd64/jre/lib/amd64/libnet.so
7f4b587fc000-7f4b587fd000 r--p 00016000 08:05 1972128                    /usr/lib/jvm/java-8-openjdk-amd64/jre/lib/amd64/libnet.so
7f4b587fd000-7f4b587fe000 rw-p 00017000 08:05 1972128                    /usr/lib/jvm/java-8-openjdk-amd64/jre/lib/amd64/libnet.so
7f4b587fe000-7f4b587ff000 ---p 00000000 00:00 0 
7f4b587ff000-7f4b588ff000 rw-p 00000000 00:00 0                          [stack:18683]
7f4b588ff000-7f4b58902000 ---p 00000000 00:00 0 
7f4b58902000-7f4b58a00000 rw-p 00000000 00:00 0                          [stack:18682]
7f4b58a00000-7f4b58a03000 ---p 00000000 00:00 0 
7f4b58a03000-7f4b58b01000 rw-p 00000000 00:00 0                          [stack:18681]
7f4b58b01000-7f4b58b04000 ---p 00000000 00:00 0 
7f4b58b04000-7f4b58c02000 rw-p 00000000 00:00 0                          [stack:18680]
7f4b58c02000-7f4b58c05000 ---p 00000000 00:00 0 
7f4b58c05000-7f4b58d03000 rw-p 00000000 00:00 0                          [stack:18679]
7f4b58d03000-7f4b58e33000 r--p 00000000 08:05 1878043                    /usr/lib/locale/en_US.utf8/LC_COLLATE
7f4b58e33000-7f4b58ff8000 r--p 00000000 08:05 1878136                    /usr/lib/locale/locale-archive
7f4b58ff8000-7f4b58ffb000 ---p 00000000 00:00 0 
7f4b58ffb000-7f4b590f9000 rw-p 00000000 00:00 0                          [stack:18678]
7f4b590f9000-7f4b590fc000 ---p 00000000 00:00 0 
7f4b590fc000-7f4b591fa000 rw-p 00000000 00:00 0                          [stack:18677]
7f4b591fa000-7f4b591fb000 ---p 00000000 00:00 0 
7f4b591fb000-7f4b5c000000 rw-p 00000000 00:00 0                          [stack:18676]
7f4b5c000000-7f4b5c021000 rw-p 00000000 00:00 0 
7f4b5c021000-7f4b60000000 ---p 00000000 00:00 0 
7f4b60000000-7f4b6004c000 rw-p 00000000 00:00 0 
7f4b6004c000-7f4b64000000 ---p 00000000 00:00 0 
7f4b64000000-7f4b663e0000 rwxp 00000000 00:00 0 
7f4b663e0000-7f4b6c000000 ---p 00000000 00:00 0 
7f4b6c000000-7f4b6e08c000 rw-p 00000000 00:00 0 
7f4b6e08c000-7f4b70000000 ---p 00000000 00:00 0 
7f4b70000000-7f4b70005000 r--s 00024000 08:05 556469                     /home/stan/.sbt/boot/scala-2.10.4/org.scala-sbt/sbt/0.13.8/persist-0.13.8.jar
7f4b70005000-7f4b70007000 r--s 00007000 08:05 556502                     /home/stan/.sbt/boot/scala-2.10.4/org.scala-sbt/sbt/0.13.8/paranamer-2.6.jar
7f4b70007000-7f4b70009000 r--s 00002000 08:05 556499                     /home/stan/.sbt/boot/scala-2.10.4/org.scala-sbt/sbt/0.13.8/test-interface-1.0.jar
7f4b70009000-7f4b7000c000 r--s 00018000 08:05 799893                     /home/stan/.sbt/boot/scala-2.10.4/lib/jansi.jar
7f4b7000c000-7f4b70010000 r--s 00025000 08:05 799895                     /home/stan/.sbt/boot/scala-2.10.4/lib/jline.jar
7f4b70010000-7f4b7002c000 r--s 0010c000 08:05 2623443                    /home/stan/sbt/bin/sbt-launch.jar
7f4b7002c000-7f4b7002e000 r--s 00007000 08:05 132693                     /usr/share/java/java-atk-wrapper.jar
7f4b7002e000-7f4b7002f000 r--s 00008000 08:05 1966428                    /usr/lib/jvm/java-8-openjdk-amd64/jre/lib/ext/sunec.jar
7f4b7002f000-7f4b70030000 r--s 00010000 08:05 1966216                    /usr/lib/jvm/java-8-openjdk-amd64/jre/lib/ext/zipfs.jar
7f4b70030000-7f4b70033000 r--s 0000f000 08:05 1966362                    /usr/lib/jvm/java-8-openjdk-amd64/jre/lib/ext/icedtea-sound.jar
7f4b70033000-7f4b70039000 r--s 0003a000 08:05 1966412                    /usr/lib/jvm/java-8-openjdk-amd64/jre/lib/ext/sunjce_provider.jar
7f4b70039000-7f4b70055000 r--s 00393000 08:05 1966212                    /usr/lib/jvm/java-8-openjdk-amd64/jre/lib/ext/cldrdata.jar
7f4b70055000-7f4b7005f000 r--s 00116000 08:05 1966222                    /usr/lib/jvm/java-8-openjdk-amd64/jre/lib/ext/localedata.jar
7f4b7005f000-7f4b70061000 r--s 00001000 08:05 1966424                    /usr/lib/jvm/java-8-openjdk-amd64/jre/lib/ext/dnsns.jar
7f4b70061000-7f4b700a0000 r--p 00000000 08:05 1878040                    /usr/lib/locale/en_US.utf8/LC_CTYPE
7f4b700a0000-7f4b704a4000 rw-p 00000000 00:00 0 
7f4b704a4000-7f4b70671000 r--s 03be8000 08:05 1966440                    /usr/lib/jvm/java-8-openjdk-amd64/jre/lib/rt.jar
7f4b70671000-7f4b708e7000 rw-p 00000000 00:00 0 
7f4b708e7000-7f4b708e8000 ---p 00000000 00:00 0 
7f4b708e8000-7f4b709e8000 rw-p 00000000 00:00 0                          [stack:18675]
7f4b709e8000-7f4b709e9000 ---p 00000000 00:00 0 
7f4b709e9000-7f4b70ed0000 rw-p 00000000 00:00 0                          [stack:18674]
7f4b70ed0000-7f4b71040000 ---p 00000000 00:00 0 
7f4b71040000-7f4b71048000 r-xp 00000000 08:05 1966601                    /usr/lib/jvm/java-8-openjdk-amd64/jre/lib/amd64/libzip.so
7f4b71048000-7f4b71247000 ---p 00008000 08:05 1966601                    /usr/lib/jvm/java-8-openjdk-amd64/jre/lib/amd64/libzip.so
7f4b71247000-7f4b71248000 r--p 00007000 08:05 1966601                    /usr/lib/jvm/java-8-openjdk-amd64/jre/lib/amd64/libzip.so
7f4b71248000-7f4b71249000 rw-p 00008000 08:05 1966601                    /usr/lib/jvm/java-8-openjdk-amd64/jre/lib/amd64/libzip.so
7f4b71249000-7f4b71255000 r-xp 00000000 08:05 788770                     /lib/x86_64-linux-gnu/libnss_files-2.21.so
7f4b71255000-7f4b71454000 ---p 0000c000 08:05 788770                     /lib/x86_64-linux-gnu/libnss_files-2.21.so
7f4b71454000-7f4b71455000 r--p 0000b000 08:05 788770                     /lib/x86_64-linux-gnu/libnss_files-2.21.so
7f4b71455000-7f4b71456000 rw-p 0000c000 08:05 788770                     /lib/x86_64-linux-gnu/libnss_files-2.21.so
7f4b71456000-7f4b71461000 r-xp 00000000 08:05 785058                     /lib/x86_64-linux-gnu/libnss_nis-2.21.so
7f4b71461000-7f4b71660000 ---p 0000b000 08:05 785058                     /lib/x86_64-linux-gnu/libnss_nis-2.21.so
7f4b71660000-7f4b71661000 r--p 0000a000 08:05 785058                     /lib/x86_64-linux-gnu/libnss_nis-2.21.so
7f4b71661000-7f4b71662000 rw-p 0000b000 08:05 785058                     /lib/x86_64-linux-gnu/libnss_nis-2.21.so
7f4b71662000-7f4b71679000 r-xp 00000000 08:05 788776                     /lib/x86_64-linux-gnu/libnsl-2.21.so
7f4b71679000-7f4b71878000 ---p 00017000 08:05 788776                     /lib/x86_64-linux-gnu/libnsl-2.21.so
7f4b71878000-7f4b71879000 r--p 00016000 08:05 788776                     /lib/x86_64-linux-gnu/libnsl-2.21.so
7f4b71879000-7f4b7187a000 rw-p 00017000 08:05 788776                     /lib/x86_64-linux-gnu/libnsl-2.21.so
7f4b7187a000-7f4b7187c000 rw-p 00000000 00:00 0 
7f4b7187c000-7f4b71884000 r-xp 00000000 08:05 788772                     /lib/x86_64-linux-gnu/libnss_compat-2.21.so
7f4b71884000-7f4b71a83000 ---p 00008000 08:05 788772                     /lib/x86_64-linux-gnu/libnss_compat-2.21.so
7f4b71a83000-7f4b71a84000 r--p 00007000 08:05 788772                     /lib/x86_64-linux-gnu/libnss_compat-2.21.so
7f4b71a84000-7f4b71a85000 rw-p 00008000 08:05 788772                     /lib/x86_64-linux-gnu/libnss_compat-2.21.so
7f4b71a85000-7f4b71ab2000 r-xp 00000000 08:05 1972109                    /usr/lib/jvm/java-8-openjdk-amd64/jre/lib/amd64/libjava.so
7f4b71ab2000-7f4b71cb1000 ---p 0002d000 08:05 1972109                    /usr/lib/jvm/java-8-openjdk-amd64/jre/lib/amd64/libjava.so
7f4b71cb1000-7f4b71cb2000 r--p 0002c000 08:05 1972109                    /usr/lib/jvm/java-8-openjdk-amd64/jre/lib/amd64/libjava.so
7f4b71cb2000-7f4b71cb4000 rw-p 0002d000 08:05 1972109                    /usr/lib/jvm/java-8-openjdk-amd64/jre/lib/amd64/libjava.so
7f4b71cb4000-7f4b71cc3000 r-xp 00000000 08:05 1972122                    /usr/lib/jvm/java-8-openjdk-amd64/jre/lib/amd64/libverify.so
7f4b71cc3000-7f4b71ec2000 ---p 0000f000 08:05 1972122                    /usr/lib/jvm/java-8-openjdk-amd64/jre/lib/amd64/libverify.so
7f4b71ec2000-7f4b71ec4000 r--p 0000e000 08:05 1972122                    /usr/lib/jvm/java-8-openjdk-amd64/jre/lib/amd64/libverify.so
7f4b71ec4000-7f4b71ec5000 rw-p 00010000 08:05 1972122                    /usr/lib/jvm/java-8-openjdk-amd64/jre/lib/amd64/libverify.so
7f4b71ec5000-7f4b71ecc000 r-xp 00000000 08:05 788777                     /lib/x86_64-linux-gnu/librt-2.21.so
7f4b71ecc000-7f4b720cb000 ---p 00007000 08:05 788777                     /lib/x86_64-linux-gnu/librt-2.21.so
7f4b720cb000-7f4b720cc000 r--p 00006000 08:05 788777                     /lib/x86_64-linux-gnu/librt-2.21.so
7f4b720cc000-7f4b720cd000 rw-p 00007000 08:05 788777                     /lib/x86_64-linux-gnu/librt-2.21.so
7f4b720cd000-7f4b720e3000 r-xp 00000000 08:05 788866                     /lib/x86_64-linux-gnu/libgcc_s.so.1
7f4b720e3000-7f4b722e2000 ---p 00016000 08:05 788866                     /lib/x86_64-linux-gnu/libgcc_s.so.1
7f4b722e2000-7f4b722e3000 r--p 00015000 08:05 788866                     /lib/x86_64-linux-gnu/libgcc_s.so.1
7f4b722e3000-7f4b722e4000 rw-p 00016000 08:05 788866                     /lib/x86_64-linux-gnu/libgcc_s.so.1
7f4b722e4000-7f4b723eb000 r-xp 00000000 08:05 788775                     /lib/x86_64-linux-gnu/libm-2.21.so
7f4b723eb000-7f4b725ea000 ---p 00107000 08:05 788775                     /lib/x86_64-linux-gnu/libm-2.21.so
7f4b725ea000-7f4b725eb000 r--p 00106000 08:05 788775                     /lib/x86_64-linux-gnu/libm-2.21.so
7f4b725eb000-7f4b725ec000 rw-p 00107000 08:05 788775                     /lib/x86_64-linux-gnu/libm-2.21.so
7f4b725ec000-7f4b7275f000 r-xp 00000000 08:05 1854826                    /usr/lib/x86_64-linux-gnu/libstdc++.so.6.0.21
7f4b7275f000-7f4b7295e000 ---p 00173000 08:05 1854826                    /usr/lib/x86_64-linux-gnu/libstdc++.so.6.0.21
7f4b7295e000-7f4b72968000 r--p 00172000 08:05 1854826                    /usr/lib/x86_64-linux-gnu/libstdc++.so.6.0.21
7f4b72968000-7f4b7296a000 rw-p 0017c000 08:05 1854826                    /usr/lib/x86_64-linux-gnu/libstdc++.so.6.0.21
7f4b7296a000-7f4b7296e000 rw-p 00000000 00:00 0 
7f4b7296e000-7f4b735b3000 r-xp 00000000 08:05 1972116                    /usr/lib/jvm/java-8-openjdk-amd64/jre/lib/amd64/server/libjvm.so
7f4b735b3000-7f4b737b2000 ---p 00c45000 08:05 1972116                    /usr/lib/jvm/java-8-openjdk-amd64/jre/lib/amd64/server/libjvm.so
7f4b737b2000-7f4b73845000 r--p 00c44000 08:05 1972116                    /usr/lib/jvm/java-8-openjdk-amd64/jre/lib/amd64/server/libjvm.so
7f4b73845000-7f4b7386d000 rw-p 00cd7000 08:05 1972116                    /usr/lib/jvm/java-8-openjdk-amd64/jre/lib/amd64/server/libjvm.so
7f4b7386d000-7f4b7389c000 rw-p 00000000 00:00 0 
7f4b7389c000-7f4b738b4000 r-xp 00000000 08:05 788767                     /lib/x86_64-linux-gnu/libpthread-2.21.so
7f4b738b4000-7f4b73ab4000 ---p 00018000 08:05 788767                     /lib/x86_64-linux-gnu/libpthread-2.21.so
7f4b73ab4000-7f4b73ab5000 r--p 00018000 08:05 788767                     /lib/x86_64-linux-gnu/libpthread-2.21.so
7f4b73ab5000-7f4b73ab6000 rw-p 00019000 08:05 788767                     /lib/x86_64-linux-gnu/libpthread-2.21.so
7f4b73ab6000-7f4b73aba000 rw-p 00000000 00:00 0 
7f4b73aba000-7f4b73abd000 r-xp 00000000 08:05 788763                     /lib/x86_64-linux-gnu/libdl-2.21.so
7f4b73abd000-7f4b73cbc000 ---p 00003000 08:05 788763                     /lib/x86_64-linux-gnu/libdl-2.21.so
7f4b73cbc000-7f4b73cbd000 r--p 00002000 08:05 788763                     /lib/x86_64-linux-gnu/libdl-2.21.so
7f4b73cbd000-7f4b73cbe000 rw-p 00003000 08:05 788763                     /lib/x86_64-linux-gnu/libdl-2.21.so
7f4b73cbe000-7f4b73cd7000 r-xp 00000000 08:05 785304                     /lib/x86_64-linux-gnu/libz.so.1.2.8
7f4b73cd7000-7f4b73ed6000 ---p 00019000 08:05 785304                     /lib/x86_64-linux-gnu/libz.so.1.2.8
7f4b73ed6000-7f4b73ed7000 r--p 00018000 08:05 785304                     /lib/x86_64-linux-gnu/libz.so.1.2.8
7f4b73ed7000-7f4b73ed8000 rw-p 00019000 08:05 785304                     /lib/x86_64-linux-gnu/libz.so.1.2.8
7f4b73ed8000-7f4b74098000 r-xp 00000000 08:05 788780                     /lib/x86_64-linux-gnu/libc-2.21.so
7f4b74098000-7f4b74298000 ---p 001c0000 08:05 788780                     /lib/x86_64-linux-gnu/libc-2.21.so
7f4b74298000-7f4b7429c000 r--p 001c0000 08:05 788780                     /lib/x86_64-linux-gnu/libc-2.21.so
7f4b7429c000-7f4b7429e000 rw-p 001c4000 08:05 788780                     /lib/x86_64-linux-gnu/libc-2.21.so
7f4b7429e000-7f4b742a2000 rw-p 00000000 00:00 0 
7f4b742a2000-7f4b742af000 r-xp 00000000 08:05 1972123                    /usr/lib/jvm/java-8-openjdk-amd64/jre/lib/amd64/jli/libjli.so
7f4b742af000-7f4b744af000 ---p 0000d000 08:05 1972123                    /usr/lib/jvm/java-8-openjdk-amd64/jre/lib/amd64/jli/libjli.so
7f4b744af000-7f4b744b0000 r--p 0000d000 08:05 1972123                    /usr/lib/jvm/java-8-openjdk-amd64/jre/lib/amd64/jli/libjli.so
7f4b744b0000-7f4b744b1000 rw-p 0000e000 08:05 1972123                    /usr/lib/jvm/java-8-openjdk-amd64/jre/lib/amd64/jli/libjli.so
7f4b744b1000-7f4b744d5000 r-xp 00000000 08:05 788766                     /lib/x86_64-linux-gnu/ld-2.21.so
7f4b744d5000-7f4b744f0000 r--s 001d4000 08:05 1966432                    /usr/lib/jvm/java-8-openjdk-amd64/jre/lib/ext/nashorn.jar
7f4b744f0000-7f4b744f4000 r--s 00037000 08:05 1966418                    /usr/lib/jvm/java-8-openjdk-amd64/jre/lib/ext/sunpkcs11.jar
7f4b744f4000-7f4b744f5000 r--s 0000a000 08:05 1966408                    /usr/lib/jvm/java-8-openjdk-amd64/jre/lib/ext/jaccess.jar
7f4b744f5000-7f4b744f6000 r--p 00000000 08:05 1878041                    /usr/lib/locale/en_US.utf8/LC_NUMERIC
7f4b744f6000-7f4b744f7000 r--p 00000000 08:05 1878116                    /usr/lib/locale/en_US.utf8/LC_TIME
7f4b744f7000-7f4b7459f000 rw-p 00000000 00:00 0 
7f4b7459f000-7f4b745a2000 ---p 00000000 00:00 0 
7f4b745a2000-7f4b746a5000 rw-p 00000000 00:00 0                          [stack:18673]
7f4b746a5000-7f4b746a6000 r--p 00000000 08:05 1878117                    /usr/lib/locale/en_US.utf8/LC_MONETARY
7f4b746a6000-7f4b746a7000 r--p 00000000 08:05 1878118                    /usr/lib/locale/en_US.utf8/LC_MESSAGES/SYS_LC_MESSAGES
7f4b746a7000-7f4b746a8000 r--p 00000000 08:05 1878046                    /usr/lib/locale/en_US.utf8/LC_PAPER
7f4b746a8000-7f4b746a9000 r--p 00000000 08:05 1878047                    /usr/lib/locale/en_US.utf8/LC_NAME
7f4b746a9000-7f4b746aa000 r--p 00000000 08:05 1878119                    /usr/lib/locale/en_US.utf8/LC_ADDRESS
7f4b746aa000-7f4b746ab000 r--p 00000000 08:05 1878120                    /usr/lib/locale/en_US.utf8/LC_TELEPHONE
7f4b746ab000-7f4b746ac000 r--p 00000000 08:05 1878050                    /usr/lib/locale/en_US.utf8/LC_MEASUREMENT
7f4b746ac000-7f4b746b3000 r--s 00000000 08:05 1860179                    /usr/lib/x86_64-linux-gnu/gconv/gconv-modules.cache
7f4b746b3000-7f4b746b4000 r--p 00000000 08:05 1878121                    /usr/lib/locale/en_US.utf8/LC_IDENTIFICATION
7f4b746b4000-7f4b746c8000 rw-p 00000000 00:00 0 
7f4b746c8000-7f4b746d0000 rw-s 00000000 08:05 2250948                    /tmp/hsperfdata_stan/18672
7f4b746d0000-7f4b746d1000 rw-p 00000000 00:00 0 
7f4b746d1000-7f4b746d2000 r--p 00000000 00:00 0 
7f4b746d2000-7f4b746d4000 rw-p 00000000 00:00 0 
7f4b746d4000-7f4b746d5000 r--p 00023000 08:05 788766                     /lib/x86_64-linux-gnu/ld-2.21.so
7f4b746d5000-7f4b746d6000 rw-p 00024000 08:05 788766                     /lib/x86_64-linux-gnu/ld-2.21.so
7f4b746d6000-7f4b746d7000 rw-p 00000000 00:00 0 
7ffe7a378000-7ffe7a399000 rw-p 00000000 00:00 0                          [stack]
7ffe7a3dc000-7ffe7a3de000 r--p 00000000 00:00 0                          [vvar]
7ffe7a3de000-7ffe7a3e0000 r-xp 00000000 00:00 0                          [vdso]
ffffffffff600000-ffffffffff601000 r-xp 00000000 00:00 0                  [vsyscall]

VM Arguments:
jvm_args: -Xms1024m -Xmx1024m -XX:ReservedCodeCacheSize=128m -XX:MaxMetaspaceSize=256m 
java_command: /home/stan/sbt/bin/sbt-launch.jar
java_class_path (initial): /home/stan/sbt/bin/sbt-launch.jar
Launcher Type: SUN_STANDARD

Environment Variables:
PATH=/usr/local/sbin:/usr/local/bin:/usr/sbin:/usr/bin:/sbin:/bin:/usr/games:/usr/local/games:/home/stan/c:/home/stan/sbt/bin
SHELL=/bin/bash
DISPLAY=:0

Signal Handlers:
SIGSEGV: [libjvm.so+0xa5d4d0], sa_mask[0]=11111111011111111101111111111110, sa_flags=SA_RESTART|SA_SIGINFO
SIGBUS: [libjvm.so+0xa5d4d0], sa_mask[0]=11111111011111111101111111111110, sa_flags=SA_RESTART|SA_SIGINFO
SIGFPE: [libjvm.so+0x8a9210], sa_mask[0]=11111111011111111101111111111110, sa_flags=SA_RESTART|SA_SIGINFO
SIGPIPE: [libjvm.so+0x8a9210], sa_mask[0]=11111111011111111101111111111110, sa_flags=SA_RESTART|SA_SIGINFO
SIGXFSZ: [libjvm.so+0x8a9210], sa_mask[0]=11111111011111111101111111111110, sa_flags=SA_RESTART|SA_SIGINFO
SIGILL: [libjvm.so+0x8a9210], sa_mask[0]=11111111011111111101111111111110, sa_flags=SA_RESTART|SA_SIGINFO
SIGUSR1: SIG_DFL, sa_mask[0]=00000000000000000000000000000000, sa_flags=none
SIGUSR2: [libjvm.so+0x8a90c0], sa_mask[0]=00000000000000000000000000000000, sa_flags=SA_RESTART|SA_SIGINFO
SIGHUP: [libjvm.so+0x8a9590], sa_mask[0]=11111111011111111101111111111110, sa_flags=SA_RESTART|SA_SIGINFO
SIGINT: [libjvm.so+0x8a9590], sa_mask[0]=11111111011111111101111111111110, sa_flags=SA_RESTART|SA_SIGINFO
SIGTERM: [libjvm.so+0x8a9590], sa_mask[0]=11111111011111111101111111111110, sa_flags=SA_RESTART|SA_SIGINFO
SIGQUIT: [libjvm.so+0x8a9590], sa_mask[0]=11111111011111111101111111111110, sa_flags=SA_RESTART|SA_SIGINFO


---------------  S Y S T E M  ---------------

OS:DISTRIB_ID=Ubuntu
DISTRIB_RELEASE=15.10
DISTRIB_CODENAME=wily
DISTRIB_DESCRIPTION="Ubuntu 15.10"

uname:Linux 4.2.0-29-generic #34-Ubuntu SMP Mon Feb 8 16:57:47 UTC 2016 x86_64
libc:glibc 2.21 NPTL 2.21 
rlimit: STACK 8192k, CORE 0k, NPROC 15670, NOFILE 65536, AS infinity
load average:0.68 1.08 1.48

/proc/meminfo:
MemTotal:        4045796 kB
MemFree:          455388 kB
MemAvailable:    1224604 kB
Buffers:          251812 kB
Cached:           531312 kB
SwapCached:        37560 kB
Active:          1953472 kB
Inactive:        1397656 kB
Active(anon):    1594732 kB
Inactive(anon):  1027360 kB
Active(file):     358740 kB
Inactive(file):   370296 kB
Unevictable:          80 kB
Mlocked:              80 kB
SwapTotal:       2937456 kB
SwapFree:        2320164 kB
Dirty:             28944 kB
Writeback:             0 kB
AnonPages:       2563668 kB
Mapped:           207708 kB
Shmem:             54028 kB
Slab:             133704 kB
SReclaimable:      69904 kB
SUnreclaim:        63800 kB
KernelStack:        8576 kB
PageTables:        38684 kB
NFS_Unstable:          0 kB
Bounce:                0 kB
WritebackTmp:          0 kB
CommitLimit:     4960352 kB
Committed_AS:    8032760 kB
VmallocTotal:   34359738367 kB
VmallocUsed:       79304 kB
VmallocChunk:   34359586812 kB
HardwareCorrupted:     0 kB
AnonHugePages:    540672 kB
CmaTotal:              0 kB
CmaFree:               0 kB
HugePages_Total:       0
HugePages_Free:        0
HugePages_Rsvd:        0
HugePages_Surp:        0
Hugepagesize:       2048 kB
DirectMap4k:      789440 kB
DirectMap2M:     3403776 kB


CPU:total 2 (2 cores per cpu, 1 threads per core) family 6 model 15 stepping 11, cmov, cx8, fxsr, mmx, sse, sse2, sse3, ssse3, tsc

/proc/cpuinfo:
processor	: 0
vendor_id	: GenuineIntel
cpu family	: 6
model		: 15
model name	: Intel(R) Core(TM)2 Duo CPU     E6550  @ 2.33GHz
stepping	: 11
microcode	: 0xba
cpu MHz		: 2333.533
cache size	: 4096 KB
physical id	: 0
siblings	: 2
core id		: 0
cpu cores	: 2
apicid		: 0
initial apicid	: 0
fpu		: yes
fpu_exception	: yes
cpuid level	: 10
wp		: yes
flags		: fpu vme de pse tsc msr pae mce cx8 apic sep mtrr pge mca cmov pat pse36 clflush dts acpi mmx fxsr sse sse2 ss ht tm pbe syscall nx lm constant_tsc arch_perfmon pebs bts rep_good nopl aperfmperf pni dtes64 monitor ds_cpl vmx smx est tm2 ssse3 cx16 xtpr pdcm lahf_lm dtherm tpr_shadow vnmi flexpriority
bugs		:
bogomips	: 4667.06
clflush size	: 64
cache_alignment	: 64
address sizes	: 36 bits physical, 48 bits virtual
power management:

processor	: 1
vendor_id	: GenuineIntel
cpu family	: 6
model		: 15
model name	: Intel(R) Core(TM)2 Duo CPU     E6550  @ 2.33GHz
stepping	: 11
microcode	: 0xba
cpu MHz		: 2333.533
cache size	: 4096 KB
physical id	: 0
siblings	: 2
core id		: 1
cpu cores	: 2
apicid		: 1
initial apicid	: 1
fpu		: yes
fpu_exception	: yes
cpuid level	: 10
wp		: yes
flags		: fpu vme de pse tsc msr pae mce cx8 apic sep mtrr pge mca cmov pat pse36 clflush dts acpi mmx fxsr sse sse2 ss ht tm pbe syscall nx lm constant_tsc arch_perfmon pebs bts rep_good nopl aperfmperf pni dtes64 monitor ds_cpl vmx smx est tm2 ssse3 cx16 xtpr pdcm lahf_lm dtherm tpr_shadow vnmi flexpriority
bugs		:
bogomips	: 4667.06
clflush size	: 64
cache_alignment	: 64
address sizes	: 36 bits physical, 48 bits virtual
power management:



Memory: 4k page, physical 4045796k(455388k free), swap 2937456k(2320164k free)

vm_info: OpenJDK 64-Bit Server VM (25.66-b17) for linux-amd64 JRE (1.8.0_66-internal-b17), built on Oct 21 2015 22:08:46 by "buildd" with gcc 5.2.1 20151010

time: Mon Feb 15 11:18:13 2016
elapsed time: 358 seconds (0d 0h 5m 58s)

