#
# A fatal error has been detected by the Java Runtime Environment:
#
#  SIGSEGV (0xb) at pc=0x00007f7b6d005060, pid=9095, tid=140169402537728
#
# JRE version: OpenJDK Runtime Environment (8.0_66-b17) (build 1.8.0_66-internal-b17)
# Java VM: OpenJDK 64-Bit Server VM (25.66-b17 mixed mode linux-amd64 compressed oops)
# Problematic frame:
# C  0x00007f7b6d005060
#
# Failed to write core dump. Core dumps have been disabled. To enable core dumping, try "ulimit -c unlimited" before starting Java again
#
# If you would like to submit a bug report, please visit:
#   http://bugreport.java.com/bugreport/crash.jsp
#

---------------  T H R E A D  ---------------

Current thread (0x00007f7bb4009800):  JavaThread "main" [_thread_in_Java, id=9096, stack(0x00007f7bbb625000,0x00007f7bbb726000)]

siginfo: si_signo: 11 (SIGSEGV), si_code: 2 (SEGV_ACCERR), si_addr: 0x00007f7b6d005060

Registers:
RAX=0x0000000100006df8, RBX=0x00007f7b92e2fae8, RCX=0x00000001002fa528, RDX=0x00000000ec1bc718
RSP=0x00007f7bbb71efd8, RBP=0x00007f7bbb7221c0, RSI=0x00000000ee9b3820, RDI=0x00000000ee9b3820
R8 =0x000000000077b91f, R9 =0x0000000000000028, R10=0x00000001001cde88, R11=0x00000000000002e8
R12=0x0000000000000000, R13=0x0000000000000028, R14=0x00007f7bbb71f1e0, R15=0x00007f7bb4009800
RIP=0x00007f7b6d005060, EFLAGS=0x0000000000010246, CSGSFS=0x0000000000000033, ERR=0x0000000000000014
  TRAPNO=0x000000000000000e

Top of Stack: (sp=0x00007f7bbb71efd8)
0x00007f7bbb71efd8:   00007f7bac3e533c 0000000092e322a8
0x00007f7bbb71efe8:   00000000c009fa60 00000000ef724438
0x00007f7bbb71eff8:   00007f7b919a0838 00007f7bbb71f8e8
0x00007f7bbb71f008:   00007f7bac4fd03c 00007f7bbb71f070
0x00007f7bbb71f018:   00007f7bb9ca6680 00000001000dd028
0x00007f7bbb71f028:   0000000000000000 00000000ee9b3958
0x00007f7bbb71f038:   00000000ec1bc718 00007f7bbb71f0a8
0x00007f7bbb71f048:   00007f7bac007710 00007f7bbb7221c0
0x00007f7bbb71f058:   00007f7bac3e4b3c 00000000c04736f0
0x00007f7bbb71f068:   00007f7bbb71f068 00007f7b91aafb72
0x00007f7bbb71f078:   00000000ef725408 00007f7bbb7221c0
0x00007f7bbb71f088:   00007f7bac529944 00007f7bbb7221c0
0x00007f7bbb71f098:   00007f7bac6db87c 0000000000000000
0x00007f7bbb71f0a8:   00000001000dd028 00007f7bbb7221c0
0x00007f7bbb71f0b8:   00007f7bac4f309c 00000001000caf50
0x00007f7bbb71f0c8:   0000000000000001 00007f7bbb71f218
0x00007f7bbb71f0d8:   00007f7bac656884 00000000c0067bb8
0x00007f7bbb71f0e8:   00000000ef725f00 00000000c0067bb8
0x00007f7bbb71f0f8:   00000000ef725e18 00007f7bbb71f218
0x00007f7bbb71f108:   00007f7bac656884 00007f7bbb7221c0
0x00007f7bbb71f118:   00007f7bac6b70e4 00007f7bbb71f218
0x00007f7bbb71f128:   00000000ef7249c0 00007f7bbb71f218
0x00007f7bbb71f138:   00000000ef7249d8 00000000ee9b3808
0x00007f7bbb71f148:   00000000ef725e68 00007f7bb4009800
0x00007f7bbb71f158:   0000000000000000 00007f7bb4009800
0x00007f7bbb71f168:   00007f7bb4009800 00007f7bbb7221c0
0x00007f7bbb71f178:   00007f7bac47526c 00007f7bb4009800
0x00007f7bbb71f188:   0000000000000080 0000000000000000
0x00007f7bbb71f198:   00000000ec1bc718 00007f7bbb71f1f0
0x00007f7bbb71f1a8:   00007f7bac274d3f 00007f7bbb7221c0
0x00007f7bbb71f1b8:   00007f7bac4f598c 00007f7bbb71f210
0x00007f7bbb71f1c8:   00007f7bac274d3f 00000000ec1bc718 

Instructions: (pc=0x00007f7b6d005060)
0x00007f7b6d005040:   
[error occurred during error reporting (printing registers, top of stack, instructions near pc), id 0xb]

Register to memory mapping:

RAX=0x0000000100006df8 is pointing into metadata
RBX={method} {0x00007f7b92e2fae8} 'get' '(Ljava/lang/Object;)Ljava/lang/Object;' in 'java/util/IdentityHashMap'
RCX=0x00000001002fa528 is pointing into metadata
RDX=0x00000000ec1bc718 is an oop
sbt.Task 
 - klass: 'sbt/Task'
RSP=0x00007f7bbb71efd8 is pointing into the stack for thread: 0x00007f7bb4009800
RBP=0x00007f7bbb7221c0 is pointing into the stack for thread: 0x00007f7bb4009800
RSI=0x00000000ee9b3820 is an oop
java.util.IdentityHashMap 
 - klass: 'java/util/IdentityHashMap'
RDI=0x00000000ee9b3820 is an oop
java.util.IdentityHashMap 
 - klass: 'java/util/IdentityHashMap'
R8 =0x000000000077b91f is an unknown value
R9 =0x0000000000000028 is an unknown value
R10=0x00000001001cde88 is pointing into metadata
R11=0x00000000000002e8 is an unknown value
R12=0x0000000000000000 is an unknown value
R13=0x0000000000000028 is an unknown value
R14=0x00007f7bbb71f1e0 is pointing into the stack for thread: 0x00007f7bb4009800
R15=0x00007f7bb4009800 is a thread


Stack: [0x00007f7bbb625000,0x00007f7bbb726000],  sp=0x00007f7bbb71efd8,  free space=999k
Native frames: (J=compiled Java code, j=interpreted, Vv=VM code, C=native code)
C  0x00007f7b6d005060
j  sbt.Execute.addedInv(Ljava/lang/Object;)V+2
j  sbt.Execute$$anonfun$addChecked$1.apply$mcV$sp()V+8
j  sbt.Execute.post(Lscala/Function0;)V+1
j  sbt.Execute.addChecked(Ljava/lang/Object;Lsbt/CompletionService;)V+24
j  sbt.Execute$$anonfun$addNew$3.apply(Ljava/lang/Object;)V+9
j  sbt.Execute$$anonfun$addNew$3.apply(Ljava/lang/Object;)Ljava/lang/Object;+2
J 1948 C1 scala.collection.AbstractIterator.foreach(Lscala/Function1;)V (6 bytes) @ 0x00007f7bac529ff4 [0x00007f7bac529f60+0x94]
J 3087 C1 scala.collection.AbstractIterable.foreach(Lscala/Function1;)V (6 bytes) @ 0x00007f7bac12c884 [0x00007f7bac12c800+0x84]
j  sbt.IDSet$$anon$1.foreach(Lscala/Function1;)V+5
j  sbt.Execute.addNew(Ljava/lang/Object;Lsbt/CompletionService;)V+141
j  sbt.Execute.runKeep(Ljava/lang/Object;Lsbt/CompletionService;)Lsbt/RMap;+26
j  sbt.EvaluateTask$.liftedTree1$1(Lsbt/Task;Lsbt/State;Lsbt/std/Streams;Lsbt/EvaluateTaskConfig;Lsbt/CompletionService;Lscala/Function0;Lsbt/Execute;)Lscala/Tuple2;+5
j  sbt.EvaluateTask$.run$1(Lsbt/Task;Lsbt/State;Lsbt/std/Streams;Lsbt/Triggers;Lsbt/EvaluateTaskConfig;Lsbt/NodeView;Lsbt/CompletionService;Lscala/Function0;)Lscala/Tuple2;+52
j  sbt.EvaluateTask$.runTask(Lsbt/Task;Lsbt/State;Lsbt/std/Streams;Lsbt/Triggers;Lsbt/EvaluateTaskConfig;Lsbt/NodeView;)Lscala/Tuple2;+195
j  sbt.EvaluateTask$$anonfun$apply$1$$anonfun$apply$3.apply(Lscala/Tuple2;)Lscala/Tuple2;+60
j  sbt.EvaluateTask$$anonfun$apply$1$$anonfun$apply$3.apply(Ljava/lang/Object;)Ljava/lang/Object;+5
j  scala.Option$WithFilter.map(Lscala/Function1;)Lscala/Option;+65
j  sbt.EvaluateTask$$anonfun$apply$1.apply(Lsbt/std/Streams;)Lscala/Option;+43
j  sbt.EvaluateTask$$anonfun$apply$1.apply(Ljava/lang/Object;)Ljava/lang/Object;+5
j  sbt.EvaluateTask$.withStreams(Lsbt/BuildStructure;Lsbt/State;Lscala/Function1;)Ljava/lang/Object;+24
j  sbt.EvaluateTask$.apply(Lsbt/BuildStructure;Lsbt/Init$ScopedKey;Lsbt/State;Lsbt/ProjectRef;Lsbt/EvaluateTaskConfig;)Lscala/Option;+17
j  sbt.EvaluateTask$.apply(Lsbt/BuildStructure;Lsbt/Init$ScopedKey;Lsbt/State;Lsbt/ProjectRef;Lsbt/EvaluateConfig;)Lscala/Option;+14
j  sbt.EvaluateTask$.evalPluginDef(Lsbt/Logger;Lsbt/BuildStructure;Lsbt/State;)Lsbt/PluginData;+85
j  sbt.Load$$anonfun$2.apply(Lsbt/BuildStructure;Lsbt/State;)Lsbt/PluginData;+9
j  sbt.Load$$anonfun$2.apply(Ljava/lang/Object;Ljava/lang/Object;)Ljava/lang/Object;+9
j  sbt.Load$.buildPluginDefinition(Ljava/io/File;Lsbt/State;Lsbt/LoadBuildConfiguration;)Lsbt/PluginData;+104
j  sbt.Load$.buildPlugins(Ljava/io/File;Lsbt/State;Lsbt/LoadBuildConfiguration;)Lsbt/LoadedPlugins;+7
j  sbt.Load$.plugins(Ljava/io/File;Lsbt/State;Lsbt/LoadBuildConfiguration;)Lsbt/LoadedPlugins;+20
j  sbt.Load$.loadUnit(Ljava/net/URI;Ljava/io/File;Lsbt/State;Lsbt/LoadBuildConfiguration;)Lsbt/BuildUnit;+167
j  sbt.Load$$anonfun$18$$anonfun$apply$11.apply()Lsbt/BuildUnit;+31
j  sbt.Load$$anonfun$18$$anonfun$apply$11.apply()Ljava/lang/Object;+1
j  sbt.BuildLoader$$anonfun$componentLoader$1$$anonfun$apply$4$$anonfun$apply$5$$anonfun$apply$6.apply()Lsbt/BuildUnit;+4
j  sbt.BuildLoader$$anonfun$componentLoader$1$$anonfun$apply$4$$anonfun$apply$5$$anonfun$apply$6.apply()Ljava/lang/Object;+1
j  sbt.BuildLoader.apply(Ljava/net/URI;)Lsbt/BuildUnit;+53
j  sbt.Load$.loadAll(Lscala/collection/immutable/List;Lscala/collection/immutable/Map;Lsbt/BuildLoader;Lscala/collection/immutable/Map;)Lscala/Tuple3;+65
j  sbt.Load$.loadURI(Ljava/net/URI;Lsbt/BuildLoader;Lscala/collection/immutable/List;)Lsbt/PartBuild;+36
j  sbt.Load$.load(Ljava/io/File;Lsbt/BuildLoader;Lscala/collection/immutable/List;)Lsbt/PartBuild;+10
j  sbt.Load$.load(Ljava/io/File;Lsbt/State;Lsbt/LoadBuildConfiguration;)Lsbt/PartBuild;+126
j  sbt.Load$.apply(Ljava/io/File;Lsbt/State;Lsbt/LoadBuildConfiguration;)Lscala/Tuple2;+27
j  sbt.Load$.defaultLoad(Lsbt/State;Ljava/io/File;Lsbt/Logger;ZLscala/collection/immutable/List;)Lscala/Tuple2;+204
j  sbt.BuiltinCommands$.doLoadProject(Lsbt/State;Lscala/Enumeration$Value;)Lsbt/State;+154
j  sbt.BuiltinCommands$$anonfun$loadProjectImpl$2.apply(Lsbt/State;Lscala/Enumeration$Value;)Lsbt/State;+5
j  sbt.BuiltinCommands$$anonfun$loadProjectImpl$2.apply(Ljava/lang/Object;Ljava/lang/Object;)Ljava/lang/Object;+9
j  sbt.Command$$anonfun$applyEffect$1$$anonfun$apply$2.apply(Ljava/lang/Object;)Lsbt/State;+12
j  sbt.Command$$anonfun$applyEffect$1$$anonfun$apply$2.apply(Ljava/lang/Object;)Ljava/lang/Object;+2
j  sbt.Command$$anonfun$applyEffect$2$$anonfun$apply$3.apply()Lsbt/State;+11
j  sbt.Command$$anonfun$applyEffect$2$$anonfun$apply$3.apply()Ljava/lang/Object;+1
j  sbt.Command$.process(Ljava/lang/String;Lsbt/State;)Lsbt/State;+55
j  sbt.MainLoop$$anonfun$1$$anonfun$apply$1.apply(Ljava/lang/String;Lsbt/State;)Lsbt/State;+5
j  sbt.MainLoop$$anonfun$1$$anonfun$apply$1.apply(Ljava/lang/Object;Ljava/lang/Object;)Ljava/lang/Object;+9
j  sbt.State$$anon$1.process(Lscala/Function2;)Lsbt/State;+270
j  sbt.MainLoop$$anonfun$1.apply()Lsbt/State;+18
j  sbt.MainLoop$$anonfun$1.apply()Ljava/lang/Object;+1
j  sbt.ErrorHandling$.wideConvert(Lscala/Function0;)Lscala/util/Either;+7
j  sbt.MainLoop$.next(Lsbt/State;)Lsbt/State;+17
j  sbt.MainLoop$.run(Lsbt/State;)Lsbt/MainLoop$RunNext;+34
j  sbt.MainLoop$$anonfun$runWithNewLog$1.apply(Ljava/io/BufferedWriter;)Lsbt/MainLoop$RunNext;+151
j  sbt.MainLoop$$anonfun$runWithNewLog$1.apply(Ljava/lang/Object;)Ljava/lang/Object;+5
j  sbt.Using.apply(Ljava/lang/Object;Lscala/Function1;)Ljava/lang/Object;+8
j  sbt.MainLoop$.runWithNewLog(Lsbt/State;Lsbt/GlobalLogBacking;)Lsbt/MainLoop$RunNext;+35
j  sbt.MainLoop$.runAndClearLast(Lsbt/State;Lsbt/GlobalLogBacking;)Lsbt/MainLoop$RunNext;+3
j  sbt.MainLoop$.runLoggedLoop(Lsbt/State;Lsbt/GlobalLogBacking;)Lxsbti/MainResult;+3
j  sbt.MainLoop$.runLogged(Lsbt/State;)Lxsbti/MainResult;+31
j  sbt.StandardMain$.runManaged(Lsbt/State;)Lxsbti/MainResult;+11
j  sbt.xMain.run(Lxsbti/AppConfiguration;)Lxsbti/MainResult;+100
j  xsbt.boot.Launch$$anonfun$run$1.apply()Ljava/lang/Object;+10
j  xsbt.boot.Launch$.withContextLoader(Ljava/lang/ClassLoader;Lscala/Function0;)Ljava/lang/Object;+15
j  xsbt.boot.Launch$.run(Lxsbti/Launcher;Lxsbt/boot/RunConfiguration;)Lxsbti/MainResult;+97
j  xsbt.boot.Launch$$anonfun$apply$1.apply(Ljava/lang/Object;)Ljava/lang/Object;+16
j  xsbt.boot.Launch$.launch(Lscala/Function1;Lxsbt/boot/RunConfiguration;)Lscala/Option;+2
j  xsbt.boot.Launch$.apply(Lxsbt/boot/LauncherArguments;)Lscala/Option;+876
j  xsbt.boot.Boot$.runImpl(Lxsbt/boot/LauncherArguments;)Lscala/Option;+4
j  xsbt.boot.Boot$.main([Ljava/lang/String;)V+291
j  xsbt.boot.Boot.main([Ljava/lang/String;)V+4
v  ~StubRoutines::call_stub
V  [libjvm.so+0x65ea1b]
V  [libjvm.so+0x6806cc]
V  [libjvm.so+0x68307f]
C  [libjli.so+0x357f]
C  [libjli.so+0x740d]
C  [libpthread.so.0+0x76aa]  start_thread+0xca


---------------  P R O C E S S  ---------------

Java Threads: ( => current thread )
  0x00007f7b78007800 JavaThread "pool-2-thread-4" [_thread_blocked, id=9130, stack(0x00007f7b9119f000,0x00007f7b912a0000)]
  0x00007f7b6c042800 JavaThread "pool-2-thread-3" [_thread_blocked, id=9129, stack(0x00007f7b912a0000,0x00007f7b913a1000)]
  0x00007f7bb47d6800 JavaThread "pool-2-thread-2" [_thread_blocked, id=9128, stack(0x00007f7b916a2000,0x00007f7b917a3000)]
  0x00007f7bb47d4800 JavaThread "pool-2-thread-1" [_thread_blocked, id=9127, stack(0x00007f7b915a1000,0x00007f7b916a2000)]
  0x00007f7bb47eb000 JavaThread "process reaper" daemon [_thread_blocked, id=9117, stack(0x00007f7b92c34000,0x00007f7b92c6d000)]
  0x00007f7bb4149000 JavaThread "Service Thread" daemon [_thread_blocked, id=9105, stack(0x00007f7b93907000,0x00007f7b93a08000)]
  0x00007f7bb413b800 JavaThread "C1 CompilerThread1" daemon [_thread_blocked, id=9104, stack(0x00007f7b93a08000,0x00007f7b93b09000)]
  0x00007f7bb4138800 JavaThread "C2 CompilerThread0" daemon [_thread_blocked, id=9103, stack(0x00007f7b93b09000,0x00007f7b93c0a000)]
  0x00007f7bb4136000 JavaThread "Signal Dispatcher" daemon [_thread_blocked, id=9102, stack(0x00007f7b93c0a000,0x00007f7b93d0b000)]
  0x00007f7bb4101800 JavaThread "Finalizer" daemon [_thread_blocked, id=9101, stack(0x00007f7ba80ce000,0x00007f7ba81cf000)]
  0x00007f7bb40ff800 JavaThread "Reference Handler" daemon [_thread_blocked, id=9100, stack(0x00007f7ba81cf000,0x00007f7ba82d0000)]
=>0x00007f7bb4009800 JavaThread "main" [_thread_in_Java, id=9096, stack(0x00007f7bbb625000,0x00007f7bbb726000)]

Other Threads:
  0x00007f7bb40fa000 VMThread [stack: 0x00007f7ba82d0000,0x00007f7ba83d1000] [id=9099]
  0x00007f7bb414b000 WatcherThread [stack: 0x00007f7b93806000,0x00007f7b93907000] [id=9106]

VM state:not at safepoint (normal execution)

VM Mutex/Monitor currently owned by a thread: None

Heap:
 PSYoungGen      total 305664K, used 82140K [0x00000000eab00000, 0x0000000100000000, 0x0000000100000000)
  eden space 262144K, 31% used [0x00000000eab00000,0x00000000efb37318,0x00000000fab00000)
  from space 43520K, 0% used [0x00000000fd580000,0x00000000fd580000,0x0000000100000000)
  to   space 43520K, 0% used [0x00000000fab00000,0x00000000fab00000,0x00000000fd580000)
 ParOldGen       total 699392K, used 18192K [0x00000000c0000000, 0x00000000eab00000, 0x00000000eab00000)
  object space 699392K, 2% used [0x00000000c0000000,0x00000000c11c42e8,0x00000000eab00000)
 Metaspace       used 37387K, capacity 37700K, committed 37928K, reserved 1081344K
  class space    used 6767K, capacity 6844K, committed 6952K, reserved 1048576K

Card table byte_map: [0x00007f7babbff000,0x00007f7babe00000] byte_map_base: 0x00007f7bab5ff000

Marking Bits: (ParMarkBitMap*) 0x00007f7bba90a000
 Begin Bits: [0x00007f7ba98a7000, 0x00007f7baa8a7000)
 End Bits:   [0x00007f7baa8a7000, 0x00007f7bab8a7000)

Polling page: 0x00007f7bbb75a000

CodeCache: size=131072Kb used=7120Kb max_used=7131Kb free=123951Kb
 bounds [0x00007f7bac000000, 0x00007f7bac710000, 0x00007f7bb4000000]
 total_blobs=3498 nmethods=3080 adapters=331
 compilation: enabled

Compilation events (10 events):
Event: 5.743 Thread 0x00007f7bb413b800 nmethod 3281 0x00007f7bac40bbd0 code [0x00007f7bac40bd60, 0x00007f7bac40bf98]
Event: 5.743 Thread 0x00007f7bb413b800 3282       2       sbt.AList$$anon$8::toList (6 bytes)
Event: 5.752 Thread 0x00007f7bb4138800 nmethod 3253 0x00007f7bac4087d0 code [0x00007f7bac408940, 0x00007f7bac408b98]
Event: 5.752 Thread 0x00007f7bb4138800 3288       4       scala.Some::get (5 bytes)
Event: 5.753 Thread 0x00007f7bb413b800 nmethod 3282 0x00007f7bac4082d0 code [0x00007f7bac408440, 0x00007f7bac408688]
Event: 5.753 Thread 0x00007f7bb413b800 3287       3       java.util.IdentityHashMap::get (60 bytes)
Event: 5.753 Thread 0x00007f7bb413b800 nmethod 3287 0x00007f7bac407a50 code [0x00007f7bac407c00, 0x00007f7bac4080a8]
Event: 5.753 Thread 0x00007f7bb413b800 3286       2       scala.collection.immutable.List::toList (2 bytes)
Event: 5.753 Thread 0x00007f7bb413b800 nmethod 3286 0x00007f7bac407710 code [0x00007f7bac407860, 0x00007f7bac4079b0]
Event: 5.753 Thread 0x00007f7bb413b800 3284       2       sbt.AList$$anon$10::foldr (11 bytes)

GC Heap History (8 events):
Event: 1.878 GC heap before
{Heap before GC invocations=1 (full 0):
 PSYoungGen      total 305664K, used 99633K [0x00000000eab00000, 0x0000000100000000, 0x0000000100000000)
  eden space 262144K, 38% used [0x00000000eab00000,0x00000000f0c4c6b8,0x00000000fab00000)
  from space 43520K, 0% used [0x00000000fd580000,0x00000000fd580000,0x0000000100000000)
  to   space 43520K, 0% used [0x00000000fab00000,0x00000000fab00000,0x00000000fd580000)
 ParOldGen       total 699392K, used 0K [0x00000000c0000000, 0x00000000eab00000, 0x00000000eab00000)
  object space 699392K, 0% used [0x00000000c0000000,0x00000000c0000000,0x00000000eab00000)
 Metaspace       used 20881K, capacity 21190K, committed 21296K, reserved 1067008K
  class space    used 3545K, capacity 3668K, committed 3712K, reserved 1048576K
Event: 1.916 GC heap after
Heap after GC invocations=1 (full 0):
 PSYoungGen      total 305664K, used 15636K [0x00000000eab00000, 0x0000000100000000, 0x0000000100000000)
  eden space 262144K, 0% used [0x00000000eab00000,0x00000000eab00000,0x00000000fab00000)
  from space 43520K, 35% used [0x00000000fab00000,0x00000000fba450c8,0x00000000fd580000)
  to   space 43520K, 0% used [0x00000000fd580000,0x00000000fd580000,0x0000000100000000)
 ParOldGen       total 699392K, used 8K [0x00000000c0000000, 0x00000000eab00000, 0x00000000eab00000)
  object space 699392K, 0% used [0x00000000c0000000,0x00000000c0002000,0x00000000eab00000)
 Metaspace       used 20881K, capacity 21190K, committed 21296K, reserved 1067008K
  class space    used 3545K, capacity 3668K, committed 3712K, reserved 1048576K
}
Event: 1.916 GC heap before
{Heap before GC invocations=2 (full 1):
 PSYoungGen      total 305664K, used 15636K [0x00000000eab00000, 0x0000000100000000, 0x0000000100000000)
  eden space 262144K, 0% used [0x00000000eab00000,0x00000000eab00000,0x00000000fab00000)
  from space 43520K, 35% used [0x00000000fab00000,0x00000000fba450c8,0x00000000fd580000)
  to   space 43520K, 0% used [0x00000000fd580000,0x00000000fd580000,0x0000000100000000)
 ParOldGen       total 699392K, used 8K [0x00000000c0000000, 0x00000000eab00000, 0x00000000eab00000)
  object space 699392K, 0% used [0x00000000c0000000,0x00000000c0002000,0x00000000eab00000)
 Metaspace       used 20881K, capacity 21190K, committed 21296K, reserved 1067008K
  class space    used 3545K, capacity 3668K, committed 3712K, reserved 1048576K
Event: 1.976 GC heap after
Heap after GC invocations=2 (full 1):
 PSYoungGen      total 305664K, used 0K [0x00000000eab00000, 0x0000000100000000, 0x0000000100000000)
  eden space 262144K, 0% used [0x00000000eab00000,0x00000000eab00000,0x00000000fab00000)
  from space 43520K, 0% used [0x00000000fab00000,0x00000000fab00000,0x00000000fd580000)
  to   space 43520K, 0% used [0x00000000fd580000,0x00000000fd580000,0x0000000100000000)
 ParOldGen       total 699392K, used 14872K [0x00000000c0000000, 0x00000000eab00000, 0x00000000eab00000)
  object space 699392K, 2% used [0x00000000c0000000,0x00000000c0e860f0,0x00000000eab00000)
 Metaspace       used 20881K, capacity 21190K, committed 21296K, reserved 1067008K
  class space    used 3545K, capacity 3668K, committed 3712K, reserved 1048576K
}
Event: 4.440 GC heap before
{Heap before GC invocations=3 (full 1):
 PSYoungGen      total 305664K, used 110101K [0x00000000eab00000, 0x0000000100000000, 0x0000000100000000)
  eden space 262144K, 42% used [0x00000000eab00000,0x00000000f1685588,0x00000000fab00000)
  from space 43520K, 0% used [0x00000000fab00000,0x00000000fab00000,0x00000000fd580000)
  to   space 43520K, 0% used [0x00000000fd580000,0x00000000fd580000,0x0000000100000000)
 ParOldGen       total 699392K, used 14872K [0x00000000c0000000, 0x00000000eab00000, 0x00000000eab00000)
  object space 699392K, 2% used [0x00000000c0000000,0x00000000c0e860f0,0x00000000eab00000)
 Metaspace       used 35096K, capacity 35440K, committed 35496K, reserved 1079296K
  class space    used 6201K, capacity 6304K, committed 6312K, reserved 1048576K
Event: 4.478 GC heap after
Heap after GC invocations=3 (full 1):
 PSYoungGen      total 305664K, used 15180K [0x00000000eab00000, 0x0000000100000000, 0x0000000100000000)
  eden space 262144K, 0% used [0x00000000eab00000,0x00000000eab00000,0x00000000fab00000)
  from space 43520K, 34% used [0x00000000fd580000,0x00000000fe453068,0x0000000100000000)
  to   space 43520K, 0% used [0x00000000fab00000,0x00000000fab00000,0x00000000fd580000)
 ParOldGen       total 699392K, used 14880K [0x00000000c0000000, 0x00000000eab00000, 0x00000000eab00000)
  object space 699392K, 2% used [0x00000000c0000000,0x00000000c0e880f0,0x00000000eab00000)
 Metaspace       used 35096K, capacity 35440K, committed 35496K, reserved 1079296K
  class space    used 6201K, capacity 6304K, committed 6312K, reserved 1048576K
}
Event: 4.479 GC heap before
{Heap before GC invocations=4 (full 2):
 PSYoungGen      total 305664K, used 15180K [0x00000000eab00000, 0x0000000100000000, 0x0000000100000000)
  eden space 262144K, 0% used [0x00000000eab00000,0x00000000eab00000,0x00000000fab00000)
  from space 43520K, 34% used [0x00000000fd580000,0x00000000fe453068,0x0000000100000000)
  to   space 43520K, 0% used [0x00000000fab00000,0x00000000fab00000,0x00000000fd580000)
 ParOldGen       total 699392K, used 14880K [0x00000000c0000000, 0x00000000eab00000, 0x00000000eab00000)
  object space 699392K, 2% used [0x00000000c0000000,0x00000000c0e880f0,0x00000000eab00000)
 Metaspace       used 35096K, capacity 35440K, committed 35496K, reserved 1079296K
  class space    used 6201K, capacity 6304K, committed 6312K, reserved 1048576K
Event: 4.559 GC heap after
Heap after GC invocations=4 (full 2):
 PSYoungGen      total 305664K, used 0K [0x00000000eab00000, 0x0000000100000000, 0x0000000100000000)
  eden space 262144K, 0% used [0x00000000eab00000,0x00000000eab00000,0x00000000fab00000)
  from space 43520K, 0% used [0x00000000fd580000,0x00000000fd580000,0x0000000100000000)
  to   space 43520K, 0% used [0x00000000fab00000,0x00000000fab00000,0x00000000fd580000)
 ParOldGen       total 699392K, used 18192K [0x00000000c0000000, 0x00000000eab00000, 0x00000000eab00000)
  object space 699392K, 2% used [0x00000000c0000000,0x00000000c11c42e8,0x00000000eab00000)
 Metaspace       used 35091K, capacity 35428K, committed 35496K, reserved 1079296K
  class space    used 6200K, capacity 6300K, committed 6312K, reserved 1048576K
}

Deoptimization events (10 events):
Event: 3.530 Thread 0x00007f7bb4009800 Uncommon trap: reason=class_check action=maybe_recompile pc=0x00007f7bac277a28 method=sun.misc.URLClassPath.getResource(Ljava/lang/String;Z)Lsun/misc/Resource; @ 62
Event: 3.536 Thread 0x00007f7bb4009800 Uncommon trap: reason=class_check action=maybe_recompile pc=0x00007f7bac1bb160 method=sun.misc.URLClassPath.getLoader(I)Lsun/misc/URLClassPath$Loader; @ 193
Event: 3.537 Thread 0x00007f7bb4009800 Uncommon trap: reason=unstable_if action=reinterpret pc=0x00007f7bac2bb870 method=java.util.concurrent.ConcurrentHashMap.putVal(Ljava/lang/Object;Ljava/lang/Object;Z)Ljava/lang/Object; @ 181
Event: 3.542 Thread 0x00007f7bb4009800 Uncommon trap: reason=class_check action=maybe_recompile pc=0x00007f7bac1bb11c method=sun.misc.URLClassPath.getLoader(I)Lsun/misc/URLClassPath$Loader; @ 94
Event: 3.543 Thread 0x00007f7bb4009800 Uncommon trap: reason=class_check action=maybe_recompile pc=0x00007f7bac1bb160 method=sun.misc.URLClassPath.getLoader(I)Lsun/misc/URLClassPath$Loader; @ 193
Event: 4.269 Thread 0x00007f7bb4009800 Uncommon trap: reason=class_check action=maybe_recompile pc=0x00007f7bac54afd0 method=scala.runtime.ScalaRunTime$.array_update(Ljava/lang/Object;ILjava/lang/Object;)V @ 8
Event: 4.269 Thread 0x00007f7bb4009800 Uncommon trap: reason=class_check action=maybe_recompile pc=0x00007f7bac54afd0 method=scala.runtime.ScalaRunTime$.array_update(Ljava/lang/Object;ILjava/lang/Object;)V @ 8
Event: 4.269 Thread 0x00007f7bb4009800 Uncommon trap: reason=class_check action=maybe_recompile pc=0x00007f7bac54afd0 method=scala.runtime.ScalaRunTime$.array_update(Ljava/lang/Object;ILjava/lang/Object;)V @ 8
Event: 4.269 Thread 0x00007f7bb4009800 Uncommon trap: reason=class_check action=maybe_recompile pc=0x00007f7bac54afd0 method=scala.runtime.ScalaRunTime$.array_update(Ljava/lang/Object;ILjava/lang/Object;)V @ 8
Event: 5.142 Thread 0x00007f7bb5634800 Uncommon trap: reason=unstable_if action=reinterpret pc=0x00007f7bac3094ec method=java.net.URI.match(CJJ)Z @ 45

Internal exceptions (10 events):
Event: 2.132 Thread 0x00007f7bb4009800 Exception <a 'java/lang/ClassNotFoundException': scala/reflect/ScalaSignature> (0x00000000eae539b0) thrown at [/build/openjdk-8-aAuh2m/openjdk-8-8u66-b17/src/hotspot/src/share/vm/classfile/systemDictionary.cpp, line 210]
Event: 2.132 Thread 0x00007f7bb4009800 Exception <a 'java/lang/ClassNotFoundException': scala/reflect/ScalaLongSignature> (0x00000000eae54228) thrown at [/build/openjdk-8-aAuh2m/openjdk-8-8u66-b17/src/hotspot/src/share/vm/classfile/systemDictionary.cpp, line 210]
Event: 2.136 Thread 0x00007f7bb4009800 Exception <a 'java/lang/ClassNotFoundException': scala/reflect/ScalaSignature> (0x00000000eae62ae0) thrown at [/build/openjdk-8-aAuh2m/openjdk-8-8u66-b17/src/hotspot/src/share/vm/classfile/systemDictionary.cpp, line 210]
Event: 2.136 Thread 0x00007f7bb4009800 Exception <a 'java/lang/ClassNotFoundException': scala/reflect/ScalaLongSignature> (0x00000000eae63170) thrown at [/build/openjdk-8-aAuh2m/openjdk-8-8u66-b17/src/hotspot/src/share/vm/classfile/systemDictionary.cpp, line 210]
Event: 2.137 Thread 0x00007f7bb4009800 Exception <a 'java/lang/ArrayIndexOutOfBoundsException'> (0x00000000eae674d0) thrown at [/build/openjdk-8-aAuh2m/openjdk-8-8u66-b17/src/hotspot/src/share/vm/runtime/sharedRuntime.cpp, line 605]
Event: 2.678 Thread 0x00007f7bb4009800 Exception <a 'java/lang/ArrayIndexOutOfBoundsException'> (0x00000000ecf67310) thrown at [/build/openjdk-8-aAuh2m/openjdk-8-8u66-b17/src/hotspot/src/share/vm/runtime/sharedRuntime.cpp, line 605]
Event: 2.722 Thread 0x00007f7bb4009800 Exception <a 'java/lang/ArrayIndexOutOfBoundsException'> (0x00000000ed0873d0) thrown at [/build/openjdk-8-aAuh2m/openjdk-8-8u66-b17/src/hotspot/src/share/vm/runtime/sharedRuntime.cpp, line 605]
Event: 2.728 Thread 0x00007f7bb4009800 Exception <a 'java/lang/ArrayIndexOutOfBoundsException'> (0x00000000ed0ac868) thrown at [/build/openjdk-8-aAuh2m/openjdk-8-8u66-b17/src/hotspot/src/share/vm/runtime/sharedRuntime.cpp, line 605]
Event: 3.830 Thread 0x00007f7bb4009800 Exception <a 'java/lang/ClassNotFoundException': java/net> (0x00000000efc73e88) thrown at [/build/openjdk-8-aAuh2m/openjdk-8-8u66-b17/src/hotspot/src/share/vm/classfile/systemDictionary.cpp, line 210]
Event: 3.830 Thread 0x00007f7bb4009800 Exception <a 'java/lang/ClassNotFoundException': java/net/package> (0x00000000efc74e40) thrown at [/build/openjdk-8-aAuh2m/openjdk-8-8u66-b17/src/hotspot/src/share/vm/classfile/systemDictionary.cpp, line 210]

Events (10 events):
Event: 5.727 loading class sbt/inc/ClassfileManager
Event: 5.727 loading class sbt/inc/ClassfileManager done
Event: 5.728 loading class sbt/inc/IncOptions$$anonfun$1
Event: 5.728 loading class sbt/inc/IncOptions$$anonfun$1 done
Event: 5.732 loading class sbt/Defaults$$anonfun$scalaInstanceTask$1$$anonfun$apply$11
Event: 5.732 loading class sbt/Defaults$$anonfun$scalaInstanceTask$1$$anonfun$apply$11 done
Event: 5.734 loading class sbt/PathFinder$$anonfun$strict$1
Event: 5.734 loading class sbt/PathFinder$$anonfun$strict$1 done
Event: 5.747 Thread 0x00007f7bb4009800 DEOPT PACKING pc=0x00007f7bac54b3c2 sp=0x00007f7bbb720c90
Event: 5.747 Thread 0x00007f7bb4009800 DEOPT UNPACKING pc=0x00007f7bac046f73 sp=0x00007f7bbb7209d8 mode 0


Dynamic libraries:
00400000-00401000 r-xp 00000000 08:05 1965720                            /usr/lib/jvm/java-8-openjdk-amd64/jre/bin/java
00600000-00601000 r--p 00000000 08:05 1965720                            /usr/lib/jvm/java-8-openjdk-amd64/jre/bin/java
00601000-00602000 rw-p 00001000 08:05 1965720                            /usr/lib/jvm/java-8-openjdk-amd64/jre/bin/java
022da000-022fb000 rw-p 00000000 00:00 0                                  [heap]
c0000000-1006ca000 rw-p 00000000 00:00 0 
1006ca000-140000000 ---p 00000000 00:00 0 
7f7b6c000000-7f7b6c047000 rw-p 00000000 00:00 0 
7f7b6c047000-7f7b70000000 ---p 00000000 00:00 0 
7f7b70000000-7f7b70021000 rw-p 00000000 00:00 0 
7f7b70021000-7f7b74000000 ---p 00000000 00:00 0 
7f7b74000000-7f7b74021000 rw-p 00000000 00:00 0 
7f7b74021000-7f7b78000000 ---p 00000000 00:00 0 
7f7b78000000-7f7b78021000 rw-p 00000000 00:00 0 
7f7b78021000-7f7b7c000000 ---p 00000000 00:00 0 
7f7b7c000000-7f7b7c021000 rw-p 00000000 00:00 0 
7f7b7c021000-7f7b80000000 ---p 00000000 00:00 0 
7f7b80000000-7f7b80021000 rw-p 00000000 00:00 0 
7f7b80021000-7f7b84000000 ---p 00000000 00:00 0 
7f7b84000000-7f7b857c7000 rw-p 00000000 00:00 0 
7f7b857c7000-7f7b88000000 ---p 00000000 00:00 0 
7f7b88000000-7f7b8869d000 rw-p 00000000 00:00 0 
7f7b8869d000-7f7b8c000000 ---p 00000000 00:00 0 
7f7b8c000000-7f7b8c021000 rw-p 00000000 00:00 0 
7f7b8c021000-7f7b90000000 ---p 00000000 00:00 0 
7f7b9119c000-7f7b9119f000 rw-p 00000000 00:00 0 
7f7b9119f000-7f7b911a2000 ---p 00000000 00:00 0 
7f7b911a2000-7f7b912a0000 rw-p 00000000 00:00 0                          [stack:9130]
7f7b912a0000-7f7b912a3000 ---p 00000000 00:00 0 
7f7b912a3000-7f7b913e1000 rw-p 00000000 00:00 0                          [stack:9129]
7f7b913e1000-7f7b915a1000 ---p 00000000 00:00 0 
7f7b915a1000-7f7b915a4000 ---p 00000000 00:00 0 
7f7b915a4000-7f7b916a2000 rw-p 00000000 00:00 0                          [stack:9127]
7f7b916a2000-7f7b916a5000 ---p 00000000 00:00 0 
7f7b916a5000-7f7b919a3000 rw-p 00000000 00:00 0                          [stack:9128]
7f7b919a3000-7f7b91ba3000 rw-p 00000000 00:00 0 
7f7b91ba3000-7f7b91da3000 rw-p 00000000 00:00 0 
7f7b91da3000-7f7b91fa3000 rw-p 00000000 00:00 0 
7f7b91fa3000-7f7b91fb6000 r--s 00346000 08:05 1972150                    /usr/lib/jvm/java-8-openjdk-amd64/jre/lib/resources.jar
7f7b91fb6000-7f7b921b6000 rw-p 00000000 00:00 0 
7f7b921b6000-7f7b923b6000 rw-p 00000000 00:00 0 
7f7b923b6000-7f7b925b6000 rw-p 00000000 00:00 0 
7f7b925b6000-7f7b927b6000 rw-p 00000000 00:00 0 
7f7b927b6000-7f7b9282f000 r--s 010e9000 08:05 1970299                    /usr/lib/jvm/java-8-openjdk-amd64/lib/tools.jar
7f7b9282f000-7f7b92a2f000 rw-p 00000000 00:00 0 
7f7b92a2f000-7f7b92c2f000 rw-p 00000000 00:00 0 
7f7b92c2f000-7f7b92c34000 r--s 00096000 08:05 1972143                    /usr/lib/jvm/java-8-openjdk-amd64/jre/lib/jsse.jar
7f7b92c34000-7f7b92c37000 ---p 00000000 00:00 0 
7f7b92c37000-7f7b92c6d000 rw-p 00000000 00:00 0                          [stack:9117]
7f7b92c6d000-7f7b92c6f000 r--s 0000b000 08:05 799873                     /home/stan/.sbt/boot/scala-2.10.4/org.scala-sbt/sbt/0.13.8/xsbti/interface-0.13.8.jar
7f7b92c6f000-7f7b92c72000 r--s 00013000 08:05 556506                     /home/stan/.sbt/boot/scala-2.10.4/org.scala-sbt/sbt/0.13.8/classpath-0.13.8.jar
7f7b92c72000-7f7b92e72000 rw-p 00000000 00:00 0 
7f7b92e72000-7f7b92e7a000 r--s 00060000 08:05 556509                     /home/stan/.sbt/boot/scala-2.10.4/org.scala-sbt/sbt/0.13.8/collections-0.13.8.jar
7f7b92e7a000-7f7b92e7d000 r--s 00018000 08:05 556495                     /home/stan/.sbt/boot/scala-2.10.4/org.scala-sbt/sbt/0.13.8/logging-0.13.8.jar
7f7b92e7d000-7f7b92e7f000 r--s 00002000 08:05 556510                     /home/stan/.sbt/boot/scala-2.10.4/org.scala-sbt/sbt/0.13.8/control-0.13.8.jar
7f7b92e7f000-7f7b92e81000 r--s 00006000 08:05 556517                     /home/stan/.sbt/boot/scala-2.10.4/org.scala-sbt/sbt/0.13.8/relation-0.13.8.jar
7f7b92e81000-7f7b92e8b000 r--s 00085000 08:05 556511                     /home/stan/.sbt/boot/scala-2.10.4/org.scala-sbt/sbt/0.13.8/json4s-core_2.10-3.2.10.jar
7f7b92e8b000-7f7b92e8f000 r--s 00022000 08:05 556515                     /home/stan/.sbt/boot/scala-2.10.4/org.scala-sbt/sbt/0.13.8/sbinary_2.10-0.4.2.jar
7f7b92e8f000-7f7b92e91000 r--s 00001000 08:05 556513                     /home/stan/.sbt/boot/scala-2.10.4/org.scala-sbt/sbt/0.13.8/compiler-ivy-integration-0.13.8.jar
7f7b92e91000-7f7b92e92000 r--s 00001000 08:05 556488                     /home/stan/.sbt/boot/scala-2.10.4/org.scala-sbt/sbt/0.13.8/json4s-support_2.10-0.6.0.jar
7f7b92e92000-7f7b92e93000 r--s 00005000 08:05 556516                     /home/stan/.sbt/boot/scala-2.10.4/org.scala-sbt/sbt/0.13.8/test-agent-0.13.8.jar
7f7b92e93000-7f7b92e9c000 r--s 0006e000 08:05 556503                     /home/stan/.sbt/boot/scala-2.10.4/org.scala-sbt/sbt/0.13.8/actions-0.13.8.jar
7f7b92e9c000-7f7b92eab000 r--s 000bb000 08:05 556497                     /home/stan/.sbt/boot/scala-2.10.4/org.scala-sbt/sbt/0.13.8/scala-pickling_2.10-0.10.0.jar
7f7b92eab000-7f7b92ead000 r--s 00013000 08:05 556490                     /home/stan/.sbt/boot/scala-2.10.4/org.scala-sbt/sbt/0.13.8/json4s-ast_2.10-3.2.10.jar
7f7b92ead000-7f7b92eae000 r--s 00005000 08:05 556508                     /home/stan/.sbt/boot/scala-2.10.4/org.scala-sbt/sbt/0.13.8/sbt-0.13.8.jar
7f7b92eae000-7f7b92eb8000 r--s 0006e000 08:05 556472                     /home/stan/.sbt/boot/scala-2.10.4/org.scala-sbt/sbt/0.13.8/incremental-compiler-0.13.8.jar
7f7b92eb8000-7f7b92ebb000 r--s 0001e000 08:05 556491                     /home/stan/.sbt/boot/scala-2.10.4/org.scala-sbt/sbt/0.13.8/run-0.13.8.jar
7f7b92ebb000-7f7b92ec5000 r--s 00092000 08:05 556474                     /home/stan/.sbt/boot/scala-2.10.4/org.scala-sbt/sbt/0.13.8/main-settings-0.13.8.jar
7f7b92ec5000-7f7b92ec8000 r--s 0001d000 08:05 556496                     /home/stan/.sbt/boot/scala-2.10.4/org.scala-sbt/sbt/0.13.8/tasks-0.13.8.jar
7f7b92ec8000-7f7b92ecb000 r--s 0001a000 08:05 556514                     /home/stan/.sbt/boot/scala-2.10.4/org.scala-sbt/sbt/0.13.8/cache-0.13.8.jar
7f7b92ecb000-7f7b92ed1000 r--s 0003d000 08:05 556493                     /home/stan/.sbt/boot/scala-2.10.4/org.scala-sbt/sbt/0.13.8/io-0.13.8.jar
7f7b92ed1000-7f7b92ed9000 r--s 00057000 08:05 556486                     /home/stan/.sbt/boot/scala-2.10.4/org.scala-sbt/sbt/0.13.8/completion-0.13.8.jar
7f7b92ed9000-7f7b92ee5000 r--s 000a4000 08:05 556470                     /home/stan/.sbt/boot/scala-2.10.4/org.scala-sbt/sbt/0.13.8/quasiquotes_2.10-2.0.1.jar
7f7b92ee5000-7f7b92ee7000 r--s 00012000 08:05 556494                     /home/stan/.sbt/boot/scala-2.10.4/org.scala-sbt/sbt/0.13.8/jawn-parser_2.10-0.6.0.jar
7f7b92ee7000-7f7b92efd000 r--s 00100000 08:05 556477                     /home/stan/.sbt/boot/scala-2.10.4/org.scala-sbt/sbt/0.13.8/ivy-2.3.0-sbt-fccfbd44c9f64523b61398a0155784dcbaeae28f.jar
7f7b92efd000-7f7b92f01000 r--s 00034000 08:05 556471                     /home/stan/.sbt/boot/scala-2.10.4/org.scala-sbt/sbt/0.13.8/jsch-0.1.46.jar
7f7b92f01000-7f7b92f2d000 r--s 00235000 08:05 556476                     /home/stan/.sbt/boot/scala-2.10.4/org.scala-sbt/sbt/0.13.8/main-0.13.8.jar
7f7b92f2d000-7f7b92f32000 r--s 00036000 08:05 556485                     /home/stan/.sbt/boot/scala-2.10.4/org.scala-sbt/sbt/0.13.8/command-0.13.8.jar
7f7b92f32000-7f7b92f35000 r--s 00012000 08:05 556484                     /home/stan/.sbt/boot/scala-2.10.4/org.scala-sbt/sbt/0.13.8/classfile-0.13.8.jar
7f7b92f35000-7f7b92f37000 r--s 00014000 08:05 556504                     /home/stan/.sbt/boot/scala-2.10.4/org.scala-sbt/sbt/0.13.8/apply-macro-0.13.8.jar
7f7b92f37000-7f7b92f57000 r--s 001a4000 08:05 556475                     /home/stan/.sbt/boot/scala-2.10.4/org.scala-sbt/sbt/0.13.8/ivy-0.13.8.jar
7f7b92f57000-7f7b92f5a000 r--s 0001d000 08:05 556498                     /home/stan/.sbt/boot/scala-2.10.4/org.scala-sbt/sbt/0.13.8/task-system-0.13.8.jar
7f7b92f5a000-7f7b92f5d000 r--s 00030000 08:05 556500                     /home/stan/.sbt/boot/scala-2.10.4/org.scala-sbt/sbt/0.13.8/jline-2.11.jar
7f7b92f5d000-7f7b92f93000 r--s 002d9000 08:05 556473                     /home/stan/.sbt/boot/scala-2.10.4/org.scala-sbt/sbt/0.13.8/scala-reflect-2.10.4.jar
7f7b92f93000-7f7b92f98000 r--s 00036000 08:05 556467                     /home/stan/.sbt/boot/scala-2.10.4/org.scala-sbt/sbt/0.13.8/compile-0.13.8.jar
7f7b92f98000-7f7b92f9f000 r--s 00049000 08:05 556512                     /home/stan/.sbt/boot/scala-2.10.4/org.scala-sbt/sbt/0.13.8/api-0.13.8.jar
7f7b92f9f000-7f7b92fa1000 r--s 00017000 08:05 556505                     /home/stan/.sbt/boot/scala-2.10.4/org.scala-sbt/sbt/0.13.8/testing-0.13.8.jar
7f7b92fa1000-7f7b92fa3000 r--s 0000e000 08:05 556501                     /home/stan/.sbt/boot/scala-2.10.4/org.scala-sbt/sbt/0.13.8/logic-0.13.8.jar
7f7b92fa3000-7f7b92fa7000 r--s 0001b000 08:05 556468                     /home/stan/.sbt/boot/scala-2.10.4/org.scala-sbt/sbt/0.13.8/process-0.13.8.jar
7f7b92fa7000-7f7b92fdd000 r--s 002d9000 08:05 799894                     /home/stan/.sbt/boot/scala-2.10.4/lib/scala-reflect.jar
7f7b92fdd000-7f7b930da000 r--s 00cca000 08:05 799892                     /home/stan/.sbt/boot/scala-2.10.4/lib/scala-compiler.jar
7f7b930da000-7f7b930eb000 r-xp 00000000 08:05 1966520                    /usr/lib/jvm/java-8-openjdk-amd64/jre/lib/amd64/libnio.so
7f7b930eb000-7f7b932eb000 ---p 00011000 08:05 1966520                    /usr/lib/jvm/java-8-openjdk-amd64/jre/lib/amd64/libnio.so
7f7b932eb000-7f7b932ec000 r--p 00011000 08:05 1966520                    /usr/lib/jvm/java-8-openjdk-amd64/jre/lib/amd64/libnio.so
7f7b932ec000-7f7b932ed000 rw-p 00012000 08:05 1966520                    /usr/lib/jvm/java-8-openjdk-amd64/jre/lib/amd64/libnio.so
7f7b932ed000-7f7b935ee000 rw-p 00000000 00:00 0 
7f7b935ee000-7f7b93605000 r-xp 00000000 08:05 1972128                    /usr/lib/jvm/java-8-openjdk-amd64/jre/lib/amd64/libnet.so
7f7b93605000-7f7b93804000 ---p 00017000 08:05 1972128                    /usr/lib/jvm/java-8-openjdk-amd64/jre/lib/amd64/libnet.so
7f7b93804000-7f7b93805000 r--p 00016000 08:05 1972128                    /usr/lib/jvm/java-8-openjdk-amd64/jre/lib/amd64/libnet.so
7f7b93805000-7f7b93806000 rw-p 00017000 08:05 1972128                    /usr/lib/jvm/java-8-openjdk-amd64/jre/lib/amd64/libnet.so
7f7b93806000-7f7b93807000 ---p 00000000 00:00 0 
7f7b93807000-7f7b93907000 rw-p 00000000 00:00 0                          [stack:9106]
7f7b93907000-7f7b9390a000 ---p 00000000 00:00 0 
7f7b9390a000-7f7b93a08000 rw-p 00000000 00:00 0                          [stack:9105]
7f7b93a08000-7f7b93a0b000 ---p 00000000 00:00 0 
7f7b93a0b000-7f7b93b09000 rw-p 00000000 00:00 0                          [stack:9104]
7f7b93b09000-7f7b93b0c000 ---p 00000000 00:00 0 
7f7b93b0c000-7f7b93c0a000 rw-p 00000000 00:00 0                          [stack:9103]
7f7b93c0a000-7f7b93c0d000 ---p 00000000 00:00 0 
7f7b93c0d000-7f7b93d0b000 rw-p 00000000 00:00 0                          [stack:9102]
7f7b93d0b000-7f7b93e3b000 r--p 00000000 08:05 1878043                    /usr/lib/locale/en_US.utf8/LC_COLLATE
7f7b93e3b000-7f7b94000000 r--p 00000000 08:05 1878136                    /usr/lib/locale/locale-archive
7f7b94000000-7f7b94021000 rw-p 00000000 00:00 0 
7f7b94021000-7f7b98000000 ---p 00000000 00:00 0 
7f7b98000000-7f7b98021000 rw-p 00000000 00:00 0 
7f7b98021000-7f7b9c000000 ---p 00000000 00:00 0 
7f7b9c000000-7f7b9c021000 rw-p 00000000 00:00 0 
7f7b9c021000-7f7ba0000000 ---p 00000000 00:00 0 
7f7ba0000000-7f7ba0021000 rw-p 00000000 00:00 0 
7f7ba0021000-7f7ba4000000 ---p 00000000 00:00 0 
7f7ba4000000-7f7ba4021000 rw-p 00000000 00:00 0 
7f7ba4021000-7f7ba8000000 ---p 00000000 00:00 0 
7f7ba8000000-7f7ba8001000 r--s 00001000 08:05 556518                     /home/stan/.sbt/boot/scala-2.10.4/org.scala-sbt/sbt/0.13.8/cross-0.13.8.jar
7f7ba8001000-7f7ba8003000 r--s 00001000 08:05 556492                     /home/stan/.sbt/boot/scala-2.10.4/org.scala-sbt/sbt/0.13.8/launcher-interface-0.13.8.jar
7f7ba8003000-7f7ba8006000 r--s 0001c000 08:05 556507                     /home/stan/.sbt/boot/scala-2.10.4/org.scala-sbt/sbt/0.13.8/compiler-integration-0.13.8.jar
7f7ba8006000-7f7ba8008000 r--s 0000b000 08:05 556489                     /home/stan/.sbt/boot/scala-2.10.4/org.scala-sbt/sbt/0.13.8/tracking-0.13.8.jar
7f7ba8008000-7f7ba800d000 r--s 00024000 08:05 556469                     /home/stan/.sbt/boot/scala-2.10.4/org.scala-sbt/sbt/0.13.8/persist-0.13.8.jar
7f7ba800d000-7f7ba8014000 r--s 0004b000 08:05 556487                     /home/stan/.sbt/boot/scala-2.10.4/org.scala-sbt/sbt/0.13.8/serialization_2.10-0.1.1.jar
7f7ba8014000-7f7ba8016000 r--s 00007000 08:05 556502                     /home/stan/.sbt/boot/scala-2.10.4/org.scala-sbt/sbt/0.13.8/paranamer-2.6.jar
7f7ba8016000-7f7ba8018000 r--s 00002000 08:05 556499                     /home/stan/.sbt/boot/scala-2.10.4/org.scala-sbt/sbt/0.13.8/test-interface-1.0.jar
7f7ba8018000-7f7ba808a000 r--s 0065a000 08:05 799896                     /home/stan/.sbt/boot/scala-2.10.4/lib/scala-library.jar
7f7ba808a000-7f7ba808d000 r--s 00018000 08:05 799893                     /home/stan/.sbt/boot/scala-2.10.4/lib/jansi.jar
7f7ba808d000-7f7ba8091000 r--s 00025000 08:05 799895                     /home/stan/.sbt/boot/scala-2.10.4/lib/jline.jar
7f7ba8091000-7f7ba80ad000 r--s 0010c000 08:05 2623443                    /home/stan/sbt/bin/sbt-launch.jar
7f7ba80ad000-7f7ba80af000 r--s 00007000 08:05 132693                     /usr/share/java/java-atk-wrapper.jar
7f7ba80af000-7f7ba80b2000 r--s 0000f000 08:05 1966362                    /usr/lib/jvm/java-8-openjdk-amd64/jre/lib/ext/icedtea-sound.jar
7f7ba80b2000-7f7ba80ce000 r--s 00393000 08:05 1966212                    /usr/lib/jvm/java-8-openjdk-amd64/jre/lib/ext/cldrdata.jar
7f7ba80ce000-7f7ba80d1000 ---p 00000000 00:00 0 
7f7ba80d1000-7f7ba81cf000 rw-p 00000000 00:00 0                          [stack:9101]
7f7ba81cf000-7f7ba81d2000 ---p 00000000 00:00 0 
7f7ba81d2000-7f7ba82d0000 rw-p 00000000 00:00 0                          [stack:9100]
7f7ba82d0000-7f7ba82d1000 ---p 00000000 00:00 0 
7f7ba82d1000-7f7ba8cda000 rw-p 00000000 00:00 0                          [stack:9099]
7f7ba8cda000-7f7ba8ea7000 r--s 03be8000 08:05 1966440                    /usr/lib/jvm/java-8-openjdk-amd64/jre/lib/rt.jar
7f7ba8ea7000-7f7bab8a7000 rw-p 00000000 00:00 0 
7f7bab8a7000-7f7bab8a8000 ---p 00000000 00:00 0 
7f7bab8a8000-7f7bab9a8000 rw-p 00000000 00:00 0                          [stack:9098]
7f7bab9a8000-7f7bab9a9000 ---p 00000000 00:00 0 
7f7bab9a9000-7f7babe1d000 rw-p 00000000 00:00 0                          [stack:9097]
7f7babe1d000-7f7bac000000 ---p 00000000 00:00 0 
7f7bac000000-7f7bac710000 rwxp 00000000 00:00 0 
7f7bac710000-7f7bb4000000 ---p 00000000 00:00 0 
7f7bb4000000-7f7bb5638000 rw-p 00000000 00:00 0 
7f7bb5638000-7f7bb8000000 ---p 00000000 00:00 0 
7f7bb8000000-7f7bb8001000 r--s 00008000 08:05 1966428                    /usr/lib/jvm/java-8-openjdk-amd64/jre/lib/ext/sunec.jar
7f7bb8001000-7f7bb8002000 r--s 00010000 08:05 1966216                    /usr/lib/jvm/java-8-openjdk-amd64/jre/lib/ext/zipfs.jar
7f7bb8002000-7f7bb8008000 r--s 0003a000 08:05 1966412                    /usr/lib/jvm/java-8-openjdk-amd64/jre/lib/ext/sunjce_provider.jar
7f7bb8008000-7f7bb8012000 r--s 00116000 08:05 1966222                    /usr/lib/jvm/java-8-openjdk-amd64/jre/lib/ext/localedata.jar
7f7bb8012000-7f7bb8014000 r--s 00001000 08:05 1966424                    /usr/lib/jvm/java-8-openjdk-amd64/jre/lib/ext/dnsns.jar
7f7bb8014000-7f7bb8053000 r--p 00000000 08:05 1878040                    /usr/lib/locale/en_US.utf8/LC_CTYPE
7f7bb8053000-7f7bb80c9000 rw-p 00000000 00:00 0 
7f7bb80c9000-7f7bb80d1000 r-xp 00000000 08:05 1966601                    /usr/lib/jvm/java-8-openjdk-amd64/jre/lib/amd64/libzip.so
7f7bb80d1000-7f7bb82d0000 ---p 00008000 08:05 1966601                    /usr/lib/jvm/java-8-openjdk-amd64/jre/lib/amd64/libzip.so
7f7bb82d0000-7f7bb82d1000 r--p 00007000 08:05 1966601                    /usr/lib/jvm/java-8-openjdk-amd64/jre/lib/amd64/libzip.so
7f7bb82d1000-7f7bb82d2000 rw-p 00008000 08:05 1966601                    /usr/lib/jvm/java-8-openjdk-amd64/jre/lib/amd64/libzip.so
7f7bb82d2000-7f7bb82de000 r-xp 00000000 08:05 786537                     /lib/x86_64-linux-gnu/libnss_files-2.21.so
7f7bb82de000-7f7bb84dd000 ---p 0000c000 08:05 786537                     /lib/x86_64-linux-gnu/libnss_files-2.21.so
7f7bb84dd000-7f7bb84de000 r--p 0000b000 08:05 786537                     /lib/x86_64-linux-gnu/libnss_files-2.21.so
7f7bb84de000-7f7bb84df000 rw-p 0000c000 08:05 786537                     /lib/x86_64-linux-gnu/libnss_files-2.21.so
7f7bb84df000-7f7bb84ea000 r-xp 00000000 08:05 786548                     /lib/x86_64-linux-gnu/libnss_nis-2.21.so
7f7bb84ea000-7f7bb86e9000 ---p 0000b000 08:05 786548                     /lib/x86_64-linux-gnu/libnss_nis-2.21.so
7f7bb86e9000-7f7bb86ea000 r--p 0000a000 08:05 786548                     /lib/x86_64-linux-gnu/libnss_nis-2.21.so
7f7bb86ea000-7f7bb86eb000 rw-p 0000b000 08:05 786548                     /lib/x86_64-linux-gnu/libnss_nis-2.21.so
7f7bb86eb000-7f7bb8702000 r-xp 00000000 08:05 786542                     /lib/x86_64-linux-gnu/libnsl-2.21.so
7f7bb8702000-7f7bb8901000 ---p 00017000 08:05 786542                     /lib/x86_64-linux-gnu/libnsl-2.21.so
7f7bb8901000-7f7bb8902000 r--p 00016000 08:05 786542                     /lib/x86_64-linux-gnu/libnsl-2.21.so
7f7bb8902000-7f7bb8903000 rw-p 00017000 08:05 786542                     /lib/x86_64-linux-gnu/libnsl-2.21.so
7f7bb8903000-7f7bb8905000 rw-p 00000000 00:00 0 
7f7bb8905000-7f7bb890d000 r-xp 00000000 08:05 786538                     /lib/x86_64-linux-gnu/libnss_compat-2.21.so
7f7bb890d000-7f7bb8b0c000 ---p 00008000 08:05 786538                     /lib/x86_64-linux-gnu/libnss_compat-2.21.so
7f7bb8b0c000-7f7bb8b0d000 r--p 00007000 08:05 786538                     /lib/x86_64-linux-gnu/libnss_compat-2.21.so
7f7bb8b0d000-7f7bb8b0e000 rw-p 00008000 08:05 786538                     /lib/x86_64-linux-gnu/libnss_compat-2.21.so
7f7bb8b0e000-7f7bb8b3b000 r-xp 00000000 08:05 1972109                    /usr/lib/jvm/java-8-openjdk-amd64/jre/lib/amd64/libjava.so
7f7bb8b3b000-7f7bb8d3a000 ---p 0002d000 08:05 1972109                    /usr/lib/jvm/java-8-openjdk-amd64/jre/lib/amd64/libjava.so
7f7bb8d3a000-7f7bb8d3b000 r--p 0002c000 08:05 1972109                    /usr/lib/jvm/java-8-openjdk-amd64/jre/lib/amd64/libjava.so
7f7bb8d3b000-7f7bb8d3d000 rw-p 0002d000 08:05 1972109                    /usr/lib/jvm/java-8-openjdk-amd64/jre/lib/amd64/libjava.so
7f7bb8d3d000-7f7bb8d4c000 r-xp 00000000 08:05 1972122                    /usr/lib/jvm/java-8-openjdk-amd64/jre/lib/amd64/libverify.so
7f7bb8d4c000-7f7bb8f4b000 ---p 0000f000 08:05 1972122                    /usr/lib/jvm/java-8-openjdk-amd64/jre/lib/amd64/libverify.so
7f7bb8f4b000-7f7bb8f4d000 r--p 0000e000 08:05 1972122                    /usr/lib/jvm/java-8-openjdk-amd64/jre/lib/amd64/libverify.so
7f7bb8f4d000-7f7bb8f4e000 rw-p 00010000 08:05 1972122                    /usr/lib/jvm/java-8-openjdk-amd64/jre/lib/amd64/libverify.so
7f7bb8f4e000-7f7bb8f55000 r-xp 00000000 08:05 786535                     /lib/x86_64-linux-gnu/librt-2.21.so
7f7bb8f55000-7f7bb9154000 ---p 00007000 08:05 786535                     /lib/x86_64-linux-gnu/librt-2.21.so
7f7bb9154000-7f7bb9155000 r--p 00006000 08:05 786535                     /lib/x86_64-linux-gnu/librt-2.21.so
7f7bb9155000-7f7bb9156000 rw-p 00007000 08:05 786535                     /lib/x86_64-linux-gnu/librt-2.21.so
7f7bb9156000-7f7bb916c000 r-xp 00000000 08:05 788866                     /lib/x86_64-linux-gnu/libgcc_s.so.1
7f7bb916c000-7f7bb936b000 ---p 00016000 08:05 788866                     /lib/x86_64-linux-gnu/libgcc_s.so.1
7f7bb936b000-7f7bb936c000 r--p 00015000 08:05 788866                     /lib/x86_64-linux-gnu/libgcc_s.so.1
7f7bb936c000-7f7bb936d000 rw-p 00016000 08:05 788866                     /lib/x86_64-linux-gnu/libgcc_s.so.1
7f7bb936d000-7f7bb9474000 r-xp 00000000 08:05 786550                     /lib/x86_64-linux-gnu/libm-2.21.so
7f7bb9474000-7f7bb9673000 ---p 00107000 08:05 786550                     /lib/x86_64-linux-gnu/libm-2.21.so
7f7bb9673000-7f7bb9674000 r--p 00106000 08:05 786550                     /lib/x86_64-linux-gnu/libm-2.21.so
7f7bb9674000-7f7bb9675000 rw-p 00107000 08:05 786550                     /lib/x86_64-linux-gnu/libm-2.21.so
7f7bb9675000-7f7bb97e8000 r-xp 00000000 08:05 1854826                    /usr/lib/x86_64-linux-gnu/libstdc++.so.6.0.21
7f7bb97e8000-7f7bb99e7000 ---p 00173000 08:05 1854826                    /usr/lib/x86_64-linux-gnu/libstdc++.so.6.0.21
7f7bb99e7000-7f7bb99f1000 r--p 00172000 08:05 1854826                    /usr/lib/x86_64-linux-gnu/libstdc++.so.6.0.21
7f7bb99f1000-7f7bb99f3000 rw-p 0017c000 08:05 1854826                    /usr/lib/x86_64-linux-gnu/libstdc++.so.6.0.21
7f7bb99f3000-7f7bb99f7000 rw-p 00000000 00:00 0 
7f7bb99f7000-7f7bba63c000 r-xp 00000000 08:05 1972116                    /usr/lib/jvm/java-8-openjdk-amd64/jre/lib/amd64/server/libjvm.so
7f7bba63c000-7f7bba83b000 ---p 00c45000 08:05 1972116                    /usr/lib/jvm/java-8-openjdk-amd64/jre/lib/amd64/server/libjvm.so
7f7bba83b000-7f7bba8ce000 r--p 00c44000 08:05 1972116                    /usr/lib/jvm/java-8-openjdk-amd64/jre/lib/amd64/server/libjvm.so
7f7bba8ce000-7f7bba8f6000 rw-p 00cd7000 08:05 1972116                    /usr/lib/jvm/java-8-openjdk-amd64/jre/lib/amd64/server/libjvm.so
7f7bba8f6000-7f7bba925000 rw-p 00000000 00:00 0 
7f7bba925000-7f7bba93d000 r-xp 00000000 08:05 786536                     /lib/x86_64-linux-gnu/libpthread-2.21.so
7f7bba93d000-7f7bbab3d000 ---p 00018000 08:05 786536                     /lib/x86_64-linux-gnu/libpthread-2.21.so
7f7bbab3d000-7f7bbab3e000 r--p 00018000 08:05 786536                     /lib/x86_64-linux-gnu/libpthread-2.21.so
7f7bbab3e000-7f7bbab3f000 rw-p 00019000 08:05 786536                     /lib/x86_64-linux-gnu/libpthread-2.21.so
7f7bbab3f000-7f7bbab43000 rw-p 00000000 00:00 0 
7f7bbab43000-7f7bbab46000 r-xp 00000000 08:05 786547                     /lib/x86_64-linux-gnu/libdl-2.21.so
7f7bbab46000-7f7bbad45000 ---p 00003000 08:05 786547                     /lib/x86_64-linux-gnu/libdl-2.21.so
7f7bbad45000-7f7bbad46000 r--p 00002000 08:05 786547                     /lib/x86_64-linux-gnu/libdl-2.21.so
7f7bbad46000-7f7bbad47000 rw-p 00003000 08:05 786547                     /lib/x86_64-linux-gnu/libdl-2.21.so
7f7bbad47000-7f7bbad60000 r-xp 00000000 08:05 785304                     /lib/x86_64-linux-gnu/libz.so.1.2.8
7f7bbad60000-7f7bbaf5f000 ---p 00019000 08:05 785304                     /lib/x86_64-linux-gnu/libz.so.1.2.8
7f7bbaf5f000-7f7bbaf60000 r--p 00018000 08:05 785304                     /lib/x86_64-linux-gnu/libz.so.1.2.8
7f7bbaf60000-7f7bbaf61000 rw-p 00019000 08:05 785304                     /lib/x86_64-linux-gnu/libz.so.1.2.8
7f7bbaf61000-7f7bbb121000 r-xp 00000000 08:05 786551                     /lib/x86_64-linux-gnu/libc-2.21.so
7f7bbb121000-7f7bbb321000 ---p 001c0000 08:05 786551                     /lib/x86_64-linux-gnu/libc-2.21.so
7f7bbb321000-7f7bbb325000 r--p 001c0000 08:05 786551                     /lib/x86_64-linux-gnu/libc-2.21.so
7f7bbb325000-7f7bbb327000 rw-p 001c4000 08:05 786551                     /lib/x86_64-linux-gnu/libc-2.21.so
7f7bbb327000-7f7bbb32b000 rw-p 00000000 00:00 0 
7f7bbb32b000-7f7bbb338000 r-xp 00000000 08:05 1972123                    /usr/lib/jvm/java-8-openjdk-amd64/jre/lib/amd64/jli/libjli.so
7f7bbb338000-7f7bbb538000 ---p 0000d000 08:05 1972123                    /usr/lib/jvm/java-8-openjdk-amd64/jre/lib/amd64/jli/libjli.so
7f7bbb538000-7f7bbb539000 r--p 0000d000 08:05 1972123                    /usr/lib/jvm/java-8-openjdk-amd64/jre/lib/amd64/jli/libjli.so
7f7bbb539000-7f7bbb53a000 rw-p 0000e000 08:05 1972123                    /usr/lib/jvm/java-8-openjdk-amd64/jre/lib/amd64/jli/libjli.so
7f7bbb53a000-7f7bbb55e000 r-xp 00000000 08:05 786545                     /lib/x86_64-linux-gnu/ld-2.21.so
7f7bbb55e000-7f7bbb579000 r--s 001d4000 08:05 1966432                    /usr/lib/jvm/java-8-openjdk-amd64/jre/lib/ext/nashorn.jar
7f7bbb579000-7f7bbb57d000 r--s 00037000 08:05 1966418                    /usr/lib/jvm/java-8-openjdk-amd64/jre/lib/ext/sunpkcs11.jar
7f7bbb57d000-7f7bbb625000 rw-p 00000000 00:00 0 
7f7bbb625000-7f7bbb628000 ---p 00000000 00:00 0 
7f7bbb628000-7f7bbb72b000 rw-p 00000000 00:00 0                          [stack:9096]
7f7bbb72b000-7f7bbb72c000 r--s 0000a000 08:05 1966408                    /usr/lib/jvm/java-8-openjdk-amd64/jre/lib/ext/jaccess.jar
7f7bbb72c000-7f7bbb72d000 r--p 00000000 08:05 1878041                    /usr/lib/locale/en_US.utf8/LC_NUMERIC
7f7bbb72d000-7f7bbb72e000 r--p 00000000 08:05 1878116                    /usr/lib/locale/en_US.utf8/LC_TIME
7f7bbb72e000-7f7bbb72f000 r--p 00000000 08:05 1878117                    /usr/lib/locale/en_US.utf8/LC_MONETARY
7f7bbb72f000-7f7bbb730000 r--p 00000000 08:05 1878118                    /usr/lib/locale/en_US.utf8/LC_MESSAGES/SYS_LC_MESSAGES
7f7bbb730000-7f7bbb731000 r--p 00000000 08:05 1878046                    /usr/lib/locale/en_US.utf8/LC_PAPER
7f7bbb731000-7f7bbb732000 r--p 00000000 08:05 1878047                    /usr/lib/locale/en_US.utf8/LC_NAME
7f7bbb732000-7f7bbb733000 r--p 00000000 08:05 1878119                    /usr/lib/locale/en_US.utf8/LC_ADDRESS
7f7bbb733000-7f7bbb734000 r--p 00000000 08:05 1878120                    /usr/lib/locale/en_US.utf8/LC_TELEPHONE
7f7bbb734000-7f7bbb735000 r--p 00000000 08:05 1878050                    /usr/lib/locale/en_US.utf8/LC_MEASUREMENT
7f7bbb735000-7f7bbb73c000 r--s 00000000 08:05 1832706                    /usr/lib/x86_64-linux-gnu/gconv/gconv-modules.cache
7f7bbb73c000-7f7bbb73d000 r--p 00000000 08:05 1878121                    /usr/lib/locale/en_US.utf8/LC_IDENTIFICATION
7f7bbb73d000-7f7bbb751000 rw-p 00000000 00:00 0 
7f7bbb751000-7f7bbb759000 rw-s 00000000 08:05 2249016                    /tmp/hsperfdata_stan/9095
7f7bbb759000-7f7bbb75a000 rw-p 00000000 00:00 0 
7f7bbb75a000-7f7bbb75b000 r--p 00000000 00:00 0 
7f7bbb75b000-7f7bbb75d000 rw-p 00000000 00:00 0 
7f7bbb75d000-7f7bbb75e000 r--p 00023000 08:05 786545                     /lib/x86_64-linux-gnu/ld-2.21.so
7f7bbb75e000-7f7bbb75f000 rw-p 00024000 08:05 786545                     /lib/x86_64-linux-gnu/ld-2.21.so
7f7bbb75f000-7f7bbb760000 rw-p 00000000 00:00 0 
7ffd82769000-7ffd8278a000 rw-p 00000000 00:00 0                          [stack]
7ffd8279a000-7ffd8279c000 r--p 00000000 00:00 0                          [vvar]
7ffd8279c000-7ffd8279e000 r-xp 00000000 00:00 0                          [vdso]
ffffffffff600000-ffffffffff601000 r-xp 00000000 00:00 0                  [vsyscall]

VM Arguments:
jvm_args: -Xms1024m -Xmx1024m -XX:ReservedCodeCacheSize=128m -XX:MaxMetaspaceSize=256m 
java_command: /home/stan/sbt/bin/sbt-launch.jar
java_class_path (initial): /home/stan/sbt/bin/sbt-launch.jar
Launcher Type: SUN_STANDARD

Environment Variables:
PATH=/usr/local/sbin:/usr/local/bin:/usr/sbin:/usr/bin:/sbin:/bin:/usr/games:/usr/local/games:/home/stan/c:/home/stan/sbt/bin
SHELL=/bin/bash
DISPLAY=:0

Signal Handlers:
SIGSEGV: [libjvm.so+0xa5d4d0], sa_mask[0]=11111111011111111101111111111110, sa_flags=SA_RESTART|SA_SIGINFO
SIGBUS: [libjvm.so+0xa5d4d0], sa_mask[0]=11111111011111111101111111111110, sa_flags=SA_RESTART|SA_SIGINFO
SIGFPE: [libjvm.so+0x8a9210], sa_mask[0]=11111111011111111101111111111110, sa_flags=SA_RESTART|SA_SIGINFO
SIGPIPE: [libjvm.so+0x8a9210], sa_mask[0]=11111111011111111101111111111110, sa_flags=SA_RESTART|SA_SIGINFO
SIGXFSZ: [libjvm.so+0x8a9210], sa_mask[0]=11111111011111111101111111111110, sa_flags=SA_RESTART|SA_SIGINFO
SIGILL: [libjvm.so+0x8a9210], sa_mask[0]=11111111011111111101111111111110, sa_flags=SA_RESTART|SA_SIGINFO
SIGUSR1: SIG_DFL, sa_mask[0]=00000000000000000000000000000000, sa_flags=none
SIGUSR2: [libjvm.so+0x8a90c0], sa_mask[0]=00000000000000000000000000000000, sa_flags=SA_RESTART|SA_SIGINFO
SIGHUP: [libjvm.so+0x8a9590], sa_mask[0]=11111111011111111101111111111110, sa_flags=SA_RESTART|SA_SIGINFO
SIGINT: [libjvm.so+0x8a9590], sa_mask[0]=11111111011111111101111111111110, sa_flags=SA_RESTART|SA_SIGINFO
SIGTERM: [libjvm.so+0x8a9590], sa_mask[0]=11111111011111111101111111111110, sa_flags=SA_RESTART|SA_SIGINFO
SIGQUIT: [libjvm.so+0x8a9590], sa_mask[0]=11111111011111111101111111111110, sa_flags=SA_RESTART|SA_SIGINFO


---------------  S Y S T E M  ---------------

OS:DISTRIB_ID=Ubuntu
DISTRIB_RELEASE=15.10
DISTRIB_CODENAME=wily
DISTRIB_DESCRIPTION="Ubuntu 15.10"

uname:Linux 4.2.0-29-generic #34-Ubuntu SMP Mon Feb 8 16:57:47 UTC 2016 x86_64
libc:glibc 2.21 NPTL 2.21 
rlimit: STACK 8192k, CORE 0k, NPROC 15669, NOFILE 65536, AS infinity
load average:1.28 1.18 1.15

/proc/meminfo:
MemTotal:        4045796 kB
MemFree:          361868 kB
MemAvailable:    1230920 kB
Buffers:          190560 kB
Cached:           685708 kB
SwapCached:         4580 kB
Active:          2015388 kB
Inactive:        1389900 kB
Active(anon):    1597924 kB
Inactive(anon):   983080 kB
Active(file):     417464 kB
Inactive(file):   406820 kB
Unevictable:          80 kB
Mlocked:              80 kB
SwapTotal:       1275540 kB
SwapFree:        1182404 kB
Dirty:              2300 kB
Writeback:             0 kB
AnonPages:       2525588 kB
Mapped:           231344 kB
Shmem:             51980 kB
Slab:             152456 kB
SReclaimable:      74492 kB
SUnreclaim:        77964 kB
KernelStack:        8608 kB
PageTables:        38636 kB
NFS_Unstable:          0 kB
Bounce:                0 kB
WritebackTmp:          0 kB
CommitLimit:     3298436 kB
Committed_AS:    8202368 kB
VmallocTotal:   34359738367 kB
VmallocUsed:       78524 kB
VmallocChunk:   34359586812 kB
HardwareCorrupted:     0 kB
AnonHugePages:    555008 kB
CmaTotal:              0 kB
CmaFree:               0 kB
HugePages_Total:       0
HugePages_Free:        0
HugePages_Rsvd:        0
HugePages_Surp:        0
Hugepagesize:       2048 kB
DirectMap4k:     1072064 kB
DirectMap2M:     3121152 kB


CPU:total 2 (2 cores per cpu, 1 threads per core) family 6 model 15 stepping 11, cmov, cx8, fxsr, mmx, sse, sse2, sse3, ssse3, tsc

/proc/cpuinfo:
processor	: 0
vendor_id	: GenuineIntel
cpu family	: 6
model		: 15
model name	: Intel(R) Core(TM)2 Duo CPU     E6550  @ 2.33GHz
stepping	: 11
microcode	: 0xba
cpu MHz		: 2333.534
cache size	: 4096 KB
physical id	: 0
siblings	: 2
core id		: 0
cpu cores	: 2
apicid		: 0
initial apicid	: 0
fpu		: yes
fpu_exception	: yes
cpuid level	: 10
wp		: yes
flags		: fpu vme de pse tsc msr pae mce cx8 apic sep mtrr pge mca cmov pat pse36 clflush dts acpi mmx fxsr sse sse2 ss ht tm pbe syscall nx lm constant_tsc arch_perfmon pebs bts rep_good nopl aperfmperf pni dtes64 monitor ds_cpl vmx smx est tm2 ssse3 cx16 xtpr pdcm lahf_lm dtherm tpr_shadow vnmi flexpriority
bugs		:
bogomips	: 4667.06
clflush size	: 64
cache_alignment	: 64
address sizes	: 36 bits physical, 48 bits virtual
power management:

processor	: 1
vendor_id	: GenuineIntel
cpu family	: 6
model		: 15
model name	: Intel(R) Core(TM)2 Duo CPU     E6550  @ 2.33GHz
stepping	: 11
microcode	: 0xba
cpu MHz		: 2333.534
cache size	: 4096 KB
physical id	: 0
siblings	: 2
core id		: 1
cpu cores	: 2
apicid		: 1
initial apicid	: 1
fpu		: yes
fpu_exception	: yes
cpuid level	: 10
wp		: yes
flags		: fpu vme de pse tsc msr pae mce cx8 apic sep mtrr pge mca cmov pat pse36 clflush dts acpi mmx fxsr sse sse2 ss ht tm pbe syscall nx lm constant_tsc arch_perfmon pebs bts rep_good nopl aperfmperf pni dtes64 monitor ds_cpl vmx smx est tm2 ssse3 cx16 xtpr pdcm lahf_lm dtherm tpr_shadow vnmi flexpriority
bugs		:
bogomips	: 4667.06
clflush size	: 64
cache_alignment	: 64
address sizes	: 36 bits physical, 48 bits virtual
power management:



Memory: 4k page, physical 4045796k(361868k free), swap 1275540k(1182404k free)

vm_info: OpenJDK 64-Bit Server VM (25.66-b17) for linux-amd64 JRE (1.8.0_66-internal-b17), built on Oct 21 2015 22:08:46 by "buildd" with gcc 5.2.1 20151010

time: Sun Feb 28 19:04:54 2016
elapsed time: 6 seconds (0d 0h 0m 6s)

