#
# A fatal error has been detected by the Java Runtime Environment:
#
#  EXCEPTION_ACCESS_VIOLATION (0xc0000005) at pc=0xffffffffa39f5120, pid=6328, tid=7564
#
# JRE version: Java(TM) SE Runtime Environment (8.0_66-b18) (build 1.8.0_66-b18)
# Java VM: Java HotSpot(TM) 64-Bit Server VM (25.66-b18 mixed mode windows-amd64 compressed oops)
# Problematic frame:
# C  0xffffffffa39f5120
#
# Failed to write core dump. Minidumps are not enabled by default on client versions of Windows
#
# If you would like to submit a bug report, please visit:
#   http://bugreport.java.com/bugreport/crash.jsp
#

---------------  T H R E A D  ---------------

Current thread (0x0000000001e02000):  JavaThread "main" [_thread_in_Java, id=7564, stack(0x0000000002620000,0x0000000002720000)]

siginfo: ExceptionCode=0xc0000005, ExceptionInformation=0x0000000000000008 0xffffffffa39f5120

Registers:
RAX=0x00000000146c4820, RBX=0x0000000054b43e00, RCX=0x00000000c01461b0, RDX=0x00000000c01461b0
RSP=0x000000000271e828, RBP=0x000000000271e9d8, RSI=0x00000000c01461b0, RDI=0x0000000000001be0
R8 =0x00000000c04f3470, R9 =0x000000000059e560, R10=0x00000000146c4820, R11=0x0000000002d81be0
R12=0x0000000000000000, R13=0x000000000271e988, R14=0x0000000000000000, R15=0x0000000001e02000
RIP=0xffffffffa39f5120, EFLAGS=0x0000000000010202

Top of Stack: (sp=0x000000000271e828)
0x000000000271e828:   0000000002de2eb4 0000000054b43b9d
0x000000000271e838:   000000000271e880 0000000054c11cc0
0x000000000271e848:   0000000000000000 0000000054b43ba8
0x000000000271e858:   0000000000000000 000000000271e9d8
0x000000000271e868:   0000000002d81c3c 00000000029f7a01
0x000000000271e878:   00000000c04f3150 00000000c01461b0
0x000000000271e888:   000000000271e888 0000000054ba037a
0x000000000271e898:   000000000271e8e0 000000000271e9d8
0x000000000271e8a8:   0000000002de3da4 0000000054ba0388
0x000000000271e8b8:   0000000000000000 000000000271e8f0
0x000000000271e8c8:   000000000271e9d8 00000000c04f3428
0x000000000271e8d8:   00000000c01461b0 000000000271e9d8
0x000000000271e8e8:   0000000002d81c3c 000000000271e9d8
0x000000000271e8f8:   0000000002de39f4 0000000001e02000
0x000000000271e908:   0000000054b91878 0000000001e02000
0x000000000271e918:   000000000271ea38 000000000271e9d8 

Instructions: (pc=0xffffffffa39f5120)
0xffffffffa39f5100:   
[error occurred during error reporting (printing registers, top of stack, instructions near pc), id 0xc0000005]

Register to memory mapping:

RAX=0x00000000146c4820 is pointing into metadata
RBX={method} {0x0000000054b43e08} 'visitLiteral' '(Lcom/sun/tools/javac/tree/JCTree$JCLiteral;)V' in 'com/sun/tools/javac/tree/TreeScanner'
RCX=0x00000000c01461b0 is an oop
com.sun.tools.javac.comp.Lower$1 
 - klass: 'com/sun/tools/javac/comp/Lower$1'
RDX=0x00000000c01461b0 is an oop
com.sun.tools.javac.comp.Lower$1 
 - klass: 'com/sun/tools/javac/comp/Lower$1'
RSP=0x000000000271e828 is pointing into the stack for thread: 0x0000000001e02000
RBP=0x000000000271e9d8 is pointing into the stack for thread: 0x0000000001e02000
RSI=0x00000000c01461b0 is an oop
com.sun.tools.javac.comp.Lower$1 
 - klass: 'com/sun/tools/javac/comp/Lower$1'
RDI=0x0000000000001be0 is an unknown value
R8 =0x00000000c04f3470 is an oop
com.sun.tools.javac.tree.JCTree$JCLiteral 
 - klass: 'com/sun/tools/javac/tree/JCTree$JCLiteral'
R9 =0x000000000059e560 is an unknown value
R10=0x00000000146c4820 is pointing into metadata
R11=0x0000000002d81be0 is at entry_point+32 in (nmethod*)0x0000000002d81a50
R12=0x0000000000000000 is an unknown value
R13=0x000000000271e988 is pointing into the stack for thread: 0x0000000001e02000
R14=0x0000000000000000 is an unknown value
R15=0x0000000001e02000 is a thread


Stack: [0x0000000002620000,0x0000000002720000],  sp=0x000000000271e828,  free space=1018k
Native frames: (J=compiled Java code, j=interpreted, Vv=VM code, C=native code)
C  0xffffffffa39f5120


---------------  P R O C E S S  ---------------

Java Threads: ( => current thread )
  0x0000000056390800 JavaThread "Service Thread" daemon [_thread_blocked, id=6588, stack(0x0000000056830000,0x0000000056930000)]
  0x0000000054ffa800 JavaThread "C1 CompilerThread1" daemon [_thread_blocked, id=8116, stack(0x0000000055ab0000,0x0000000055bb0000)]
  0x0000000054f98000 JavaThread "C2 CompilerThread0" daemon [_thread_blocked, id=7772, stack(0x0000000056290000,0x0000000056390000)]
  0x0000000054f97800 JavaThread "Attach Listener" daemon [_thread_blocked, id=4548, stack(0x00000000560f0000,0x00000000561f0000)]
  0x0000000054fa3000 JavaThread "Signal Dispatcher" daemon [_thread_blocked, id=7756, stack(0x0000000055f20000,0x0000000056020000)]
  0x0000000054f3e000 JavaThread "Finalizer" daemon [_thread_blocked, id=2744, stack(0x0000000055da0000,0x0000000055ea0000)]
  0x0000000054f35000 JavaThread "Reference Handler" daemon [_thread_blocked, id=7832, stack(0x0000000055c50000,0x0000000055d50000)]
=>0x0000000001e02000 JavaThread "main" [_thread_in_Java, id=7564, stack(0x0000000002620000,0x0000000002720000)]

Other Threads:
  0x0000000054f30800 VMThread [stack: 0x00000000559a0000,0x0000000055aa0000] [id=7896]
  0x00000000563b5000 WatcherThread [stack: 0x0000000056b00000,0x0000000056c00000] [id=4864]

VM state:not at safepoint (normal execution)

VM Mutex/Monitor currently owned by a thread: None

Heap:
 PSYoungGen      total 25600K, used 11746K [0x00000000eab00000, 0x00000000ecb80000, 0x0000000100000000)
  eden space 17920K, 57% used [0x00000000eab00000,0x00000000eb50aef0,0x00000000ebc80000)
  from space 7680K, 19% used [0x00000000ec400000,0x00000000ec56dbd0,0x00000000ecb80000)
  to   space 7680K, 0% used [0x00000000ebc80000,0x00000000ebc80000,0x00000000ec400000)
 ParOldGen       total 28672K, used 17072K [0x00000000c0000000, 0x00000000c1c00000, 0x00000000eab00000)
  object space 28672K, 59% used [0x00000000c0000000,0x00000000c10ac228,0x00000000c1c00000)
 Metaspace       used 8853K, capacity 9246K, committed 9600K, reserved 1058816K
  class space    used 1015K, capacity 1042K, committed 1152K, reserved 1048576K

Card table byte_map: [0x0000000011db0000,0x0000000011fc0000] byte_map_base: 0x00000000117b0000

Marking Bits: (ParMarkBitMap*) 0x000000006234a5b0
 Begin Bits: [0x0000000012400000, 0x0000000013400000)
 End Bits:   [0x0000000013400000, 0x0000000014400000)

Polling page: 0x0000000000230000

CodeCache: size=245760Kb used=4273Kb max_used=4287Kb free=241487Kb
 bounds [0x00000000029f0000, 0x0000000002e30000, 0x00000000119f0000]
 total_blobs=1484 nmethods=1191 adapters=207
 compilation: enabled

Compilation events (10 events):
Event: 3.109 Thread 0x0000000054ffa800 1187       2       com.sun.tools.javac.code.Types$MembersClosureCache$MembersScope::getMark (8 bytes)
Event: 3.109 Thread 0x0000000054ffa800 nmethod 1187 0x0000000002e07dd0 code [0x0000000002e07f40, 0x0000000002e080c8]
Event: 3.109 Thread 0x0000000054ffa800 1188       2       com.sun.tools.javac.code.Types::implementation (13 bytes)
Event: 3.109 Thread 0x0000000054ffa800 nmethod 1188 0x0000000002e08150 code [0x0000000002e082c0, 0x0000000002e08448]
Event: 3.109 Thread 0x0000000054ffa800 1189       2       com.sun.tools.javac.code.Types$ImplementationCache::get (159 bytes)
Event: 3.110 Thread 0x0000000054ffa800 nmethod 1189 0x0000000002e08510 code [0x0000000002e08700, 0x0000000002e08dd8]
Event: 3.110 Thread 0x0000000054ffa800 1190       1       com.sun.tools.javac.tree.JCTree$JCUnary::getTag (5 bytes)
Event: 3.110 Thread 0x0000000054ffa800 nmethod 1190 0x0000000002e092d0 code [0x0000000002e09420, 0x0000000002e09530]
Event: 3.213 Thread 0x0000000054f98000 nmethod 675 0x0000000002e12b90 code [0x0000000002e13320, 0x0000000002e19aa8]
Event: 3.214 Thread 0x0000000054f98000  700       4       sun.nio.cs.UTF_8$Decoder::decode (779 bytes)

GC Heap History (10 events):
Event: 1.841 GC heap before
{Heap before GC invocations=11 (full 1):
 PSYoungGen      total 12800K, used 12674K [0x00000000eab00000, 0x00000000ec300000, 0x0000000100000000)
  eden space 10240K, 100% used [0x00000000eab00000,0x00000000eb500000,0x00000000eb500000)
  from space 2560K, 95% used [0x00000000eb500000,0x00000000eb760828,0x00000000eb780000)
  to   space 4096K, 0% used [0x00000000ebf00000,0x00000000ebf00000,0x00000000ec300000)
 ParOldGen       total 9216K, used 4503K [0x00000000c0000000, 0x00000000c0900000, 0x00000000eab00000)
  object space 9216K, 48% used [0x00000000c0000000,0x00000000c0465e10,0x00000000c0900000)
 Metaspace       used 7525K, capacity 8308K, committed 8448K, reserved 1056768K
  class space    used 892K, capacity 944K, committed 1024K, reserved 1048576K
Event: 1.907 GC heap after
Heap after GC invocations=11 (full 1):
 PSYoungGen      total 18432K, used 4080K [0x00000000eab00000, 0x00000000ec600000, 0x0000000100000000)
  eden space 14336K, 0% used [0x00000000eab00000,0x00000000eab00000,0x00000000eb900000)
  from space 4096K, 99% used [0x00000000ebf00000,0x00000000ec2fc228,0x00000000ec300000)
  to   space 6144K, 0% used [0x00000000eb900000,0x00000000eb900000,0x00000000ebf00000)
 ParOldGen       total 9216K, used 7507K [0x00000000c0000000, 0x00000000c0900000, 0x00000000eab00000)
  object space 9216K, 81% used [0x00000000c0000000,0x00000000c0754e90,0x00000000c0900000)
 Metaspace       used 7525K, capacity 8308K, committed 8448K, reserved 1056768K
  class space    used 892K, capacity 944K, committed 1024K, reserved 1048576K
}
Event: 1.907 GC heap before
{Heap before GC invocations=12 (full 2):
 PSYoungGen      total 18432K, used 4080K [0x00000000eab00000, 0x00000000ec600000, 0x0000000100000000)
  eden space 14336K, 0% used [0x00000000eab00000,0x00000000eab00000,0x00000000eb900000)
  from space 4096K, 99% used [0x00000000ebf00000,0x00000000ec2fc228,0x00000000ec300000)
  to   space 6144K, 0% used [0x00000000eb900000,0x00000000eb900000,0x00000000ebf00000)
 ParOldGen       total 9216K, used 7507K [0x00000000c0000000, 0x00000000c0900000, 0x00000000eab00000)
  object space 9216K, 81% used [0x00000000c0000000,0x00000000c0754e90,0x00000000c0900000)
 Metaspace       used 7525K, capacity 8308K, committed 8448K, reserved 1056768K
  class space    used 892K, capacity 944K, committed 1024K, reserved 1048576K
Event: 2.063 GC heap after
Heap after GC invocations=12 (full 2):
 PSYoungGen      total 18432K, used 495K [0x00000000eab00000, 0x00000000ec600000, 0x0000000100000000)
  eden space 14336K, 0% used [0x00000000eab00000,0x00000000eab00000,0x00000000eb900000)
  from space 4096K, 12% used [0x00000000ebf00000,0x00000000ebf7bf10,0x00000000ec300000)
  to   space 6144K, 0% used [0x00000000eb900000,0x00000000eb900000,0x00000000ebf00000)
 ParOldGen       total 16384K, used 8867K [0x00000000c0000000, 0x00000000c1000000, 0x00000000eab00000)
  object space 16384K, 54% used [0x00000000c0000000,0x00000000c08a8e08,0x00000000c1000000)
 Metaspace       used 7525K, capacity 8308K, committed 8448K, reserved 1056768K
  class space    used 892K, capacity 944K, committed 1024K, reserved 1048576K
}
Event: 2.226 GC heap before
{Heap before GC invocations=13 (full 2):
 PSYoungGen      total 18432K, used 14831K [0x00000000eab00000, 0x00000000ec600000, 0x0000000100000000)
  eden space 14336K, 100% used [0x00000000eab00000,0x00000000eb900000,0x00000000eb900000)
  from space 4096K, 12% used [0x00000000ebf00000,0x00000000ebf7bf10,0x00000000ec300000)
  to   space 6144K, 0% used [0x00000000eb900000,0x00000000eb900000,0x00000000ebf00000)
 ParOldGen       total 16384K, used 8867K [0x00000000c0000000, 0x00000000c1000000, 0x00000000eab00000)
  object space 16384K, 54% used [0x00000000c0000000,0x00000000c08a8e08,0x00000000c1000000)
 Metaspace       used 7540K, capacity 8308K, committed 8448K, reserved 1056768K
  class space    used 892K, capacity 944K, committed 1024K, reserved 1048576K
Event: 2.273 GC heap after
Heap after GC invocations=13 (full 2):
 PSYoungGen      total 20480K, used 6120K [0x00000000eab00000, 0x00000000ecc00000, 0x0000000100000000)
  eden space 14336K, 0% used [0x00000000eab00000,0x00000000eab00000,0x00000000eb900000)
  from space 6144K, 99% used [0x00000000eb900000,0x00000000ebefa3e0,0x00000000ebf00000)
  to   space 8192K, 0% used [0x00000000ec400000,0x00000000ec400000,0x00000000ecc00000)
 ParOldGen       total 16384K, used 11154K [0x00000000c0000000, 0x00000000c1000000, 0x00000000eab00000)
  object space 16384K, 68% used [0x00000000c0000000,0x00000000c0ae4970,0x00000000c1000000)
 Metaspace       used 7540K, capacity 8308K, committed 8448K, reserved 1056768K
  class space    used 892K, capacity 944K, committed 1024K, reserved 1048576K
}
Event: 2.444 GC heap before
{Heap before GC invocations=14 (full 2):
 PSYoungGen      total 20480K, used 20456K [0x00000000eab00000, 0x00000000ecc00000, 0x0000000100000000)
  eden space 14336K, 100% used [0x00000000eab00000,0x00000000eb900000,0x00000000eb900000)
  from space 6144K, 99% used [0x00000000eb900000,0x00000000ebefa3e0,0x00000000ebf00000)
  to   space 8192K, 0% used [0x00000000ec400000,0x00000000ec400000,0x00000000ecc00000)
 ParOldGen       total 16384K, used 11154K [0x00000000c0000000, 0x00000000c1000000, 0x00000000eab00000)
  object space 16384K, 68% used [0x00000000c0000000,0x00000000c0ae4970,0x00000000c1000000)
 Metaspace       used 7751K, capacity 8436K, committed 8704K, reserved 1056768K
  class space    used 905K, capacity 944K, committed 1024K, reserved 1048576K
Event: 2.515 GC heap after
Heap after GC invocations=14 (full 2):
 PSYoungGen      total 25600K, used 1527K [0x00000000eab00000, 0x00000000ecb80000, 0x0000000100000000)
  eden space 17920K, 0% used [0x00000000eab00000,0x00000000eab00000,0x00000000ebc80000)
  from space 7680K, 19% used [0x00000000ec400000,0x00000000ec57df60,0x00000000ecb80000)
  to   space 7680K, 0% used [0x00000000ebc80000,0x00000000ebc80000,0x00000000ec400000)
 ParOldGen       total 17408K, used 17243K [0x00000000c0000000, 0x00000000c1100000, 0x00000000eab00000)
  object space 17408K, 99% used [0x00000000c0000000,0x00000000c10d6dd0,0x00000000c1100000)
 Metaspace       used 7751K, capacity 8436K, committed 8704K, reserved 1056768K
  class space    used 905K, capacity 944K, committed 1024K, reserved 1048576K
}
Event: 2.515 GC heap before
{Heap before GC invocations=15 (full 3):
 PSYoungGen      total 25600K, used 1527K [0x00000000eab00000, 0x00000000ecb80000, 0x0000000100000000)
  eden space 17920K, 0% used [0x00000000eab00000,0x00000000eab00000,0x00000000ebc80000)
  from space 7680K, 19% used [0x00000000ec400000,0x00000000ec57df60,0x00000000ecb80000)
  to   space 7680K, 0% used [0x00000000ebc80000,0x00000000ebc80000,0x00000000ec400000)
 ParOldGen       total 17408K, used 17243K [0x00000000c0000000, 0x00000000c1100000, 0x00000000eab00000)
  object space 17408K, 99% used [0x00000000c0000000,0x00000000c10d6dd0,0x00000000c1100000)
 Metaspace       used 7751K, capacity 8436K, committed 8704K, reserved 1056768K
  class space    used 905K, capacity 944K, committed 1024K, reserved 1048576K
Event: 2.733 GC heap after
Heap after GC invocations=15 (full 3):
 PSYoungGen      total 25600K, used 1462K [0x00000000eab00000, 0x00000000ecb80000, 0x0000000100000000)
  eden space 17920K, 0% used [0x00000000eab00000,0x00000000eab00000,0x00000000ebc80000)
  from space 7680K, 19% used [0x00000000ec400000,0x00000000ec56dbd0,0x00000000ecb80000)
  to   space 7680K, 0% used [0x00000000ebc80000,0x00000000ebc80000,0x00000000ec400000)
 ParOldGen       total 28672K, used 17072K [0x00000000c0000000, 0x00000000c1c00000, 0x00000000eab00000)
  object space 28672K, 59% used [0x00000000c0000000,0x00000000c10ac228,0x00000000c1c00000)
 Metaspace       used 7751K, capacity 8436K, committed 8704K, reserved 1056768K
  class space    used 905K, capacity 944K, committed 1024K, reserved 1048576K
}

Deoptimization events (10 events):
Event: 1.372 Thread 0x0000000001e02000 Uncommon trap: reason=unstable_if action=reinterpret pc=0x0000000002b7c99c method=java.lang.String.indexOf([CII[CIII)I @ 134
Event: 1.372 Thread 0x0000000001e02000 Uncommon trap: reason=unloaded action=reinterpret pc=0x0000000002bab620 method=sun.misc.URLClassPath$JarLoader.getResource(Ljava/lang/String;Z)Lsun/misc/Resource; @ 67
Event: 1.388 Thread 0x0000000001e02000 Uncommon trap: reason=unstable_if action=reinterpret pc=0x0000000002c120bc method=java.util.HashMap.putVal(ILjava/lang/Object;Ljava/lang/Object;ZZ)Ljava/lang/Object; @ 193
Event: 2.194 Thread 0x0000000001e02000 Uncommon trap: reason=unstable_if action=reinterpret pc=0x0000000002be2b30 method=sun.nio.cs.UTF_8$Decoder.decode([BII[C)I @ 30
Event: 2.194 Thread 0x0000000001e02000 Uncommon trap: reason=unstable_if action=reinterpret pc=0x0000000002ce93e8 method=java.lang.StringCoding.safeTrim([CILjava/nio/charset/Charset;Z)[C @ 3
Event: 2.194 Thread 0x0000000001e02000 Uncommon trap: reason=unstable_if action=reinterpret pc=0x0000000002cd90f0 method=java.lang.StringCoding.safeTrim([CILjava/nio/charset/Charset;Z)[C @ 3
Event: 2.195 Thread 0x0000000001e02000 Uncommon trap: reason=unstable_if action=reinterpret pc=0x0000000002c1a44c method=java.lang.StringCoding.safeTrim([CILjava/nio/charset/Charset;Z)[C @ 3
Event: 2.867 Thread 0x0000000001e02000 Uncommon trap: reason=unstable_if action=reinterpret pc=0x0000000002b7f634 method=sun.misc.MetaIndex.mayContain(Ljava/lang/String;)Z @ 38
Event: 3.046 Thread 0x0000000001e02000 Uncommon trap: reason=class_check action=maybe_recompile pc=0x0000000002c0f2c8 method=java.util.HashMap.putVal(ILjava/lang/Object;Ljava/lang/Object;ZZ)Ljava/lang/Object; @ 253
Event: 3.099 Thread 0x0000000001e02000 Uncommon trap: reason=class_check action=maybe_recompile pc=0x0000000002c0f2c8 method=java.util.HashMap.putVal(ILjava/lang/Object;Ljava/lang/Object;ZZ)Ljava/lang/Object; @ 253

Internal exceptions (10 events):
Event: 2.283 Thread 0x0000000001e02000 Exception <a 'java/io/FileNotFoundException'> (0x00000000eab23620) thrown at [C:\re\workspace\8-2-build-windows-amd64-cygwin\jdk8u66\5298\hotspot\src\share\vm\prims\jni.cpp, line 709]
Event: 2.283 Thread 0x0000000001e02000 Exception <a 'java/io/FileNotFoundException'> (0x00000000eab24458) thrown at [C:\re\workspace\8-2-build-windows-amd64-cygwin\jdk8u66\5298\hotspot\src\share\vm\prims\jni.cpp, line 709]
Event: 2.283 Thread 0x0000000001e02000 Exception <a 'java/io/FileNotFoundException'> (0x00000000eab252c8) thrown at [C:\re\workspace\8-2-build-windows-amd64-cygwin\jdk8u66\5298\hotspot\src\share\vm\prims\jni.cpp, line 709]
Event: 2.283 Thread 0x0000000001e02000 Exception <a 'java/io/FileNotFoundException'> (0x00000000eab26170) thrown at [C:\re\workspace\8-2-build-windows-amd64-cygwin\jdk8u66\5298\hotspot\src\share\vm\prims\jni.cpp, line 709]
Event: 2.283 Thread 0x0000000001e02000 Exception <a 'java/io/FileNotFoundException'> (0x00000000eab29cd0) thrown at [C:\re\workspace\8-2-build-windows-amd64-cygwin\jdk8u66\5298\hotspot\src\share\vm\prims\jni.cpp, line 709]
Event: 2.284 Thread 0x0000000001e02000 Exception <a 'java/io/FileNotFoundException'> (0x00000000eab2ab38) thrown at [C:\re\workspace\8-2-build-windows-amd64-cygwin\jdk8u66\5298\hotspot\src\share\vm\prims\jni.cpp, line 709]
Event: 2.284 Thread 0x0000000001e02000 Exception <a 'java/io/FileNotFoundException'> (0x00000000eab2b968) thrown at [C:\re\workspace\8-2-build-windows-amd64-cygwin\jdk8u66\5298\hotspot\src\share\vm\prims\jni.cpp, line 709]
Event: 2.284 Thread 0x0000000001e02000 Exception <a 'java/io/FileNotFoundException'> (0x00000000eab2c7a0) thrown at [C:\re\workspace\8-2-build-windows-amd64-cygwin\jdk8u66\5298\hotspot\src\share\vm\prims\jni.cpp, line 709]
Event: 2.284 Thread 0x0000000001e02000 Exception <a 'java/io/FileNotFoundException'> (0x00000000eab2d5d0) thrown at [C:\re\workspace\8-2-build-windows-amd64-cygwin\jdk8u66\5298\hotspot\src\share\vm\prims\jni.cpp, line 709]
Event: 2.284 Thread 0x0000000001e02000 Exception <a 'java/io/FileNotFoundException'> (0x00000000eab2e470) thrown at [C:\re\workspace\8-2-build-windows-amd64-cygwin\jdk8u66\5298\hotspot\src\share\vm\prims\jni.cpp, line 709]

Events (10 events):
Event: 3.050 loading class com/sun/tools/javac/tree/TreeMaker$1 done
Event: 3.099 Thread 0x0000000001e02000 Uncommon trap: trap_request=0xffffffde fr.pc=0x0000000002c0f2c8
Event: 3.099 Thread 0x0000000001e02000 DEOPT PACKING pc=0x0000000002c0f2c8 sp=0x000000000271f2d0
Event: 3.099 Thread 0x0000000001e02000 DEOPT UNPACKING pc=0x0000000002a3556a sp=0x000000000271f1f8 mode 2
Event: 3.100 loading class com/sun/tools/javac/comp/Lower$7
Event: 3.100 loading class com/sun/tools/javac/comp/Lower$7 done
Event: 3.104 loading class com/sun/tools/javac/comp/Lower$FreeVarCollector
Event: 3.104 loading class com/sun/tools/javac/comp/Lower$FreeVarCollector done
Event: 3.104 loading class com/sun/tools/javac/comp/Lower$BasicFreeVarCollector
Event: 3.104 loading class com/sun/tools/javac/comp/Lower$BasicFreeVarCollector done


Dynamic libraries:
0x000000013f910000 - 0x000000013f917000 	C:\Program Files\Java\jdk1.8.0_66\bin\javac.exe
0x0000000077140000 - 0x00000000772e9000 	C:\Windows\SYSTEM32\ntdll.dll
0x0000000077020000 - 0x000000007713f000 	C:\Windows\system32\kernel32.dll
0x000007fefcf90000 - 0x000007fefcffb000 	C:\Windows\system32\KERNELBASE.dll
0x000000006f080000 - 0x000000006f0af000 	C:\Program Files\Java\jdk1.8.0_66\bin\jli.dll
0x000007fefe850000 - 0x000007fefe92b000 	C:\Windows\system32\ADVAPI32.dll
0x000007fefe9d0000 - 0x000007fefea6f000 	C:\Windows\system32\msvcrt.dll
0x000007feff320000 - 0x000007feff33f000 	C:\Windows\SYSTEM32\sechost.dll
0x000007fefd5e0000 - 0x000007fefd70d000 	C:\Windows\system32\RPCRT4.dll
0x000007fefb960000 - 0x000007fefbb54000 	C:\Windows\WinSxS\amd64_microsoft.windows.common-controls_6595b64144ccf1df_6.0.7601.17514_none_fa396087175ac9ac\COMCTL32.dll
0x000007feff3e0000 - 0x000007feff447000 	C:\Windows\system32\GDI32.dll
0x0000000076f20000 - 0x000000007701a000 	C:\Windows\system32\USER32.dll
0x000007fefd310000 - 0x000007fefd31e000 	C:\Windows\system32\LPK.dll
0x000007fefe780000 - 0x000007fefe849000 	C:\Windows\system32\USP10.dll
0x000007fefd320000 - 0x000007fefd391000 	C:\Windows\system32\SHLWAPI.dll
0x00000000642d0000 - 0x00000000643a2000 	C:\Program Files\Java\jdk1.8.0_66\bin\MSVCR100.dll
0x000007feff080000 - 0x000007feff0ae000 	C:\Windows\system32\IMM32.DLL
0x000007fefea70000 - 0x000007fefeb79000 	C:\Windows\system32\MSCTF.dll
0x00000000643b0000 - 0x0000000064482000 	C:\Program Files\Java\jdk1.8.0_66\jre\bin\msvcr100.dll
0x0000000061b40000 - 0x00000000623c9000 	C:\Program Files\Java\jdk1.8.0_66\jre\bin\server\jvm.dll
0x000007fef9ff0000 - 0x000007fef9ff9000 	C:\Windows\system32\WSOCK32.dll
0x000007fefecf0000 - 0x000007fefed3d000 	C:\Windows\system32\WS2_32.dll
0x000007fefed40000 - 0x000007fefed48000 	C:\Windows\system32\NSI.dll
0x000007fefaf20000 - 0x000007fefaf5b000 	C:\Windows\system32\WINMM.dll
0x000007fefc020000 - 0x000007fefc02c000 	C:\Windows\system32\VERSION.dll
0x0000000077310000 - 0x0000000077317000 	C:\Windows\system32\PSAPI.DLL
0x000000006f120000 - 0x000000006f12f000 	C:\Program Files\Java\jdk1.8.0_66\jre\bin\verify.dll
0x000000006f0f0000 - 0x000000006f119000 	C:\Program Files\Java\jdk1.8.0_66\jre\bin\java.dll
0x00000000642b0000 - 0x00000000642c6000 	C:\Program Files\Java\jdk1.8.0_66\jre\bin\zip.dll
0x000007fefd730000 - 0x000007fefe4b8000 	C:\Windows\system32\SHELL32.dll
0x000007feff0b0000 - 0x000007feff2b3000 	C:\Windows\system32\ole32.dll
0x000007fefcf50000 - 0x000007fefcf5f000 	C:\Windows\system32\profapi.dll
0x000007fef91c0000 - 0x000007fef92e5000 	C:\Windows\system32\dbghelp.dll

VM Arguments:
jvm_args: -Dfile.encoding=UTF8 -Dapplication.home=C:\Program Files\Java\jdk1.8.0_66 -Xms8m 
java_command: com.sun.tools.javac.Main @C:/Temp/sbt_5bc49e94/argfile
java_class_path (initial): C:\Program Files\Java\jdk1.8.0_66/lib/tools.jar;C:\Program Files\Java\jdk1.8.0_66/classes
Launcher Type: SUN_STANDARD

Environment Variables:
JAVA_TOOL_OPTIONS=-Dfile.encoding=UTF8
PATH=C:\Users\stan\bin;C:\Users\stan\bin;C:\Program Files\Git\usr\local\bin;C:\Program Files\Git\usr\bin;C:\Program Files\Git\usr\bin;C:\Program Files\ConEmu;C:\Program Files\ConEmu\ConEmu;C:\nodemodules;C:\Windows\System32;C:\Python210;C:\Python210\Scripts;C:\ProgramData\Oracle\Java\javapath;C:\Program Files (x86)\clisp-2.49;C:\lllvm\bin;G:\Rust\bin;C:\Program Files\Git\cmd;C:\Program Files (x86)\Windows Kits\8.1\Windows Performance Toolkit;C:\Program Files (x86)\Skype\Phone;C:\Program Files\nodejs;C:\Program Files (x86)\QuickTime\QTSystem;C:\Program Files (x86)\sbt\bin;C:\Program Files (x86)\Microsoft SDKs\TypeScript\1.0;C:\Program Files (x86)\gdipp;C:\Program Files\Common Files\Microsoft Shared\Windows Live;C:\Users\?1\AppData\Roaming\npm;C:\ProgramData\chocolatey\bin;C:\Go\bin;C:\min64\mingw64\bin;C:\Users\¸1\AppData\Local\Code\bin;C:\Users\¸1\AppData\Roaming\npm;C:\Program Files (x86)\Nodist\bin;C:\Program Files\Git\usr\bin\vendor_perl;C:\Program Files\Git\usr\bin\core_perl;C:\Program Files\Git\usr\bin\vendor_perl;C:\Program Files\Git\usr\bin\core_perl;C:\Program Files\Java\jre1.8.0_66\bin;C:\Program Files\Java\jdk1.8.0_66\bin;C:\Program Files\nodejs;C:\Program Files (x86)\sbt\bin;C:\Ruby21\bin
USERNAME=¸1
SHELL=C:/Program Files/Git/usr/bin/bash
OS=Windows_NT
PROCESSOR_IDENTIFIER=Intel64 Family 6 Model 15 Stepping 11, GenuineIntel



---------------  S Y S T E M  ---------------

OS: Windows 7 , 64 bit Build 7601 (6.1.7601.18015)

CPU:total 2 (2 cores per cpu, 1 threads per core) family 6 model 15 stepping 11, cmov, cx8, fxsr, mmx, sse, sse2, sse3, ssse3, tsc

Memory: 4k page, physical 4192820k(430952k free), swap 10765468k(968112k free)

vm_info: Java HotSpot(TM) 64-Bit Server VM (25.66-b18) for windows-amd64 JRE (1.8.0_66-b18), built on Nov  9 2015 10:51:13 by "java_re" with MS VC++ 10.0 (VS2010)

time: Mon Jan 18 14:16:38 2016
elapsed time: 3 seconds (0d 0h 0m 3s)

