#
# A fatal error has been detected by the Java Runtime Environment:
#
#  EXCEPTION_ACCESS_VIOLATION (0xc0000005) at pc=0xffffffffa3955120, pid=11180, tid=10728
#
# JRE version: Java(TM) SE Runtime Environment (8.0_66-b18) (build 1.8.0_66-b18)
# Java VM: Java HotSpot(TM) 64-Bit Server VM (25.66-b18 mixed mode windows-amd64 compressed oops)
# Problematic frame:
# C  0xffffffffa3955120
#
# Failed to write core dump. Minidumps are not enabled by default on client versions of Windows
#
# If you would like to submit a bug report, please visit:
#   http://bugreport.java.com/bugreport/crash.jsp
#

---------------  T H R E A D  ---------------

Current thread (0x0000000001ea2000):  JavaThread "main" [_thread_in_Java, id=10728, stack(0x00000000024d0000,0x00000000025d0000)]

siginfo: ExceptionCode=0xc0000005, ExceptionInformation=0x0000000000000008 0xffffffffa3955120

Registers:
RAX=0x00000000547af298, RBX=0x00000000547af298, RCX=0x00000000c0025e30, RDX=0x00000000c0025e30
RSP=0x00000000025ce838, RBP=0x00000000025ce8a0, RSI=0x0000000000000001, RDI=0x00000000eac197c0
R8 =0x0000000000000055, R9 =0x0000000001e7e560, R10=0x0000000057992140, R11=0x0000000002a644c0
R12=0x0000000000000000, R13=0x00000000025ce850, R14=0x00000000025ce8f0, R15=0x0000000001ea2000
RIP=0xffffffffa3955120, EFLAGS=0x0000000000010202

Top of Stack: (sp=0x00000000025ce838)
0x00000000025ce838:   00000000029571e0 00000000029572b0
0x00000000025ce848:   00000000029571e0 0000000000000055
0x00000000025ce858:   00000000c0025e30 00000000025ce860
0x00000000025ce868:   00000000547af741 00000000025ce8f0
0x00000000025ce878:   00000000547b2e50 0000000000000000
0x00000000025ce888:   00000000547af800 00000000025ce850
0x00000000025ce898:   00000000025ce8d8 00000000025ce938
0x00000000025ce8a8:   0000000002957790 0000000000000000
0x00000000025ce8b8:   0000000000000055 00000000eac197c0
0x00000000025ce8c8:   000000000000005c 0000000000000004
0x00000000025ce8d8:   0000000000000000 0000000000000055
0x00000000025ce8e8:   00000000eac196e8 00000000c0025e30
0x00000000025ce8f8:   00000000025ce8f8 00000000547af5fd
0x00000000025ce908:   00000000025ce980 00000000547b2e50
0x00000000025ce918:   0000000000000000 00000000547af668
0x00000000025ce928:   00000000025ce8d8 00000000025ce978 

Instructions: (pc=0xffffffffa3955120)
0xffffffffa3955100:   
[error occurred during error reporting (printing registers, top of stack, instructions near pc), id 0xc0000005]

Register to memory mapping:

RAX={method} {0x00000000547af2a0} 'isSlash' '(C)Z' in 'java/io/WinNTFileSystem'
RBX={method} {0x00000000547af2a0} 'isSlash' '(C)Z' in 'java/io/WinNTFileSystem'
RCX=0x00000000c0025e30 is an oop
java.io.WinNTFileSystem 
 - klass: 'java/io/WinNTFileSystem'
RDX=0x00000000c0025e30 is an oop
java.io.WinNTFileSystem 
 - klass: 'java/io/WinNTFileSystem'
RSP=0x00000000025ce838 is pointing into the stack for thread: 0x0000000001ea2000
RBP=0x00000000025ce8a0 is pointing into the stack for thread: 0x0000000001ea2000
RSI=0x0000000000000001 is an unknown value
RDI=0x00000000eac197c0 is an oop
java.lang.StringBuffer 
 - klass: 'java/lang/StringBuffer'
R8 =0x0000000000000055 is an unknown value
R9 =0x0000000001e7e560 is an unknown value
R10=0x0000000057992140 is an unknown value
R11=0x0000000002a644c0 is at entry_point+32 in (nmethod*)0x0000000002a64350
R12=0x0000000000000000 is an unknown value
R13=0x00000000025ce850 is pointing into the stack for thread: 0x0000000001ea2000
R14=0x00000000025ce8f0 is pointing into the stack for thread: 0x0000000001ea2000
R15=0x0000000001ea2000 is a thread


Stack: [0x00000000024d0000,0x00000000025d0000],  sp=0x00000000025ce838,  free space=1018k
Native frames: (J=compiled Java code, j=interpreted, Vv=VM code, C=native code)
C  0xffffffffa3955120


---------------  P R O C E S S  ---------------

Java Threads: ( => current thread )
  0x0000000056391000 JavaThread "Service Thread" daemon [_thread_blocked, id=12248, stack(0x0000000056840000,0x0000000056940000)]
  0x0000000054ff7000 JavaThread "C1 CompilerThread1" daemon [_thread_blocked, id=10876, stack(0x0000000056290000,0x0000000056390000)]
  0x0000000054fef000 JavaThread "C2 CompilerThread0" daemon [_thread_blocked, id=4440, stack(0x0000000056100000,0x0000000056200000)]
  0x0000000054fed800 JavaThread "Attach Listener" daemon [_thread_blocked, id=10132, stack(0x0000000055e40000,0x0000000055f40000)]
  0x0000000054fe9800 JavaThread "Signal Dispatcher" daemon [_thread_blocked, id=10768, stack(0x0000000055fc0000,0x00000000560c0000)]
  0x0000000054f8e000 JavaThread "Finalizer" daemon [_thread_blocked, id=10056, stack(0x0000000055d40000,0x0000000055e40000)]
  0x0000000054f85000 JavaThread "Reference Handler" daemon [_thread_blocked, id=5896, stack(0x0000000055b20000,0x0000000055c20000)]
=>0x0000000001ea2000 JavaThread "main" [_thread_in_Java, id=10728, stack(0x00000000024d0000,0x00000000025d0000)]

Other Threads:
  0x0000000054f80800 VMThread [stack: 0x00000000559f0000,0x0000000055af0000] [id=12124]
  0x00000000563b5000 WatcherThread [stack: 0x00000000569f0000,0x0000000056af0000] [id=4976]

VM state:not at safepoint (normal execution)

VM Mutex/Monitor currently owned by a thread: None

Heap:
 PSYoungGen      total 6656K, used 1632K [0x00000000eab00000, 0x00000000eb200000, 0x0000000100000000)
  eden space 6144K, 18% used [0x00000000eab00000,0x00000000eac200f0,0x00000000eb100000)
  from space 512K, 93% used [0x00000000eb180000,0x00000000eb1f8020,0x00000000eb200000)
  to   space 512K, 0% used [0x00000000eb100000,0x00000000eb100000,0x00000000eb180000)
 ParOldGen       total 5632K, used 961K [0x00000000c0000000, 0x00000000c0580000, 0x00000000eab00000)
  object space 5632K, 17% used [0x00000000c0000000,0x00000000c00f04d0,0x00000000c0580000)
 Metaspace       used 6710K, capacity 7796K, committed 8064K, reserved 1056768K
  class space    used 839K, capacity 880K, committed 896K, reserved 1048576K

Card table byte_map: [0x0000000011d10000,0x0000000011f20000] byte_map_base: 0x0000000011710000

Marking Bits: (ParMarkBitMap*) 0x00000000579aa5b0
 Begin Bits: [0x0000000012450000, 0x0000000013450000)
 End Bits:   [0x0000000013450000, 0x0000000014450000)

Polling page: 0x00000000001c0000

CodeCache: size=245760Kb used=1811Kb max_used=1823Kb free=243948Kb
 bounds [0x0000000002950000, 0x0000000002bc0000, 0x0000000011950000]
 total_blobs=578 nmethods=310 adapters=183
 compilation: enabled

Compilation events (10 events):
Event: 1.367 Thread 0x0000000054fef000  306       4       java.lang.String::<init> (82 bytes)
Event: 1.370 Thread 0x0000000054fef000 nmethod 306 0x0000000002b16e10 code [0x0000000002b16f60, 0x0000000002b171d8]
Event: 1.373 Thread 0x0000000054ff7000  307       3       com.sun.tools.javac.util.List::<init> (15 bytes)
Event: 1.373 Thread 0x0000000054ff7000 nmethod 307 0x0000000002b16990 code [0x0000000002b16b00, 0x0000000002b16d30]
Event: 1.374 Thread 0x0000000054fef000  308       4       java.io.WinNTFileSystem::isSlash (18 bytes)
Event: 1.374 Thread 0x0000000054ff7000  310       3       java.io.WinNTFileSystem::isLetter (30 bytes)
Event: 1.375 Thread 0x0000000054fef000 nmethod 308 0x0000000002b0e810 code [0x0000000002b0e940, 0x0000000002b0e998]
Event: 1.375 Thread 0x0000000054ff7000 nmethod 310 0x0000000002b18710 code [0x0000000002b18880, 0x0000000002b18af0]
Event: 1.375 Thread 0x0000000054fef000  309  s    4       java.lang.StringBuffer::append (13 bytes)
Event: 1.380 Thread 0x0000000054fef000 nmethod 309 0x0000000002b17d90 code [0x0000000002b17ee0, 0x0000000002b18438]

GC Heap History (8 events):
Event: 0.398 GC heap before
{Heap before GC invocations=1 (full 0):
 PSYoungGen      total 2048K, used 1534K [0x00000000eab00000, 0x00000000ead80000, 0x0000000100000000)
  eden space 1536K, 99% used [0x00000000eab00000,0x00000000eac7fba0,0x00000000eac80000)
  from space 512K, 0% used [0x00000000ead00000,0x00000000ead00000,0x00000000ead80000)
  to   space 512K, 0% used [0x00000000eac80000,0x00000000eac80000,0x00000000ead00000)
 ParOldGen       total 5632K, used 0K [0x00000000c0000000, 0x00000000c0580000, 0x00000000eab00000)
  object space 5632K, 0% used [0x00000000c0000000,0x00000000c0000000,0x00000000c0580000)
 Metaspace       used 3315K, capacity 4812K, committed 5120K, reserved 1056768K
  class space    used 385K, capacity 456K, committed 512K, reserved 1048576K
Event: 0.404 GC heap after
Heap after GC invocations=1 (full 0):
 PSYoungGen      total 2048K, used 480K [0x00000000eab00000, 0x00000000eaf00000, 0x0000000100000000)
  eden space 1536K, 0% used [0x00000000eab00000,0x00000000eab00000,0x00000000eac80000)
  from space 512K, 93% used [0x00000000eac80000,0x00000000eacf8020,0x00000000ead00000)
  to   space 512K, 0% used [0x00000000eae80000,0x00000000eae80000,0x00000000eaf00000)
 ParOldGen       total 5632K, used 8K [0x00000000c0000000, 0x00000000c0580000, 0x00000000eab00000)
  object space 5632K, 0% used [0x00000000c0000000,0x00000000c0002000,0x00000000c0580000)
 Metaspace       used 3315K, capacity 4812K, committed 5120K, reserved 1056768K
  class space    used 385K, capacity 456K, committed 512K, reserved 1048576K
}
Event: 0.601 GC heap before
{Heap before GC invocations=2 (full 0):
 PSYoungGen      total 2048K, used 2016K [0x00000000eab00000, 0x00000000eaf00000, 0x0000000100000000)
  eden space 1536K, 100% used [0x00000000eab00000,0x00000000eac80000,0x00000000eac80000)
  from space 512K, 93% used [0x00000000eac80000,0x00000000eacf8020,0x00000000ead00000)
  to   space 512K, 0% used [0x00000000eae80000,0x00000000eae80000,0x00000000eaf00000)
 ParOldGen       total 5632K, used 8K [0x00000000c0000000, 0x00000000c0580000, 0x00000000eab00000)
  object space 5632K, 0% used [0x00000000c0000000,0x00000000c0002000,0x00000000c0580000)
 Metaspace       used 4054K, capacity 5324K, committed 5504K, reserved 1056768K
  class space    used 479K, capacity 520K, committed 640K, reserved 1048576K
Event: 0.608 GC heap after
Heap after GC invocations=2 (full 0):
 PSYoungGen      total 3584K, used 500K [0x00000000eab00000, 0x00000000eaf00000, 0x0000000100000000)
  eden space 3072K, 0% used [0x00000000eab00000,0x00000000eab00000,0x00000000eae00000)
  from space 512K, 97% used [0x00000000eae80000,0x00000000eaefd3d0,0x00000000eaf00000)
  to   space 512K, 0% used [0x00000000eae00000,0x00000000eae00000,0x00000000eae80000)
 ParOldGen       total 5632K, used 56K [0x00000000c0000000, 0x00000000c0580000, 0x00000000eab00000)
  object space 5632K, 0% used [0x00000000c0000000,0x00000000c000e000,0x00000000c0580000)
 Metaspace       used 4054K, capacity 5324K, committed 5504K, reserved 1056768K
  class space    used 479K, capacity 520K, committed 640K, reserved 1048576K
}
Event: 1.128 GC heap before
{Heap before GC invocations=3 (full 0):
 PSYoungGen      total 3584K, used 3534K [0x00000000eab00000, 0x00000000eaf00000, 0x0000000100000000)
  eden space 3072K, 98% used [0x00000000eab00000,0x00000000eadf6628,0x00000000eae00000)
  from space 512K, 97% used [0x00000000eae80000,0x00000000eaefd3d0,0x00000000eaf00000)
  to   space 512K, 0% used [0x00000000eae00000,0x00000000eae00000,0x00000000eae80000)
 ParOldGen       total 5632K, used 56K [0x00000000c0000000, 0x00000000c0580000, 0x00000000eab00000)
  object space 5632K, 0% used [0x00000000c0000000,0x00000000c000e000,0x00000000c0580000)
 Metaspace       used 5059K, capacity 6220K, committed 6400K, reserved 1056768K
  class space    used 616K, capacity 648K, committed 768K, reserved 1048576K
Event: 1.133 GC heap after
Heap after GC invocations=3 (full 0):
 PSYoungGen      total 3584K, used 511K [0x00000000eab00000, 0x00000000eb200000, 0x0000000100000000)
  eden space 3072K, 0% used [0x00000000eab00000,0x00000000eab00000,0x00000000eae00000)
  from space 512K, 99% used [0x00000000eae00000,0x00000000eae7fc30,0x00000000eae80000)
  to   space 512K, 0% used [0x00000000eb180000,0x00000000eb180000,0x00000000eb200000)
 ParOldGen       total 5632K, used 604K [0x00000000c0000000, 0x00000000c0580000, 0x00000000eab00000)
  object space 5632K, 10% used [0x00000000c0000000,0x00000000c00973d0,0x00000000c0580000)
 Metaspace       used 5059K, capacity 6220K, committed 6400K, reserved 1056768K
  class space    used 616K, capacity 648K, committed 768K, reserved 1048576K
}
Event: 1.296 GC heap before
{Heap before GC invocations=4 (full 0):
 PSYoungGen      total 3584K, used 3583K [0x00000000eab00000, 0x00000000eb200000, 0x0000000100000000)
  eden space 3072K, 100% used [0x00000000eab00000,0x00000000eae00000,0x00000000eae00000)
  from space 512K, 99% used [0x00000000eae00000,0x00000000eae7fc30,0x00000000eae80000)
  to   space 512K, 0% used [0x00000000eb180000,0x00000000eb180000,0x00000000eb200000)
 ParOldGen       total 5632K, used 604K [0x00000000c0000000, 0x00000000c0580000, 0x00000000eab00000)
  object space 5632K, 10% used [0x00000000c0000000,0x00000000c00973d0,0x00000000c0580000)
 Metaspace       used 6133K, capacity 7308K, committed 7552K, reserved 1056768K
  class space    used 768K, capacity 776K, committed 896K, reserved 1048576K
Event: 1.301 GC heap after
Heap after GC invocations=4 (full 0):
 PSYoungGen      total 6656K, used 480K [0x00000000eab00000, 0x00000000eb200000, 0x0000000100000000)
  eden space 6144K, 0% used [0x00000000eab00000,0x00000000eab00000,0x00000000eb100000)
  from space 512K, 93% used [0x00000000eb180000,0x00000000eb1f8020,0x00000000eb200000)
  to   space 512K, 0% used [0x00000000eb100000,0x00000000eb100000,0x00000000eb180000)
 ParOldGen       total 5632K, used 961K [0x00000000c0000000, 0x00000000c0580000, 0x00000000eab00000)
  object space 5632K, 17% used [0x00000000c0000000,0x00000000c00f04d0,0x00000000c0580000)
 Metaspace       used 6133K, capacity 7308K, committed 7552K, reserved 1056768K
  class space    used 768K, capacity 776K, committed 896K, reserved 1048576K
}

Deoptimization events (2 events):
Event: 0.486 Thread 0x0000000001ea2000 Uncommon trap: reason=unstable_if action=reinterpret pc=0x0000000002a95ee8 method=java.io.BufferedReader.read()I @ 19
Event: 0.487 Thread 0x0000000001ea2000 Uncommon trap: reason=unstable_if action=reinterpret pc=0x0000000002a9a894 method=java.io.BufferedReader.read()I @ 19

Internal exceptions (8 events):
Event: 0.136 Thread 0x0000000001ea2000 Exception <a 'java/lang/NoSuchMethodError': Method sun.misc.Unsafe.defineClass(Ljava/lang/String;[BII)Ljava/lang/Class; name or signature does not match> (0x00000000eab1a9c8) thrown at [C:\re\workspace\8-2-build-windows-amd64-cygwin\jdk8u66\5298\hotspot\sr∏{[düc¡?
Event: 0.136 Thread 0x0000000001ea2000 Exception <a 'java/lang/NoSuchMethodError': Method sun.misc.Unsafe.prefetchRead(Ljava/lang/Object;J)V name or signature does not match> (0x00000000eab1acb0) thrown at [C:\re\workspace\8-2-build-windows-amd64-cygwin\jdk8u66\5298\hotspot\src\share\vm\prims\jc>&?Ÿ?
Event: 0.394 Thread 0x0000000001ea2000 Exception <a 'java/security/PrivilegedActionException'> (0x00000000eac6ff48) thrown at [C:\re\workspace\8-2-build-windows-amd64-cygwin\jdk8u66\5298\hotspot\src\share\vm\prims\jvm.cpp, line 1386]
Event: 0.395 Thread 0x0000000001ea2000 Exception <a 'java/security/PrivilegedActionException'> (0x00000000eac70340) thrown at [C:\re\workspace\8-2-build-windows-amd64-cygwin\jdk8u66\5298\hotspot\src\share\vm\prims\jvm.cpp, line 1386]
Event: 0.395 Thread 0x0000000001ea2000 Exception <a 'java/security/PrivilegedActionException'> (0x00000000eac74370) thrown at [C:\re\workspace\8-2-build-windows-amd64-cygwin\jdk8u66\5298\hotspot\src\share\vm\prims\jvm.cpp, line 1386]
Event: 0.395 Thread 0x0000000001ea2000 Exception <a 'java/security/PrivilegedActionException'> (0x00000000eac74778) thrown at [C:\re\workspace\8-2-build-windows-amd64-cygwin\jdk8u66\5298\hotspot\src\share\vm\prims\jvm.cpp, line 1386]
Event: 0.415 Thread 0x0000000001ea2000 Exception <a 'java/security/PrivilegedActionException'> (0x00000000eab0b1b8) thrown at [C:\re\workspace\8-2-build-windows-amd64-cygwin\jdk8u66\5298\hotspot\src\share\vm\prims\jvm.cpp, line 1386]
Event: 0.415 Thread 0x0000000001ea2000 Exception <a 'java/security/PrivilegedActionException'> (0x00000000eab0b5b0) thrown at [C:\re\workspace\8-2-build-windows-amd64-cygwin\jdk8u66\5298\hotspot\src\share\vm\prims\jvm.cpp, line 1386]

Events (10 events):
Event: 1.368 loading class javax/lang/model/type/TypeKind
Event: 1.368 loading class javax/lang/model/type/TypeKind done
Event: 1.369 loading class java/util/Collections$UnmodifiableCollection$1
Event: 1.369 loading class java/util/Collections$UnmodifiableCollection$1 done
Event: 1.369 loading class java/util/HashMap$Values
Event: 1.370 loading class java/util/HashMap$Values done
Event: 1.370 loading class java/util/HashMap$ValueIterator
Event: 1.370 loading class java/util/HashMap$ValueIterator done
Event: 1.370 loading class com/sun/tools/javac/file/Locations$Path
Event: 1.370 loading class com/sun/tools/javac/file/Locations$Path done


Dynamic libraries:
0x000000013f0a0000 - 0x000000013f0a7000 	C:\Program Files\Java\jdk1.8.0_66\bin\javac.exe
0x0000000077140000 - 0x00000000772e9000 	C:\Windows\SYSTEM32\ntdll.dll
0x0000000077020000 - 0x000000007713f000 	C:\Windows\system32\kernel32.dll
0x000007fefcf90000 - 0x000007fefcffb000 	C:\Windows\system32\KERNELBASE.dll
0x0000000065b40000 - 0x0000000065b6f000 	C:\Program Files\Java\jdk1.8.0_66\bin\jli.dll
0x000007fefe850000 - 0x000007fefe92b000 	C:\Windows\system32\ADVAPI32.dll
0x000007fefe9d0000 - 0x000007fefea6f000 	C:\Windows\system32\msvcrt.dll
0x000007feff320000 - 0x000007feff33f000 	C:\Windows\SYSTEM32\sechost.dll
0x000007fefd5e0000 - 0x000007fefd70d000 	C:\Windows\system32\RPCRT4.dll
0x000007fefb960000 - 0x000007fefbb54000 	C:\Windows\WinSxS\amd64_microsoft.windows.common-controls_6595b64144ccf1df_6.0.7601.17514_none_fa396087175ac9ac\COMCTL32.dll
0x000007feff3e0000 - 0x000007feff447000 	C:\Windows\system32\GDI32.dll
0x0000000076f20000 - 0x000000007701a000 	C:\Windows\system32\USER32.dll
0x000007fefd310000 - 0x000007fefd31e000 	C:\Windows\system32\LPK.dll
0x000007fefe780000 - 0x000007fefe849000 	C:\Windows\system32\USP10.dll
0x000007fefd320000 - 0x000007fefd391000 	C:\Windows\system32\SHLWAPI.dll
0x0000000064f90000 - 0x0000000065062000 	C:\Program Files\Java\jdk1.8.0_66\bin\MSVCR100.dll
0x000007feff080000 - 0x000007feff0ae000 	C:\Windows\system32\IMM32.DLL
0x000007fefea70000 - 0x000007fefeb79000 	C:\Windows\system32\MSCTF.dll
0x0000000064eb0000 - 0x0000000064f82000 	C:\Program Files\Java\jdk1.8.0_66\jre\bin\msvcr100.dll
0x00000000571a0000 - 0x0000000057a29000 	C:\Program Files\Java\jdk1.8.0_66\jre\bin\server\jvm.dll
0x000007fef9ff0000 - 0x000007fef9ff9000 	C:\Windows\system32\WSOCK32.dll
0x000007fefecf0000 - 0x000007fefed3d000 	C:\Windows\system32\WS2_32.dll
0x000007fefed40000 - 0x000007fefed48000 	C:\Windows\system32\NSI.dll
0x000007fefaf20000 - 0x000007fefaf5b000 	C:\Windows\system32\WINMM.dll
0x000007fefc020000 - 0x000007fefc02c000 	C:\Windows\system32\VERSION.dll
0x0000000077310000 - 0x0000000077317000 	C:\Windows\system32\PSAPI.DLL
0x0000000072310000 - 0x000000007231f000 	C:\Program Files\Java\jdk1.8.0_66\jre\bin\verify.dll
0x0000000065b10000 - 0x0000000065b39000 	C:\Program Files\Java\jdk1.8.0_66\jre\bin\java.dll
0x0000000065a30000 - 0x0000000065a46000 	C:\Program Files\Java\jdk1.8.0_66\jre\bin\zip.dll
0x000007fefd730000 - 0x000007fefe4b8000 	C:\Windows\system32\SHELL32.dll
0x000007feff0b0000 - 0x000007feff2b3000 	C:\Windows\system32\ole32.dll
0x000007fefcf50000 - 0x000007fefcf5f000 	C:\Windows\system32\profapi.dll
0x000007fef91c0000 - 0x000007fef92e5000 	C:\Windows\system32\dbghelp.dll

VM Arguments:
jvm_args: -Dfile.encoding=UTF8 -Dapplication.home=C:\Program Files\Java\jdk1.8.0_66 -Xms8m 
java_command: com.sun.tools.javac.Main @C:/Temp/sbt_56024557/argfile
java_class_path (initial): C:\Program Files\Java\jdk1.8.0_66/lib/tools.jar;C:\Program Files\Java\jdk1.8.0_66/classes
Launcher Type: SUN_STANDARD

Environment Variables:
JAVA_TOOL_OPTIONS=-Dfile.encoding=UTF8
PATH=C:\Users\stan\bin;C:\Users\stan\bin;C:\Program Files\Git\usr\local\bin;C:\Program Files\Git\usr\bin;C:\Program Files\Git\usr\bin;C:\Program Files\ConEmu;C:\Program Files\ConEmu\ConEmu;C:\nodemodules;C:\Windows\System32;C:\Python210;C:\Python210\Scripts;C:\ProgramData\Oracle\Java\javapath;C:\Program Files (x86)\clisp-2.49;C:\lllvm\bin;G:\Rust\bin;C:\Program Files\Git\cmd;C:\Program Files (x86)\Windows Kits\8.1\Windows Performance Toolkit;C:\Program Files (x86)\Skype\Phone;C:\Program Files\nodejs;C:\Program Files (x86)\QuickTime\QTSystem;C:\Program Files (x86)\sbt\bin;C:\Program Files (x86)\Microsoft SDKs\TypeScript\1.0;C:\Program Files (x86)\gdipp;C:\Program Files\Common Files\Microsoft Shared\Windows Live;C:\Users\?1\AppData\Roaming\npm;C:\ProgramData\chocolatey\bin;C:\Go\bin;C:\min64\mingw64\bin;C:\Users\∏1\AppData\Local\Code\bin;C:\Users\∏1\AppData\Roaming\npm;C:\Program Files (x86)\Nodist\bin;C:\Program Files\Git\usr\bin\vendor_perl;C:\Program Files\Git\usr\bin\core_perl;C:\Program Files\Git\usr\bin\vendor_perl;C:\Program Files\Git\usr\bin\core_perl;C:\Program Files\Java\jre1.8.0_66\bin;C:\Program Files\Java\jdk1.8.0_66\bin;C:\Program Files\nodejs;C:\Program Files (x86)\sbt\bin;C:\Ruby21\bin
USERNAME=∏1
SHELL=C:/Program Files/Git/usr/bin/bash
OS=Windows_NT
PROCESSOR_IDENTIFIER=Intel64 Family 6 Model 15 Stepping 11, GenuineIntel



---------------  S Y S T E M  ---------------

OS: Windows 7 , 64 bit Build 7601 (6.1.7601.18015)

CPU:total 2 (2 cores per cpu, 1 threads per core) family 6 model 15 stepping 11, cmov, cx8, fxsr, mmx, sse, sse2, sse3, ssse3, tsc

Memory: 4k page, physical 4192820k(1622432k free), swap 12907540k(6508532k free)

vm_info: Java HotSpot(TM) 64-Bit Server VM (25.66-b18) for windows-amd64 JRE (1.8.0_66-b18), built on Nov  9 2015 10:51:13 by "java_re" with MS VC++ 10.0 (VS2010)

time: Tue Jan 19 13:55:51 2016
elapsed time: 1 seconds (0d 0h 0m 1s)

