#
# A fatal error has been detected by the Java Runtime Environment:
#
#  EXCEPTION_ACCESS_VIOLATION (0xc0000005) at pc=0xffffffffa4225120, pid=18248, tid=21132
#
# JRE version: Java(TM) SE Runtime Environment (8.0_66-b18) (build 1.8.0_66-b18)
# Java VM: Java HotSpot(TM) 64-Bit Server VM (25.66-b18 mixed mode windows-amd64 compressed oops)
# Problematic frame:
# C  0xffffffffa4225120
#
# Failed to write core dump. Minidumps are not enabled by default on client versions of Windows
#
# If you would like to submit a bug report, please visit:
#   http://bugreport.java.com/bugreport/crash.jsp
#

---------------  T H R E A D  ---------------

Current thread (0x000000004fbba000):  JavaThread "sbt-web-scheduler-1" [_thread_in_Java, id=21132, stack(0x0000000053d40000,0x0000000053e40000)]

siginfo: ExceptionCode=0xc0000005, ExceptionInformation=0x0000000000000008 0xffffffffa4225120

Registers:
RAX=0x0000000055aef458, RBX=0x0000000055aef458, RCX=0x00000000edec3918, RDX=0x00000000edec3918
RSP=0x0000000053e3f0d8, RBP=0x0000000053e3f148, RSI=0x0000000000989680, RDI=0x000000000ae20000
R8 =0x00000000002083cb, R9 =0x00000000ef3c1420, R10=0x0000000058e72140, R11=0x0000000003eeaa40
R12=0x0000000000000000, R13=0x0000000053e3f0f0, R14=0x0000000000000000, R15=0x000000004fbba000
RIP=0xffffffffa4225120, EFLAGS=0x0000000000010202

Top of Stack: (sp=0x0000000053e3f0d8)
0x0000000053e3f0d8:   0000000003227a01 00000000edec3918
0x0000000053e3f0e8:   0000000003227a01 00000000002083cb
0x0000000053e3f0f8:   00000000002083cb 00000000edec3918
0x0000000053e3f108:   0000000053e3f108 0000000055afb26b
0x0000000053e3f118:   0000000053e3f1a8 0000000055afb778
0x0000000053e3f128:   0000000000000000 0000000055afb360
0x0000000053e3f138:   0000000053e3f0f0 0000000053e3f1a8
0x0000000053e3f148:   0000000053e3f1f0 0000000003227a01
0x0000000053e3f158:   0000000000000000 0000000000000000
0x0000000053e3f168:   00000000ee58e218 00000000edfd8db0
0x0000000053e3f178:   00000000000000c9 00000000002083cb
0x0000000053e3f188:   0000000000000000 0001126734087126
0x0000000053e3f198:   0000000000000000 0000000000000000
0x0000000053e3f1a8:   00000000edfc3cb8 0000000053e3f1b0
0x0000000053e3f1b8:   0000000055afb051 0000000053e3f228
0x0000000053e3f1c8:   0000000055afb778 0000000000000000 

Instructions: (pc=0xffffffffa4225120)
0xffffffffa4225100:   
[error occurred during error reporting (printing registers, top of stack, instructions near pc), id 0xc0000005]

Register to memory mapping:

RAX={method} {0x0000000055aef460} 'waitNanos' '(J)V' in 'akka/actor/LightArrayRevolverScheduler'
RBX={method} {0x0000000055aef460} 'waitNanos' '(J)V' in 'akka/actor/LightArrayRevolverScheduler'
RCX=0x00000000edec3918 is an oop
akka.actor.LightArrayRevolverScheduler 
 - klass: 'akka/actor/LightArrayRevolverScheduler'
RDX=0x00000000edec3918 is an oop
akka.actor.LightArrayRevolverScheduler 
 - klass: 'akka/actor/LightArrayRevolverScheduler'
RSP=0x0000000053e3f0d8 is pointing into the stack for thread: 0x000000004fbba000
RBP=0x0000000053e3f148 is pointing into the stack for thread: 0x000000004fbba000
RSI=0x0000000000989680 is an unknown value
RDI=0x000000000ae20000 is an unknown value
R8 =0x00000000002083cb is an unknown value
R9 =0x00000000ef3c1420 is an oop
akka.dispatch.AbstractNodeQueue$Node 
 - klass: 'akka/dispatch/AbstractNodeQueue$Node'
R10=0x0000000058e72140 is an unknown value
R11=0x0000000003eeaa40 is at entry_point+32 in (nmethod*)0x0000000003eea890
R12=0x0000000000000000 is an unknown value
R13=0x0000000053e3f0f0 is pointing into the stack for thread: 0x000000004fbba000
R14=0x0000000000000000 is an unknown value
R15=0x000000004fbba000 is a thread


Stack: [0x0000000053d40000,0x0000000053e40000],  sp=0x0000000053e3f0d8,  free space=1020k
Native frames: (J=compiled Java code, j=interpreted, Vv=VM code, C=native code)
C  0xffffffffa4225120


---------------  P R O C E S S  ---------------

Java Threads: ( => current thread )
  0x0000000051449800 JavaThread "sbt-web-akka.actor.default-dispatcher-5" [_thread_blocked, id=18860, stack(0x0000000055fa0000,0x00000000560a0000)]
  0x0000000051448800 JavaThread "sbt-web-akka.actor.default-dispatcher-4" [_thread_blocked, id=6628, stack(0x0000000055e80000,0x0000000055f80000)]
  0x0000000051448000 JavaThread "sbt-web-akka.actor.default-dispatcher-3" [_thread_blocked, id=18820, stack(0x0000000055500000,0x0000000055600000)]
  0x0000000051445000 JavaThread "sbt-web-akka.actor.default-dispatcher-2" [_thread_blocked, id=20916, stack(0x0000000050910000,0x0000000050a10000)]
=>0x000000004fbba000 JavaThread "sbt-web-scheduler-1" [_thread_in_Java, id=21132, stack(0x0000000053d40000,0x0000000053e40000)]
  0x000000004e58b800 JavaThread "Service Thread" daemon [_thread_blocked, id=19924, stack(0x000000004fa00000,0x000000004fb00000)]
  0x000000004e587000 JavaThread "C1 CompilerThread1" daemon [_thread_blocked, id=20576, stack(0x000000004f7b0000,0x000000004f8b0000)]
  0x000000004e52c800 JavaThread "C2 CompilerThread0" daemon [_thread_blocked, id=20692, stack(0x000000004f5b0000,0x000000004f6b0000)]
  0x000000004e529800 JavaThread "Attach Listener" daemon [_thread_blocked, id=21012, stack(0x000000004f4a0000,0x000000004f5a0000)]
  0x000000004e528000 JavaThread "Signal Dispatcher" daemon [_thread_blocked, id=20584, stack(0x000000004f210000,0x000000004f310000)]
  0x000000004e4ce800 JavaThread "Finalizer" daemon [_thread_blocked, id=20748, stack(0x000000004f360000,0x000000004f460000)]
  0x000000004e4c7800 JavaThread "Reference Handler" daemon [_thread_blocked, id=21444, stack(0x000000004ef60000,0x000000004f060000)]
  0x000000000276f800 JavaThread "main" [_thread_in_native, id=20804, stack(0x0000000002a40000,0x0000000002b40000)]

Other Threads:
  0x000000004e4bf800 VMThread [stack: 0x000000004f080000,0x000000004f180000] [id=20532]
  0x000000004fb12800 WatcherThread [stack: 0x000000004ffd0000,0x00000000500d0000] [id=20588]

VM state:not at safepoint (normal execution)

VM Mutex/Monitor currently owned by a thread: None

Heap:
 PSYoungGen      total 305664K, used 118148K [0x00000000eab00000, 0x0000000100000000, 0x0000000100000000)
  eden space 262144K, 38% used [0x00000000eab00000,0x00000000f0d956e8,0x00000000fab00000)
  from space 43520K, 39% used [0x00000000fab00000,0x00000000fbbcba10,0x00000000fd580000)
  to   space 43520K, 0% used [0x00000000fd580000,0x00000000fd580000,0x0000000100000000)
 ParOldGen       total 699392K, used 18650K [0x00000000c0000000, 0x00000000eab00000, 0x00000000eab00000)
  object space 699392K, 2% used [0x00000000c0000000,0x00000000c1236b48,0x00000000eab00000)
 Metaspace       used 47889K, capacity 48270K, committed 48512K, reserved 1089536K
  class space    used 9182K, capacity 9283K, committed 9344K, reserved 1048576K

Card table byte_map: [0x000000000b420000,0x000000000b630000] byte_map_base: 0x000000000ae20000

Marking Bits: (ParMarkBitMap*) 0x0000000058e8a5b0
 Begin Bits: [0x000000000b990000, 0x000000000c990000)
 End Bits:   [0x000000000c990000, 0x000000000d990000)

Polling page: 0x0000000000260000

CodeCache: size=131072Kb used=13084Kb max_used=13095Kb free=117987Kb
 bounds [0x0000000003220000, 0x0000000003f00000, 0x000000000b220000]
 total_blobs=5474 nmethods=5026 adapters=360
 compilation: enabled

Compilation events (10 events):
Event: 24.847 Thread 0x000000004e587000 5879       1       akka.actor.LightArrayRevolverScheduler::akka$actor$LightArrayRevolverScheduler$$start (5 bytes)
Event: 24.847 Thread 0x000000004e587000 nmethod 5879 0x0000000003ef9210 code [0x0000000003ef9360, 0x0000000003ef9470]
Event: 25.018 Thread 0x000000004e52c800 5880       4       akka.actor.LightArrayRevolverScheduler::clock (4 bytes)
Event: 25.019 Thread 0x000000004e52c800 nmethod 5880 0x0000000003ebf410 code [0x0000000003ebf540, 0x0000000003ebf598]
Event: 25.028 Thread 0x000000004e52c800 5881       4       akka.dispatch.AbstractNodeQueue::pollNode (66 bytes)
Event: 25.029 Thread 0x000000004e52c800 nmethod 5881 0x0000000003efa950 code [0x0000000003efaa80, 0x0000000003efab18]
Event: 25.029 Thread 0x000000004e52c800 5882       4       akka.actor.LightArrayRevolverScheduler$$anon$8::checkQueue (174 bytes)
Event: 25.031 Thread 0x000000004e52c800 nmethod 5882 0x0000000003efa590 code [0x0000000003efa6e0, 0x0000000003efa7b8]
Event: 25.065 Thread 0x000000004e52c800 5883   !   4       akka.actor.LightArrayRevolverScheduler::waitNanos (50 bytes)
Event: 25.066 Thread 0x000000004e52c800 nmethod 5883 0x0000000003efa210 code [0x0000000003efa360, 0x0000000003efa478]

GC Heap History (10 events):
Event: 5.557 GC heap before
{Heap before GC invocations=1 (full 0):
 PSYoungGen      total 305664K, used 94437K [0x00000000eab00000, 0x0000000100000000, 0x0000000100000000)
  eden space 262144K, 36% used [0x00000000eab00000,0x00000000f0739578,0x00000000fab00000)
  from space 43520K, 0% used [0x00000000fd580000,0x00000000fd580000,0x0000000100000000)
  to   space 43520K, 0% used [0x00000000fab00000,0x00000000fab00000,0x00000000fd580000)
 ParOldGen       total 699392K, used 0K [0x00000000c0000000, 0x00000000eab00000, 0x00000000eab00000)
  object space 699392K, 0% used [0x00000000c0000000,0x00000000c0000000,0x00000000eab00000)
 Metaspace       used 20848K, capacity 21118K, committed 21296K, reserved 1067008K
  class space    used 3629K, capacity 3686K, committed 3712K, reserved 1048576K
Event: 5.601 GC heap after
Heap after GC invocations=1 (full 0):
 PSYoungGen      total 305664K, used 16176K [0x00000000eab00000, 0x0000000100000000, 0x0000000100000000)
  eden space 262144K, 0% used [0x00000000eab00000,0x00000000eab00000,0x00000000fab00000)
  from space 43520K, 37% used [0x00000000fab00000,0x00000000fbacc150,0x00000000fd580000)
  to   space 43520K, 0% used [0x00000000fd580000,0x00000000fd580000,0x0000000100000000)
 ParOldGen       total 699392K, used 0K [0x00000000c0000000, 0x00000000eab00000, 0x00000000eab00000)
  object space 699392K, 0% used [0x00000000c0000000,0x00000000c0000000,0x00000000eab00000)
 Metaspace       used 20848K, capacity 21118K, committed 21296K, reserved 1067008K
  class space    used 3629K, capacity 3686K, committed 3712K, reserved 1048576K
}
Event: 5.601 GC heap before
{Heap before GC invocations=2 (full 1):
 PSYoungGen      total 305664K, used 16176K [0x00000000eab00000, 0x0000000100000000, 0x0000000100000000)
  eden space 262144K, 0% used [0x00000000eab00000,0x00000000eab00000,0x00000000fab00000)
  from space 43520K, 37% used [0x00000000fab00000,0x00000000fbacc150,0x00000000fd580000)
  to   space 43520K, 0% used [0x00000000fd580000,0x00000000fd580000,0x0000000100000000)
 ParOldGen       total 699392K, used 0K [0x00000000c0000000, 0x00000000eab00000, 0x00000000eab00000)
  object space 699392K, 0% used [0x00000000c0000000,0x00000000c0000000,0x00000000eab00000)
 Metaspace       used 20848K, capacity 21118K, committed 21296K, reserved 1067008K
  class space    used 3629K, capacity 3686K, committed 3712K, reserved 1048576K
Event: 5.835 GC heap after
Heap after GC invocations=2 (full 1):
 PSYoungGen      total 305664K, used 0K [0x00000000eab00000, 0x0000000100000000, 0x0000000100000000)
  eden space 262144K, 0% used [0x00000000eab00000,0x00000000eab00000,0x00000000fab00000)
  from space 43520K, 0% used [0x00000000fab00000,0x00000000fab00000,0x00000000fd580000)
  to   space 43520K, 0% used [0x00000000fd580000,0x00000000fd580000,0x0000000100000000)
 ParOldGen       total 699392K, used 15347K [0x00000000c0000000, 0x00000000eab00000, 0x00000000eab00000)
  object space 699392K, 2% used [0x00000000c0000000,0x00000000c0efcda8,0x00000000eab00000)
 Metaspace       used 20848K, capacity 21118K, committed 21296K, reserved 1067008K
  class space    used 3629K, capacity 3686K, committed 3712K, reserved 1048576K
}
Event: 12.091 GC heap before
{Heap before GC invocations=3 (full 1):
 PSYoungGen      total 305664K, used 120592K [0x00000000eab00000, 0x0000000100000000, 0x0000000100000000)
  eden space 262144K, 46% used [0x00000000eab00000,0x00000000f20c43b0,0x00000000fab00000)
  from space 43520K, 0% used [0x00000000fab00000,0x00000000fab00000,0x00000000fd580000)
  to   space 43520K, 0% used [0x00000000fd580000,0x00000000fd580000,0x0000000100000000)
 ParOldGen       total 699392K, used 15347K [0x00000000c0000000, 0x00000000eab00000, 0x00000000eab00000)
  object space 699392K, 2% used [0x00000000c0000000,0x00000000c0efcda8,0x00000000eab00000)
 Metaspace       used 35022K, capacity 35306K, committed 35456K, reserved 1079296K
  class space    used 6330K, capacity 6452K, committed 6528K, reserved 1048576K
Event: 12.140 GC heap after
Heap after GC invocations=3 (full 1):
 PSYoungGen      total 305664K, used 15607K [0x00000000eab00000, 0x0000000100000000, 0x0000000100000000)
  eden space 262144K, 0% used [0x00000000eab00000,0x00000000eab00000,0x00000000fab00000)
  from space 43520K, 35% used [0x00000000fd580000,0x00000000fe4bdd28,0x0000000100000000)
  to   space 43520K, 0% used [0x00000000fab00000,0x00000000fab00000,0x00000000fd580000)
 ParOldGen       total 699392K, used 15347K [0x00000000c0000000, 0x00000000eab00000, 0x00000000eab00000)
  object space 699392K, 2% used [0x00000000c0000000,0x00000000c0efcda8,0x00000000eab00000)
 Metaspace       used 35022K, capacity 35306K, committed 35456K, reserved 1079296K
  class space    used 6330K, capacity 6452K, committed 6528K, reserved 1048576K
}
Event: 12.140 GC heap before
{Heap before GC invocations=4 (full 2):
 PSYoungGen      total 305664K, used 15607K [0x00000000eab00000, 0x0000000100000000, 0x0000000100000000)
  eden space 262144K, 0% used [0x00000000eab00000,0x00000000eab00000,0x00000000fab00000)
  from space 43520K, 35% used [0x00000000fd580000,0x00000000fe4bdd28,0x0000000100000000)
  to   space 43520K, 0% used [0x00000000fab00000,0x00000000fab00000,0x00000000fd580000)
 ParOldGen       total 699392K, used 15347K [0x00000000c0000000, 0x00000000eab00000, 0x00000000eab00000)
  object space 699392K, 2% used [0x00000000c0000000,0x00000000c0efcda8,0x00000000eab00000)
 Metaspace       used 35022K, capacity 35306K, committed 35456K, reserved 1079296K
  class space    used 6330K, capacity 6452K, committed 6528K, reserved 1048576K
Event: 12.538 GC heap after
Heap after GC invocations=4 (full 2):
 PSYoungGen      total 305664K, used 0K [0x00000000eab00000, 0x0000000100000000, 0x0000000100000000)
  eden space 262144K, 0% used [0x00000000eab00000,0x00000000eab00000,0x00000000fab00000)
  from space 43520K, 0% used [0x00000000fd580000,0x00000000fd580000,0x0000000100000000)
  to   space 43520K, 0% used [0x00000000fab00000,0x00000000fab00000,0x00000000fd580000)
 ParOldGen       total 699392K, used 18642K [0x00000000c0000000, 0x00000000eab00000, 0x00000000eab00000)
  object space 699392K, 2% used [0x00000000c0000000,0x00000000c1234b48,0x00000000eab00000)
 Metaspace       used 35017K, capacity 35294K, committed 35456K, reserved 1079296K
  class space    used 6329K, capacity 6448K, committed 6528K, reserved 1048576K
}
Event: 22.127 GC heap before
{Heap before GC invocations=5 (full 2):
 PSYoungGen      total 305664K, used 262144K [0x00000000eab00000, 0x0000000100000000, 0x0000000100000000)
  eden space 262144K, 100% used [0x00000000eab00000,0x00000000fab00000,0x00000000fab00000)
  from space 43520K, 0% used [0x00000000fd580000,0x00000000fd580000,0x0000000100000000)
  to   space 43520K, 0% used [0x00000000fab00000,0x00000000fab00000,0x00000000fd580000)
 ParOldGen       total 699392K, used 18642K [0x00000000c0000000, 0x00000000eab00000, 0x00000000eab00000)
  object space 699392K, 2% used [0x00000000c0000000,0x00000000c1234b48,0x00000000eab00000)
 Metaspace       used 43853K, capacity 44206K, committed 44544K, reserved 1085440K
  class space    used 8511K, capacity 8611K, committed 8704K, reserved 1048576K
Event: 22.206 GC heap after
Heap after GC invocations=5 (full 2):
 PSYoungGen      total 305664K, used 17198K [0x00000000eab00000, 0x0000000100000000, 0x0000000100000000)
  eden space 262144K, 0% used [0x00000000eab00000,0x00000000eab00000,0x00000000fab00000)
  from space 43520K, 39% used [0x00000000fab00000,0x00000000fbbcba10,0x00000000fd580000)
  to   space 43520K, 0% used [0x00000000fd580000,0x00000000fd580000,0x0000000100000000)
 ParOldGen       total 699392K, used 18650K [0x00000000c0000000, 0x00000000eab00000, 0x00000000eab00000)
  object space 699392K, 2% used [0x00000000c0000000,0x00000000c1236b48,0x00000000eab00000)
 Metaspace       used 43853K, capacity 44206K, committed 44544K, reserved 1085440K
  class space    used 8511K, capacity 8611K, committed 8704K, reserved 1048576K
}

Deoptimization events (10 events):
Event: 23.437 Thread 0x000000000276f800 Uncommon trap: reason=class_check action=maybe_recompile pc=0x00000000034679d0 method=sbt.complete.Parsers$$anonfun$identifier$1.apply(Lscala/Tuple2;)Ljava/lang/String; @ 51
Event: 23.538 Thread 0x000000000276f800 Uncommon trap: reason=class_check action=maybe_recompile pc=0x00000000035c6b60 method=sbt.complete.Repeat.repeatDerive(CLscala/collection/immutable/List;)Lsbt/complete/Parser; @ 12
Event: 23.551 Thread 0x000000000276f800 Uncommon trap: reason=class_check action=maybe_recompile pc=0x00000000035c6b60 method=sbt.complete.Repeat.repeatDerive(CLscala/collection/immutable/List;)Lsbt/complete/Parser; @ 12
Event: 23.556 Thread 0x000000000276f800 Uncommon trap: reason=class_check action=maybe_recompile pc=0x0000000003e9c75c method=sbt.complete.SeqParser.derive(C)Lsbt/complete/Parser; @ 71
Event: 23.556 Thread 0x000000000276f800 Uncommon trap: reason=unstable_if action=reinterpret pc=0x00000000038d07c8 method=java.lang.Character.isLetter(I)Z @ 9
Event: 23.556 Thread 0x000000000276f800 Uncommon trap: reason=class_check action=maybe_recompile pc=0x00000000035c6b60 method=sbt.complete.Repeat.repeatDerive(CLscala/collection/immutable/List;)Lsbt/complete/Parser; @ 12
Event: 23.693 Thread 0x000000000276f800 Uncommon trap: reason=class_check action=maybe_recompile pc=0x0000000003e9c75c method=sbt.complete.SeqParser.derive(C)Lsbt/complete/Parser; @ 71
Event: 23.694 Thread 0x000000000276f800 Uncommon trap: reason=class_check action=maybe_recompile pc=0x00000000033644c4 method=sbt.complete.Repeat.repeatDerive(CLscala/collection/immutable/List;)Lsbt/complete/Parser; @ 12
Event: 23.709 Thread 0x000000000276f800 Uncommon trap: reason=bimorphic action=maybe_recompile pc=0x00000000033bc8d4 method=scala.collection.TraversableOnce$class.mkString(Lscala/collection/TraversableOnce;)Ljava/lang/String; @ 4
Event: 23.826 Thread 0x000000000276f800 Uncommon trap: reason=bimorphic action=maybe_recompile pc=0x00000000036278d4 method=java.util.regex.Pattern$Start.match(Ljava/util/regex/Matcher;ILjava/lang/CharSequence;)Z @ 44

Internal exceptions (10 events):
Event: 8.388 Thread 0x000000000276f800 Exception <a 'java/lang/ClassNotFoundException': java/net/package> (0x00000000ef973268) thrown at [C:\re\workspace\8-2-build-windows-amd64-cygwin\jdk8u66\5298\hotspot\src\share\vm\classfile\systemDictionary.cpp, line 210]
Event: 14.877 Thread 0x000000004fc88800 Exception <a 'java/lang/ClassNotFoundException': com/sun/tools/javac/api/JavacTool> (0x00000000ee40ebb0) thrown at [C:\re\workspace\8-2-build-windows-amd64-cygwin\jdk8u66\5298\hotspot\src\share\vm\classfile\systemDictionary.cpp, line 210]
Event: 14.877 Thread 0x000000004fc88800 Exception <a 'java/lang/NullPointerException'> (0x00000000ee40f090) thrown at [C:\re\workspace\8-2-build-windows-amd64-cygwin\jdk8u66\5298\hotspot\src\share\vm\interpreter\linkResolver.cpp, line 1178]
Event: 16.166 Thread 0x000000004fc88800 Exception <a 'java/io/FileNotFoundException'> (0x00000000ee56e340) thrown at [C:\re\workspace\8-2-build-windows-amd64-cygwin\jdk8u66\5298\hotspot\src\share\vm\prims\jni.cpp, line 709]
Event: 17.396 Thread 0x000000000276f800 Exception <a 'java/security/PrivilegedActionException'> (0x00000000f1c87448) thrown at [C:\re\workspace\8-2-build-windows-amd64-cygwin\jdk8u66\5298\hotspot\src\share\vm\prims\jvm.cpp, line 1386]
Event: 17.396 Thread 0x000000000276f800 Exception <a 'java/security/PrivilegedActionException'> (0x00000000f1c87c10) thrown at [C:\re\workspace\8-2-build-windows-amd64-cygwin\jdk8u66\5298\hotspot\src\share\vm\prims\jvm.cpp, line 1386]
Event: 17.970 Thread 0x000000000276f800 Exception <a 'java/lang/ArrayIndexOutOfBoundsException': 22> (0x00000000f3495e68) thrown at [C:\re\workspace\8-2-build-windows-amd64-cygwin\jdk8u66\5298\hotspot\src\share\vm\interpreter\interpreterRuntime.cpp, line 366]
Event: 22.583 Thread 0x000000000276f800 Implicit null exception at 0x0000000003441184 to 0x00000000034414c1
Event: 22.583 Thread 0x000000000276f800 Implicit null exception at 0x0000000003403a04 to 0x0000000003403d41
Event: 23.817 Thread 0x000000000276f800 Exception <a 'java/io/FileNotFoundException'> (0x00000000f0a8a528) thrown at [C:\re\workspace\8-2-build-windows-amd64-cygwin\jdk8u66\5298\hotspot\src\share\vm\prims\jni.cpp, line 709]

Events (10 events):
Event: 23.823 loading class sbt/complete/JLineCompletion$DummyCompletor$ done
Event: 23.825 loading class sbt/complete/JLineCompletion$CustomHandler
Event: 23.825 loading class sbt/complete/JLineCompletion$CustomHandler done
Event: 23.825 loading class sbt/JLine$$anonfun$readLine$1
Event: 23.825 loading class sbt/JLine$$anonfun$readLine$1 done
Event: 23.826 loading class sbt/JLine$$anonfun$withJLine$1
Event: 23.826 loading class sbt/JLine$$anonfun$withJLine$1 done
Event: 23.826 Thread 0x000000000276f800 Uncommon trap: trap_request=0xffffffc6 fr.pc=0x00000000036278d4
Event: 23.826 Thread 0x000000000276f800 DEOPT PACKING pc=0x00000000036278d4 sp=0x0000000002b3da70
Event: 23.827 Thread 0x000000000276f800 DEOPT UNPACKING pc=0x000000000326556a sp=0x0000000002b3d9a8 mode 2


Dynamic libraries:
0x000000013f460000 - 0x000000013f497000 	C:\Program Files\Java\jre1.8.0_66\bin\java.exe
0x0000000076ef0000 - 0x0000000077099000 	C:\Windows\SYSTEM32\ntdll.dll
0x0000000076dd0000 - 0x0000000076eef000 	C:\Windows\system32\kernel32.dll
0x000007fefcda0000 - 0x000007fefce0b000 	C:\Windows\system32\KERNELBASE.dll
0x000007fefeb00000 - 0x000007fefebdb000 	C:\Windows\system32\ADVAPI32.dll
0x000007fefd610000 - 0x000007fefd6af000 	C:\Windows\system32\msvcrt.dll
0x000007fefd750000 - 0x000007fefd76f000 	C:\Windows\SYSTEM32\sechost.dll
0x000007fefda00000 - 0x000007fefdb2d000 	C:\Windows\system32\RPCRT4.dll
0x0000000076cd0000 - 0x0000000076dca000 	C:\Windows\system32\USER32.dll
0x000007fefd6e0000 - 0x000007fefd747000 	C:\Windows\system32\GDI32.dll
0x000007fefec60000 - 0x000007fefec6e000 	C:\Windows\system32\LPK.dll
0x000007fefed10000 - 0x000007fefedd9000 	C:\Windows\system32\USP10.dll
0x000007fefb3f0000 - 0x000007fefb5e4000 	C:\Windows\WinSxS\amd64_microsoft.windows.common-controls_6595b64144ccf1df_6.0.7601.17514_none_fa396087175ac9ac\COMCTL32.dll
0x000007fefebe0000 - 0x000007fefec51000 	C:\Windows\system32\SHLWAPI.dll
0x000007fefdc30000 - 0x000007fefdc5e000 	C:\Windows\system32\IMM32.DLL
0x000007fefe9f0000 - 0x000007fefeaf9000 	C:\Windows\system32\MSCTF.dll
0x000000007e110000 - 0x000000007e181000 	C:\Program Files\ConEmu\ConEmu\ConEmuHk64.dll
0x000000006d830000 - 0x000000006d902000 	C:\Program Files\Java\jre1.8.0_66\bin\msvcr100.dll
0x0000000058680000 - 0x0000000058f09000 	C:\Program Files\Java\jre1.8.0_66\bin\server\jvm.dll
0x000007fefa5e0000 - 0x000007fefa5e9000 	C:\Windows\system32\WSOCK32.dll
0x000007fefd5c0000 - 0x000007fefd60d000 	C:\Windows\system32\WS2_32.dll
0x000007fefd6b0000 - 0x000007fefd6b8000 	C:\Windows\system32\NSI.dll
0x000007fefa840000 - 0x000007fefa87b000 	C:\Windows\system32\WINMM.dll
0x000007fefbdd0000 - 0x000007fefbddc000 	C:\Windows\system32\VERSION.dll
0x00000000770c0000 - 0x00000000770c7000 	C:\Windows\system32\PSAPI.DLL
0x0000000071bd0000 - 0x0000000071bdf000 	C:\Program Files\Java\jre1.8.0_66\bin\verify.dll
0x000000006f260000 - 0x000000006f289000 	C:\Program Files\Java\jre1.8.0_66\bin\java.dll
0x0000000071b90000 - 0x0000000071ba6000 	C:\Program Files\Java\jre1.8.0_66\bin\zip.dll
0x000007fefdc60000 - 0x000007fefe9e8000 	C:\Windows\system32\SHELL32.dll
0x000007fefd770000 - 0x000007fefd973000 	C:\Windows\system32\ole32.dll
0x000007fefcd00000 - 0x000007fefcd0f000 	C:\Windows\system32\profapi.dll
0x00000000701b0000 - 0x00000000701ca000 	C:\Program Files\Java\jre1.8.0_66\bin\net.dll
0x000007fefc4e0000 - 0x000007fefc535000 	C:\Windows\system32\mswsock.dll
0x000007fefc4d0000 - 0x000007fefc4d7000 	C:\Windows\System32\wship6.dll
0x000000006ebe0000 - 0x000000006ebf1000 	C:\Program Files\Java\jre1.8.0_66\bin\nio.dll
0x000007fefc540000 - 0x000007fefc557000 	C:\Windows\system32\CRYPTSP.dll
0x000007fefc240000 - 0x000007fefc287000 	C:\Windows\system32\rsaenh.dll
0x000007fefd090000 - 0x000007fefd0ae000 	C:\Windows\system32\USERENV.dll
0x000007fefcba0000 - 0x000007fefcbaf000 	C:\Windows\system32\CRYPTBASE.dll
0x000007fefb220000 - 0x000007fefb247000 	C:\Windows\system32\IPHLPAPI.DLL
0x000007fefb210000 - 0x000007fefb21b000 	C:\Windows\system32\WINNSI.DLL
0x000007fefb140000 - 0x000007fefb151000 	C:\Windows\system32\dhcpcsvc6.DLL
0x000007fefb120000 - 0x000007fefb138000 	C:\Windows\system32\dhcpcsvc.DLL
0x000007fef95f0000 - 0x000007fef95fa000 	C:\temp\jansi-64-1-1614662587609906256.11
0x000007fef3a60000 - 0x000007fef3b85000 	C:\Windows\system32\dbghelp.dll

VM Arguments:
jvm_args: -Dfile.encoding=UTF8 -Xms1024m -Xmx1024m -XX:ReservedCodeCacheSize=128m -XX:MaxMetaspaceSize=256m -Dsbt.ivy.home=C:/sbt/.ivy2 -Dsbt.global.base=C:/sbt -Dsbt.boot.directory=C:/sbt/boot 
java_command: C:/Program Files (x86)/sbt/bin/sbt-launch.jar
java_class_path (initial): C:/Program Files (x86)/sbt/bin/sbt-launch.jar
Launcher Type: SUN_STANDARD

Environment Variables:
JAVA_TOOL_OPTIONS=-Dfile.encoding=UTF8
PATH=C:\Users\stan\bin;C:\Users\stan\bin;C:\Program Files\Git\usr\local\bin;C:\Program Files\Git\usr\bin;C:\Program Files\Git\usr\bin;C:\Program Files\ConEmu;C:\Program Files\ConEmu\ConEmu;C:\nodemodules;C:\Windows\System32;C:\Python210;C:\Python210\Scripts;C:\ProgramData\Oracle\Java\javapath;C:\Program Files (x86)\clisp-2.49;C:\lllvm\bin;G:\Rust\bin;C:\Program Files\Git\cmd;C:\Program Files (x86)\Windows Kits\8.1\Windows Performance Toolkit;C:\Program Files (x86)\Skype\Phone;C:\Program Files\nodejs;C:\Program Files (x86)\QuickTime\QTSystem;C:\Program Files (x86)\sbt\bin;C:\Program Files (x86)\Microsoft SDKs\TypeScript\1.0;C:\Program Files\Common Files\Microsoft Shared\Windows Live;C:\Users\?1\AppData\Roaming\npm;C:\ProgramData\chocolatey\bin;C:\Go\bin;C:\min64\mingw64\bin;C:\Users\¸1\AppData\Local\Code\bin;C:\Users\¸1\AppData\Roaming\npm;C:\Program Files (x86)\Nodist\bin;C:\Program Files\Git\usr\bin\vendor_perl;C:\Program Files\Git\usr\bin\core_perl;C:\Program Files\Git\usr\bin\vendor_perl;C:\Program Files\Git\usr\bin\core_perl;C:\Program Files\Java\jre1.8.0_66\bin;C:\Program Files\Java\jdk1.8.0_66\bin;C:\Program Files\nodejs;C:\Program Files (x86)\sbt\bin;C:\Ruby21\bin
USERNAME=¸1
SHELL=C:/Program Files/Git/usr/bin/bash
OS=Windows_NT
PROCESSOR_IDENTIFIER=Intel64 Family 6 Model 15 Stepping 11, GenuineIntel



---------------  S Y S T E M  ---------------

OS: Windows 7 , 64 bit Build 7601 (6.1.7601.18015)

CPU:total 2 (2 cores per cpu, 1 threads per core) family 6 model 15 stepping 11, cmov, cx8, fxsr, mmx, sse, sse2, sse3, ssse3, tsc

Memory: 4k page, physical 4192820k(1223612k free), swap 11199108k(3246624k free)

vm_info: Java HotSpot(TM) 64-Bit Server VM (25.66-b18) for windows-amd64 JRE (1.8.0_66-b18), built on Nov  9 2015 10:51:13 by "java_re" with MS VC++ 10.0 (VS2010)

time: Fri Jan 15 14:10:15 2016
elapsed time: 25 seconds (0d 0h 0m 25s)

