#
# A fatal error has been detected by the Java Runtime Environment:
#
#  EXCEPTION_ACCESS_VIOLATION (0xc0000005) at pc=0xffffffffa4f75120, pid=20104, tid=20232
#
# JRE version: Java(TM) SE Runtime Environment (8.0_66-b18) (build 1.8.0_66-b18)
# Java VM: Java HotSpot(TM) 64-Bit Server VM (25.66-b18 mixed mode windows-amd64 compressed oops)
# Problematic frame:
# C  0xffffffffa4f75120
#
# Failed to write core dump. Minidumps are not enabled by default on client versions of Windows
#
# If you would like to submit a bug report, please visit:
#   http://bugreport.java.com/bugreport/crash.jsp
#

---------------  T H R E A D  ---------------

Current thread (0x0000000052265800):  JavaThread "run-main-0" [_thread_in_Java, id=20232, stack(0x0000000059a20000,0x0000000059b20000)]

siginfo: ExceptionCode=0xc0000005, ExceptionInformation=0x0000000000000008 0xffffffffa4f75120

Registers:
RAX=0x000000000e3ee388, RBX=0x00000000db388308, RCX=0x0000000000000000, RDX=0x00000000db388308
RSP=0x0000000059b1b598, RBP=0x00000000db28da08, RSI=0x0000000000000c90, RDI=0x00000000eb0dfa98
R8 =0x00000000eb0dfa88, R9 =0x00000000c0a8e890, R10=0x000000000e3ee388, R11=0x00000000000002d8
R12=0x0000000000000000, R13=0x00000000db28aa50, R14=0x00000000c47eb048, R15=0x0000000052265800
RIP=0xffffffffa4f75120, EFLAGS=0x0000000000010246

Top of Stack: (sp=0x0000000059b1b598)
0x0000000059b1b598:   00000000053c0e6c 00000000000003d7
0x0000000059b1b5a8:   00000000041ca670 00000000eae155c8
0x0000000059b1b5b8:   0000000000000206 00000000db28d9a0
0x0000000059b1b5c8:   00000000048cce8c 00000000db38e330
0x0000000059b1b5d8:   00000000eb0d6600 00000000db28da50
0x0000000059b1b5e8:   00000000db681708 00000000d9bee030
0x0000000059b1b5f8:   0000000002f77860 00000000db28d9a0
0x0000000059b1b608:   00000000041ca670 00000000db28da08
0x0000000059b1b618:   00000000030ae18c 00000000db28da08
0x0000000059b1b628:   000000000407fd24 00000000db392360
0x0000000059b1b638:   00000000eb0cef40 00000000db28da50
0x0000000059b1b648:   00000000db681708 00000000db28da08
0x0000000059b1b658:   000000000455a558 00000000db38e330
0x0000000059b1b668:   00000000db507d10 00000000db28da08
0x0000000059b1b678:   00000000030ae18c 0000000059b1b928
0x0000000059b1b688:   00000000db28d9c0 00000000db3892d0 

Instructions: (pc=0xffffffffa4f75120)
0xffffffffa4f75100:   
[error occurred during error reporting (printing registers, top of stack, instructions near pc), id 0xc0000005]

Register to memory mapping:

RAX=0x000000000e3ee388 is pointing into metadata
RBX=0x00000000db388308 is an oop
scala.collection.immutable.Vector 
 - klass: 'scala/collection/immutable/Vector'
RCX=0x0000000000000000 is an unknown value
RDX=0x00000000db388308 is an oop
scala.collection.immutable.Vector 
 - klass: 'scala/collection/immutable/Vector'
RSP=0x0000000059b1b598 is pointing into the stack for thread: 0x0000000052265800
RBP=0x00000000db28da08 is an oop
scala.collection.TraversableLike$WithFilter$$anonfun$foreach$1 
 - klass: 'scala/collection/TraversableLike$WithFilter$$anonfun$foreach$1'
RSI=0x0000000000000c90 is an unknown value
RDI=0x00000000eb0dfa98 is an unknown value
R8 =0x00000000eb0dfa88 is an oop
info.folone.scala.poi.Workbook$$anonfun$readWorkbook$1$$anonfun$apply$9$$anonfun$12$$anonfun$apply$18$$anonfun$apply$19 
 - klass: 'info/folone/scala/poi/Workbook$$anonfun$readWorkbook$1$$anonfun$apply$9$$anonfun$12$$anonfun$apply$18$$anonfun$apply$19'
R9 =0x00000000c0a8e890 is an oop
scala.collection.IndexedSeq$$anon$1 
 - klass: 'scala/collection/IndexedSeq$$anon$1'
R10=0x000000000e3ee388 is pointing into metadata
R11=0x00000000000002d8 is an unknown value
R12=0x0000000000000000 is an unknown value
R13=0x00000000db28aa50 is an oop
org.openxmlformats.schemas.spreadsheetml.x2006.main.STCellType$Enum 
 - klass: 'org/openxmlformats/schemas/spreadsheetml/x2006/main/STCellType$Enum'
R14=0x00000000c47eb048 is an oop
java.lang.String 
 - klass: 'java/lang/String'
R15=0x0000000052265800 is a thread


Stack: [0x0000000059a20000,0x0000000059b20000],  sp=0x0000000059b1b598,  free space=1005k
Native frames: (J=compiled Java code, j=interpreted, Vv=VM code, C=native code)
C  0xffffffffa4f75120


---------------  P R O C E S S  ---------------

Java Threads: ( => current thread )
  0x00000000574da800 JavaThread "ForkJoinPool-1-worker-1" daemon [_thread_blocked, id=6928, stack(0x0000000056bc0000,0x0000000056cc0000)]
=>0x0000000052265800 JavaThread "run-main-0" [_thread_in_Java, id=20232, stack(0x0000000059a20000,0x0000000059b20000)]
  0x000000005072c800 JavaThread "pool-4-thread-4" [_thread_blocked, id=20300, stack(0x0000000056080000,0x0000000056180000)]
  0x0000000052abc000 JavaThread "sbt-web-akka.actor.default-dispatcher-5" [_thread_blocked, id=19492, stack(0x00000000562b0000,0x00000000563b0000)]
  0x00000000525f3000 JavaThread "sbt-web-scheduler-1" [_thread_in_vm, id=20200, stack(0x0000000055240000,0x0000000055340000)]
  0x000000004e38f000 JavaThread "Service Thread" daemon [_thread_blocked, id=1716, stack(0x000000004f5d0000,0x000000004f6d0000)]
  0x000000004e387000 JavaThread "C1 CompilerThread1" daemon [_thread_blocked, id=4376, stack(0x000000004f910000,0x000000004fa10000)]
  0x000000004e32c800 JavaThread "C2 CompilerThread0" daemon [_thread_blocked, id=4416, stack(0x000000004f6d0000,0x000000004f7d0000)]
  0x000000004e329800 JavaThread "Attach Listener" daemon [_thread_blocked, id=5556, stack(0x000000004f460000,0x000000004f560000)]
  0x000000004e328000 JavaThread "Signal Dispatcher" daemon [_thread_blocked, id=4016, stack(0x000000004eff0000,0x000000004f0f0000)]
  0x000000004e2ce800 JavaThread "Finalizer" daemon [_thread_blocked, id=2896, stack(0x000000004f2b0000,0x000000004f3b0000)]
  0x000000004e2c7800 JavaThread "Reference Handler" daemon [_thread_blocked, id=5832, stack(0x000000004f100000,0x000000004f200000)]
  0x000000000017f800 JavaThread "main" [_thread_blocked, id=9140, stack(0x0000000002790000,0x0000000002890000)]

Other Threads:
  0x000000004e2bf800 VMThread [stack: 0x000000004ee10000,0x000000004ef10000] [id=5564]
  0x000000004fa36000 WatcherThread [stack: 0x000000004ffb0000,0x00000000500b0000] [id=1220]

VM state:synchronizing (normal execution)

VM Mutex/Monitor currently owned by a thread:  ([mutex/lock_event])
[0x0000000002220880] Safepoint_lock - owner thread: 0x000000004e2bf800
[0x0000000002220900] Threads_lock - owner thread: 0x000000004e2bf800

Heap:
 PSYoungGen      total 232960K, used 6612K [0x00000000eab00000, 0x0000000100000000, 0x0000000100000000)
  eden space 116736K, 5% used [0x00000000eab00000,0x00000000eb175200,0x00000000f1d00000)
  from space 116224K, 0% used [0x00000000f8e80000,0x00000000f8e80000,0x0000000100000000)
  to   space 116224K, 0% used [0x00000000f1d00000,0x00000000f1d00000,0x00000000f8e80000)
 ParOldGen       total 699392K, used 449538K [0x00000000c0000000, 0x00000000eab00000, 0x00000000eab00000)
  object space 699392K, 64% used [0x00000000c0000000,0x00000000db7009c0,0x00000000eab00000)
 Metaspace       used 96844K, capacity 97543K, committed 98496K, reserved 1130496K
  class space    used 16524K, capacity 16737K, committed 17024K, reserved 1048576K

Card table byte_map: [0x000000000b170000,0x000000000b380000] byte_map_base: 0x000000000ab70000

Marking Bits: (ParMarkBitMap*) 0x000000006d69a5b0
 Begin Bits: [0x000000000b790000, 0x000000000c790000)
 End Bits:   [0x000000000c790000, 0x000000000d790000)

Polling page: 0x0000000000160000

CodeCache: size=131072Kb used=37613Kb max_used=37742Kb free=93458Kb
 bounds [0x0000000002f70000, 0x00000000054b0000, 0x000000000af70000]
 total_blobs=13085 nmethods=12579 adapters=414
 compilation: enabled

Compilation events (10 events):
Event: 4049.249 Thread 0x000000004e387000 16441       3       info.folone.scala.poi.Workbook$$anonfun$readWorkbook$1$$anonfun$apply$9$$anonfun$13$$anonfun$apply$20$$anonfun$apply$21::<init> (5 bytes)
Event: 4049.249 Thread 0x000000004e387000 nmethod 16441 0x0000000003447210 code [0x0000000003447380, 0x00000000034475f0]
Event: 4049.250 Thread 0x000000004e32c800 16445       4       org.apache.xmlbeans.impl.values.JavaLongHolder::getLongValue (9 bytes)
Event: 4049.646 Thread 0x000000004e32c800 nmethod 16445 0x000000000549c090 code [0x000000000549c8a0, 0x00000000054a2f50]
Event: 4049.668 Thread 0x000000004e32c800 16446       4       org.apache.xmlbeans.impl.store.Locale::exit (98 bytes)
Event: 4049.669 Thread 0x000000004e32c800 nmethod 16446 0x0000000003ae3090 code [0x0000000003ae31c0, 0x0000000003ae3278]
Event: 4049.670 Thread 0x000000004e32c800 16447       4       org.apache.xmlbeans.impl.store.Locale::enter (98 bytes)
Event: 4049.671 Thread 0x000000004e32c800 nmethod 16447 0x00000000037068d0 code [0x0000000003706a20, 0x0000000003706ac8]
Event: 4049.673 Thread 0x000000004e387000 16448       3       scala.collection.AbstractTraversable::map (7 bytes)
Event: 4049.674 Thread 0x000000004e387000 nmethod 16448 0x0000000003b45b10 code [0x0000000003b45ce0, 0x0000000003b464e8]

GC Heap History (10 events):
Event: 4023.260 GC heap before
{Heap before GC invocations=14 (full 3):
 PSYoungGen      total 232960K, used 232928K [0x00000000eab00000, 0x0000000100000000, 0x0000000100000000)
  eden space 116736K, 100% used [0x00000000eab00000,0x00000000f1d00000,0x00000000f1d00000)
  from space 116224K, 99% used [0x00000000f8e80000,0x00000000ffff83a0,0x0000000100000000)
  to   space 116224K, 0% used [0x00000000f1d00000,0x00000000f1d00000,0x00000000f8e80000)
 ParOldGen       total 699392K, used 252853K [0x00000000c0000000, 0x00000000eab00000, 0x00000000eab00000)
  object space 699392K, 36% used [0x00000000c0000000,0x00000000cf6ed560,0x00000000eab00000)
 Metaspace       used 97399K, capacity 98179K, committed 98432K, reserved 1130496K
  class space    used 16691K, capacity 16936K, committed 17024K, reserved 1048576K
Event: 4024.138 GC heap after
Heap after GC invocations=14 (full 3):
 PSYoungGen      total 232960K, used 73664K [0x00000000eab00000, 0x0000000100000000, 0x0000000100000000)
  eden space 116736K, 0% used [0x00000000eab00000,0x00000000eab00000,0x00000000f1d00000)
  from space 116224K, 63% used [0x00000000f1d00000,0x00000000f64f0230,0x00000000f8e80000)
  to   space 116224K, 0% used [0x00000000f8e80000,0x00000000f8e80000,0x0000000100000000)
 ParOldGen       total 699392K, used 369510K [0x00000000c0000000, 0x00000000eab00000, 0x00000000eab00000)
  object space 699392K, 52% used [0x00000000c0000000,0x00000000d68d9910,0x00000000eab00000)
 Metaspace       used 97399K, capacity 98179K, committed 98432K, reserved 1130496K
  class space    used 16691K, capacity 16936K, committed 17024K, reserved 1048576K
}
Event: 4024.570 GC heap before
{Heap before GC invocations=15 (full 3):
 PSYoungGen      total 232960K, used 190400K [0x00000000eab00000, 0x0000000100000000, 0x0000000100000000)
  eden space 116736K, 100% used [0x00000000eab00000,0x00000000f1d00000,0x00000000f1d00000)
  from space 116224K, 63% used [0x00000000f1d00000,0x00000000f64f0230,0x00000000f8e80000)
  to   space 116224K, 0% used [0x00000000f8e80000,0x00000000f8e80000,0x0000000100000000)
 ParOldGen       total 699392K, used 369510K [0x00000000c0000000, 0x00000000eab00000, 0x00000000eab00000)
  object space 699392K, 52% used [0x00000000c0000000,0x00000000d68d9910,0x00000000eab00000)
 Metaspace       used 97405K, capacity 98185K, committed 98432K, reserved 1130496K
  class space    used 16691K, capacity 16937K, committed 17024K, reserved 1048576K
Event: 4025.195 GC heap after
Heap after GC invocations=15 (full 3):
 PSYoungGen      total 232960K, used 69312K [0x00000000eab00000, 0x0000000100000000, 0x0000000100000000)
  eden space 116736K, 0% used [0x00000000eab00000,0x00000000eab00000,0x00000000f1d00000)
  from space 116224K, 59% used [0x00000000f8e80000,0x00000000fd2301d0,0x0000000100000000)
  to   space 116224K, 0% used [0x00000000f1d00000,0x00000000f1d00000,0x00000000f8e80000)
 ParOldGen       total 699392K, used 443414K [0x00000000c0000000, 0x00000000eab00000, 0x00000000eab00000)
  object space 699392K, 63% used [0x00000000c0000000,0x00000000db105b50,0x00000000eab00000)
 Metaspace       used 97405K, capacity 98185K, committed 98432K, reserved 1130496K
  class space    used 16691K, capacity 16937K, committed 17024K, reserved 1048576K
}
Event: 4025.965 GC heap before
{Heap before GC invocations=16 (full 3):
 PSYoungGen      total 232960K, used 186048K [0x00000000eab00000, 0x0000000100000000, 0x0000000100000000)
  eden space 116736K, 100% used [0x00000000eab00000,0x00000000f1d00000,0x00000000f1d00000)
  from space 116224K, 59% used [0x00000000f8e80000,0x00000000fd2301d0,0x0000000100000000)
  to   space 116224K, 0% used [0x00000000f1d00000,0x00000000f1d00000,0x00000000f8e80000)
 ParOldGen       total 699392K, used 443414K [0x00000000c0000000, 0x00000000eab00000, 0x00000000eab00000)
  object space 699392K, 63% used [0x00000000c0000000,0x00000000db105b50,0x00000000eab00000)
 Metaspace       used 97455K, capacity 98249K, committed 98432K, reserved 1130496K
  class space    used 16702K, capacity 16937K, committed 17024K, reserved 1048576K
Event: 4026.599 GC heap after
Heap after GC invocations=16 (full 3):
 PSYoungGen      total 232960K, used 40160K [0x00000000eab00000, 0x0000000100000000, 0x0000000100000000)
  eden space 116736K, 0% used [0x00000000eab00000,0x00000000eab00000,0x00000000f1d00000)
  from space 116224K, 34% used [0x00000000f1d00000,0x00000000f4438000,0x00000000f8e80000)
  to   space 116224K, 0% used [0x00000000f8e80000,0x00000000f8e80000,0x0000000100000000)
 ParOldGen       total 699392K, used 512911K [0x00000000c0000000, 0x00000000eab00000, 0x00000000eab00000)
  object space 699392K, 73% used [0x00000000c0000000,0x00000000df4e3d30,0x00000000eab00000)
 Metaspace       used 97455K, capacity 98249K, committed 98432K, reserved 1130496K
  class space    used 16702K, capacity 16937K, committed 17024K, reserved 1048576K
}
Event: 4026.894 GC heap before
{Heap before GC invocations=17 (full 3):
 PSYoungGen      total 232960K, used 55317K [0x00000000eab00000, 0x0000000100000000, 0x0000000100000000)
  eden space 116736K, 12% used [0x00000000eab00000,0x00000000eb9cd5b0,0x00000000f1d00000)
  from space 116224K, 34% used [0x00000000f1d00000,0x00000000f4438000,0x00000000f8e80000)
  to   space 116224K, 0% used [0x00000000f8e80000,0x00000000f8e80000,0x0000000100000000)
 ParOldGen       total 699392K, used 512911K [0x00000000c0000000, 0x00000000eab00000, 0x00000000eab00000)
  object space 699392K, 73% used [0x00000000c0000000,0x00000000df4e3d30,0x00000000eab00000)
 Metaspace       used 97554K, capacity 98345K, committed 98496K, reserved 1130496K
  class space    used 16727K, capacity 16969K, committed 17024K, reserved 1048576K
Event: 4027.250 GC heap after
Heap after GC invocations=17 (full 3):
 PSYoungGen      total 232960K, used 4646K [0x00000000eab00000, 0x0000000100000000, 0x0000000100000000)
  eden space 116736K, 0% used [0x00000000eab00000,0x00000000eab00000,0x00000000f1d00000)
  from space 116224K, 3% used [0x00000000f8e80000,0x00000000f9309bc0,0x0000000100000000)
  to   space 116224K, 0% used [0x00000000f1d00000,0x00000000f1d00000,0x00000000f8e80000)
 ParOldGen       total 699392K, used 553135K [0x00000000c0000000, 0x00000000eab00000, 0x00000000eab00000)
  object space 699392K, 79% used [0x00000000c0000000,0x00000000e1c2bd30,0x00000000eab00000)
 Metaspace       used 97554K, capacity 98345K, committed 98496K, reserved 1130496K
  class space    used 16727K, capacity 16969K, committed 17024K, reserved 1048576K
}
Event: 4027.250 GC heap before
{Heap before GC invocations=18 (full 4):
 PSYoungGen      total 232960K, used 4646K [0x00000000eab00000, 0x0000000100000000, 0x0000000100000000)
  eden space 116736K, 0% used [0x00000000eab00000,0x00000000eab00000,0x00000000f1d00000)
  from space 116224K, 3% used [0x00000000f8e80000,0x00000000f9309bc0,0x0000000100000000)
  to   space 116224K, 0% used [0x00000000f1d00000,0x00000000f1d00000,0x00000000f8e80000)
 ParOldGen       total 699392K, used 553135K [0x00000000c0000000, 0x00000000eab00000, 0x00000000eab00000)
  object space 699392K, 79% used [0x00000000c0000000,0x00000000e1c2bd30,0x00000000eab00000)
 Metaspace       used 97554K, capacity 98345K, committed 98496K, reserved 1130496K
  class space    used 16727K, capacity 16969K, committed 17024K, reserved 1048576K
Event: 4048.409 GC heap after
Heap after GC invocations=18 (full 4):
 PSYoungGen      total 232960K, used 0K [0x00000000eab00000, 0x0000000100000000, 0x0000000100000000)
  eden space 116736K, 0% used [0x00000000eab00000,0x00000000eab00000,0x00000000f1d00000)
  from space 116224K, 0% used [0x00000000f8e80000,0x00000000f8e80000,0x0000000100000000)
  to   space 116224K, 0% used [0x00000000f1d00000,0x00000000f1d00000,0x00000000f8e80000)
 ParOldGen       total 699392K, used 449538K [0x00000000c0000000, 0x00000000eab00000, 0x00000000eab00000)
  object space 699392K, 64% used [0x00000000c0000000,0x00000000db7009c0,0x00000000eab00000)
 Metaspace       used 96815K, capacity 97467K, committed 98496K, reserved 1130496K
  class space    used 16522K, capacity 16735K, committed 17024K, reserved 1048576K
}

Deoptimization events (10 events):
Event: 4021.563 Thread 0x0000000052265800 Uncommon trap: reason=class_check action=maybe_recompile pc=0x000000000427b944 method=java.lang.ThreadLocal$ThreadLocalMap.getEntryAfterMiss(Ljava/lang/ThreadLocal;ILjava/lang/ThreadLocal$ThreadLocalMap$Entry;)Ljava/lang/ThreadLocal$ThreadLocalMap$Entry; @¸"y k¯@
Event: 4021.563 Thread 0x0000000052265800 Uncommon trap: reason=speculate_class_check action=maybe_recompile pc=0x0000000004e1a2c0 method=org.apache.xmlbeans.impl.values.XmlObjectBase.getStringValue()Ljava/lang/String; @ 86
Event: 4023.063 Thread 0x0000000052265800 Uncommon trap: reason=class_check action=maybe_recompile pc=0x000000000427b944 method=java.lang.ThreadLocal$ThreadLocalMap.getEntryAfterMiss(Ljava/lang/ThreadLocal;ILjava/lang/ThreadLocal$ThreadLocalMap$Entry;)Ljava/lang/ThreadLocal$ThreadLocalMap$Entry; @—’4> n¯@
Event: 4023.063 Thread 0x0000000052265800 Uncommon trap: reason=speculate_class_check action=maybe_recompile pc=0x0000000004e1a2c0 method=org.apache.xmlbeans.impl.values.XmlObjectBase.getStringValue()Ljava/lang/String; @ 86
Event: 4024.322 Thread 0x0000000052265800 Uncommon trap: reason=class_check action=maybe_recompile pc=0x000000000427b944 method=java.lang.ThreadLocal$ThreadLocalMap.getEntryAfterMiss(Ljava/lang/ThreadLocal;ILjava/lang/ThreadLocal$ThreadLocalMap$Entry;)Ljava/lang/ThreadLocal$ThreadLocalMap$Entry; @ô2Û8¥p¯@
Event: 4024.323 Thread 0x0000000052265800 Uncommon trap: reason=speculate_class_check action=maybe_recompile pc=0x0000000004e1a2c0 method=org.apache.xmlbeans.impl.values.XmlObjectBase.getStringValue()Ljava/lang/String; @ 86
Event: 4025.334 Thread 0x0000000052265800 Uncommon trap: reason=class_check action=maybe_recompile pc=0x000000000427b944 method=java.lang.ThreadLocal$ThreadLocalMap.getEntryAfterMiss(Ljava/lang/ThreadLocal;ILjava/lang/ThreadLocal$ThreadLocalMap$Entry;)Ljava/lang/ThreadLocal$ThreadLocalMap$Entry; @
Event: 4025.375 Thread 0x0000000052265800 Uncommon trap: reason=unstable_if action=reinterpret pc=0x00000000043f8680 method=java.lang.Integer.compare(II)I @ 2
Event: 4026.755 Thread 0x0000000052265800 Uncommon trap: reason=unstable_if action=reinterpret pc=0x0000000003509810 method=org.apache.xmlbeans.impl.values.XmlObjectBase.has_store()Z @ 7
Event: 4026.831 Thread 0x0000000052265800 Uncommon trap: reason=unstable_if action=reinterpret pc=0x0000000004cefc24 method=org.apache.xmlbeans.impl.values.XmlObjectBase.get_attributeflags(Ljavax/xml/namespace/QName;)I @ 32

Internal exceptions (10 events):
Event: 3996.176 Thread 0x0000000052265800 Exception <a 'java/security/PrivilegedActionException'> (0x00000000f4dc46a0) thrown at [C:\re\workspace\8-2-build-windows-amd64-cygwin\jdk8u66\5298\hotspot\src\share\vm\prims\jvm.cpp, line 1386]
Event: 3996.176 Thread 0x0000000052265800 Exception <a 'java/security/PrivilegedActionException'> (0x00000000f4dc4e68) thrown at [C:\re\workspace\8-2-build-windows-amd64-cygwin\jdk8u66\5298\hotspot\src\share\vm\prims\jvm.cpp, line 1386]
Event: 3996.179 Thread 0x0000000052265800 Exception <a 'java/security/PrivilegedActionException'> (0x00000000f4deade0) thrown at [C:\re\workspace\8-2-build-windows-amd64-cygwin\jdk8u66\5298\hotspot\src\share\vm\prims\jvm.cpp, line 1386]
Event: 3996.179 Thread 0x0000000052265800 Exception <a 'java/security/PrivilegedActionException'> (0x00000000f4deb5a8) thrown at [C:\re\workspace\8-2-build-windows-amd64-cygwin\jdk8u66\5298\hotspot\src\share\vm\prims\jvm.cpp, line 1386]
Event: 3996.180 Thread 0x0000000052265800 Exception <a 'java/security/PrivilegedActionException'> (0x00000000f4dfa8e8) thrown at [C:\re\workspace\8-2-build-windows-amd64-cygwin\jdk8u66\5298\hotspot\src\share\vm\prims\jvm.cpp, line 1386]
Event: 3996.180 Thread 0x0000000052265800 Exception <a 'java/security/PrivilegedActionException'> (0x00000000f4dfb298) thrown at [C:\re\workspace\8-2-build-windows-amd64-cygwin\jdk8u66\5298\hotspot\src\share\vm\prims\jvm.cpp, line 1386]
Event: 3996.466 Thread 0x0000000052265800 Exception <a 'java/security/PrivilegedActionException'> (0x00000000f4e0c630) thrown at [C:\re\workspace\8-2-build-windows-amd64-cygwin\jdk8u66\5298\hotspot\src\share\vm\prims\jvm.cpp, line 1386]
Event: 3996.466 Thread 0x0000000052265800 Exception <a 'java/security/PrivilegedActionException'> (0x00000000f4e0cdf8) thrown at [C:\re\workspace\8-2-build-windows-amd64-cygwin\jdk8u66\5298\hotspot\src\share\vm\prims\jvm.cpp, line 1386]
Event: 3996.467 Thread 0x0000000052265800 Exception <a 'java/security/PrivilegedActionException'> (0x00000000f4e1c8e0) thrown at [C:\re\workspace\8-2-build-windows-amd64-cygwin\jdk8u66\5298\hotspot\src\share\vm\prims\jvm.cpp, line 1386]
Event: 3996.467 Thread 0x0000000052265800 Exception <a 'java/security/PrivilegedActionException'> (0x00000000f4e1d290) thrown at [C:\re\workspace\8-2-build-windows-amd64-cygwin\jdk8u66\5298\hotspot\src\share\vm\prims\jvm.cpp, line 1386]

Events (10 events):
Event: 4049.152 Thread 0x000000004e387000 flushing nmethod 0x000000000516a390
Event: 4049.152 Thread 0x000000004e387000 flushing nmethod 0x000000000534a510
Event: 4049.153 Thread 0x000000004e387000 flushing nmethod 0x00000000053591d0
Event: 4049.153 Thread 0x000000004e387000 flushing nmethod 0x0000000005369410
Event: 4049.153 Thread 0x000000004e387000 flushing nmethod 0x000000000538d610
Event: 4049.153 Thread 0x000000004e387000 flushing nmethod 0x000000000538da90
Event: 4049.153 Thread 0x000000004e387000 flushing nmethod 0x0000000005391090
Event: 4049.153 Thread 0x000000004e387000 flushing nmethod 0x00000000053913d0
Event: 4049.153 Thread 0x000000004e387000 flushing nmethod 0x0000000005397a50
Event: 4049.153 Thread 0x000000004e387000 flushing nmethod 0x00000000053c0650


Dynamic libraries:
0x000000013fc40000 - 0x000000013fc77000 	C:\Program Files\Java\jre1.8.0_66\bin\java.exe
0x0000000076ef0000 - 0x0000000077099000 	C:\Windows\SYSTEM32\ntdll.dll
0x0000000076dd0000 - 0x0000000076eef000 	C:\Windows\system32\kernel32.dll
0x000007fefcda0000 - 0x000007fefce0b000 	C:\Windows\system32\KERNELBASE.dll
0x000007fefeb00000 - 0x000007fefebdb000 	C:\Windows\system32\ADVAPI32.dll
0x000007fefd610000 - 0x000007fefd6af000 	C:\Windows\system32\msvcrt.dll
0x000007fefd750000 - 0x000007fefd76f000 	C:\Windows\SYSTEM32\sechost.dll
0x000007fefda00000 - 0x000007fefdb2d000 	C:\Windows\system32\RPCRT4.dll
0x0000000076cd0000 - 0x0000000076dca000 	C:\Windows\system32\USER32.dll
0x000007fefd6e0000 - 0x000007fefd747000 	C:\Windows\system32\GDI32.dll
0x000007fefec60000 - 0x000007fefec6e000 	C:\Windows\system32\LPK.dll
0x000007fefed10000 - 0x000007fefedd9000 	C:\Windows\system32\USP10.dll
0x000007fefb3f0000 - 0x000007fefb5e4000 	C:\Windows\WinSxS\amd64_microsoft.windows.common-controls_6595b64144ccf1df_6.0.7601.17514_none_fa396087175ac9ac\COMCTL32.dll
0x000007fefebe0000 - 0x000007fefec51000 	C:\Windows\system32\SHLWAPI.dll
0x000007fefdc30000 - 0x000007fefdc5e000 	C:\Windows\system32\IMM32.DLL
0x000007fefe9f0000 - 0x000007fefeaf9000 	C:\Windows\system32\MSCTF.dll
0x000000007e110000 - 0x000000007e181000 	C:\Program Files\ConEmu\ConEmu\ConEmuHk64.dll
0x000000006d720000 - 0x000000006d7f2000 	C:\Program Files\Java\jre1.8.0_66\bin\msvcr100.dll
0x000000006ce90000 - 0x000000006d719000 	C:\Program Files\Java\jre1.8.0_66\bin\server\jvm.dll
0x000007fefa5e0000 - 0x000007fefa5e9000 	C:\Windows\system32\WSOCK32.dll
0x000007fefd5c0000 - 0x000007fefd60d000 	C:\Windows\system32\WS2_32.dll
0x000007fefd6b0000 - 0x000007fefd6b8000 	C:\Windows\system32\NSI.dll
0x000007fefa840000 - 0x000007fefa87b000 	C:\Windows\system32\WINMM.dll
0x000007fefbdd0000 - 0x000007fefbddc000 	C:\Windows\system32\VERSION.dll
0x00000000770c0000 - 0x00000000770c7000 	C:\Windows\system32\PSAPI.DLL
0x0000000071c10000 - 0x0000000071c1f000 	C:\Program Files\Java\jre1.8.0_66\bin\verify.dll
0x0000000071bb0000 - 0x0000000071bd9000 	C:\Program Files\Java\jre1.8.0_66\bin\java.dll
0x0000000071bf0000 - 0x0000000071c06000 	C:\Program Files\Java\jre1.8.0_66\bin\zip.dll
0x000007fefdc60000 - 0x000007fefe9e8000 	C:\Windows\system32\SHELL32.dll
0x000007fefd770000 - 0x000007fefd973000 	C:\Windows\system32\ole32.dll
0x000007fefcd00000 - 0x000007fefcd0f000 	C:\Windows\system32\profapi.dll
0x0000000071b90000 - 0x0000000071baa000 	C:\Program Files\Java\jre1.8.0_66\bin\net.dll
0x000007fefc4e0000 - 0x000007fefc535000 	C:\Windows\system32\mswsock.dll
0x000007fefc4d0000 - 0x000007fefc4d7000 	C:\Windows\System32\wship6.dll
0x0000000071b70000 - 0x0000000071b81000 	C:\Program Files\Java\jre1.8.0_66\bin\nio.dll
0x000007fefc540000 - 0x000007fefc557000 	C:\Windows\system32\CRYPTSP.dll
0x000007fefc240000 - 0x000007fefc287000 	C:\Windows\system32\rsaenh.dll
0x000007fefd090000 - 0x000007fefd0ae000 	C:\Windows\system32\USERENV.dll
0x000007fefcba0000 - 0x000007fefcbaf000 	C:\Windows\system32\CRYPTBASE.dll
0x000007fefb220000 - 0x000007fefb247000 	C:\Windows\system32\IPHLPAPI.DLL
0x000007fefb210000 - 0x000007fefb21b000 	C:\Windows\system32\WINNSI.DLL
0x000007fefb140000 - 0x000007fefb151000 	C:\Windows\system32\dhcpcsvc6.DLL
0x000007fefb120000 - 0x000007fefb138000 	C:\Windows\system32\dhcpcsvc.DLL
0x000007fef95f0000 - 0x000007fef95fa000 	C:\temp\jansi-64-1-9946653106428011.11
0x000007fefb300000 - 0x000007fefb315000 	C:\Windows\system32\NLAapi.dll
0x000007fef4d00000 - 0x000007fef4d15000 	C:\Windows\system32\napinsp.dll
0x000007fef4ce0000 - 0x000007fef4cf9000 	C:\Windows\system32\pnrpnsp.dll
0x000007fefc360000 - 0x000007fefc3bb000 	C:\Windows\system32\DNSAPI.dll
0x000007fef4cd0000 - 0x000007fef4cdb000 	C:\Windows\System32\winrnr.dll
0x00000000714a0000 - 0x00000000714ce000 	C:\Program Files\Common Files\Microsoft Shared\Windows Live\WLIDNSP.DLL
0x0000000071470000 - 0x0000000071496000 	C:\Program Files\Bonjour\mdnsNSP.dll
0x000007fefbea0000 - 0x000007fefbea7000 	C:\Windows\System32\wshtcpip.dll
0x000007fef7740000 - 0x000007fef7748000 	C:\Windows\system32\rasadhlp.dll
0x000007fefb090000 - 0x000007fefb0e3000 	C:\Windows\System32\fwpuclnt.dll
0x000007fef3a60000 - 0x000007fef3b85000 	C:\Windows\system32\dbghelp.dll

VM Arguments:
jvm_args: -Dfile.encoding=UTF8 -Xms1024m -Xmx1024m -XX:ReservedCodeCacheSize=128m -XX:MaxMetaspaceSize=256m -Dsbt.ivy.home=C:/sbt/.ivy2 -Dsbt.global.base=C:/sbt -Dsbt.boot.directory=C:/sbt/boot 
java_command: C:/Program Files (x86)/sbt/bin/sbt-launch.jar
java_class_path (initial): C:/Program Files (x86)/sbt/bin/sbt-launch.jar
Launcher Type: SUN_STANDARD

Environment Variables:
JAVA_TOOL_OPTIONS=-Dfile.encoding=UTF8
PATH=C:\Users\stan\bin;C:\Users\stan\bin;C:\Program Files\Git\usr\local\bin;C:\Program Files\Git\usr\bin;C:\Program Files\Git\usr\bin;C:\Program Files\ConEmu;C:\Program Files\ConEmu\ConEmu;C:\nodemodules;C:\Windows\System32;C:\Python210;C:\Python210\Scripts;C:\ProgramData\Oracle\Java\javapath;C:\Program Files (x86)\clisp-2.49;C:\lllvm\bin;G:\Rust\bin;C:\Program Files\Git\cmd;C:\Program Files (x86)\Windows Kits\8.1\Windows Performance Toolkit;C:\Program Files (x86)\Skype\Phone;C:\Program Files\nodejs;C:\Program Files (x86)\QuickTime\QTSystem;C:\Program Files (x86)\sbt\bin;C:\Program Files (x86)\Microsoft SDKs\TypeScript\1.0;C:\Program Files\Common Files\Microsoft Shared\Windows Live;C:\Users\?1\AppData\Roaming\npm;C:\ProgramData\chocolatey\bin;C:\Go\bin;C:\min64\mingw64\bin;C:\Users\¸1\AppData\Local\Code\bin;C:\Users\¸1\AppData\Roaming\npm;C:\Program Files (x86)\Nodist\bin;C:\Program Files\Git\usr\bin\vendor_perl;C:\Program Files\Git\usr\bin\core_perl;C:\Program Files\Git\usr\bin\vendor_perl;C:\Program Files\Git\usr\bin\core_perl;C:\Program Files\Java\jre1.8.0_66\bin;C:\Program Files\Java\jdk1.8.0_66\bin;C:\Program Files\nodejs;C:\Program Files (x86)\sbt\bin;C:\Ruby21\bin
USERNAME=¸1
SHELL=C:/Program Files/Git/usr/bin/bash
OS=Windows_NT
PROCESSOR_IDENTIFIER=Intel64 Family 6 Model 15 Stepping 11, GenuineIntel



---------------  S Y S T E M  ---------------

OS: Windows 7 , 64 bit Build 7601 (6.1.7601.18015)

CPU:total 2 (2 cores per cpu, 1 threads per core) family 6 model 15 stepping 11, cmov, cx8, fxsr, mmx, sse, sse2, sse3, ssse3, tsc

Memory: 4k page, physical 4192820k(800692k free), swap 11199108k(3419596k free)

vm_info: Java HotSpot(TM) 64-Bit Server VM (25.66-b18) for windows-amd64 JRE (1.8.0_66-b18), built on Nov  9 2015 10:51:13 by "java_re" with MS VC++ 10.0 (VS2010)

time: Fri Jan 15 13:16:52 2016
elapsed time: 4050 seconds (0d 1h 7m 30s)

